{"tags":["mordorDataset"],"@version":"1","EventType":"INFO","AccountType":"User","ThreadID":4372,"DestinationPortName":"-","DestinationIp":"10.10.10.5","SourcePort":"65406","Channel":"Microsoft-Windows-Sysmon/Operational","OpcodeValue":0,"Hostname":"WORKSTATION5.theshire.local","@timestamp":"2020-08-07T14:34:21.697Z","SourceIp":"172.18.39.5","ProcessId":"1648","Initiated":"true","DestinationHostname":"-","host":"wec.internal.cloudapp.net","Severity":"INFO","SourceHostname":"-","SeverityValue":2,"Image":"C:\\Windows\\System32\\WindowsPowerShell\\v1.0\\powershell.exe","SourceModuleType":"im_msvistalog","Version":5,"EventTime":"2020-08-07 10:34:19","Task":3,"DestinationPort":"80","SourceIsIpv6":"false","SourceName":"Microsoft-Windows-Sysmon","Message":"Network connection detected:\r\nRuleName: -\r\nUtcTime: 2020-08-07 14:34:18.397\r\nProcessGuid: {297bc33e-65d0-5f2d-8207-000000000400}\r\nProcessId: 1648\r\nImage: C:\\Windows\\System32\\WindowsPowerShell\\v1.0\\powershell.exe\r\nUser: THESHIRE\\pgustavo\r\nProtocol: tcp\r\nInitiated: true\r\nSourceIsIpv6: false\r\nSourceIp: 172.18.39.5\r\nSourceHostname: -\r\nSourcePort: 65406\r\nSourcePortName: -\r\nDestinationIsIpv6: false\r\nDestinationIp: 10.10.10.5\r\nDestinationHostname: -\r\nDestinationPort: 80\r\nDestinationPortName: -","SourceModuleName":"eventlog","EventReceivedTime":"2020-08-07 10:34:21","port":60122,"AccountName":"SYSTEM","UtcTime":"2020-08-07 14:34:18.397","Domain":"NT AUTHORITY","ExecutionProcessID":3284,"User":"THESHIRE\\pgustavo","DestinationIsIpv6":"false","SourcePortName":"-","UserID":"S-1-5-18","EventID":3,"ProviderGuid":"{5770385F-C22A-43E0-BF4C-06F5698FFBD9}","RecordNumber":725976,"Keywords":-9223372036854775808,"ProcessGuid":"{297bc33e-65d0-5f2d-8207-000000000400}","Protocol":"tcp","RuleName":"-"}
{"SourceModuleType":"im_msvistalog","tags":["mordorDataset"],"@version":"1","EventType":"INFO","Version":2,"ThreadID":4364,"EventTime":"2020-08-07 10:34:21","Task":11,"AccountType":"User","Channel":"Microsoft-Windows-Sysmon/Operational","SourceName":"Microsoft-Windows-Sysmon","OpcodeValue":0,"Hostname":"WORKSTATION5.theshire.local","@timestamp":"2020-08-07T14:34:23.700Z","Message":"File created:\r\nRuleName: -\r\nUtcTime: 2020-08-07 14:34:21.161\r\nProcessGuid: {297bc33e-5c31-5f2b-2800-000000000400}\r\nProcessId: 1740\r\nImage: C:\\windows\\System32\\svchost.exe\r\nTargetFilename: C:\\Windows\\ServiceState\\EventLog\\Data\\lastalive0.dat\r\nCreationUtcTime: 2020-08-06 01:26:10.560","SourceModuleName":"eventlog","ProcessId":"1740","EventReceivedTime":"2020-08-07 10:34:23","port":60122,"AccountName":"SYSTEM","UtcTime":"2020-08-07 14:34:21.161","Domain":"NT AUTHORITY","ExecutionProcessID":3284,"TargetFilename":"C:\\Windows\\ServiceState\\EventLog\\Data\\lastalive0.dat","host":"wec.internal.cloudapp.net","Severity":"INFO","SeverityValue":2,"EventID":11,"UserID":"S-1-5-18","ProviderGuid":"{5770385F-C22A-43E0-BF4C-06F5698FFBD9}","RecordNumber":725977,"Image":"C:\\windows\\System32\\svchost.exe","Keywords":-9223372036854775808,"ProcessGuid":"{297bc33e-5c31-5f2b-2800-000000000400}","CreationUtcTime":"2020-08-06 01:26:10.560","RuleName":"-"}
{"tags":["mordorDataset"],"@version":"1","EventType":"CreateKey","Version":2,"ThreadID":4364,"EventTime":"2020-08-07 10:34:23","Task":12,"AccountType":"User","Channel":"Microsoft-Windows-Sysmon/Operational","EventTypeOrignal":"INFO","SourceName":"Microsoft-Windows-Sysmon","Hostname":"WORKSTATION5.theshire.local","@timestamp":"2020-08-07T14:34:25.728Z","OpcodeValue":0,"Message":"Registry object added or deleted:\r\nRuleName: -\r\nEventType: CreateKey\r\nUtcTime: 2020-08-07 14:34:23.579\r\nProcessGuid: {297bc33e-65d0-5f2d-8207-000000000400}\r\nProcessId: 1648\r\nImage: C:\\windows\\System32\\WindowsPowerShell\\v1.0\\powershell.exe\r\nTargetObject: HKU\\S-1-5-21-1363495622-3806888128-621328882-1104\\Software\\Microsoft\\Windows\\CurrentVersion\\Internet Settings\\Connections","SourceModuleName":"eventlog","ProcessId":"1648","EventReceivedTime":"2020-08-07 10:34:25","port":60122,"AccountName":"SYSTEM","UtcTime":"2020-08-07 14:34:23.579","Domain":"NT AUTHORITY","ExecutionProcessID":3284,"host":"wec.internal.cloudapp.net","Severity":"INFO","TargetObject":"HKU\\S-1-5-21-1363495622-3806888128-621328882-1104\\Software\\Microsoft\\Windows\\CurrentVersion\\Internet Settings\\Connections","SeverityValue":2,"EventID":12,"UserID":"S-1-5-18","ProviderGuid":"{5770385F-C22A-43E0-BF4C-06F5698FFBD9}","RecordNumber":725978,"Image":"C:\\windows\\System32\\WindowsPowerShell\\v1.0\\powershell.exe","Keywords":-9223372036854775808,"ProcessGuid":"{297bc33e-65d0-5f2d-8207-000000000400}","SourceModuleType":"im_msvistalog","RuleName":"-"}
{"tags":["mordorDataset"],"@version":"1","EventType":"INFO","AccountType":"User","ThreadID":4372,"DestinationPortName":"-","DestinationIp":"10.10.10.5","SourcePort":"65407","Channel":"Microsoft-Windows-Sysmon/Operational","OpcodeValue":0,"Hostname":"WORKSTATION5.theshire.local","@timestamp":"2020-08-07T14:34:25.730Z","SourceIp":"172.18.39.5","ProcessId":"1648","Initiated":"true","DestinationHostname":"-","host":"wec.internal.cloudapp.net","Severity":"INFO","SourceHostname":"-","SeverityValue":2,"Image":"C:\\Windows\\System32\\WindowsPowerShell\\v1.0\\powershell.exe","SourceModuleType":"im_msvistalog","Version":5,"EventTime":"2020-08-07 10:34:24","Task":3,"DestinationPort":"80","SourceIsIpv6":"false","SourceName":"Microsoft-Windows-Sysmon","Message":"Network connection detected:\r\nRuleName: -\r\nUtcTime: 2020-08-07 14:34:23.508\r\nProcessGuid: {297bc33e-65d0-5f2d-8207-000000000400}\r\nProcessId: 1648\r\nImage: C:\\Windows\\System32\\WindowsPowerShell\\v1.0\\powershell.exe\r\nUser: THESHIRE\\pgustavo\r\nProtocol: tcp\r\nInitiated: true\r\nSourceIsIpv6: false\r\nSourceIp: 172.18.39.5\r\nSourceHostname: -\r\nSourcePort: 65407\r\nSourcePortName: -\r\nDestinationIsIpv6: false\r\nDestinationIp: 10.10.10.5\r\nDestinationHostname: -\r\nDestinationPort: 80\r\nDestinationPortName: -","SourceModuleName":"eventlog","EventReceivedTime":"2020-08-07 10:34:25","port":60122,"AccountName":"SYSTEM","UtcTime":"2020-08-07 14:34:23.508","Domain":"NT AUTHORITY","ExecutionProcessID":3284,"User":"THESHIRE\\pgustavo","DestinationIsIpv6":"false","SourcePortName":"-","UserID":"S-1-5-18","EventID":3,"ProviderGuid":"{5770385F-C22A-43E0-BF4C-06F5698FFBD9}","RecordNumber":725979,"Keywords":-9223372036854775808,"ProcessGuid":"{297bc33e-65d0-5f2d-8207-000000000400}","Protocol":"tcp","RuleName":"-"}
{"tags":["mordorDataset"],"@version":"1","EventType":"SetValue","Version":2,"ThreadID":4364,"EventTime":"2020-08-07 10:34:26","Task":13,"AccountType":"User","Channel":"Microsoft-Windows-Sysmon/Operational","EventTypeOrignal":"INFO","SourceName":"Microsoft-Windows-Sysmon","Hostname":"WORKSTATION5.theshire.local","@timestamp":"2020-08-07T14:34:28.748Z","OpcodeValue":0,"Message":"Registry value set:\r\nRuleName: -\r\nEventType: SetValue\r\nUtcTime: 2020-08-07 14:34:26.344\r\nProcessGuid: {297bc33e-60f7-5f2b-8a02-000000000400}\r\nProcessId: 4472\r\nImage: C:\\windows\\Explorer.EXE\r\nTargetObject: HKLM\\SOFTWARE\\Microsoft\\Windows NT\\CurrentVersion\\Notifications\\Data\\418A073AA3BC3475\r\nDetails: Binary Data","SourceModuleName":"eventlog","ProcessId":"4472","Details":"Binary Data","port":60122,"AccountName":"SYSTEM","EventReceivedTime":"2020-08-07 10:34:28","UtcTime":"2020-08-07 14:34:26.344","Domain":"NT AUTHORITY","ExecutionProcessID":3284,"host":"wec.internal.cloudapp.net","Severity":"INFO","TargetObject":"HKLM\\SOFTWARE\\Microsoft\\Windows NT\\CurrentVersion\\Notifications\\Data\\418A073AA3BC3475","SeverityValue":2,"EventID":13,"UserID":"S-1-5-18","ProviderGuid":"{5770385F-C22A-43E0-BF4C-06F5698FFBD9}","RecordNumber":725980,"Image":"C:\\windows\\Explorer.EXE","Keywords":-9223372036854775808,"ProcessGuid":"{297bc33e-60f7-5f2b-8a02-000000000400}","SourceModuleType":"im_msvistalog","RuleName":"-"}
{"tags":["mordorDataset"],"@version":"1","EventType":"CreateKey","Version":2,"ThreadID":4208,"EventTime":"2020-08-07 10:34:26","Task":12,"AccountType":"User","Channel":"Microsoft-Windows-Sysmon/Operational","EventTypeOrignal":"INFO","SourceName":"Microsoft-Windows-Sysmon","Hostname":"MORDORDC.theshire.local","@timestamp":"2020-08-07T14:34:28.750Z","OpcodeValue":0,"Message":"Registry object added or deleted:\r\nRuleName: -\r\nEventType: CreateKey\r\nUtcTime: 2020-08-07 14:34:26.977\r\nProcessGuid: {9f85ce58-59ed-5f2b-4b00-000000000400}\r\nProcessId: 3532\r\nImage: C:\\windows\\ADWS\\Microsoft.ActiveDirectory.WebServices.exe\r\nTargetObject: HKLM\\System\\CurrentControlSet\\Services\\Tcpip\\Parameters","SourceModuleName":"eventlog","ProcessId":"3532","EventReceivedTime":"2020-08-07 10:34:28","port":60122,"AccountName":"SYSTEM","UtcTime":"2020-08-07 14:34:26.977","Domain":"NT AUTHORITY","ExecutionProcessID":3888,"host":"wec.internal.cloudapp.net","Severity":"INFO","TargetObject":"HKLM\\System\\CurrentControlSet\\Services\\Tcpip\\Parameters","SeverityValue":2,"EventID":12,"UserID":"S-1-5-18","ProviderGuid":"{5770385F-C22A-43E0-BF4C-06F5698FFBD9}","RecordNumber":757224,"Image":"C:\\windows\\ADWS\\Microsoft.ActiveDirectory.WebServices.exe","Keywords":-9223372036854775808,"ProcessGuid":"{9f85ce58-59ed-5f2b-4b00-000000000400}","SourceModuleType":"im_msvistalog","RuleName":"-"}
{"tags":["mordorDataset"],"@version":"1","EventType":"CreateKey","Version":2,"ThreadID":4208,"EventTime":"2020-08-07 10:34:26","Task":12,"AccountType":"User","Channel":"Microsoft-Windows-Sysmon/Operational","EventTypeOrignal":"INFO","SourceName":"Microsoft-Windows-Sysmon","Hostname":"MORDORDC.theshire.local","@timestamp":"2020-08-07T14:34:28.750Z","OpcodeValue":0,"Message":"Registry object added or deleted:\r\nRuleName: -\r\nEventType: CreateKey\r\nUtcTime: 2020-08-07 14:34:26.977\r\nProcessGuid: {9f85ce58-59ed-5f2b-4b00-000000000400}\r\nProcessId: 3532\r\nImage: C:\\windows\\ADWS\\Microsoft.ActiveDirectory.WebServices.exe\r\nTargetObject: HKLM\\System\\CurrentControlSet\\Services\\Tcpip\\Parameters","SourceModuleName":"eventlog","ProcessId":"3532","EventReceivedTime":"2020-08-07 10:34:28","port":60122,"AccountName":"SYSTEM","UtcTime":"2020-08-07 14:34:26.977","Domain":"NT AUTHORITY","ExecutionProcessID":3888,"host":"wec.internal.cloudapp.net","Severity":"INFO","TargetObject":"HKLM\\System\\CurrentControlSet\\Services\\Tcpip\\Parameters","SeverityValue":2,"EventID":12,"UserID":"S-1-5-18","ProviderGuid":"{5770385F-C22A-43E0-BF4C-06F5698FFBD9}","RecordNumber":757225,"Image":"C:\\windows\\ADWS\\Microsoft.ActiveDirectory.WebServices.exe","Keywords":-9223372036854775808,"ProcessGuid":"{9f85ce58-59ed-5f2b-4b00-000000000400}","SourceModuleType":"im_msvistalog","RuleName":"-"}
{"tags":["mordorDataset"],"@version":"1","EventType":"INFO","AccountType":"User","ThreadID":4204,"DestinationPortName":"-","DestinationIp":"0:0:0:0:0:0:0:1","SourcePort":"54225","Channel":"Microsoft-Windows-Sysmon/Operational","OpcodeValue":0,"Hostname":"MORDORDC.theshire.local","@timestamp":"2020-08-07T14:34:29.756Z","SourceIp":"0:0:0:0:0:0:0:1","ProcessId":"3532","Initiated":"true","DestinationHostname":"-","host":"wec.internal.cloudapp.net","Severity":"INFO","SourceHostname":"-","SeverityValue":2,"Image":"C:\\Windows\\ADWS\\Microsoft.ActiveDirectory.WebServices.exe","SourceModuleType":"im_msvistalog","Version":5,"EventTime":"2020-08-07 10:34:28","Task":3,"DestinationPort":"389","SourceIsIpv6":"true","SourceName":"Microsoft-Windows-Sysmon","Message":"Network connection detected:\r\nRuleName: -\r\nUtcTime: 2020-08-07 14:34:18.919\r\nProcessGuid: {9f85ce58-59ed-5f2b-4b00-000000000400}\r\nProcessId: 3532\r\nImage: C:\\Windows\\ADWS\\Microsoft.ActiveDirectory.WebServices.exe\r\nUser: NT AUTHORITY\\SYSTEM\r\nProtocol: tcp\r\nInitiated: true\r\nSourceIsIpv6: true\r\nSourceIp: 0:0:0:0:0:0:0:1\r\nSourceHostname: -\r\nSourcePort: 54225\r\nSourcePortName: -\r\nDestinationIsIpv6: true\r\nDestinationIp: 0:0:0:0:0:0:0:1\r\nDestinationHostname: -\r\nDestinationPort: 389\r\nDestinationPortName: -","SourceModuleName":"eventlog","EventReceivedTime":"2020-08-07 10:34:29","port":60122,"AccountName":"SYSTEM","UtcTime":"2020-08-07 14:34:18.919","Domain":"NT AUTHORITY","ExecutionProcessID":3888,"User":"NT AUTHORITY\\SYSTEM","DestinationIsIpv6":"true","SourcePortName":"-","UserID":"S-1-5-18","EventID":3,"ProviderGuid":"{5770385F-C22A-43E0-BF4C-06F5698FFBD9}","RecordNumber":757226,"Keywords":-9223372036854775808,"ProcessGuid":"{9f85ce58-59ed-5f2b-4b00-000000000400}","Protocol":"tcp","RuleName":"-"}
{"tags":["mordorDataset"],"@version":"1","EventType":"INFO","AccountType":"User","ThreadID":4204,"DestinationPortName":"-","DestinationIp":"0:0:0:0:0:0:0:1","SourcePort":"54225","Channel":"Microsoft-Windows-Sysmon/Operational","OpcodeValue":0,"Hostname":"MORDORDC.theshire.local","@timestamp":"2020-08-07T14:34:29.756Z","SourceIp":"0:0:0:0:0:0:0:1","ProcessId":"704","Initiated":"false","DestinationHostname":"-","host":"wec.internal.cloudapp.net","Severity":"INFO","SourceHostname":"-","SeverityValue":2,"Image":"C:\\Windows\\System32\\lsass.exe","SourceModuleType":"im_msvistalog","Version":5,"EventTime":"2020-08-07 10:34:28","Task":3,"DestinationPort":"389","SourceIsIpv6":"true","SourceName":"Microsoft-Windows-Sysmon","Message":"Network connection detected:\r\nRuleName: -\r\nUtcTime: 2020-08-07 14:34:18.919\r\nProcessGuid: {9f85ce58-59d8-5f2b-0c00-000000000400}\r\nProcessId: 704\r\nImage: C:\\Windows\\System32\\lsass.exe\r\nUser: NT AUTHORITY\\SYSTEM\r\nProtocol: tcp\r\nInitiated: false\r\nSourceIsIpv6: true\r\nSourceIp: 0:0:0:0:0:0:0:1\r\nSourceHostname: -\r\nSourcePort: 54225\r\nSourcePortName: -\r\nDestinationIsIpv6: true\r\nDestinationIp: 0:0:0:0:0:0:0:1\r\nDestinationHostname: -\r\nDestinationPort: 389\r\nDestinationPortName: -","SourceModuleName":"eventlog","EventReceivedTime":"2020-08-07 10:34:29","port":60122,"AccountName":"SYSTEM","UtcTime":"2020-08-07 14:34:18.919","Domain":"NT AUTHORITY","ExecutionProcessID":3888,"User":"NT AUTHORITY\\SYSTEM","DestinationIsIpv6":"true","SourcePortName":"-","UserID":"S-1-5-18","EventID":3,"ProviderGuid":"{5770385F-C22A-43E0-BF4C-06F5698FFBD9}","RecordNumber":757227,"Keywords":-9223372036854775808,"ProcessGuid":"{9f85ce58-59d8-5f2b-0c00-000000000400}","Protocol":"tcp","RuleName":"-"}
{"tags":["mordorDataset"],"@version":"1","EventType":"CreateKey","Version":2,"ThreadID":4364,"EventTime":"2020-08-07 10:34:28","Task":12,"AccountType":"User","Channel":"Microsoft-Windows-Sysmon/Operational","EventTypeOrignal":"INFO","SourceName":"Microsoft-Windows-Sysmon","Hostname":"WORKSTATION5.theshire.local","@timestamp":"2020-08-07T14:34:29.757Z","OpcodeValue":0,"Message":"Registry object added or deleted:\r\nRuleName: -\r\nEventType: CreateKey\r\nUtcTime: 2020-08-07 14:34:28.688\r\nProcessGuid: {297bc33e-65d0-5f2d-8207-000000000400}\r\nProcessId: 1648\r\nImage: C:\\windows\\System32\\WindowsPowerShell\\v1.0\\powershell.exe\r\nTargetObject: HKU\\S-1-5-21-1363495622-3806888128-621328882-1104\\Software\\Microsoft\\Windows\\CurrentVersion\\Internet Settings\\Connections","SourceModuleName":"eventlog","ProcessId":"1648","EventReceivedTime":"2020-08-07 10:34:29","port":60122,"AccountName":"SYSTEM","UtcTime":"2020-08-07 14:34:28.688","Domain":"NT AUTHORITY","ExecutionProcessID":3284,"host":"wec.internal.cloudapp.net","Severity":"INFO","TargetObject":"HKU\\S-1-5-21-1363495622-3806888128-621328882-1104\\Software\\Microsoft\\Windows\\CurrentVersion\\Internet Settings\\Connections","SeverityValue":2,"EventID":12,"UserID":"S-1-5-18","ProviderGuid":"{5770385F-C22A-43E0-BF4C-06F5698FFBD9}","RecordNumber":725981,"Image":"C:\\windows\\System32\\WindowsPowerShell\\v1.0\\powershell.exe","Keywords":-9223372036854775808,"ProcessGuid":"{297bc33e-65d0-5f2d-8207-000000000400}","SourceModuleType":"im_msvistalog","RuleName":"-"}
{"SourceModuleType":"im_msvistalog","tags":["mordorDataset"],"@version":"1","EventType":"INFO","Version":2,"ThreadID":4496,"EventTime":"2020-08-07 10:34:29","Task":11,"AccountType":"User","Channel":"Microsoft-Windows-Sysmon/Operational","SourceName":"Microsoft-Windows-Sysmon","OpcodeValue":0,"Hostname":"WORKSTATION6.theshire.local","@timestamp":"2020-08-07T14:34:31.770Z","Message":"File created:\r\nRuleName: -\r\nUtcTime: 2020-08-07 14:34:29.680\r\nProcessGuid: {49a15388-5c3b-5f2b-2300-000000000400}\r\nProcessId: 1436\r\nImage: C:\\windows\\System32\\svchost.exe\r\nTargetFilename: C:\\Windows\\ServiceState\\EventLog\\Data\\lastalive0.dat\r\nCreationUtcTime: 2020-08-06 01:26:19.879","SourceModuleName":"eventlog","ProcessId":"1436","EventReceivedTime":"2020-08-07 10:34:31","port":60122,"AccountName":"SYSTEM","UtcTime":"2020-08-07 14:34:29.680","Domain":"NT AUTHORITY","ExecutionProcessID":3432,"TargetFilename":"C:\\Windows\\ServiceState\\EventLog\\Data\\lastalive0.dat","host":"wec.internal.cloudapp.net","Severity":"INFO","SeverityValue":2,"EventID":11,"UserID":"S-1-5-18","ProviderGuid":"{5770385F-C22A-43E0-BF4C-06F5698FFBD9}","RecordNumber":659172,"Image":"C:\\windows\\System32\\svchost.exe","Keywords":-9223372036854775808,"ProcessGuid":"{49a15388-5c3b-5f2b-2300-000000000400}","CreationUtcTime":"2020-08-06 01:26:19.879","RuleName":"-"}
{"tags":["mordorDataset"],"@version":"1","EventType":"INFO","AccountType":"User","ThreadID":4372,"DestinationPortName":"-","DestinationIp":"10.10.10.5","SourcePort":"65408","Channel":"Microsoft-Windows-Sysmon/Operational","OpcodeValue":0,"Hostname":"WORKSTATION5.theshire.local","@timestamp":"2020-08-07T14:34:31.771Z","SourceIp":"172.18.39.5","ProcessId":"1648","Initiated":"true","DestinationHostname":"-","host":"wec.internal.cloudapp.net","Severity":"INFO","SourceHostname":"-","SeverityValue":2,"Image":"C:\\Windows\\System32\\WindowsPowerShell\\v1.0\\powershell.exe","SourceModuleType":"im_msvistalog","Version":5,"EventTime":"2020-08-07 10:34:29","Task":3,"DestinationPort":"80","SourceIsIpv6":"false","SourceName":"Microsoft-Windows-Sysmon","Message":"Network connection detected:\r\nRuleName: -\r\nUtcTime: 2020-08-07 14:34:28.616\r\nProcessGuid: {297bc33e-65d0-5f2d-8207-000000000400}\r\nProcessId: 1648\r\nImage: C:\\Windows\\System32\\WindowsPowerShell\\v1.0\\powershell.exe\r\nUser: THESHIRE\\pgustavo\r\nProtocol: tcp\r\nInitiated: true\r\nSourceIsIpv6: false\r\nSourceIp: 172.18.39.5\r\nSourceHostname: -\r\nSourcePort: 65408\r\nSourcePortName: -\r\nDestinationIsIpv6: false\r\nDestinationIp: 10.10.10.5\r\nDestinationHostname: -\r\nDestinationPort: 80\r\nDestinationPortName: -","SourceModuleName":"eventlog","EventReceivedTime":"2020-08-07 10:34:31","port":60122,"AccountName":"SYSTEM","UtcTime":"2020-08-07 14:34:28.616","Domain":"NT AUTHORITY","ExecutionProcessID":3284,"User":"THESHIRE\\pgustavo","DestinationIsIpv6":"false","SourcePortName":"-","UserID":"S-1-5-18","EventID":3,"ProviderGuid":"{5770385F-C22A-43E0-BF4C-06F5698FFBD9}","RecordNumber":725982,"Keywords":-9223372036854775808,"ProcessGuid":"{297bc33e-65d0-5f2d-8207-000000000400}","Protocol":"tcp","RuleName":"-"}
{"tags":["mordorDataset"],"@version":"1","EventType":"CreateKey","Version":2,"ThreadID":4364,"EventTime":"2020-08-07 10:34:33","Task":12,"AccountType":"User","Channel":"Microsoft-Windows-Sysmon/Operational","EventTypeOrignal":"INFO","SourceName":"Microsoft-Windows-Sysmon","Hostname":"WORKSTATION5.theshire.local","@timestamp":"2020-08-07T14:34:36.801Z","OpcodeValue":0,"Message":"Registry object added or deleted:\r\nRuleName: -\r\nEventType: CreateKey\r\nUtcTime: 2020-08-07 14:34:33.806\r\nProcessGuid: {297bc33e-65d0-5f2d-8207-000000000400}\r\nProcessId: 1648\r\nImage: C:\\windows\\System32\\WindowsPowerShell\\v1.0\\powershell.exe\r\nTargetObject: HKU\\S-1-5-21-1363495622-3806888128-621328882-1104\\Software\\Microsoft\\Windows\\CurrentVersion\\Internet Settings\\Connections","SourceModuleName":"eventlog","ProcessId":"1648","EventReceivedTime":"2020-08-07 10:34:36","port":60122,"AccountName":"SYSTEM","UtcTime":"2020-08-07 14:34:33.806","Domain":"NT AUTHORITY","ExecutionProcessID":3284,"host":"wec.internal.cloudapp.net","Severity":"INFO","TargetObject":"HKU\\S-1-5-21-1363495622-3806888128-621328882-1104\\Software\\Microsoft\\Windows\\CurrentVersion\\Internet Settings\\Connections","SeverityValue":2,"EventID":12,"UserID":"S-1-5-18","ProviderGuid":"{5770385F-C22A-43E0-BF4C-06F5698FFBD9}","RecordNumber":725983,"Image":"C:\\windows\\System32\\WindowsPowerShell\\v1.0\\powershell.exe","Keywords":-9223372036854775808,"ProcessGuid":"{297bc33e-65d0-5f2d-8207-000000000400}","SourceModuleType":"im_msvistalog","RuleName":"-"}
{"tags":["mordorDataset"],"@version":"1","EventType":"INFO","AccountType":"User","ThreadID":4372,"DestinationPortName":"-","DestinationIp":"10.10.10.5","SourcePort":"65409","Channel":"Microsoft-Windows-Sysmon/Operational","OpcodeValue":0,"Hostname":"WORKSTATION5.theshire.local","@timestamp":"2020-08-07T14:34:37.801Z","SourceIp":"172.18.39.5","ProcessId":"1648","Initiated":"true","DestinationHostname":"-","host":"wec.internal.cloudapp.net","Severity":"INFO","SourceHostname":"-","SeverityValue":2,"Image":"C:\\Windows\\System32\\WindowsPowerShell\\v1.0\\powershell.exe","SourceModuleType":"im_msvistalog","Version":5,"EventTime":"2020-08-07 10:34:35","Task":3,"DestinationPort":"80","SourceIsIpv6":"false","SourceName":"Microsoft-Windows-Sysmon","Message":"Network connection detected:\r\nRuleName: -\r\nUtcTime: 2020-08-07 14:34:33.737\r\nProcessGuid: {297bc33e-65d0-5f2d-8207-000000000400}\r\nProcessId: 1648\r\nImage: C:\\Windows\\System32\\WindowsPowerShell\\v1.0\\powershell.exe\r\nUser: THESHIRE\\pgustavo\r\nProtocol: tcp\r\nInitiated: true\r\nSourceIsIpv6: false\r\nSourceIp: 172.18.39.5\r\nSourceHostname: -\r\nSourcePort: 65409\r\nSourcePortName: -\r\nDestinationIsIpv6: false\r\nDestinationIp: 10.10.10.5\r\nDestinationHostname: -\r\nDestinationPort: 80\r\nDestinationPortName: -","SourceModuleName":"eventlog","EventReceivedTime":"2020-08-07 10:34:37","port":60122,"AccountName":"SYSTEM","UtcTime":"2020-08-07 14:34:33.737","Domain":"NT AUTHORITY","ExecutionProcessID":3284,"User":"THESHIRE\\pgustavo","DestinationIsIpv6":"false","SourcePortName":"-","UserID":"S-1-5-18","EventID":3,"ProviderGuid":"{5770385F-C22A-43E0-BF4C-06F5698FFBD9}","RecordNumber":725984,"Keywords":-9223372036854775808,"ProcessGuid":"{297bc33e-65d0-5f2d-8207-000000000400}","Protocol":"tcp","RuleName":"-"}
{"tags":["mordorDataset"],"@version":"1","EventType":"CreateKey","Version":2,"ThreadID":4496,"EventTime":"2020-08-07 10:34:36","Task":12,"AccountType":"User","Channel":"Microsoft-Windows-Sysmon/Operational","EventTypeOrignal":"INFO","SourceName":"Microsoft-Windows-Sysmon","Hostname":"WORKSTATION6.theshire.local","@timestamp":"2020-08-07T14:34:38.822Z","OpcodeValue":0,"Message":"Registry object added or deleted:\r\nRuleName: -\r\nEventType: CreateKey\r\nUtcTime: 2020-08-07 14:34:36.961\r\nProcessGuid: {49a15388-5ccf-5f2b-5502-000000000400}\r\nProcessId: 3120\r\nImage: C:\\windows\\System32\\svchost.exe\r\nTargetObject: HKLM\\SOFTWARE\\Microsoft\\Windows\\CurrentVersion\\Internet Settings\\Connections","SourceModuleName":"eventlog","ProcessId":"3120","EventReceivedTime":"2020-08-07 10:34:38","port":60122,"AccountName":"SYSTEM","UtcTime":"2020-08-07 14:34:36.961","Domain":"NT AUTHORITY","ExecutionProcessID":3432,"host":"wec.internal.cloudapp.net","Severity":"INFO","TargetObject":"HKLM\\SOFTWARE\\Microsoft\\Windows\\CurrentVersion\\Internet Settings\\Connections","SeverityValue":2,"EventID":12,"UserID":"S-1-5-18","ProviderGuid":"{5770385F-C22A-43E0-BF4C-06F5698FFBD9}","RecordNumber":659173,"Image":"C:\\windows\\System32\\svchost.exe","Keywords":-9223372036854775808,"ProcessGuid":"{49a15388-5ccf-5f2b-5502-000000000400}","SourceModuleType":"im_msvistalog","RuleName":"-"}
{"tags":["mordorDataset"],"TargetProcessGUID":"{49a15388-5c40-5f2b-5300-000000000400}","@version":"1","EventType":"INFO","Version":3,"ThreadID":4496,"EventTime":"2020-08-07 10:34:37","Task":10,"AccountType":"User","SourceProcessGUID":"{49a15388-5c3c-5f2b-2a00-000000000400}","CallTrace":"C:\\windows\\SYSTEM32\\ntdll.dll+9c534|C:\\windows\\System32\\KERNELBASE.dll+2726e|c:\\windows\\system32\\fwbase.dll+3b35|c:\\windows\\system32\\fwbase.dll+3a89|c:\\windows\\system32\\mpssvc.dll+b907|c:\\windows\\system32\\mpssvc.dll+b3f9|c:\\windows\\system32\\mpssvc.dll+e084|C:\\windows\\System32\\RPCRT4.dll+76953|C:\\windows\\System32\\RPCRT4.dll+da036|C:\\windows\\System32\\RPCRT4.dll+37a4c|C:\\windows\\System32\\RPCRT4.dll+548c8|C:\\windows\\System32\\RPCRT4.dll+2c921|C:\\windows\\System32\\RPCRT4.dll+2c1db|C:\\windows\\System32\\RPCRT4.dll+1a86f|C:\\windows\\System32\\RPCRT4.dll+19d1a|C:\\windows\\System32\\RPCRT4.dll+19301|C:\\windows\\System32\\RPCRT4.dll+18d6e|C:\\windows\\System32\\RPCRT4.dll+169a5|C:\\windows\\SYSTEM32\\ntdll.dll+333ed|C:\\windows\\SYSTEM32\\ntdll.dll+34142|C:\\windows\\System32\\KERNEL32.DLL+17bd4|C:\\windows\\SYSTEM32\\ntdll.dll+6ce51","Channel":"Microsoft-Windows-Sysmon/Operational","SourceName":"Microsoft-Windows-Sysmon","OpcodeValue":0,"Hostname":"WORKSTATION6.theshire.local","@timestamp":"2020-08-07T14:34:38.823Z","Message":"Process accessed:\r\nRuleName: -\r\nUtcTime: 2020-08-07 14:34:37.250\r\nSourceProcessGUID: {49a15388-5c3c-5f2b-2a00-000000000400}\r\nSourceProcessId: 1928\r\nSourceThreadId: 5716\r\nSourceImage: C:\\windows\\system32\\svchost.exe\r\nTargetProcessGUID: {49a15388-5c40-5f2b-5300-000000000400}\r\nTargetProcessId: 3608\r\nTargetImage: C:\\windows\\system32\\svchost.exe\r\nGrantedAccess: 0x1000\r\nCallTrace: C:\\windows\\SYSTEM32\\ntdll.dll+9c534|C:\\windows\\System32\\KERNELBASE.dll+2726e|c:\\windows\\system32\\fwbase.dll+3b35|c:\\windows\\system32\\fwbase.dll+3a89|c:\\windows\\system32\\mpssvc.dll+b907|c:\\windows\\system32\\mpssvc.dll+b3f9|c:\\windows\\system32\\mpssvc.dll+e084|C:\\windows\\System32\\RPCRT4.dll+76953|C:\\windows\\System32\\RPCRT4.dll+da036|C:\\windows\\System32\\RPCRT4.dll+37a4c|C:\\windows\\System32\\RPCRT4.dll+548c8|C:\\windows\\System32\\RPCRT4.dll+2c921|C:\\windows\\System32\\RPCRT4.dll+2c1db|C:\\windows\\System32\\RPCRT4.dll+1a86f|C:\\windows\\System32\\RPCRT4.dll+19d1a|C:\\windows\\System32\\RPCRT4.dll+19301|C:\\windows\\System32\\RPCRT4.dll+18d6e|C:\\windows\\System32\\RPCRT4.dll+169a5|C:\\windows\\SYSTEM32\\ntdll.dll+333ed|C:\\windows\\SYSTEM32\\ntdll.dll+34142|C:\\windows\\System32\\KERNEL32.DLL+17bd4|C:\\windows\\SYSTEM32\\ntdll.dll+6ce51","SourceModuleName":"eventlog","ProcessId":"1928","SourceImage":"C:\\windows\\system32\\svchost.exe","EventReceivedTime":"2020-08-07 10:34:38","port":60122,"AccountName":"SYSTEM","UtcTime":"2020-08-07 14:34:37.250","GrantedAccess":"0x1000","Domain":"NT AUTHORITY","ExecutionProcessID":3432,"host":"wec.internal.cloudapp.net","SourceProcessId":"1928","SourceThreadId":"5716","Severity":"INFO","TargetProcessId":"3608","SeverityValue":2,"EventID":10,"UserID":"S-1-5-18","ProviderGuid":"{5770385F-C22A-43E0-BF4C-06F5698FFBD9}","RecordNumber":659174,"SourceModuleType":"im_msvistalog","Keywords":-9223372036854775808,"TargetImage":"C:\\windows\\system32\\svchost.exe","RuleName":"-"}
{"tags":["mordorDataset"],"TargetProcessGUID":"{49a15388-5c40-5f2b-5300-000000000400}","@version":"1","EventType":"INFO","Version":3,"ThreadID":4496,"EventTime":"2020-08-07 10:34:37","Task":10,"AccountType":"User","SourceProcessGUID":"{49a15388-5c3c-5f2b-2a00-000000000400}","CallTrace":"C:\\windows\\SYSTEM32\\ntdll.dll+9c534|C:\\windows\\System32\\KERNELBASE.dll+2726e|c:\\windows\\system32\\fwbase.dll+3b35|c:\\windows\\system32\\fwbase.dll+3a89|c:\\windows\\system32\\mpssvc.dll+b907|c:\\windows\\system32\\mpssvc.dll+ac05|c:\\windows\\system32\\mpssvc.dll+a934|C:\\windows\\System32\\RPCRT4.dll+76953|C:\\windows\\System32\\RPCRT4.dll+da036|C:\\windows\\System32\\RPCRT4.dll+37a4c|C:\\windows\\System32\\RPCRT4.dll+548c8|C:\\windows\\System32\\RPCRT4.dll+2c921|C:\\windows\\System32\\RPCRT4.dll+2c1db|C:\\windows\\System32\\RPCRT4.dll+1a86f|C:\\windows\\System32\\RPCRT4.dll+19d1a|C:\\windows\\System32\\RPCRT4.dll+19301|C:\\windows\\System32\\RPCRT4.dll+18d6e|C:\\windows\\System32\\RPCRT4.dll+169a5|C:\\windows\\SYSTEM32\\ntdll.dll+333ed|C:\\windows\\SYSTEM32\\ntdll.dll+34142|C:\\windows\\System32\\KERNEL32.DLL+17bd4|C:\\windows\\SYSTEM32\\ntdll.dll+6ce51","Channel":"Microsoft-Windows-Sysmon/Operational","SourceName":"Microsoft-Windows-Sysmon","OpcodeValue":0,"Hostname":"WORKSTATION6.theshire.local","@timestamp":"2020-08-07T14:34:38.823Z","Message":"Process accessed:\r\nRuleName: -\r\nUtcTime: 2020-08-07 14:34:37.250\r\nSourceProcessGUID: {49a15388-5c3c-5f2b-2a00-000000000400}\r\nSourceProcessId: 1928\r\nSourceThreadId: 5716\r\nSourceImage: C:\\windows\\system32\\svchost.exe\r\nTargetProcessGUID: {49a15388-5c40-5f2b-5300-000000000400}\r\nTargetProcessId: 3608\r\nTargetImage: C:\\windows\\system32\\svchost.exe\r\nGrantedAccess: 0x1000\r\nCallTrace: C:\\windows\\SYSTEM32\\ntdll.dll+9c534|C:\\windows\\System32\\KERNELBASE.dll+2726e|c:\\windows\\system32\\fwbase.dll+3b35|c:\\windows\\system32\\fwbase.dll+3a89|c:\\windows\\system32\\mpssvc.dll+b907|c:\\windows\\system32\\mpssvc.dll+ac05|c:\\windows\\system32\\mpssvc.dll+a934|C:\\windows\\System32\\RPCRT4.dll+76953|C:\\windows\\System32\\RPCRT4.dll+da036|C:\\windows\\System32\\RPCRT4.dll+37a4c|C:\\windows\\System32\\RPCRT4.dll+548c8|C:\\windows\\System32\\RPCRT4.dll+2c921|C:\\windows\\System32\\RPCRT4.dll+2c1db|C:\\windows\\System32\\RPCRT4.dll+1a86f|C:\\windows\\System32\\RPCRT4.dll+19d1a|C:\\windows\\System32\\RPCRT4.dll+19301|C:\\windows\\System32\\RPCRT4.dll+18d6e|C:\\windows\\System32\\RPCRT4.dll+169a5|C:\\windows\\SYSTEM32\\ntdll.dll+333ed|C:\\windows\\SYSTEM32\\ntdll.dll+34142|C:\\windows\\System32\\KERNEL32.DLL+17bd4|C:\\windows\\SYSTEM32\\ntdll.dll+6ce51","SourceModuleName":"eventlog","ProcessId":"1928","SourceImage":"C:\\windows\\system32\\svchost.exe","EventReceivedTime":"2020-08-07 10:34:38","port":60122,"AccountName":"SYSTEM","UtcTime":"2020-08-07 14:34:37.250","GrantedAccess":"0x1000","Domain":"NT AUTHORITY","ExecutionProcessID":3432,"host":"wec.internal.cloudapp.net","SourceProcessId":"1928","SourceThreadId":"5716","Severity":"INFO","TargetProcessId":"3608","SeverityValue":2,"EventID":10,"UserID":"S-1-5-18","ProviderGuid":"{5770385F-C22A-43E0-BF4C-06F5698FFBD9}","RecordNumber":659175,"SourceModuleType":"im_msvistalog","Keywords":-9223372036854775808,"TargetImage":"C:\\windows\\system32\\svchost.exe","RuleName":"-"}
{"tags":["mordorDataset"],"TargetProcessGUID":"{49a15388-5c40-5f2b-5300-000000000400}","@version":"1","EventType":"INFO","Version":3,"ThreadID":4496,"EventTime":"2020-08-07 10:34:37","Task":10,"AccountType":"User","SourceProcessGUID":"{49a15388-5c3c-5f2b-2a00-000000000400}","CallTrace":"C:\\windows\\SYSTEM32\\ntdll.dll+9c534|C:\\windows\\System32\\KERNELBASE.dll+2726e|c:\\windows\\system32\\fwbase.dll+3b35|c:\\windows\\system32\\fwbase.dll+3a89|c:\\windows\\system32\\mpssvc.dll+b907|c:\\windows\\system32\\mpssvc.dll+b3f9|c:\\windows\\system32\\mpssvc.dll+e084|C:\\windows\\System32\\RPCRT4.dll+76953|C:\\windows\\System32\\RPCRT4.dll+da036|C:\\windows\\System32\\RPCRT4.dll+37a4c|C:\\windows\\System32\\RPCRT4.dll+548c8|C:\\windows\\System32\\RPCRT4.dll+2c921|C:\\windows\\System32\\RPCRT4.dll+2c1db|C:\\windows\\System32\\RPCRT4.dll+1a86f|C:\\windows\\System32\\RPCRT4.dll+19d1a|C:\\windows\\System32\\RPCRT4.dll+19301|C:\\windows\\System32\\RPCRT4.dll+18d6e|C:\\windows\\System32\\RPCRT4.dll+169a5|C:\\windows\\SYSTEM32\\ntdll.dll+333ed|C:\\windows\\SYSTEM32\\ntdll.dll+34142|C:\\windows\\System32\\KERNEL32.DLL+17bd4|C:\\windows\\SYSTEM32\\ntdll.dll+6ce51","Channel":"Microsoft-Windows-Sysmon/Operational","SourceName":"Microsoft-Windows-Sysmon","OpcodeValue":0,"Hostname":"WORKSTATION6.theshire.local","@timestamp":"2020-08-07T14:34:38.824Z","Message":"Process accessed:\r\nRuleName: -\r\nUtcTime: 2020-08-07 14:34:37.250\r\nSourceProcessGUID: {49a15388-5c3c-5f2b-2a00-000000000400}\r\nSourceProcessId: 1928\r\nSourceThreadId: 5716\r\nSourceImage: C:\\windows\\system32\\svchost.exe\r\nTargetProcessGUID: {49a15388-5c40-5f2b-5300-000000000400}\r\nTargetProcessId: 3608\r\nTargetImage: C:\\windows\\system32\\svchost.exe\r\nGrantedAccess: 0x1000\r\nCallTrace: C:\\windows\\SYSTEM32\\ntdll.dll+9c534|C:\\windows\\System32\\KERNELBASE.dll+2726e|c:\\windows\\system32\\fwbase.dll+3b35|c:\\windows\\system32\\fwbase.dll+3a89|c:\\windows\\system32\\mpssvc.dll+b907|c:\\windows\\system32\\mpssvc.dll+b3f9|c:\\windows\\system32\\mpssvc.dll+e084|C:\\windows\\System32\\RPCRT4.dll+76953|C:\\windows\\System32\\RPCRT4.dll+da036|C:\\windows\\System32\\RPCRT4.dll+37a4c|C:\\windows\\System32\\RPCRT4.dll+548c8|C:\\windows\\System32\\RPCRT4.dll+2c921|C:\\windows\\System32\\RPCRT4.dll+2c1db|C:\\windows\\System32\\RPCRT4.dll+1a86f|C:\\windows\\System32\\RPCRT4.dll+19d1a|C:\\windows\\System32\\RPCRT4.dll+19301|C:\\windows\\System32\\RPCRT4.dll+18d6e|C:\\windows\\System32\\RPCRT4.dll+169a5|C:\\windows\\SYSTEM32\\ntdll.dll+333ed|C:\\windows\\SYSTEM32\\ntdll.dll+34142|C:\\windows\\System32\\KERNEL32.DLL+17bd4|C:\\windows\\SYSTEM32\\ntdll.dll+6ce51","SourceModuleName":"eventlog","ProcessId":"1928","SourceImage":"C:\\windows\\system32\\svchost.exe","EventReceivedTime":"2020-08-07 10:34:38","port":60122,"AccountName":"SYSTEM","UtcTime":"2020-08-07 14:34:37.250","GrantedAccess":"0x1000","Domain":"NT AUTHORITY","ExecutionProcessID":3432,"host":"wec.internal.cloudapp.net","SourceProcessId":"1928","SourceThreadId":"5716","Severity":"INFO","TargetProcessId":"3608","SeverityValue":2,"EventID":10,"UserID":"S-1-5-18","ProviderGuid":"{5770385F-C22A-43E0-BF4C-06F5698FFBD9}","RecordNumber":659176,"SourceModuleType":"im_msvistalog","Keywords":-9223372036854775808,"TargetImage":"C:\\windows\\system32\\svchost.exe","RuleName":"-"}
{"tags":["mordorDataset"],"TargetProcessGUID":"{49a15388-5c40-5f2b-5300-000000000400}","@version":"1","EventType":"INFO","Version":3,"ThreadID":4496,"EventTime":"2020-08-07 10:34:37","Task":10,"AccountType":"User","SourceProcessGUID":"{49a15388-5c3c-5f2b-2a00-000000000400}","CallTrace":"C:\\windows\\SYSTEM32\\ntdll.dll+9c534|C:\\windows\\System32\\KERNELBASE.dll+2726e|c:\\windows\\system32\\fwbase.dll+3b35|c:\\windows\\system32\\fwbase.dll+3a89|c:\\windows\\system32\\mpssvc.dll+b907|c:\\windows\\system32\\mpssvc.dll+b75b|c:\\windows\\system32\\mpssvc.dll+e1c2|C:\\windows\\System32\\RPCRT4.dll+76953|C:\\windows\\System32\\RPCRT4.dll+da036|C:\\windows\\System32\\RPCRT4.dll+37a4c|C:\\windows\\System32\\RPCRT4.dll+548c8|C:\\windows\\System32\\RPCRT4.dll+2c921|C:\\windows\\System32\\RPCRT4.dll+2c1db|C:\\windows\\System32\\RPCRT4.dll+1a86f|C:\\windows\\System32\\RPCRT4.dll+19d1a|C:\\windows\\System32\\RPCRT4.dll+19301|C:\\windows\\System32\\RPCRT4.dll+18d6e|C:\\windows\\System32\\RPCRT4.dll+169a5|C:\\windows\\SYSTEM32\\ntdll.dll+333ed|C:\\windows\\SYSTEM32\\ntdll.dll+34142|C:\\windows\\System32\\KERNEL32.DLL+17bd4|C:\\windows\\SYSTEM32\\ntdll.dll+6ce51","Channel":"Microsoft-Windows-Sysmon/Operational","SourceName":"Microsoft-Windows-Sysmon","OpcodeValue":0,"Hostname":"WORKSTATION6.theshire.local","@timestamp":"2020-08-07T14:34:38.824Z","Message":"Process accessed:\r\nRuleName: -\r\nUtcTime: 2020-08-07 14:34:37.250\r\nSourceProcessGUID: {49a15388-5c3c-5f2b-2a00-000000000400}\r\nSourceProcessId: 1928\r\nSourceThreadId: 5716\r\nSourceImage: C:\\windows\\system32\\svchost.exe\r\nTargetProcessGUID: {49a15388-5c40-5f2b-5300-000000000400}\r\nTargetProcessId: 3608\r\nTargetImage: C:\\windows\\system32\\svchost.exe\r\nGrantedAccess: 0x1000\r\nCallTrace: C:\\windows\\SYSTEM32\\ntdll.dll+9c534|C:\\windows\\System32\\KERNELBASE.dll+2726e|c:\\windows\\system32\\fwbase.dll+3b35|c:\\windows\\system32\\fwbase.dll+3a89|c:\\windows\\system32\\mpssvc.dll+b907|c:\\windows\\system32\\mpssvc.dll+b75b|c:\\windows\\system32\\mpssvc.dll+e1c2|C:\\windows\\System32\\RPCRT4.dll+76953|C:\\windows\\System32\\RPCRT4.dll+da036|C:\\windows\\System32\\RPCRT4.dll+37a4c|C:\\windows\\System32\\RPCRT4.dll+548c8|C:\\windows\\System32\\RPCRT4.dll+2c921|C:\\windows\\System32\\RPCRT4.dll+2c1db|C:\\windows\\System32\\RPCRT4.dll+1a86f|C:\\windows\\System32\\RPCRT4.dll+19d1a|C:\\windows\\System32\\RPCRT4.dll+19301|C:\\windows\\System32\\RPCRT4.dll+18d6e|C:\\windows\\System32\\RPCRT4.dll+169a5|C:\\windows\\SYSTEM32\\ntdll.dll+333ed|C:\\windows\\SYSTEM32\\ntdll.dll+34142|C:\\windows\\System32\\KERNEL32.DLL+17bd4|C:\\windows\\SYSTEM32\\ntdll.dll+6ce51","SourceModuleName":"eventlog","ProcessId":"1928","SourceImage":"C:\\windows\\system32\\svchost.exe","EventReceivedTime":"2020-08-07 10:34:38","port":60122,"AccountName":"SYSTEM","UtcTime":"2020-08-07 14:34:37.250","GrantedAccess":"0x1000","Domain":"NT AUTHORITY","ExecutionProcessID":3432,"host":"wec.internal.cloudapp.net","SourceProcessId":"1928","SourceThreadId":"5716","Severity":"INFO","TargetProcessId":"3608","SeverityValue":2,"EventID":10,"UserID":"S-1-5-18","ProviderGuid":"{5770385F-C22A-43E0-BF4C-06F5698FFBD9}","RecordNumber":659177,"SourceModuleType":"im_msvistalog","Keywords":-9223372036854775808,"TargetImage":"C:\\windows\\system32\\svchost.exe","RuleName":"-"}
{"tags":["mordorDataset"],"TargetProcessGUID":"{49a15388-5c40-5f2b-5300-000000000400}","@version":"1","EventType":"INFO","Version":3,"ThreadID":4496,"EventTime":"2020-08-07 10:34:37","Task":10,"AccountType":"User","SourceProcessGUID":"{49a15388-5c3c-5f2b-2a00-000000000400}","CallTrace":"C:\\windows\\SYSTEM32\\ntdll.dll+9c534|C:\\windows\\System32\\KERNELBASE.dll+2726e|c:\\windows\\system32\\fwbase.dll+3b35|c:\\windows\\system32\\fwbase.dll+3a89|c:\\windows\\system32\\mpssvc.dll+b907|c:\\windows\\system32\\mpssvc.dll+b75b|c:\\windows\\system32\\mpssvc.dll+e1c2|C:\\windows\\System32\\RPCRT4.dll+76953|C:\\windows\\System32\\RPCRT4.dll+da036|C:\\windows\\System32\\RPCRT4.dll+37a4c|C:\\windows\\System32\\RPCRT4.dll+548c8|C:\\windows\\System32\\RPCRT4.dll+2c921|C:\\windows\\System32\\RPCRT4.dll+2c1db|C:\\windows\\System32\\RPCRT4.dll+1a86f|C:\\windows\\System32\\RPCRT4.dll+19d1a|C:\\windows\\System32\\RPCRT4.dll+19301|C:\\windows\\System32\\RPCRT4.dll+18d6e|C:\\windows\\System32\\RPCRT4.dll+169a5|C:\\windows\\SYSTEM32\\ntdll.dll+333ed|C:\\windows\\SYSTEM32\\ntdll.dll+34142|C:\\windows\\System32\\KERNEL32.DLL+17bd4|C:\\windows\\SYSTEM32\\ntdll.dll+6ce51","Channel":"Microsoft-Windows-Sysmon/Operational","SourceName":"Microsoft-Windows-Sysmon","OpcodeValue":0,"Hostname":"WORKSTATION6.theshire.local","@timestamp":"2020-08-07T14:34:38.825Z","Message":"Process accessed:\r\nRuleName: -\r\nUtcTime: 2020-08-07 14:34:37.250\r\nSourceProcessGUID: {49a15388-5c3c-5f2b-2a00-000000000400}\r\nSourceProcessId: 1928\r\nSourceThreadId: 5716\r\nSourceImage: C:\\windows\\system32\\svchost.exe\r\nTargetProcessGUID: {49a15388-5c40-5f2b-5300-000000000400}\r\nTargetProcessId: 3608\r\nTargetImage: C:\\windows\\system32\\svchost.exe\r\nGrantedAccess: 0x1000\r\nCallTrace: C:\\windows\\SYSTEM32\\ntdll.dll+9c534|C:\\windows\\System32\\KERNELBASE.dll+2726e|c:\\windows\\system32\\fwbase.dll+3b35|c:\\windows\\system32\\fwbase.dll+3a89|c:\\windows\\system32\\mpssvc.dll+b907|c:\\windows\\system32\\mpssvc.dll+b75b|c:\\windows\\system32\\mpssvc.dll+e1c2|C:\\windows\\System32\\RPCRT4.dll+76953|C:\\windows\\System32\\RPCRT4.dll+da036|C:\\windows\\System32\\RPCRT4.dll+37a4c|C:\\windows\\System32\\RPCRT4.dll+548c8|C:\\windows\\System32\\RPCRT4.dll+2c921|C:\\windows\\System32\\RPCRT4.dll+2c1db|C:\\windows\\System32\\RPCRT4.dll+1a86f|C:\\windows\\System32\\RPCRT4.dll+19d1a|C:\\windows\\System32\\RPCRT4.dll+19301|C:\\windows\\System32\\RPCRT4.dll+18d6e|C:\\windows\\System32\\RPCRT4.dll+169a5|C:\\windows\\SYSTEM32\\ntdll.dll+333ed|C:\\windows\\SYSTEM32\\ntdll.dll+34142|C:\\windows\\System32\\KERNEL32.DLL+17bd4|C:\\windows\\SYSTEM32\\ntdll.dll+6ce51","SourceModuleName":"eventlog","ProcessId":"1928","SourceImage":"C:\\windows\\system32\\svchost.exe","EventReceivedTime":"2020-08-07 10:34:38","port":60122,"AccountName":"SYSTEM","UtcTime":"2020-08-07 14:34:37.250","GrantedAccess":"0x1000","Domain":"NT AUTHORITY","ExecutionProcessID":3432,"host":"wec.internal.cloudapp.net","SourceProcessId":"1928","SourceThreadId":"5716","Severity":"INFO","TargetProcessId":"3608","SeverityValue":2,"EventID":10,"UserID":"S-1-5-18","ProviderGuid":"{5770385F-C22A-43E0-BF4C-06F5698FFBD9}","RecordNumber":659178,"SourceModuleType":"im_msvistalog","Keywords":-9223372036854775808,"TargetImage":"C:\\windows\\system32\\svchost.exe","RuleName":"-"}
{"tags":["mordorDataset"],"TargetProcessGUID":"{49a15388-5c40-5f2b-5300-000000000400}","@version":"1","EventType":"INFO","Version":3,"ThreadID":4496,"EventTime":"2020-08-07 10:34:37","Task":10,"AccountType":"User","SourceProcessGUID":"{49a15388-5c3c-5f2b-2a00-000000000400}","CallTrace":"C:\\windows\\SYSTEM32\\ntdll.dll+9c534|C:\\windows\\System32\\KERNELBASE.dll+2726e|c:\\windows\\system32\\fwbase.dll+3b35|c:\\windows\\system32\\fwbase.dll+3a89|c:\\windows\\system32\\mpssvc.dll+b907|c:\\windows\\system32\\mpssvc.dll+b75b|c:\\windows\\system32\\mpssvc.dll+e1c2|C:\\windows\\System32\\RPCRT4.dll+76953|C:\\windows\\System32\\RPCRT4.dll+da036|C:\\windows\\System32\\RPCRT4.dll+37a4c|C:\\windows\\System32\\RPCRT4.dll+548c8|C:\\windows\\System32\\RPCRT4.dll+2c921|C:\\windows\\System32\\RPCRT4.dll+2c1db|C:\\windows\\System32\\RPCRT4.dll+1a86f|C:\\windows\\System32\\RPCRT4.dll+19d1a|C:\\windows\\System32\\RPCRT4.dll+19301|C:\\windows\\System32\\RPCRT4.dll+18d6e|C:\\windows\\System32\\RPCRT4.dll+169a5|C:\\windows\\SYSTEM32\\ntdll.dll+333ed|C:\\windows\\SYSTEM32\\ntdll.dll+34142|C:\\windows\\System32\\KERNEL32.DLL+17bd4|C:\\windows\\SYSTEM32\\ntdll.dll+6ce51","Channel":"Microsoft-Windows-Sysmon/Operational","SourceName":"Microsoft-Windows-Sysmon","OpcodeValue":0,"Hostname":"WORKSTATION6.theshire.local","@timestamp":"2020-08-07T14:34:38.825Z","Message":"Process accessed:\r\nRuleName: -\r\nUtcTime: 2020-08-07 14:34:37.250\r\nSourceProcessGUID: {49a15388-5c3c-5f2b-2a00-000000000400}\r\nSourceProcessId: 1928\r\nSourceThreadId: 5716\r\nSourceImage: C:\\windows\\system32\\svchost.exe\r\nTargetProcessGUID: {49a15388-5c40-5f2b-5300-000000000400}\r\nTargetProcessId: 3608\r\nTargetImage: C:\\windows\\system32\\svchost.exe\r\nGrantedAccess: 0x1000\r\nCallTrace: C:\\windows\\SYSTEM32\\ntdll.dll+9c534|C:\\windows\\System32\\KERNELBASE.dll+2726e|c:\\windows\\system32\\fwbase.dll+3b35|c:\\windows\\system32\\fwbase.dll+3a89|c:\\windows\\system32\\mpssvc.dll+b907|c:\\windows\\system32\\mpssvc.dll+b75b|c:\\windows\\system32\\mpssvc.dll+e1c2|C:\\windows\\System32\\RPCRT4.dll+76953|C:\\windows\\System32\\RPCRT4.dll+da036|C:\\windows\\System32\\RPCRT4.dll+37a4c|C:\\windows\\System32\\RPCRT4.dll+548c8|C:\\windows\\System32\\RPCRT4.dll+2c921|C:\\windows\\System32\\RPCRT4.dll+2c1db|C:\\windows\\System32\\RPCRT4.dll+1a86f|C:\\windows\\System32\\RPCRT4.dll+19d1a|C:\\windows\\System32\\RPCRT4.dll+19301|C:\\windows\\System32\\RPCRT4.dll+18d6e|C:\\windows\\System32\\RPCRT4.dll+169a5|C:\\windows\\SYSTEM32\\ntdll.dll+333ed|C:\\windows\\SYSTEM32\\ntdll.dll+34142|C:\\windows\\System32\\KERNEL32.DLL+17bd4|C:\\windows\\SYSTEM32\\ntdll.dll+6ce51","SourceModuleName":"eventlog","ProcessId":"1928","SourceImage":"C:\\windows\\system32\\svchost.exe","EventReceivedTime":"2020-08-07 10:34:38","port":60122,"AccountName":"SYSTEM","UtcTime":"2020-08-07 14:34:37.250","GrantedAccess":"0x1000","Domain":"NT AUTHORITY","ExecutionProcessID":3432,"host":"wec.internal.cloudapp.net","SourceProcessId":"1928","SourceThreadId":"5716","Severity":"INFO","TargetProcessId":"3608","SeverityValue":2,"EventID":10,"UserID":"S-1-5-18","ProviderGuid":"{5770385F-C22A-43E0-BF4C-06F5698FFBD9}","RecordNumber":659179,"SourceModuleType":"im_msvistalog","Keywords":-9223372036854775808,"TargetImage":"C:\\windows\\system32\\svchost.exe","RuleName":"-"}
{"tags":["mordorDataset"],"TargetProcessGUID":"{49a15388-5c40-5f2b-5300-000000000400}","@version":"1","EventType":"INFO","Version":3,"ThreadID":4496,"EventTime":"2020-08-07 10:34:37","Task":10,"AccountType":"User","SourceProcessGUID":"{49a15388-5c3c-5f2b-2a00-000000000400}","CallTrace":"C:\\windows\\SYSTEM32\\ntdll.dll+9c534|C:\\windows\\System32\\KERNELBASE.dll+2726e|c:\\windows\\system32\\fwbase.dll+3b35|c:\\windows\\system32\\fwbase.dll+3a89|c:\\windows\\system32\\mpssvc.dll+b907|c:\\windows\\system32\\mpssvc.dll+b75b|c:\\windows\\system32\\mpssvc.dll+e1c2|C:\\windows\\System32\\RPCRT4.dll+76953|C:\\windows\\System32\\RPCRT4.dll+da036|C:\\windows\\System32\\RPCRT4.dll+37a4c|C:\\windows\\System32\\RPCRT4.dll+548c8|C:\\windows\\System32\\RPCRT4.dll+2c921|C:\\windows\\System32\\RPCRT4.dll+2c1db|C:\\windows\\System32\\RPCRT4.dll+1a86f|C:\\windows\\System32\\RPCRT4.dll+19d1a|C:\\windows\\System32\\RPCRT4.dll+19301|C:\\windows\\System32\\RPCRT4.dll+18d6e|C:\\windows\\System32\\RPCRT4.dll+169a5|C:\\windows\\SYSTEM32\\ntdll.dll+333ed|C:\\windows\\SYSTEM32\\ntdll.dll+34142|C:\\windows\\System32\\KERNEL32.DLL+17bd4|C:\\windows\\SYSTEM32\\ntdll.dll+6ce51","Channel":"Microsoft-Windows-Sysmon/Operational","SourceName":"Microsoft-Windows-Sysmon","OpcodeValue":0,"Hostname":"WORKSTATION6.theshire.local","@timestamp":"2020-08-07T14:34:38.826Z","Message":"Process accessed:\r\nRuleName: -\r\nUtcTime: 2020-08-07 14:34:37.250\r\nSourceProcessGUID: {49a15388-5c3c-5f2b-2a00-000000000400}\r\nSourceProcessId: 1928\r\nSourceThreadId: 5716\r\nSourceImage: C:\\windows\\system32\\svchost.exe\r\nTargetProcessGUID: {49a15388-5c40-5f2b-5300-000000000400}\r\nTargetProcessId: 3608\r\nTargetImage: C:\\windows\\system32\\svchost.exe\r\nGrantedAccess: 0x1000\r\nCallTrace: C:\\windows\\SYSTEM32\\ntdll.dll+9c534|C:\\windows\\System32\\KERNELBASE.dll+2726e|c:\\windows\\system32\\fwbase.dll+3b35|c:\\windows\\system32\\fwbase.dll+3a89|c:\\windows\\system32\\mpssvc.dll+b907|c:\\windows\\system32\\mpssvc.dll+b75b|c:\\windows\\system32\\mpssvc.dll+e1c2|C:\\windows\\System32\\RPCRT4.dll+76953|C:\\windows\\System32\\RPCRT4.dll+da036|C:\\windows\\System32\\RPCRT4.dll+37a4c|C:\\windows\\System32\\RPCRT4.dll+548c8|C:\\windows\\System32\\RPCRT4.dll+2c921|C:\\windows\\System32\\RPCRT4.dll+2c1db|C:\\windows\\System32\\RPCRT4.dll+1a86f|C:\\windows\\System32\\RPCRT4.dll+19d1a|C:\\windows\\System32\\RPCRT4.dll+19301|C:\\windows\\System32\\RPCRT4.dll+18d6e|C:\\windows\\System32\\RPCRT4.dll+169a5|C:\\windows\\SYSTEM32\\ntdll.dll+333ed|C:\\windows\\SYSTEM32\\ntdll.dll+34142|C:\\windows\\System32\\KERNEL32.DLL+17bd4|C:\\windows\\SYSTEM32\\ntdll.dll+6ce51","SourceModuleName":"eventlog","ProcessId":"1928","SourceImage":"C:\\windows\\system32\\svchost.exe","EventReceivedTime":"2020-08-07 10:34:38","port":60122,"AccountName":"SYSTEM","UtcTime":"2020-08-07 14:34:37.250","GrantedAccess":"0x1000","Domain":"NT AUTHORITY","ExecutionProcessID":3432,"host":"wec.internal.cloudapp.net","SourceProcessId":"1928","SourceThreadId":"5716","Severity":"INFO","TargetProcessId":"3608","SeverityValue":2,"EventID":10,"UserID":"S-1-5-18","ProviderGuid":"{5770385F-C22A-43E0-BF4C-06F5698FFBD9}","RecordNumber":659180,"SourceModuleType":"im_msvistalog","Keywords":-9223372036854775808,"TargetImage":"C:\\windows\\system32\\svchost.exe","RuleName":"-"}
