{"tags":["mordorDataset"],"TargetProcessGUID":"{297bc33e-5c2e-5f2b-0900-000000000400}","@version":"1","EventType":"INFO","Version":3,"ThreadID":4364,"EventTime":"2020-08-07 10:33:44","Task":10,"AccountType":"User","SourceProcessGUID":"{297bc33e-5c31-5f2b-2b00-000000000400}","CallTrace":"C:\\windows\\SYSTEM32\\ntdll.dll+9c534|C:\\windows\\System32\\KERNELBASE.dll+2726e|c:\\windows\\system32\\sysmain.dll+7a8cb|c:\\windows\\system32\\sysmain.dll+52730|c:\\windows\\system32\\sysmain.dll+1c468|c:\\windows\\system32\\sysmain.dll+1bf95|c:\\windows\\system32\\sysmain.dll+74b0d|c:\\windows\\system32\\sysmain.dll+73b32|c:\\windows\\system32\\sysmain.dll+601a3|C:\\windows\\system32\\svchost.exe+314c|C:\\windows\\System32\\sechost.dll+2de2|C:\\windows\\System32\\KERNEL32.DLL+17bd4|C:\\windows\\SYSTEM32\\ntdll.dll+6ce51","Channel":"Microsoft-Windows-Sysmon/Operational","SourceName":"Microsoft-Windows-Sysmon","OpcodeValue":0,"Hostname":"WORKSTATION5.theshire.local","@timestamp":"2020-08-07T14:33:45.278Z","Message":"Process accessed:\r\nRuleName: -\r\nUtcTime: 2020-08-07 14:33:44.832\r\nSourceProcessGUID: {297bc33e-5c31-5f2b-2b00-000000000400}\r\nSourceProcessId: 1784\r\nSourceThreadId: 1876\r\nSourceImage: C:\\windows\\system32\\svchost.exe\r\nTargetProcessGUID: {297bc33e-5c2e-5f2b-0900-000000000400}\r\nTargetProcessId: 612\r\nTargetImage: C:\\windows\\system32\\csrss.exe\r\nGrantedAccess: 0x2000\r\nCallTrace: C:\\windows\\SYSTEM32\\ntdll.dll+9c534|C:\\windows\\System32\\KERNELBASE.dll+2726e|c:\\windows\\system32\\sysmain.dll+7a8cb|c:\\windows\\system32\\sysmain.dll+52730|c:\\windows\\system32\\sysmain.dll+1c468|c:\\windows\\system32\\sysmain.dll+1bf95|c:\\windows\\system32\\sysmain.dll+74b0d|c:\\windows\\system32\\sysmain.dll+73b32|c:\\windows\\system32\\sysmain.dll+601a3|C:\\windows\\system32\\svchost.exe+314c|C:\\windows\\System32\\sechost.dll+2de2|C:\\windows\\System32\\KERNEL32.DLL+17bd4|C:\\windows\\SYSTEM32\\ntdll.dll+6ce51","SourceModuleName":"eventlog","ProcessId":"1784","SourceImage":"C:\\windows\\system32\\svchost.exe","EventReceivedTime":"2020-08-07 10:33:45","port":60122,"AccountName":"SYSTEM","UtcTime":"2020-08-07 14:33:44.832","GrantedAccess":"0x2000","Domain":"NT AUTHORITY","ExecutionProcessID":3284,"host":"wec.internal.cloudapp.net","SourceProcessId":"1784","SourceThreadId":"1876","Severity":"INFO","TargetProcessId":"612","SeverityValue":2,"EventID":10,"UserID":"S-1-5-18","ProviderGuid":"{5770385F-C22A-43E0-BF4C-06F5698FFBD9}","RecordNumber":725814,"SourceModuleType":"im_msvistalog","Keywords":-9223372036854775808,"TargetImage":"C:\\windows\\system32\\csrss.exe","RuleName":"-"}
{"tags":["mordorDataset"],"TargetProcessGUID":"{297bc33e-5c2e-5f2b-0a00-000000000400}","@version":"1","EventType":"INFO","Version":3,"ThreadID":4364,"EventTime":"2020-08-07 10:33:44","Task":10,"AccountType":"User","SourceProcessGUID":"{297bc33e-5c31-5f2b-2b00-000000000400}","CallTrace":"C:\\windows\\SYSTEM32\\ntdll.dll+9c534|C:\\windows\\System32\\KERNELBASE.dll+2726e|c:\\windows\\system32\\sysmain.dll+7a8cb|c:\\windows\\system32\\sysmain.dll+52730|c:\\windows\\system32\\sysmain.dll+1c468|c:\\windows\\system32\\sysmain.dll+1bf95|c:\\windows\\system32\\sysmain.dll+74b0d|c:\\windows\\system32\\sysmain.dll+73b32|c:\\windows\\system32\\sysmain.dll+601a3|C:\\windows\\system32\\svchost.exe+314c|C:\\windows\\System32\\sechost.dll+2de2|C:\\windows\\System32\\KERNEL32.DLL+17bd4|C:\\windows\\SYSTEM32\\ntdll.dll+6ce51","Channel":"Microsoft-Windows-Sysmon/Operational","SourceName":"Microsoft-Windows-Sysmon","OpcodeValue":0,"Hostname":"WORKSTATION5.theshire.local","@timestamp":"2020-08-07T14:33:45.278Z","Message":"Process accessed:\r\nRuleName: -\r\nUtcTime: 2020-08-07 14:33:44.832\r\nSourceProcessGUID: {297bc33e-5c31-5f2b-2b00-000000000400}\r\nSourceProcessId: 1784\r\nSourceThreadId: 1876\r\nSourceImage: C:\\windows\\system32\\svchost.exe\r\nTargetProcessGUID: {297bc33e-5c2e-5f2b-0a00-000000000400}\r\nTargetProcessId: 680\r\nTargetImage: C:\\windows\\system32\\winlogon.exe\r\nGrantedAccess: 0x2000\r\nCallTrace: C:\\windows\\SYSTEM32\\ntdll.dll+9c534|C:\\windows\\System32\\KERNELBASE.dll+2726e|c:\\windows\\system32\\sysmain.dll+7a8cb|c:\\windows\\system32\\sysmain.dll+52730|c:\\windows\\system32\\sysmain.dll+1c468|c:\\windows\\system32\\sysmain.dll+1bf95|c:\\windows\\system32\\sysmain.dll+74b0d|c:\\windows\\system32\\sysmain.dll+73b32|c:\\windows\\system32\\sysmain.dll+601a3|C:\\windows\\system32\\svchost.exe+314c|C:\\windows\\System32\\sechost.dll+2de2|C:\\windows\\System32\\KERNEL32.DLL+17bd4|C:\\windows\\SYSTEM32\\ntdll.dll+6ce51","SourceModuleName":"eventlog","ProcessId":"1784","SourceImage":"C:\\windows\\system32\\svchost.exe","EventReceivedTime":"2020-08-07 10:33:45","port":60122,"AccountName":"SYSTEM","UtcTime":"2020-08-07 14:33:44.832","GrantedAccess":"0x2000","Domain":"NT AUTHORITY","ExecutionProcessID":3284,"host":"wec.internal.cloudapp.net","SourceProcessId":"1784","SourceThreadId":"1876","Severity":"INFO","TargetProcessId":"680","SeverityValue":2,"EventID":10,"UserID":"S-1-5-18","ProviderGuid":"{5770385F-C22A-43E0-BF4C-06F5698FFBD9}","RecordNumber":725815,"SourceModuleType":"im_msvistalog","Keywords":-9223372036854775808,"TargetImage":"C:\\windows\\system32\\winlogon.exe","RuleName":"-"}
{"tags":["mordorDataset"],"TargetProcessGUID":"{297bc33e-5c2e-5f2b-0b00-000000000400}","@version":"1","EventType":"INFO","Version":3,"ThreadID":4364,"EventTime":"2020-08-07 10:33:44","Task":10,"AccountType":"User","SourceProcessGUID":"{297bc33e-5c31-5f2b-2b00-000000000400}","CallTrace":"C:\\windows\\SYSTEM32\\ntdll.dll+9c534|C:\\windows\\System32\\KERNELBASE.dll+2726e|c:\\windows\\system32\\sysmain.dll+7a8cb|c:\\windows\\system32\\sysmain.dll+52730|c:\\windows\\system32\\sysmain.dll+1c468|c:\\windows\\system32\\sysmain.dll+1bf95|c:\\windows\\system32\\sysmain.dll+74b0d|c:\\windows\\system32\\sysmain.dll+73b32|c:\\windows\\system32\\sysmain.dll+601a3|C:\\windows\\system32\\svchost.exe+314c|C:\\windows\\System32\\sechost.dll+2de2|C:\\windows\\System32\\KERNEL32.DLL+17bd4|C:\\windows\\SYSTEM32\\ntdll.dll+6ce51","Channel":"Microsoft-Windows-Sysmon/Operational","SourceName":"Microsoft-Windows-Sysmon","OpcodeValue":0,"Hostname":"WORKSTATION5.theshire.local","@timestamp":"2020-08-07T14:33:45.278Z","Message":"Process accessed:\r\nRuleName: -\r\nUtcTime: 2020-08-07 14:33:44.832\r\nSourceProcessGUID: {297bc33e-5c31-5f2b-2b00-000000000400}\r\nSourceProcessId: 1784\r\nSourceThreadId: 1876\r\nSourceImage: C:\\windows\\system32\\svchost.exe\r\nTargetProcessGUID: {297bc33e-5c2e-5f2b-0b00-000000000400}\r\nTargetProcessId: 740\r\nTargetImage: C:\\windows\\system32\\services.exe\r\nGrantedAccess: 0x2000\r\nCallTrace: C:\\windows\\SYSTEM32\\ntdll.dll+9c534|C:\\windows\\System32\\KERNELBASE.dll+2726e|c:\\windows\\system32\\sysmain.dll+7a8cb|c:\\windows\\system32\\sysmain.dll+52730|c:\\windows\\system32\\sysmain.dll+1c468|c:\\windows\\system32\\sysmain.dll+1bf95|c:\\windows\\system32\\sysmain.dll+74b0d|c:\\windows\\system32\\sysmain.dll+73b32|c:\\windows\\system32\\sysmain.dll+601a3|C:\\windows\\system32\\svchost.exe+314c|C:\\windows\\System32\\sechost.dll+2de2|C:\\windows\\System32\\KERNEL32.DLL+17bd4|C:\\windows\\SYSTEM32\\ntdll.dll+6ce51","SourceModuleName":"eventlog","ProcessId":"1784","SourceImage":"C:\\windows\\system32\\svchost.exe","EventReceivedTime":"2020-08-07 10:33:45","port":60122,"AccountName":"SYSTEM","UtcTime":"2020-08-07 14:33:44.832","GrantedAccess":"0x2000","Domain":"NT AUTHORITY","ExecutionProcessID":3284,"host":"wec.internal.cloudapp.net","SourceProcessId":"1784","SourceThreadId":"1876","Severity":"INFO","TargetProcessId":"740","SeverityValue":2,"EventID":10,"UserID":"S-1-5-18","ProviderGuid":"{5770385F-C22A-43E0-BF4C-06F5698FFBD9}","RecordNumber":725816,"SourceModuleType":"im_msvistalog","Keywords":-9223372036854775808,"TargetImage":"C:\\windows\\system32\\services.exe","RuleName":"-"}
{"tags":["mordorDataset"],"TargetProcessGUID":"{297bc33e-5c2e-5f2b-0c00-000000000400}","@version":"1","EventType":"INFO","Version":3,"ThreadID":4364,"EventTime":"2020-08-07 10:33:44","Task":10,"AccountType":"User","SourceProcessGUID":"{297bc33e-5c31-5f2b-2b00-000000000400}","CallTrace":"C:\\windows\\SYSTEM32\\ntdll.dll+9c534|C:\\windows\\System32\\KERNELBASE.dll+2726e|c:\\windows\\system32\\sysmain.dll+7a8cb|c:\\windows\\system32\\sysmain.dll+52730|c:\\windows\\system32\\sysmain.dll+1c468|c:\\windows\\system32\\sysmain.dll+1bf95|c:\\windows\\system32\\sysmain.dll+74b0d|c:\\windows\\system32\\sysmain.dll+73b32|c:\\windows\\system32\\sysmain.dll+601a3|C:\\windows\\system32\\svchost.exe+314c|C:\\windows\\System32\\sechost.dll+2de2|C:\\windows\\System32\\KERNEL32.DLL+17bd4|C:\\windows\\SYSTEM32\\ntdll.dll+6ce51","Channel":"Microsoft-Windows-Sysmon/Operational","SourceName":"Microsoft-Windows-Sysmon","OpcodeValue":0,"Hostname":"WORKSTATION5.theshire.local","@timestamp":"2020-08-07T14:33:45.279Z","Message":"Process accessed:\r\nRuleName: -\r\nUtcTime: 2020-08-07 14:33:44.832\r\nSourceProcessGUID: {297bc33e-5c31-5f2b-2b00-000000000400}\r\nSourceProcessId: 1784\r\nSourceThreadId: 1876\r\nSourceImage: C:\\windows\\system32\\svchost.exe\r\nTargetProcessGUID: {297bc33e-5c2e-5f2b-0c00-000000000400}\r\nTargetProcessId: 768\r\nTargetImage: C:\\windows\\system32\\lsass.exe\r\nGrantedAccess: 0x2000\r\nCallTrace: C:\\windows\\SYSTEM32\\ntdll.dll+9c534|C:\\windows\\System32\\KERNELBASE.dll+2726e|c:\\windows\\system32\\sysmain.dll+7a8cb|c:\\windows\\system32\\sysmain.dll+52730|c:\\windows\\system32\\sysmain.dll+1c468|c:\\windows\\system32\\sysmain.dll+1bf95|c:\\windows\\system32\\sysmain.dll+74b0d|c:\\windows\\system32\\sysmain.dll+73b32|c:\\windows\\system32\\sysmain.dll+601a3|C:\\windows\\system32\\svchost.exe+314c|C:\\windows\\System32\\sechost.dll+2de2|C:\\windows\\System32\\KERNEL32.DLL+17bd4|C:\\windows\\SYSTEM32\\ntdll.dll+6ce51","SourceModuleName":"eventlog","ProcessId":"1784","SourceImage":"C:\\windows\\system32\\svchost.exe","EventReceivedTime":"2020-08-07 10:33:45","port":60122,"AccountName":"SYSTEM","UtcTime":"2020-08-07 14:33:44.832","GrantedAccess":"0x2000","Domain":"NT AUTHORITY","ExecutionProcessID":3284,"host":"wec.internal.cloudapp.net","SourceProcessId":"1784","SourceThreadId":"1876","Severity":"INFO","TargetProcessId":"768","SeverityValue":2,"EventID":10,"UserID":"S-1-5-18","ProviderGuid":"{5770385F-C22A-43E0-BF4C-06F5698FFBD9}","RecordNumber":725817,"SourceModuleType":"im_msvistalog","Keywords":-9223372036854775808,"TargetImage":"C:\\windows\\system32\\lsass.exe","RuleName":"-"}
{"tags":["mordorDataset"],"TargetProcessGUID":"{297bc33e-5c2f-5f2b-0d00-000000000400}","@version":"1","EventType":"INFO","Version":3,"ThreadID":4364,"EventTime":"2020-08-07 10:33:44","Task":10,"AccountType":"User","SourceProcessGUID":"{297bc33e-5c31-5f2b-2b00-000000000400}","CallTrace":"C:\\windows\\SYSTEM32\\ntdll.dll+9c534|C:\\windows\\System32\\KERNELBASE.dll+2726e|c:\\windows\\system32\\sysmain.dll+7a8cb|c:\\windows\\system32\\sysmain.dll+52730|c:\\windows\\system32\\sysmain.dll+1c468|c:\\windows\\system32\\sysmain.dll+1bf95|c:\\windows\\system32\\sysmain.dll+74b0d|c:\\windows\\system32\\sysmain.dll+73b32|c:\\windows\\system32\\sysmain.dll+601a3|C:\\windows\\system32\\svchost.exe+314c|C:\\windows\\System32\\sechost.dll+2de2|C:\\windows\\System32\\KERNEL32.DLL+17bd4|C:\\windows\\SYSTEM32\\ntdll.dll+6ce51","Channel":"Microsoft-Windows-Sysmon/Operational","SourceName":"Microsoft-Windows-Sysmon","OpcodeValue":0,"Hostname":"WORKSTATION5.theshire.local","@timestamp":"2020-08-07T14:33:45.279Z","Message":"Process accessed:\r\nRuleName: -\r\nUtcTime: 2020-08-07 14:33:44.832\r\nSourceProcessGUID: {297bc33e-5c31-5f2b-2b00-000000000400}\r\nSourceProcessId: 1784\r\nSourceThreadId: 1876\r\nSourceImage: C:\\windows\\system32\\svchost.exe\r\nTargetProcessGUID: {297bc33e-5c2f-5f2b-0d00-000000000400}\r\nTargetProcessId: 868\r\nTargetImage: C:\\windows\\system32\\svchost.exe\r\nGrantedAccess: 0x2000\r\nCallTrace: C:\\windows\\SYSTEM32\\ntdll.dll+9c534|C:\\windows\\System32\\KERNELBASE.dll+2726e|c:\\windows\\system32\\sysmain.dll+7a8cb|c:\\windows\\system32\\sysmain.dll+52730|c:\\windows\\system32\\sysmain.dll+1c468|c:\\windows\\system32\\sysmain.dll+1bf95|c:\\windows\\system32\\sysmain.dll+74b0d|c:\\windows\\system32\\sysmain.dll+73b32|c:\\windows\\system32\\sysmain.dll+601a3|C:\\windows\\system32\\svchost.exe+314c|C:\\windows\\System32\\sechost.dll+2de2|C:\\windows\\System32\\KERNEL32.DLL+17bd4|C:\\windows\\SYSTEM32\\ntdll.dll+6ce51","SourceModuleName":"eventlog","ProcessId":"1784","SourceImage":"C:\\windows\\system32\\svchost.exe","EventReceivedTime":"2020-08-07 10:33:45","port":60122,"AccountName":"SYSTEM","UtcTime":"2020-08-07 14:33:44.832","GrantedAccess":"0x2000","Domain":"NT AUTHORITY","ExecutionProcessID":3284,"host":"wec.internal.cloudapp.net","SourceProcessId":"1784","SourceThreadId":"1876","Severity":"INFO","TargetProcessId":"868","SeverityValue":2,"EventID":10,"UserID":"S-1-5-18","ProviderGuid":"{5770385F-C22A-43E0-BF4C-06F5698FFBD9}","RecordNumber":725818,"SourceModuleType":"im_msvistalog","Keywords":-9223372036854775808,"TargetImage":"C:\\windows\\system32\\svchost.exe","RuleName":"-"}
{"tags":["mordorDataset"],"TargetProcessGUID":"{297bc33e-5c2f-5f2b-0e00-000000000400}","@version":"1","EventType":"INFO","Version":3,"ThreadID":4364,"EventTime":"2020-08-07 10:33:44","Task":10,"AccountType":"User","SourceProcessGUID":"{297bc33e-5c31-5f2b-2b00-000000000400}","CallTrace":"C:\\windows\\SYSTEM32\\ntdll.dll+9c534|C:\\windows\\System32\\KERNELBASE.dll+2726e|c:\\windows\\system32\\sysmain.dll+7a8cb|c:\\windows\\system32\\sysmain.dll+52730|c:\\windows\\system32\\sysmain.dll+1c468|c:\\windows\\system32\\sysmain.dll+1bf95|c:\\windows\\system32\\sysmain.dll+74b0d|c:\\windows\\system32\\sysmain.dll+73b32|c:\\windows\\system32\\sysmain.dll+601a3|C:\\windows\\system32\\svchost.exe+314c|C:\\windows\\System32\\sechost.dll+2de2|C:\\windows\\System32\\KERNEL32.DLL+17bd4|C:\\windows\\SYSTEM32\\ntdll.dll+6ce51","Channel":"Microsoft-Windows-Sysmon/Operational","SourceName":"Microsoft-Windows-Sysmon","OpcodeValue":0,"Hostname":"WORKSTATION5.theshire.local","@timestamp":"2020-08-07T14:33:45.279Z","Message":"Process accessed:\r\nRuleName: -\r\nUtcTime: 2020-08-07 14:33:44.832\r\nSourceProcessGUID: {297bc33e-5c31-5f2b-2b00-000000000400}\r\nSourceProcessId: 1784\r\nSourceThreadId: 1876\r\nSourceImage: C:\\windows\\system32\\svchost.exe\r\nTargetProcessGUID: {297bc33e-5c2f-5f2b-0e00-000000000400}\r\nTargetProcessId: 880\r\nTargetImage: C:\\windows\\system32\\fontdrvhost.exe\r\nGrantedAccess: 0x2000\r\nCallTrace: C:\\windows\\SYSTEM32\\ntdll.dll+9c534|C:\\windows\\System32\\KERNELBASE.dll+2726e|c:\\windows\\system32\\sysmain.dll+7a8cb|c:\\windows\\system32\\sysmain.dll+52730|c:\\windows\\system32\\sysmain.dll+1c468|c:\\windows\\system32\\sysmain.dll+1bf95|c:\\windows\\system32\\sysmain.dll+74b0d|c:\\windows\\system32\\sysmain.dll+73b32|c:\\windows\\system32\\sysmain.dll+601a3|C:\\windows\\system32\\svchost.exe+314c|C:\\windows\\System32\\sechost.dll+2de2|C:\\windows\\System32\\KERNEL32.DLL+17bd4|C:\\windows\\SYSTEM32\\ntdll.dll+6ce51","SourceModuleName":"eventlog","ProcessId":"1784","SourceImage":"C:\\windows\\system32\\svchost.exe","EventReceivedTime":"2020-08-07 10:33:45","port":60122,"AccountName":"SYSTEM","UtcTime":"2020-08-07 14:33:44.832","GrantedAccess":"0x2000","Domain":"NT AUTHORITY","ExecutionProcessID":3284,"host":"wec.internal.cloudapp.net","SourceProcessId":"1784","SourceThreadId":"1876","Severity":"INFO","TargetProcessId":"880","SeverityValue":2,"EventID":10,"UserID":"S-1-5-18","ProviderGuid":"{5770385F-C22A-43E0-BF4C-06F5698FFBD9}","RecordNumber":725819,"SourceModuleType":"im_msvistalog","Keywords":-9223372036854775808,"TargetImage":"C:\\windows\\system32\\fontdrvhost.exe","RuleName":"-"}
{"tags":["mordorDataset"],"TargetProcessGUID":"{297bc33e-5c2f-5f2b-0f00-000000000400}","@version":"1","EventType":"INFO","Version":3,"ThreadID":4364,"EventTime":"2020-08-07 10:33:44","Task":10,"AccountType":"User","SourceProcessGUID":"{297bc33e-5c31-5f2b-2b00-000000000400}","CallTrace":"C:\\windows\\SYSTEM32\\ntdll.dll+9c534|C:\\windows\\System32\\KERNELBASE.dll+2726e|c:\\windows\\system32\\sysmain.dll+7a8cb|c:\\windows\\system32\\sysmain.dll+52730|c:\\windows\\system32\\sysmain.dll+1c468|c:\\windows\\system32\\sysmain.dll+1bf95|c:\\windows\\system32\\sysmain.dll+74b0d|c:\\windows\\system32\\sysmain.dll+73b32|c:\\windows\\system32\\sysmain.dll+601a3|C:\\windows\\system32\\svchost.exe+314c|C:\\windows\\System32\\sechost.dll+2de2|C:\\windows\\System32\\KERNEL32.DLL+17bd4|C:\\windows\\SYSTEM32\\ntdll.dll+6ce51","Channel":"Microsoft-Windows-Sysmon/Operational","SourceName":"Microsoft-Windows-Sysmon","OpcodeValue":0,"Hostname":"WORKSTATION5.theshire.local","@timestamp":"2020-08-07T14:33:45.280Z","Message":"Process accessed:\r\nRuleName: -\r\nUtcTime: 2020-08-07 14:33:44.832\r\nSourceProcessGUID: {297bc33e-5c31-5f2b-2b00-000000000400}\r\nSourceProcessId: 1784\r\nSourceThreadId: 1876\r\nSourceImage: C:\\windows\\system32\\svchost.exe\r\nTargetProcessGUID: {297bc33e-5c2f-5f2b-0f00-000000000400}\r\nTargetProcessId: 888\r\nTargetImage: C:\\windows\\system32\\fontdrvhost.exe\r\nGrantedAccess: 0x2000\r\nCallTrace: C:\\windows\\SYSTEM32\\ntdll.dll+9c534|C:\\windows\\System32\\KERNELBASE.dll+2726e|c:\\windows\\system32\\sysmain.dll+7a8cb|c:\\windows\\system32\\sysmain.dll+52730|c:\\windows\\system32\\sysmain.dll+1c468|c:\\windows\\system32\\sysmain.dll+1bf95|c:\\windows\\system32\\sysmain.dll+74b0d|c:\\windows\\system32\\sysmain.dll+73b32|c:\\windows\\system32\\sysmain.dll+601a3|C:\\windows\\system32\\svchost.exe+314c|C:\\windows\\System32\\sechost.dll+2de2|C:\\windows\\System32\\KERNEL32.DLL+17bd4|C:\\windows\\SYSTEM32\\ntdll.dll+6ce51","SourceModuleName":"eventlog","ProcessId":"1784","SourceImage":"C:\\windows\\system32\\svchost.exe","EventReceivedTime":"2020-08-07 10:33:45","port":60122,"AccountName":"SYSTEM","UtcTime":"2020-08-07 14:33:44.832","GrantedAccess":"0x2000","Domain":"NT AUTHORITY","ExecutionProcessID":3284,"host":"wec.internal.cloudapp.net","SourceProcessId":"1784","SourceThreadId":"1876","Severity":"INFO","TargetProcessId":"888","SeverityValue":2,"EventID":10,"UserID":"S-1-5-18","ProviderGuid":"{5770385F-C22A-43E0-BF4C-06F5698FFBD9}","RecordNumber":725820,"SourceModuleType":"im_msvistalog","Keywords":-9223372036854775808,"TargetImage":"C:\\windows\\system32\\fontdrvhost.exe","RuleName":"-"}
{"tags":["mordorDataset"],"TargetProcessGUID":"{297bc33e-5c2f-5f2b-1000-000000000400}","@version":"1","EventType":"INFO","Version":3,"ThreadID":4364,"EventTime":"2020-08-07 10:33:44","Task":10,"AccountType":"User","SourceProcessGUID":"{297bc33e-5c31-5f2b-2b00-000000000400}","CallTrace":"C:\\windows\\SYSTEM32\\ntdll.dll+9c534|C:\\windows\\System32\\KERNELBASE.dll+2726e|c:\\windows\\system32\\sysmain.dll+7a8cb|c:\\windows\\system32\\sysmain.dll+52730|c:\\windows\\system32\\sysmain.dll+1c468|c:\\windows\\system32\\sysmain.dll+1bf95|c:\\windows\\system32\\sysmain.dll+74b0d|c:\\windows\\system32\\sysmain.dll+73b32|c:\\windows\\system32\\sysmain.dll+601a3|C:\\windows\\system32\\svchost.exe+314c|C:\\windows\\System32\\sechost.dll+2de2|C:\\windows\\System32\\KERNEL32.DLL+17bd4|C:\\windows\\SYSTEM32\\ntdll.dll+6ce51","Channel":"Microsoft-Windows-Sysmon/Operational","SourceName":"Microsoft-Windows-Sysmon","OpcodeValue":0,"Hostname":"WORKSTATION5.theshire.local","@timestamp":"2020-08-07T14:33:45.280Z","Message":"Process accessed:\r\nRuleName: -\r\nUtcTime: 2020-08-07 14:33:44.832\r\nSourceProcessGUID: {297bc33e-5c31-5f2b-2b00-000000000400}\r\nSourceProcessId: 1784\r\nSourceThreadId: 1876\r\nSourceImage: C:\\windows\\system32\\svchost.exe\r\nTargetProcessGUID: {297bc33e-5c2f-5f2b-1000-000000000400}\r\nTargetProcessId: 908\r\nTargetImage: C:\\windows\\system32\\svchost.exe\r\nGrantedAccess: 0x2000\r\nCallTrace: C:\\windows\\SYSTEM32\\ntdll.dll+9c534|C:\\windows\\System32\\KERNELBASE.dll+2726e|c:\\windows\\system32\\sysmain.dll+7a8cb|c:\\windows\\system32\\sysmain.dll+52730|c:\\windows\\system32\\sysmain.dll+1c468|c:\\windows\\system32\\sysmain.dll+1bf95|c:\\windows\\system32\\sysmain.dll+74b0d|c:\\windows\\system32\\sysmain.dll+73b32|c:\\windows\\system32\\sysmain.dll+601a3|C:\\windows\\system32\\svchost.exe+314c|C:\\windows\\System32\\sechost.dll+2de2|C:\\windows\\System32\\KERNEL32.DLL+17bd4|C:\\windows\\SYSTEM32\\ntdll.dll+6ce51","SourceModuleName":"eventlog","ProcessId":"1784","SourceImage":"C:\\windows\\system32\\svchost.exe","EventReceivedTime":"2020-08-07 10:33:45","port":60122,"AccountName":"SYSTEM","UtcTime":"2020-08-07 14:33:44.832","GrantedAccess":"0x2000","Domain":"NT AUTHORITY","ExecutionProcessID":3284,"host":"wec.internal.cloudapp.net","SourceProcessId":"1784","SourceThreadId":"1876","Severity":"INFO","TargetProcessId":"908","SeverityValue":2,"EventID":10,"UserID":"S-1-5-18","ProviderGuid":"{5770385F-C22A-43E0-BF4C-06F5698FFBD9}","RecordNumber":725821,"SourceModuleType":"im_msvistalog","Keywords":-9223372036854775808,"TargetImage":"C:\\windows\\system32\\svchost.exe","RuleName":"-"}
{"tags":["mordorDataset"],"TargetProcessGUID":"{297bc33e-5c2f-5f2b-1100-000000000400}","@version":"1","EventType":"INFO","Version":3,"ThreadID":4364,"EventTime":"2020-08-07 10:33:44","Task":10,"AccountType":"User","SourceProcessGUID":"{297bc33e-5c31-5f2b-2b00-000000000400}","CallTrace":"C:\\windows\\SYSTEM32\\ntdll.dll+9c534|C:\\windows\\System32\\KERNELBASE.dll+2726e|c:\\windows\\system32\\sysmain.dll+7a8cb|c:\\windows\\system32\\sysmain.dll+52730|c:\\windows\\system32\\sysmain.dll+1c468|c:\\windows\\system32\\sysmain.dll+1bf95|c:\\windows\\system32\\sysmain.dll+74b0d|c:\\windows\\system32\\sysmain.dll+73b32|c:\\windows\\system32\\sysmain.dll+601a3|C:\\windows\\system32\\svchost.exe+314c|C:\\windows\\System32\\sechost.dll+2de2|C:\\windows\\System32\\KERNEL32.DLL+17bd4|C:\\windows\\SYSTEM32\\ntdll.dll+6ce51","Channel":"Microsoft-Windows-Sysmon/Operational","SourceName":"Microsoft-Windows-Sysmon","OpcodeValue":0,"Hostname":"WORKSTATION5.theshire.local","@timestamp":"2020-08-07T14:33:45.280Z","Message":"Process accessed:\r\nRuleName: -\r\nUtcTime: 2020-08-07 14:33:44.832\r\nSourceProcessGUID: {297bc33e-5c31-5f2b-2b00-000000000400}\r\nSourceProcessId: 1784\r\nSourceThreadId: 1876\r\nSourceImage: C:\\windows\\system32\\svchost.exe\r\nTargetProcessGUID: {297bc33e-5c2f-5f2b-1100-000000000400}\r\nTargetProcessId: 1000\r\nTargetImage: C:\\windows\\system32\\svchost.exe\r\nGrantedAccess: 0x2000\r\nCallTrace: C:\\windows\\SYSTEM32\\ntdll.dll+9c534|C:\\windows\\System32\\KERNELBASE.dll+2726e|c:\\windows\\system32\\sysmain.dll+7a8cb|c:\\windows\\system32\\sysmain.dll+52730|c:\\windows\\system32\\sysmain.dll+1c468|c:\\windows\\system32\\sysmain.dll+1bf95|c:\\windows\\system32\\sysmain.dll+74b0d|c:\\windows\\system32\\sysmain.dll+73b32|c:\\windows\\system32\\sysmain.dll+601a3|C:\\windows\\system32\\svchost.exe+314c|C:\\windows\\System32\\sechost.dll+2de2|C:\\windows\\System32\\KERNEL32.DLL+17bd4|C:\\windows\\SYSTEM32\\ntdll.dll+6ce51","SourceModuleName":"eventlog","ProcessId":"1784","SourceImage":"C:\\windows\\system32\\svchost.exe","EventReceivedTime":"2020-08-07 10:33:45","port":60122,"AccountName":"SYSTEM","UtcTime":"2020-08-07 14:33:44.832","GrantedAccess":"0x2000","Domain":"NT AUTHORITY","ExecutionProcessID":3284,"host":"wec.internal.cloudapp.net","SourceProcessId":"1784","SourceThreadId":"1876","Severity":"INFO","TargetProcessId":"1000","SeverityValue":2,"EventID":10,"UserID":"S-1-5-18","ProviderGuid":"{5770385F-C22A-43E0-BF4C-06F5698FFBD9}","RecordNumber":725822,"SourceModuleType":"im_msvistalog","Keywords":-9223372036854775808,"TargetImage":"C:\\windows\\system32\\svchost.exe","RuleName":"-"}
{"tags":["mordorDataset"],"TargetProcessGUID":"{297bc33e-5c2f-5f2b-1200-000000000400}","@version":"1","EventType":"INFO","Version":3,"ThreadID":4364,"EventTime":"2020-08-07 10:33:44","Task":10,"AccountType":"User","SourceProcessGUID":"{297bc33e-5c31-5f2b-2b00-000000000400}","CallTrace":"C:\\windows\\SYSTEM32\\ntdll.dll+9c534|C:\\windows\\System32\\KERNELBASE.dll+2726e|c:\\windows\\system32\\sysmain.dll+7a8cb|c:\\windows\\system32\\sysmain.dll+52730|c:\\windows\\system32\\sysmain.dll+1c468|c:\\windows\\system32\\sysmain.dll+1bf95|c:\\windows\\system32\\sysmain.dll+74b0d|c:\\windows\\system32\\sysmain.dll+73b32|c:\\windows\\system32\\sysmain.dll+601a3|C:\\windows\\system32\\svchost.exe+314c|C:\\windows\\System32\\sechost.dll+2de2|C:\\windows\\System32\\KERNEL32.DLL+17bd4|C:\\windows\\SYSTEM32\\ntdll.dll+6ce51","Channel":"Microsoft-Windows-Sysmon/Operational","SourceName":"Microsoft-Windows-Sysmon","OpcodeValue":0,"Hostname":"WORKSTATION5.theshire.local","@timestamp":"2020-08-07T14:33:45.281Z","Message":"Process accessed:\r\nRuleName: -\r\nUtcTime: 2020-08-07 14:33:44.832\r\nSourceProcessGUID: {297bc33e-5c31-5f2b-2b00-000000000400}\r\nSourceProcessId: 1784\r\nSourceThreadId: 1876\r\nSourceImage: C:\\windows\\system32\\svchost.exe\r\nTargetProcessGUID: {297bc33e-5c2f-5f2b-1200-000000000400}\r\nTargetProcessId: 452\r\nTargetImage: C:\\windows\\system32\\svchost.exe\r\nGrantedAccess: 0x2000\r\nCallTrace: C:\\windows\\SYSTEM32\\ntdll.dll+9c534|C:\\windows\\System32\\KERNELBASE.dll+2726e|c:\\windows\\system32\\sysmain.dll+7a8cb|c:\\windows\\system32\\sysmain.dll+52730|c:\\windows\\system32\\sysmain.dll+1c468|c:\\windows\\system32\\sysmain.dll+1bf95|c:\\windows\\system32\\sysmain.dll+74b0d|c:\\windows\\system32\\sysmain.dll+73b32|c:\\windows\\system32\\sysmain.dll+601a3|C:\\windows\\system32\\svchost.exe+314c|C:\\windows\\System32\\sechost.dll+2de2|C:\\windows\\System32\\KERNEL32.DLL+17bd4|C:\\windows\\SYSTEM32\\ntdll.dll+6ce51","SourceModuleName":"eventlog","ProcessId":"1784","SourceImage":"C:\\windows\\system32\\svchost.exe","EventReceivedTime":"2020-08-07 10:33:45","port":60122,"AccountName":"SYSTEM","UtcTime":"2020-08-07 14:33:44.832","GrantedAccess":"0x2000","Domain":"NT AUTHORITY","ExecutionProcessID":3284,"host":"wec.internal.cloudapp.net","SourceProcessId":"1784","SourceThreadId":"1876","Severity":"INFO","TargetProcessId":"452","SeverityValue":2,"EventID":10,"UserID":"S-1-5-18","ProviderGuid":"{5770385F-C22A-43E0-BF4C-06F5698FFBD9}","RecordNumber":725823,"SourceModuleType":"im_msvistalog","Keywords":-9223372036854775808,"TargetImage":"C:\\windows\\system32\\svchost.exe","RuleName":"-"}
{"tags":["mordorDataset"],"TargetProcessGUID":"{297bc33e-5c30-5f2b-1300-000000000400}","@version":"1","EventType":"INFO","Version":3,"ThreadID":4364,"EventTime":"2020-08-07 10:33:44","Task":10,"AccountType":"User","SourceProcessGUID":"{297bc33e-5c31-5f2b-2b00-000000000400}","CallTrace":"C:\\windows\\SYSTEM32\\ntdll.dll+9c534|C:\\windows\\System32\\KERNELBASE.dll+2726e|c:\\windows\\system32\\sysmain.dll+7a8cb|c:\\windows\\system32\\sysmain.dll+52730|c:\\windows\\system32\\sysmain.dll+1c468|c:\\windows\\system32\\sysmain.dll+1bf95|c:\\windows\\system32\\sysmain.dll+74b0d|c:\\windows\\system32\\sysmain.dll+73b32|c:\\windows\\system32\\sysmain.dll+601a3|C:\\windows\\system32\\svchost.exe+314c|C:\\windows\\System32\\sechost.dll+2de2|C:\\windows\\System32\\KERNEL32.DLL+17bd4|C:\\windows\\SYSTEM32\\ntdll.dll+6ce51","Channel":"Microsoft-Windows-Sysmon/Operational","SourceName":"Microsoft-Windows-Sysmon","OpcodeValue":0,"Hostname":"WORKSTATION5.theshire.local","@timestamp":"2020-08-07T14:33:45.282Z","Message":"Process accessed:\r\nRuleName: -\r\nUtcTime: 2020-08-07 14:33:44.832\r\nSourceProcessGUID: {297bc33e-5c31-5f2b-2b00-000000000400}\r\nSourceProcessId: 1784\r\nSourceThreadId: 1876\r\nSourceImage: C:\\windows\\system32\\svchost.exe\r\nTargetProcessGUID: {297bc33e-5c30-5f2b-1300-000000000400}\r\nTargetProcessId: 464\r\nTargetImage: C:\\windows\\system32\\LogonUI.exe\r\nGrantedAccess: 0x2000\r\nCallTrace: C:\\windows\\SYSTEM32\\ntdll.dll+9c534|C:\\windows\\System32\\KERNELBASE.dll+2726e|c:\\windows\\system32\\sysmain.dll+7a8cb|c:\\windows\\system32\\sysmain.dll+52730|c:\\windows\\system32\\sysmain.dll+1c468|c:\\windows\\system32\\sysmain.dll+1bf95|c:\\windows\\system32\\sysmain.dll+74b0d|c:\\windows\\system32\\sysmain.dll+73b32|c:\\windows\\system32\\sysmain.dll+601a3|C:\\windows\\system32\\svchost.exe+314c|C:\\windows\\System32\\sechost.dll+2de2|C:\\windows\\System32\\KERNEL32.DLL+17bd4|C:\\windows\\SYSTEM32\\ntdll.dll+6ce51","SourceModuleName":"eventlog","ProcessId":"1784","SourceImage":"C:\\windows\\system32\\svchost.exe","EventReceivedTime":"2020-08-07 10:33:45","port":60122,"AccountName":"SYSTEM","UtcTime":"2020-08-07 14:33:44.832","GrantedAccess":"0x2000","Domain":"NT AUTHORITY","ExecutionProcessID":3284,"host":"wec.internal.cloudapp.net","SourceProcessId":"1784","SourceThreadId":"1876","Severity":"INFO","TargetProcessId":"464","SeverityValue":2,"EventID":10,"UserID":"S-1-5-18","ProviderGuid":"{5770385F-C22A-43E0-BF4C-06F5698FFBD9}","RecordNumber":725824,"SourceModuleType":"im_msvistalog","Keywords":-9223372036854775808,"TargetImage":"C:\\windows\\system32\\LogonUI.exe","RuleName":"-"}
{"tags":["mordorDataset"],"TargetProcessGUID":"{297bc33e-5c30-5f2b-1400-000000000400}","@version":"1","EventType":"INFO","Version":3,"ThreadID":4364,"EventTime":"2020-08-07 10:33:44","Task":10,"AccountType":"User","SourceProcessGUID":"{297bc33e-5c31-5f2b-2b00-000000000400}","CallTrace":"C:\\windows\\SYSTEM32\\ntdll.dll+9c534|C:\\windows\\System32\\KERNELBASE.dll+2726e|c:\\windows\\system32\\sysmain.dll+7a8cb|c:\\windows\\system32\\sysmain.dll+52730|c:\\windows\\system32\\sysmain.dll+1c468|c:\\windows\\system32\\sysmain.dll+1bf95|c:\\windows\\system32\\sysmain.dll+74b0d|c:\\windows\\system32\\sysmain.dll+73b32|c:\\windows\\system32\\sysmain.dll+601a3|C:\\windows\\system32\\svchost.exe+314c|C:\\windows\\System32\\sechost.dll+2de2|C:\\windows\\System32\\KERNEL32.DLL+17bd4|C:\\windows\\SYSTEM32\\ntdll.dll+6ce51","Channel":"Microsoft-Windows-Sysmon/Operational","SourceName":"Microsoft-Windows-Sysmon","OpcodeValue":0,"Hostname":"WORKSTATION5.theshire.local","@timestamp":"2020-08-07T14:33:45.282Z","Message":"Process accessed:\r\nRuleName: -\r\nUtcTime: 2020-08-07 14:33:44.832\r\nSourceProcessGUID: {297bc33e-5c31-5f2b-2b00-000000000400}\r\nSourceProcessId: 1784\r\nSourceThreadId: 1876\r\nSourceImage: C:\\windows\\system32\\svchost.exe\r\nTargetProcessGUID: {297bc33e-5c30-5f2b-1400-000000000400}\r\nTargetProcessId: 704\r\nTargetImage: C:\\windows\\system32\\dwm.exe\r\nGrantedAccess: 0x2000\r\nCallTrace: C:\\windows\\SYSTEM32\\ntdll.dll+9c534|C:\\windows\\System32\\KERNELBASE.dll+2726e|c:\\windows\\system32\\sysmain.dll+7a8cb|c:\\windows\\system32\\sysmain.dll+52730|c:\\windows\\system32\\sysmain.dll+1c468|c:\\windows\\system32\\sysmain.dll+1bf95|c:\\windows\\system32\\sysmain.dll+74b0d|c:\\windows\\system32\\sysmain.dll+73b32|c:\\windows\\system32\\sysmain.dll+601a3|C:\\windows\\system32\\svchost.exe+314c|C:\\windows\\System32\\sechost.dll+2de2|C:\\windows\\System32\\KERNEL32.DLL+17bd4|C:\\windows\\SYSTEM32\\ntdll.dll+6ce51","SourceModuleName":"eventlog","ProcessId":"1784","SourceImage":"C:\\windows\\system32\\svchost.exe","EventReceivedTime":"2020-08-07 10:33:45","port":60122,"AccountName":"SYSTEM","UtcTime":"2020-08-07 14:33:44.832","GrantedAccess":"0x2000","Domain":"NT AUTHORITY","ExecutionProcessID":3284,"host":"wec.internal.cloudapp.net","SourceProcessId":"1784","SourceThreadId":"1876","Severity":"INFO","TargetProcessId":"704","SeverityValue":2,"EventID":10,"UserID":"S-1-5-18","ProviderGuid":"{5770385F-C22A-43E0-BF4C-06F5698FFBD9}","RecordNumber":725825,"SourceModuleType":"im_msvistalog","Keywords":-9223372036854775808,"TargetImage":"C:\\windows\\system32\\dwm.exe","RuleName":"-"}
{"tags":["mordorDataset"],"TargetProcessGUID":"{297bc33e-5c30-5f2b-1600-000000000400}","@version":"1","EventType":"INFO","Version":3,"ThreadID":4364,"EventTime":"2020-08-07 10:33:44","Task":10,"AccountType":"User","SourceProcessGUID":"{297bc33e-5c31-5f2b-2b00-000000000400}","CallTrace":"C:\\windows\\SYSTEM32\\ntdll.dll+9c534|C:\\windows\\System32\\KERNELBASE.dll+2726e|c:\\windows\\system32\\sysmain.dll+7a8cb|c:\\windows\\system32\\sysmain.dll+52730|c:\\windows\\system32\\sysmain.dll+1c468|c:\\windows\\system32\\sysmain.dll+1bf95|c:\\windows\\system32\\sysmain.dll+74b0d|c:\\windows\\system32\\sysmain.dll+73b32|c:\\windows\\system32\\sysmain.dll+601a3|C:\\windows\\system32\\svchost.exe+314c|C:\\windows\\System32\\sechost.dll+2de2|C:\\windows\\System32\\KERNEL32.DLL+17bd4|C:\\windows\\SYSTEM32\\ntdll.dll+6ce51","Channel":"Microsoft-Windows-Sysmon/Operational","SourceName":"Microsoft-Windows-Sysmon","OpcodeValue":0,"Hostname":"WORKSTATION5.theshire.local","@timestamp":"2020-08-07T14:33:45.282Z","Message":"Process accessed:\r\nRuleName: -\r\nUtcTime: 2020-08-07 14:33:44.832\r\nSourceProcessGUID: {297bc33e-5c31-5f2b-2b00-000000000400}\r\nSourceProcessId: 1784\r\nSourceThreadId: 1876\r\nSourceImage: C:\\windows\\system32\\svchost.exe\r\nTargetProcessGUID: {297bc33e-5c30-5f2b-1600-000000000400}\r\nTargetProcessId: 1032\r\nTargetImage: C:\\windows\\System32\\svchost.exe\r\nGrantedAccess: 0x2000\r\nCallTrace: C:\\windows\\SYSTEM32\\ntdll.dll+9c534|C:\\windows\\System32\\KERNELBASE.dll+2726e|c:\\windows\\system32\\sysmain.dll+7a8cb|c:\\windows\\system32\\sysmain.dll+52730|c:\\windows\\system32\\sysmain.dll+1c468|c:\\windows\\system32\\sysmain.dll+1bf95|c:\\windows\\system32\\sysmain.dll+74b0d|c:\\windows\\system32\\sysmain.dll+73b32|c:\\windows\\system32\\sysmain.dll+601a3|C:\\windows\\system32\\svchost.exe+314c|C:\\windows\\System32\\sechost.dll+2de2|C:\\windows\\System32\\KERNEL32.DLL+17bd4|C:\\windows\\SYSTEM32\\ntdll.dll+6ce51","SourceModuleName":"eventlog","ProcessId":"1784","SourceImage":"C:\\windows\\system32\\svchost.exe","EventReceivedTime":"2020-08-07 10:33:45","port":60122,"AccountName":"SYSTEM","UtcTime":"2020-08-07 14:33:44.832","GrantedAccess":"0x2000","Domain":"NT AUTHORITY","ExecutionProcessID":3284,"host":"wec.internal.cloudapp.net","SourceProcessId":"1784","SourceThreadId":"1876","Severity":"INFO","TargetProcessId":"1032","SeverityValue":2,"EventID":10,"UserID":"S-1-5-18","ProviderGuid":"{5770385F-C22A-43E0-BF4C-06F5698FFBD9}","RecordNumber":725826,"SourceModuleType":"im_msvistalog","Keywords":-9223372036854775808,"TargetImage":"C:\\windows\\System32\\svchost.exe","RuleName":"-"}
{"tags":["mordorDataset"],"TargetProcessGUID":"{297bc33e-5c30-5f2b-1700-000000000400}","@version":"1","EventType":"INFO","Version":3,"ThreadID":4364,"EventTime":"2020-08-07 10:33:44","Task":10,"AccountType":"User","SourceProcessGUID":"{297bc33e-5c31-5f2b-2b00-000000000400}","CallTrace":"C:\\windows\\SYSTEM32\\ntdll.dll+9c534|C:\\windows\\System32\\KERNELBASE.dll+2726e|c:\\windows\\system32\\sysmain.dll+7a8cb|c:\\windows\\system32\\sysmain.dll+52730|c:\\windows\\system32\\sysmain.dll+1c468|c:\\windows\\system32\\sysmain.dll+1bf95|c:\\windows\\system32\\sysmain.dll+74b0d|c:\\windows\\system32\\sysmain.dll+73b32|c:\\windows\\system32\\sysmain.dll+601a3|C:\\windows\\system32\\svchost.exe+314c|C:\\windows\\System32\\sechost.dll+2de2|C:\\windows\\System32\\KERNEL32.DLL+17bd4|C:\\windows\\SYSTEM32\\ntdll.dll+6ce51","Channel":"Microsoft-Windows-Sysmon/Operational","SourceName":"Microsoft-Windows-Sysmon","OpcodeValue":0,"Hostname":"WORKSTATION5.theshire.local","@timestamp":"2020-08-07T14:33:45.282Z","Message":"Process accessed:\r\nRuleName: -\r\nUtcTime: 2020-08-07 14:33:44.848\r\nSourceProcessGUID: {297bc33e-5c31-5f2b-2b00-000000000400}\r\nSourceProcessId: 1784\r\nSourceThreadId: 1876\r\nSourceImage: C:\\windows\\system32\\svchost.exe\r\nTargetProcessGUID: {297bc33e-5c30-5f2b-1700-000000000400}\r\nTargetProcessId: 1084\r\nTargetImage: C:\\windows\\System32\\svchost.exe\r\nGrantedAccess: 0x2000\r\nCallTrace: C:\\windows\\SYSTEM32\\ntdll.dll+9c534|C:\\windows\\System32\\KERNELBASE.dll+2726e|c:\\windows\\system32\\sysmain.dll+7a8cb|c:\\windows\\system32\\sysmain.dll+52730|c:\\windows\\system32\\sysmain.dll+1c468|c:\\windows\\system32\\sysmain.dll+1bf95|c:\\windows\\system32\\sysmain.dll+74b0d|c:\\windows\\system32\\sysmain.dll+73b32|c:\\windows\\system32\\sysmain.dll+601a3|C:\\windows\\system32\\svchost.exe+314c|C:\\windows\\System32\\sechost.dll+2de2|C:\\windows\\System32\\KERNEL32.DLL+17bd4|C:\\windows\\SYSTEM32\\ntdll.dll+6ce51","SourceModuleName":"eventlog","ProcessId":"1784","SourceImage":"C:\\windows\\system32\\svchost.exe","EventReceivedTime":"2020-08-07 10:33:45","port":60122,"AccountName":"SYSTEM","UtcTime":"2020-08-07 14:33:44.848","GrantedAccess":"0x2000","Domain":"NT AUTHORITY","ExecutionProcessID":3284,"host":"wec.internal.cloudapp.net","SourceProcessId":"1784","SourceThreadId":"1876","Severity":"INFO","TargetProcessId":"1084","SeverityValue":2,"EventID":10,"UserID":"S-1-5-18","ProviderGuid":"{5770385F-C22A-43E0-BF4C-06F5698FFBD9}","RecordNumber":725827,"SourceModuleType":"im_msvistalog","Keywords":-9223372036854775808,"TargetImage":"C:\\windows\\System32\\svchost.exe","RuleName":"-"}
{"tags":["mordorDataset"],"TargetProcessGUID":"{297bc33e-5c30-5f2b-1800-000000000400}","@version":"1","EventType":"INFO","Version":3,"ThreadID":4364,"EventTime":"2020-08-07 10:33:44","Task":10,"AccountType":"User","SourceProcessGUID":"{297bc33e-5c31-5f2b-2b00-000000000400}","CallTrace":"C:\\windows\\SYSTEM32\\ntdll.dll+9c534|C:\\windows\\System32\\KERNELBASE.dll+2726e|c:\\windows\\system32\\sysmain.dll+7a8cb|c:\\windows\\system32\\sysmain.dll+52730|c:\\windows\\system32\\sysmain.dll+1c468|c:\\windows\\system32\\sysmain.dll+1bf95|c:\\windows\\system32\\sysmain.dll+74b0d|c:\\windows\\system32\\sysmain.dll+73b32|c:\\windows\\system32\\sysmain.dll+601a3|C:\\windows\\system32\\svchost.exe+314c|C:\\windows\\System32\\sechost.dll+2de2|C:\\windows\\System32\\KERNEL32.DLL+17bd4|C:\\windows\\SYSTEM32\\ntdll.dll+6ce51","Channel":"Microsoft-Windows-Sysmon/Operational","SourceName":"Microsoft-Windows-Sysmon","OpcodeValue":0,"Hostname":"WORKSTATION5.theshire.local","@timestamp":"2020-08-07T14:33:45.282Z","Message":"Process accessed:\r\nRuleName: -\r\nUtcTime: 2020-08-07 14:33:44.848\r\nSourceProcessGUID: {297bc33e-5c31-5f2b-2b00-000000000400}\r\nSourceProcessId: 1784\r\nSourceThreadId: 1876\r\nSourceImage: C:\\windows\\system32\\svchost.exe\r\nTargetProcessGUID: {297bc33e-5c30-5f2b-1800-000000000400}\r\nTargetProcessId: 1168\r\nTargetImage: C:\\windows\\system32\\svchost.exe\r\nGrantedAccess: 0x2000\r\nCallTrace: C:\\windows\\SYSTEM32\\ntdll.dll+9c534|C:\\windows\\System32\\KERNELBASE.dll+2726e|c:\\windows\\system32\\sysmain.dll+7a8cb|c:\\windows\\system32\\sysmain.dll+52730|c:\\windows\\system32\\sysmain.dll+1c468|c:\\windows\\system32\\sysmain.dll+1bf95|c:\\windows\\system32\\sysmain.dll+74b0d|c:\\windows\\system32\\sysmain.dll+73b32|c:\\windows\\system32\\sysmain.dll+601a3|C:\\windows\\system32\\svchost.exe+314c|C:\\windows\\System32\\sechost.dll+2de2|C:\\windows\\System32\\KERNEL32.DLL+17bd4|C:\\windows\\SYSTEM32\\ntdll.dll+6ce51","SourceModuleName":"eventlog","ProcessId":"1784","SourceImage":"C:\\windows\\system32\\svchost.exe","EventReceivedTime":"2020-08-07 10:33:45","port":60122,"AccountName":"SYSTEM","UtcTime":"2020-08-07 14:33:44.848","GrantedAccess":"0x2000","Domain":"NT AUTHORITY","ExecutionProcessID":3284,"host":"wec.internal.cloudapp.net","SourceProcessId":"1784","SourceThreadId":"1876","Severity":"INFO","TargetProcessId":"1168","SeverityValue":2,"EventID":10,"UserID":"S-1-5-18","ProviderGuid":"{5770385F-C22A-43E0-BF4C-06F5698FFBD9}","RecordNumber":725828,"SourceModuleType":"im_msvistalog","Keywords":-9223372036854775808,"TargetImage":"C:\\windows\\system32\\svchost.exe","RuleName":"-"}
{"tags":["mordorDataset"],"TargetProcessGUID":"{297bc33e-5c30-5f2b-1900-000000000400}","@version":"1","EventType":"INFO","Version":3,"ThreadID":4364,"EventTime":"2020-08-07 10:33:44","Task":10,"AccountType":"User","SourceProcessGUID":"{297bc33e-5c31-5f2b-2b00-000000000400}","CallTrace":"C:\\windows\\SYSTEM32\\ntdll.dll+9c534|C:\\windows\\System32\\KERNELBASE.dll+2726e|c:\\windows\\system32\\sysmain.dll+7a8cb|c:\\windows\\system32\\sysmain.dll+52730|c:\\windows\\system32\\sysmain.dll+1c468|c:\\windows\\system32\\sysmain.dll+1bf95|c:\\windows\\system32\\sysmain.dll+74b0d|c:\\windows\\system32\\sysmain.dll+73b32|c:\\windows\\system32\\sysmain.dll+601a3|C:\\windows\\system32\\svchost.exe+314c|C:\\windows\\System32\\sechost.dll+2de2|C:\\windows\\System32\\KERNEL32.DLL+17bd4|C:\\windows\\SYSTEM32\\ntdll.dll+6ce51","Channel":"Microsoft-Windows-Sysmon/Operational","SourceName":"Microsoft-Windows-Sysmon","OpcodeValue":0,"Hostname":"WORKSTATION5.theshire.local","@timestamp":"2020-08-07T14:33:45.283Z","Message":"Process accessed:\r\nRuleName: -\r\nUtcTime: 2020-08-07 14:33:44.848\r\nSourceProcessGUID: {297bc33e-5c31-5f2b-2b00-000000000400}\r\nSourceProcessId: 1784\r\nSourceThreadId: 1876\r\nSourceImage: C:\\windows\\system32\\svchost.exe\r\nTargetProcessGUID: {297bc33e-5c30-5f2b-1900-000000000400}\r\nTargetProcessId: 1192\r\nTargetImage: C:\\windows\\system32\\svchost.exe\r\nGrantedAccess: 0x2000\r\nCallTrace: C:\\windows\\SYSTEM32\\ntdll.dll+9c534|C:\\windows\\System32\\KERNELBASE.dll+2726e|c:\\windows\\system32\\sysmain.dll+7a8cb|c:\\windows\\system32\\sysmain.dll+52730|c:\\windows\\system32\\sysmain.dll+1c468|c:\\windows\\system32\\sysmain.dll+1bf95|c:\\windows\\system32\\sysmain.dll+74b0d|c:\\windows\\system32\\sysmain.dll+73b32|c:\\windows\\system32\\sysmain.dll+601a3|C:\\windows\\system32\\svchost.exe+314c|C:\\windows\\System32\\sechost.dll+2de2|C:\\windows\\System32\\KERNEL32.DLL+17bd4|C:\\windows\\SYSTEM32\\ntdll.dll+6ce51","SourceModuleName":"eventlog","ProcessId":"1784","SourceImage":"C:\\windows\\system32\\svchost.exe","EventReceivedTime":"2020-08-07 10:33:45","port":60122,"AccountName":"SYSTEM","UtcTime":"2020-08-07 14:33:44.848","GrantedAccess":"0x2000","Domain":"NT AUTHORITY","ExecutionProcessID":3284,"host":"wec.internal.cloudapp.net","SourceProcessId":"1784","SourceThreadId":"1876","Severity":"INFO","TargetProcessId":"1192","SeverityValue":2,"EventID":10,"UserID":"S-1-5-18","ProviderGuid":"{5770385F-C22A-43E0-BF4C-06F5698FFBD9}","RecordNumber":725829,"SourceModuleType":"im_msvistalog","Keywords":-9223372036854775808,"TargetImage":"C:\\windows\\system32\\svchost.exe","RuleName":"-"}
{"tags":["mordorDataset"],"TargetProcessGUID":"{297bc33e-5c30-5f2b-1a00-000000000400}","@version":"1","EventType":"INFO","Version":3,"ThreadID":4364,"EventTime":"2020-08-07 10:33:44","Task":10,"AccountType":"User","SourceProcessGUID":"{297bc33e-5c31-5f2b-2b00-000000000400}","CallTrace":"C:\\windows\\SYSTEM32\\ntdll.dll+9c534|C:\\windows\\System32\\KERNELBASE.dll+2726e|c:\\windows\\system32\\sysmain.dll+7a8cb|c:\\windows\\system32\\sysmain.dll+52730|c:\\windows\\system32\\sysmain.dll+1c468|c:\\windows\\system32\\sysmain.dll+1bf95|c:\\windows\\system32\\sysmain.dll+74b0d|c:\\windows\\system32\\sysmain.dll+73b32|c:\\windows\\system32\\sysmain.dll+601a3|C:\\windows\\system32\\svchost.exe+314c|C:\\windows\\System32\\sechost.dll+2de2|C:\\windows\\System32\\KERNEL32.DLL+17bd4|C:\\windows\\SYSTEM32\\ntdll.dll+6ce51","Channel":"Microsoft-Windows-Sysmon/Operational","SourceName":"Microsoft-Windows-Sysmon","OpcodeValue":0,"Hostname":"WORKSTATION5.theshire.local","@timestamp":"2020-08-07T14:33:45.284Z","Message":"Process accessed:\r\nRuleName: -\r\nUtcTime: 2020-08-07 14:33:44.848\r\nSourceProcessGUID: {297bc33e-5c31-5f2b-2b00-000000000400}\r\nSourceProcessId: 1784\r\nSourceThreadId: 1876\r\nSourceImage: C:\\windows\\system32\\svchost.exe\r\nTargetProcessGUID: {297bc33e-5c30-5f2b-1a00-000000000400}\r\nTargetProcessId: 1204\r\nTargetImage: C:\\windows\\system32\\svchost.exe\r\nGrantedAccess: 0x2000\r\nCallTrace: C:\\windows\\SYSTEM32\\ntdll.dll+9c534|C:\\windows\\System32\\KERNELBASE.dll+2726e|c:\\windows\\system32\\sysmain.dll+7a8cb|c:\\windows\\system32\\sysmain.dll+52730|c:\\windows\\system32\\sysmain.dll+1c468|c:\\windows\\system32\\sysmain.dll+1bf95|c:\\windows\\system32\\sysmain.dll+74b0d|c:\\windows\\system32\\sysmain.dll+73b32|c:\\windows\\system32\\sysmain.dll+601a3|C:\\windows\\system32\\svchost.exe+314c|C:\\windows\\System32\\sechost.dll+2de2|C:\\windows\\System32\\KERNEL32.DLL+17bd4|C:\\windows\\SYSTEM32\\ntdll.dll+6ce51","SourceModuleName":"eventlog","ProcessId":"1784","SourceImage":"C:\\windows\\system32\\svchost.exe","EventReceivedTime":"2020-08-07 10:33:45","port":60122,"AccountName":"SYSTEM","UtcTime":"2020-08-07 14:33:44.848","GrantedAccess":"0x2000","Domain":"NT AUTHORITY","ExecutionProcessID":3284,"host":"wec.internal.cloudapp.net","SourceProcessId":"1784","SourceThreadId":"1876","Severity":"INFO","TargetProcessId":"1204","SeverityValue":2,"EventID":10,"UserID":"S-1-5-18","ProviderGuid":"{5770385F-C22A-43E0-BF4C-06F5698FFBD9}","RecordNumber":725830,"SourceModuleType":"im_msvistalog","Keywords":-9223372036854775808,"TargetImage":"C:\\windows\\system32\\svchost.exe","RuleName":"-"}
{"tags":["mordorDataset"],"TargetProcessGUID":"{297bc33e-5c30-5f2b-1b00-000000000400}","@version":"1","EventType":"INFO","Version":3,"ThreadID":4364,"EventTime":"2020-08-07 10:33:44","Task":10,"AccountType":"User","SourceProcessGUID":"{297bc33e-5c31-5f2b-2b00-000000000400}","CallTrace":"C:\\windows\\SYSTEM32\\ntdll.dll+9c534|C:\\windows\\System32\\KERNELBASE.dll+2726e|c:\\windows\\system32\\sysmain.dll+7a8cb|c:\\windows\\system32\\sysmain.dll+52730|c:\\windows\\system32\\sysmain.dll+1c468|c:\\windows\\system32\\sysmain.dll+1bf95|c:\\windows\\system32\\sysmain.dll+74b0d|c:\\windows\\system32\\sysmain.dll+73b32|c:\\windows\\system32\\sysmain.dll+601a3|C:\\windows\\system32\\svchost.exe+314c|C:\\windows\\System32\\sechost.dll+2de2|C:\\windows\\System32\\KERNEL32.DLL+17bd4|C:\\windows\\SYSTEM32\\ntdll.dll+6ce51","Channel":"Microsoft-Windows-Sysmon/Operational","SourceName":"Microsoft-Windows-Sysmon","OpcodeValue":0,"Hostname":"WORKSTATION5.theshire.local","@timestamp":"2020-08-07T14:33:45.284Z","Message":"Process accessed:\r\nRuleName: -\r\nUtcTime: 2020-08-07 14:33:44.848\r\nSourceProcessGUID: {297bc33e-5c31-5f2b-2b00-000000000400}\r\nSourceProcessId: 1784\r\nSourceThreadId: 1876\r\nSourceImage: C:\\windows\\system32\\svchost.exe\r\nTargetProcessGUID: {297bc33e-5c30-5f2b-1b00-000000000400}\r\nTargetProcessId: 1212\r\nTargetImage: C:\\windows\\system32\\svchost.exe\r\nGrantedAccess: 0x2000\r\nCallTrace: C:\\windows\\SYSTEM32\\ntdll.dll+9c534|C:\\windows\\System32\\KERNELBASE.dll+2726e|c:\\windows\\system32\\sysmain.dll+7a8cb|c:\\windows\\system32\\sysmain.dll+52730|c:\\windows\\system32\\sysmain.dll+1c468|c:\\windows\\system32\\sysmain.dll+1bf95|c:\\windows\\system32\\sysmain.dll+74b0d|c:\\windows\\system32\\sysmain.dll+73b32|c:\\windows\\system32\\sysmain.dll+601a3|C:\\windows\\system32\\svchost.exe+314c|C:\\windows\\System32\\sechost.dll+2de2|C:\\windows\\System32\\KERNEL32.DLL+17bd4|C:\\windows\\SYSTEM32\\ntdll.dll+6ce51","SourceModuleName":"eventlog","ProcessId":"1784","SourceImage":"C:\\windows\\system32\\svchost.exe","EventReceivedTime":"2020-08-07 10:33:45","port":60122,"AccountName":"SYSTEM","UtcTime":"2020-08-07 14:33:44.848","GrantedAccess":"0x2000","Domain":"NT AUTHORITY","ExecutionProcessID":3284,"host":"wec.internal.cloudapp.net","SourceProcessId":"1784","SourceThreadId":"1876","Severity":"INFO","TargetProcessId":"1212","SeverityValue":2,"EventID":10,"UserID":"S-1-5-18","ProviderGuid":"{5770385F-C22A-43E0-BF4C-06F5698FFBD9}","RecordNumber":725831,"SourceModuleType":"im_msvistalog","Keywords":-9223372036854775808,"TargetImage":"C:\\windows\\system32\\svchost.exe","RuleName":"-"}
