{"tags":["mordorDataset"],"TargetProcessGUID":"{9f85ce58-59de-5f2b-2900-000000000400}","@version":"1","EventType":"INFO","Version":3,"ThreadID":4208,"EventTime":"2020-08-07 10:32:46","Task":10,"AccountType":"User","SourceProcessGUID":"{9f85ce58-59dc-5f2b-1000-000000000400}","CallTrace":"C:\\windows\\SYSTEM32\\ntdll.dll+9fc24|C:\\windows\\System32\\KERNELBASE.dll+6c175|c:\\windows\\system32\\lsm.dll+ebf0|C:\\windows\\System32\\RPCRT4.dll+77803|C:\\windows\\System32\\RPCRT4.dll+db4a6|C:\\windows\\System32\\RPCRT4.dll+10d20|C:\\windows\\System32\\RPCRT4.dll+54a18|C:\\windows\\System32\\RPCRT4.dll+30490|C:\\windows\\System32\\RPCRT4.dll+2fe3b|C:\\windows\\System32\\RPCRT4.dll+221ff|C:\\windows\\System32\\RPCRT4.dll+2165a|C:\\windows\\System32\\RPCRT4.dll+20c21|C:\\windows\\System32\\RPCRT4.dll+20692|C:\\windows\\System32\\RPCRT4.dll+17465|C:\\windows\\SYSTEM32\\ntdll.dll+4f4d0|C:\\windows\\SYSTEM32\\ntdll.dll+50358|C:\\windows\\System32\\KERNEL32.DLL+17974|C:\\windows\\SYSTEM32\\ntdll.dll+6a271","Channel":"Microsoft-Windows-Sysmon/Operational","SourceName":"Microsoft-Windows-Sysmon","OpcodeValue":0,"Hostname":"MORDORDC.theshire.local","@timestamp":"2020-08-07T14:32:47.560Z","Message":"Process accessed:\r\nRuleName: -\r\nUtcTime: 2020-08-07 14:32:46.436\r\nSourceProcessGUID: {9f85ce58-59dc-5f2b-1000-000000000400}\r\nSourceProcessId: 340\r\nSourceThreadId: 992\r\nSourceImage: C:\\windows\\system32\\svchost.exe\r\nTargetProcessGUID: {9f85ce58-59de-5f2b-2900-000000000400}\r\nTargetProcessId: 1824\r\nTargetImage: C:\\windows\\System32\\svchost.exe\r\nGrantedAccess: 0x1000\r\nCallTrace: C:\\windows\\SYSTEM32\\ntdll.dll+9fc24|C:\\windows\\System32\\KERNELBASE.dll+6c175|c:\\windows\\system32\\lsm.dll+ebf0|C:\\windows\\System32\\RPCRT4.dll+77803|C:\\windows\\System32\\RPCRT4.dll+db4a6|C:\\windows\\System32\\RPCRT4.dll+10d20|C:\\windows\\System32\\RPCRT4.dll+54a18|C:\\windows\\System32\\RPCRT4.dll+30490|C:\\windows\\System32\\RPCRT4.dll+2fe3b|C:\\windows\\System32\\RPCRT4.dll+221ff|C:\\windows\\System32\\RPCRT4.dll+2165a|C:\\windows\\System32\\RPCRT4.dll+20c21|C:\\windows\\System32\\RPCRT4.dll+20692|C:\\windows\\System32\\RPCRT4.dll+17465|C:\\windows\\SYSTEM32\\ntdll.dll+4f4d0|C:\\windows\\SYSTEM32\\ntdll.dll+50358|C:\\windows\\System32\\KERNEL32.DLL+17974|C:\\windows\\SYSTEM32\\ntdll.dll+6a271","SourceModuleName":"eventlog","ProcessId":"340","SourceImage":"C:\\windows\\system32\\svchost.exe","EventReceivedTime":"2020-08-07 10:32:47","port":60122,"AccountName":"SYSTEM","UtcTime":"2020-08-07 14:32:46.436","GrantedAccess":"0x1000","Domain":"NT AUTHORITY","ExecutionProcessID":3888,"host":"wec.internal.cloudapp.net","SourceProcessId":"340","SourceThreadId":"992","Severity":"INFO","TargetProcessId":"1824","SeverityValue":2,"EventID":10,"UserID":"S-1-5-18","ProviderGuid":"{5770385F-C22A-43E0-BF4C-06F5698FFBD9}","RecordNumber":757049,"SourceModuleType":"im_msvistalog","Keywords":-9223372036854775808,"TargetImage":"C:\\windows\\System32\\svchost.exe","RuleName":"-"}
{"tags":["mordorDataset"],"TargetProcessGUID":"{9f85ce58-59de-5f2b-2900-000000000400}","@version":"1","EventType":"INFO","Version":3,"ThreadID":4208,"EventTime":"2020-08-07 10:32:46","Task":10,"AccountType":"User","SourceProcessGUID":"{9f85ce58-59dc-5f2b-1000-000000000400}","CallTrace":"C:\\windows\\SYSTEM32\\ntdll.dll+9fc24|C:\\windows\\System32\\KERNELBASE.dll+6c175|c:\\windows\\system32\\lsm.dll+ea4e|C:\\windows\\System32\\RPCRT4.dll+77803|C:\\windows\\System32\\RPCRT4.dll+db4a6|C:\\windows\\System32\\RPCRT4.dll+10d20|C:\\windows\\System32\\RPCRT4.dll+54a18|C:\\windows\\System32\\RPCRT4.dll+30490|C:\\windows\\System32\\RPCRT4.dll+2fe3b|C:\\windows\\System32\\RPCRT4.dll+221ff|C:\\windows\\System32\\RPCRT4.dll+2165a|C:\\windows\\System32\\RPCRT4.dll+20c21|C:\\windows\\System32\\RPCRT4.dll+20692|C:\\windows\\System32\\RPCRT4.dll+17465|C:\\windows\\SYSTEM32\\ntdll.dll+4f4d0|C:\\windows\\SYSTEM32\\ntdll.dll+50358|C:\\windows\\System32\\KERNEL32.DLL+17974|C:\\windows\\SYSTEM32\\ntdll.dll+6a271","Channel":"Microsoft-Windows-Sysmon/Operational","SourceName":"Microsoft-Windows-Sysmon","OpcodeValue":0,"Hostname":"MORDORDC.theshire.local","@timestamp":"2020-08-07T14:32:47.560Z","Message":"Process accessed:\r\nRuleName: -\r\nUtcTime: 2020-08-07 14:32:46.436\r\nSourceProcessGUID: {9f85ce58-59dc-5f2b-1000-000000000400}\r\nSourceProcessId: 340\r\nSourceThreadId: 992\r\nSourceImage: C:\\windows\\system32\\svchost.exe\r\nTargetProcessGUID: {9f85ce58-59de-5f2b-2900-000000000400}\r\nTargetProcessId: 1824\r\nTargetImage: C:\\windows\\System32\\svchost.exe\r\nGrantedAccess: 0x1000\r\nCallTrace: C:\\windows\\SYSTEM32\\ntdll.dll+9fc24|C:\\windows\\System32\\KERNELBASE.dll+6c175|c:\\windows\\system32\\lsm.dll+ea4e|C:\\windows\\System32\\RPCRT4.dll+77803|C:\\windows\\System32\\RPCRT4.dll+db4a6|C:\\windows\\System32\\RPCRT4.dll+10d20|C:\\windows\\System32\\RPCRT4.dll+54a18|C:\\windows\\System32\\RPCRT4.dll+30490|C:\\windows\\System32\\RPCRT4.dll+2fe3b|C:\\windows\\System32\\RPCRT4.dll+221ff|C:\\windows\\System32\\RPCRT4.dll+2165a|C:\\windows\\System32\\RPCRT4.dll+20c21|C:\\windows\\System32\\RPCRT4.dll+20692|C:\\windows\\System32\\RPCRT4.dll+17465|C:\\windows\\SYSTEM32\\ntdll.dll+4f4d0|C:\\windows\\SYSTEM32\\ntdll.dll+50358|C:\\windows\\System32\\KERNEL32.DLL+17974|C:\\windows\\SYSTEM32\\ntdll.dll+6a271","SourceModuleName":"eventlog","ProcessId":"340","SourceImage":"C:\\windows\\system32\\svchost.exe","EventReceivedTime":"2020-08-07 10:32:47","port":60122,"AccountName":"SYSTEM","UtcTime":"2020-08-07 14:32:46.436","GrantedAccess":"0x1000","Domain":"NT AUTHORITY","ExecutionProcessID":3888,"host":"wec.internal.cloudapp.net","SourceProcessId":"340","SourceThreadId":"992","Severity":"INFO","TargetProcessId":"1824","SeverityValue":2,"EventID":10,"UserID":"S-1-5-18","ProviderGuid":"{5770385F-C22A-43E0-BF4C-06F5698FFBD9}","RecordNumber":757050,"SourceModuleType":"im_msvistalog","Keywords":-9223372036854775808,"TargetImage":"C:\\windows\\System32\\svchost.exe","RuleName":"-"}
{"tags":["mordorDataset"],"TargetProcessGUID":"{9f85ce58-59de-5f2b-2900-000000000400}","@version":"1","EventType":"INFO","Version":3,"ThreadID":4208,"EventTime":"2020-08-07 10:32:46","Task":10,"AccountType":"User","SourceProcessGUID":"{9f85ce58-59dc-5f2b-1000-000000000400}","CallTrace":"C:\\windows\\SYSTEM32\\ntdll.dll+9fc24|C:\\windows\\System32\\KERNELBASE.dll+6c175|c:\\windows\\system32\\lsm.dll+e575|C:\\windows\\System32\\RPCRT4.dll+77803|C:\\windows\\System32\\RPCRT4.dll+db4a6|C:\\windows\\System32\\RPCRT4.dll+10d20|C:\\windows\\System32\\RPCRT4.dll+54a18|C:\\windows\\System32\\RPCRT4.dll+30490|C:\\windows\\System32\\RPCRT4.dll+2fe3b|C:\\windows\\System32\\RPCRT4.dll+221ff|C:\\windows\\System32\\RPCRT4.dll+2165a|C:\\windows\\System32\\RPCRT4.dll+20c21|C:\\windows\\System32\\RPCRT4.dll+20692|C:\\windows\\System32\\RPCRT4.dll+17465|C:\\windows\\SYSTEM32\\ntdll.dll+4f4d0|C:\\windows\\SYSTEM32\\ntdll.dll+50358|C:\\windows\\System32\\KERNEL32.DLL+17974|C:\\windows\\SYSTEM32\\ntdll.dll+6a271","Channel":"Microsoft-Windows-Sysmon/Operational","SourceName":"Microsoft-Windows-Sysmon","OpcodeValue":0,"Hostname":"MORDORDC.theshire.local","@timestamp":"2020-08-07T14:32:47.564Z","Message":"Process accessed:\r\nRuleName: -\r\nUtcTime: 2020-08-07 14:32:46.436\r\nSourceProcessGUID: {9f85ce58-59dc-5f2b-1000-000000000400}\r\nSourceProcessId: 340\r\nSourceThreadId: 992\r\nSourceImage: C:\\windows\\system32\\svchost.exe\r\nTargetProcessGUID: {9f85ce58-59de-5f2b-2900-000000000400}\r\nTargetProcessId: 1824\r\nTargetImage: C:\\windows\\System32\\svchost.exe\r\nGrantedAccess: 0x1000\r\nCallTrace: C:\\windows\\SYSTEM32\\ntdll.dll+9fc24|C:\\windows\\System32\\KERNELBASE.dll+6c175|c:\\windows\\system32\\lsm.dll+e575|C:\\windows\\System32\\RPCRT4.dll+77803|C:\\windows\\System32\\RPCRT4.dll+db4a6|C:\\windows\\System32\\RPCRT4.dll+10d20|C:\\windows\\System32\\RPCRT4.dll+54a18|C:\\windows\\System32\\RPCRT4.dll+30490|C:\\windows\\System32\\RPCRT4.dll+2fe3b|C:\\windows\\System32\\RPCRT4.dll+221ff|C:\\windows\\System32\\RPCRT4.dll+2165a|C:\\windows\\System32\\RPCRT4.dll+20c21|C:\\windows\\System32\\RPCRT4.dll+20692|C:\\windows\\System32\\RPCRT4.dll+17465|C:\\windows\\SYSTEM32\\ntdll.dll+4f4d0|C:\\windows\\SYSTEM32\\ntdll.dll+50358|C:\\windows\\System32\\KERNEL32.DLL+17974|C:\\windows\\SYSTEM32\\ntdll.dll+6a271","SourceModuleName":"eventlog","ProcessId":"340","SourceImage":"C:\\windows\\system32\\svchost.exe","EventReceivedTime":"2020-08-07 10:32:47","port":60122,"AccountName":"SYSTEM","UtcTime":"2020-08-07 14:32:46.436","GrantedAccess":"0x1000","Domain":"NT AUTHORITY","ExecutionProcessID":3888,"host":"wec.internal.cloudapp.net","SourceProcessId":"340","SourceThreadId":"992","Severity":"INFO","TargetProcessId":"1824","SeverityValue":2,"EventID":10,"UserID":"S-1-5-18","ProviderGuid":"{5770385F-C22A-43E0-BF4C-06F5698FFBD9}","RecordNumber":757051,"SourceModuleType":"im_msvistalog","Keywords":-9223372036854775808,"TargetImage":"C:\\windows\\System32\\svchost.exe","RuleName":"-"}
{"tags":["mordorDataset"],"TargetProcessGUID":"{9f85ce58-59de-5f2b-2900-000000000400}","@version":"1","EventType":"INFO","Version":3,"ThreadID":4208,"EventTime":"2020-08-07 10:32:46","Task":10,"AccountType":"User","SourceProcessGUID":"{9f85ce58-59dc-5f2b-1000-000000000400}","CallTrace":"C:\\windows\\SYSTEM32\\ntdll.dll+9fc24|C:\\windows\\System32\\KERNELBASE.dll+6c175|c:\\windows\\system32\\lsm.dll+ebf0|C:\\windows\\System32\\RPCRT4.dll+77803|C:\\windows\\System32\\RPCRT4.dll+db4a6|C:\\windows\\System32\\RPCRT4.dll+10d20|C:\\windows\\System32\\RPCRT4.dll+54a18|C:\\windows\\System32\\RPCRT4.dll+30490|C:\\windows\\System32\\RPCRT4.dll+2fe3b|C:\\windows\\System32\\RPCRT4.dll+221ff|C:\\windows\\System32\\RPCRT4.dll+2165a|C:\\windows\\System32\\RPCRT4.dll+20c21|C:\\windows\\System32\\RPCRT4.dll+20692|C:\\windows\\System32\\RPCRT4.dll+17465|C:\\windows\\SYSTEM32\\ntdll.dll+4f4d0|C:\\windows\\SYSTEM32\\ntdll.dll+50358|C:\\windows\\System32\\KERNEL32.DLL+17974|C:\\windows\\SYSTEM32\\ntdll.dll+6a271","Channel":"Microsoft-Windows-Sysmon/Operational","SourceName":"Microsoft-Windows-Sysmon","OpcodeValue":0,"Hostname":"MORDORDC.theshire.local","@timestamp":"2020-08-07T14:32:47.565Z","Message":"Process accessed:\r\nRuleName: -\r\nUtcTime: 2020-08-07 14:32:46.436\r\nSourceProcessGUID: {9f85ce58-59dc-5f2b-1000-000000000400}\r\nSourceProcessId: 340\r\nSourceThreadId: 992\r\nSourceImage: C:\\windows\\system32\\svchost.exe\r\nTargetProcessGUID: {9f85ce58-59de-5f2b-2900-000000000400}\r\nTargetProcessId: 1824\r\nTargetImage: C:\\windows\\System32\\svchost.exe\r\nGrantedAccess: 0x1000\r\nCallTrace: C:\\windows\\SYSTEM32\\ntdll.dll+9fc24|C:\\windows\\System32\\KERNELBASE.dll+6c175|c:\\windows\\system32\\lsm.dll+ebf0|C:\\windows\\System32\\RPCRT4.dll+77803|C:\\windows\\System32\\RPCRT4.dll+db4a6|C:\\windows\\System32\\RPCRT4.dll+10d20|C:\\windows\\System32\\RPCRT4.dll+54a18|C:\\windows\\System32\\RPCRT4.dll+30490|C:\\windows\\System32\\RPCRT4.dll+2fe3b|C:\\windows\\System32\\RPCRT4.dll+221ff|C:\\windows\\System32\\RPCRT4.dll+2165a|C:\\windows\\System32\\RPCRT4.dll+20c21|C:\\windows\\System32\\RPCRT4.dll+20692|C:\\windows\\System32\\RPCRT4.dll+17465|C:\\windows\\SYSTEM32\\ntdll.dll+4f4d0|C:\\windows\\SYSTEM32\\ntdll.dll+50358|C:\\windows\\System32\\KERNEL32.DLL+17974|C:\\windows\\SYSTEM32\\ntdll.dll+6a271","SourceModuleName":"eventlog","ProcessId":"340","SourceImage":"C:\\windows\\system32\\svchost.exe","EventReceivedTime":"2020-08-07 10:32:47","port":60122,"AccountName":"SYSTEM","UtcTime":"2020-08-07 14:32:46.436","GrantedAccess":"0x1000","Domain":"NT AUTHORITY","ExecutionProcessID":3888,"host":"wec.internal.cloudapp.net","SourceProcessId":"340","SourceThreadId":"992","Severity":"INFO","TargetProcessId":"1824","SeverityValue":2,"EventID":10,"UserID":"S-1-5-18","ProviderGuid":"{5770385F-C22A-43E0-BF4C-06F5698FFBD9}","RecordNumber":757052,"SourceModuleType":"im_msvistalog","Keywords":-9223372036854775808,"TargetImage":"C:\\windows\\System32\\svchost.exe","RuleName":"-"}
{"tags":["mordorDataset"],"TargetProcessGUID":"{9f85ce58-59de-5f2b-2900-000000000400}","@version":"1","EventType":"INFO","Version":3,"ThreadID":4208,"EventTime":"2020-08-07 10:32:46","Task":10,"AccountType":"User","SourceProcessGUID":"{9f85ce58-59dc-5f2b-1000-000000000400}","CallTrace":"C:\\windows\\SYSTEM32\\ntdll.dll+9fc24|C:\\windows\\System32\\KERNELBASE.dll+6c175|c:\\windows\\system32\\lsm.dll+ea4e|C:\\windows\\System32\\RPCRT4.dll+77803|C:\\windows\\System32\\RPCRT4.dll+db4a6|C:\\windows\\System32\\RPCRT4.dll+10d20|C:\\windows\\System32\\RPCRT4.dll+54a18|C:\\windows\\System32\\RPCRT4.dll+30490|C:\\windows\\System32\\RPCRT4.dll+2fe3b|C:\\windows\\System32\\RPCRT4.dll+221ff|C:\\windows\\System32\\RPCRT4.dll+2165a|C:\\windows\\System32\\RPCRT4.dll+20c21|C:\\windows\\System32\\RPCRT4.dll+20692|C:\\windows\\System32\\RPCRT4.dll+17465|C:\\windows\\SYSTEM32\\ntdll.dll+4f4d0|C:\\windows\\SYSTEM32\\ntdll.dll+50358|C:\\windows\\System32\\KERNEL32.DLL+17974|C:\\windows\\SYSTEM32\\ntdll.dll+6a271","Channel":"Microsoft-Windows-Sysmon/Operational","SourceName":"Microsoft-Windows-Sysmon","OpcodeValue":0,"Hostname":"MORDORDC.theshire.local","@timestamp":"2020-08-07T14:32:47.566Z","Message":"Process accessed:\r\nRuleName: -\r\nUtcTime: 2020-08-07 14:32:46.436\r\nSourceProcessGUID: {9f85ce58-59dc-5f2b-1000-000000000400}\r\nSourceProcessId: 340\r\nSourceThreadId: 992\r\nSourceImage: C:\\windows\\system32\\svchost.exe\r\nTargetProcessGUID: {9f85ce58-59de-5f2b-2900-000000000400}\r\nTargetProcessId: 1824\r\nTargetImage: C:\\windows\\System32\\svchost.exe\r\nGrantedAccess: 0x1000\r\nCallTrace: C:\\windows\\SYSTEM32\\ntdll.dll+9fc24|C:\\windows\\System32\\KERNELBASE.dll+6c175|c:\\windows\\system32\\lsm.dll+ea4e|C:\\windows\\System32\\RPCRT4.dll+77803|C:\\windows\\System32\\RPCRT4.dll+db4a6|C:\\windows\\System32\\RPCRT4.dll+10d20|C:\\windows\\System32\\RPCRT4.dll+54a18|C:\\windows\\System32\\RPCRT4.dll+30490|C:\\windows\\System32\\RPCRT4.dll+2fe3b|C:\\windows\\System32\\RPCRT4.dll+221ff|C:\\windows\\System32\\RPCRT4.dll+2165a|C:\\windows\\System32\\RPCRT4.dll+20c21|C:\\windows\\System32\\RPCRT4.dll+20692|C:\\windows\\System32\\RPCRT4.dll+17465|C:\\windows\\SYSTEM32\\ntdll.dll+4f4d0|C:\\windows\\SYSTEM32\\ntdll.dll+50358|C:\\windows\\System32\\KERNEL32.DLL+17974|C:\\windows\\SYSTEM32\\ntdll.dll+6a271","SourceModuleName":"eventlog","ProcessId":"340","SourceImage":"C:\\windows\\system32\\svchost.exe","EventReceivedTime":"2020-08-07 10:32:47","port":60122,"AccountName":"SYSTEM","UtcTime":"2020-08-07 14:32:46.436","GrantedAccess":"0x1000","Domain":"NT AUTHORITY","ExecutionProcessID":3888,"host":"wec.internal.cloudapp.net","SourceProcessId":"340","SourceThreadId":"992","Severity":"INFO","TargetProcessId":"1824","SeverityValue":2,"EventID":10,"UserID":"S-1-5-18","ProviderGuid":"{5770385F-C22A-43E0-BF4C-06F5698FFBD9}","RecordNumber":757053,"SourceModuleType":"im_msvistalog","Keywords":-9223372036854775808,"TargetImage":"C:\\windows\\System32\\svchost.exe","RuleName":"-"}
{"tags":["mordorDataset"],"@version":"1","EventType":"CreateKey","Version":2,"ThreadID":4208,"EventTime":"2020-08-07 10:32:46","Task":12,"AccountType":"User","Channel":"Microsoft-Windows-Sysmon/Operational","EventTypeOrignal":"INFO","SourceName":"Microsoft-Windows-Sysmon","Hostname":"MORDORDC.theshire.local","@timestamp":"2020-08-07T14:32:47.567Z","OpcodeValue":0,"Message":"Registry object added or deleted:\r\nRuleName: -\r\nEventType: CreateKey\r\nUtcTime: 2020-08-07 14:32:46.436\r\nProcessGuid: {9f85ce58-59de-5f2b-2400-000000000400}\r\nProcessId: 1696\r\nImage: C:\\windows\\system32\\svchost.exe\r\nTargetObject: HKU\\.DEFAULT\\Software\\Microsoft\\Windows NT\\CurrentVersion\\Network\\Location Awareness","SourceModuleName":"eventlog","ProcessId":"1696","EventReceivedTime":"2020-08-07 10:32:47","port":60122,"AccountName":"SYSTEM","UtcTime":"2020-08-07 14:32:46.436","Domain":"NT AUTHORITY","ExecutionProcessID":3888,"host":"wec.internal.cloudapp.net","Severity":"INFO","TargetObject":"HKU\\.DEFAULT\\Software\\Microsoft\\Windows NT\\CurrentVersion\\Network\\Location Awareness","SeverityValue":2,"EventID":12,"UserID":"S-1-5-18","ProviderGuid":"{5770385F-C22A-43E0-BF4C-06F5698FFBD9}","RecordNumber":757054,"Image":"C:\\windows\\system32\\svchost.exe","Keywords":-9223372036854775808,"ProcessGuid":"{9f85ce58-59de-5f2b-2400-000000000400}","SourceModuleType":"im_msvistalog","RuleName":"-"}
{"tags":["mordorDataset"],"@version":"1","EventType":"CreateKey","Version":2,"ThreadID":4208,"EventTime":"2020-08-07 10:32:46","Task":12,"AccountType":"User","Channel":"Microsoft-Windows-Sysmon/Operational","EventTypeOrignal":"INFO","SourceName":"Microsoft-Windows-Sysmon","Hostname":"MORDORDC.theshire.local","@timestamp":"2020-08-07T14:32:47.567Z","OpcodeValue":0,"Message":"Registry object added or deleted:\r\nRuleName: -\r\nEventType: CreateKey\r\nUtcTime: 2020-08-07 14:32:46.436\r\nProcessGuid: {9f85ce58-59de-5f2b-2400-000000000400}\r\nProcessId: 1696\r\nImage: C:\\windows\\system32\\svchost.exe\r\nTargetObject: HKLM\\SOFTWARE\\Microsoft\\Windows\\CurrentVersion\\Group Policy\\History","SourceModuleName":"eventlog","ProcessId":"1696","EventReceivedTime":"2020-08-07 10:32:47","port":60122,"AccountName":"SYSTEM","UtcTime":"2020-08-07 14:32:46.436","Domain":"NT AUTHORITY","ExecutionProcessID":3888,"host":"wec.internal.cloudapp.net","Severity":"INFO","TargetObject":"HKLM\\SOFTWARE\\Microsoft\\Windows\\CurrentVersion\\Group Policy\\History","SeverityValue":2,"EventID":12,"UserID":"S-1-5-18","ProviderGuid":"{5770385F-C22A-43E0-BF4C-06F5698FFBD9}","RecordNumber":757055,"Image":"C:\\windows\\system32\\svchost.exe","Keywords":-9223372036854775808,"ProcessGuid":"{9f85ce58-59de-5f2b-2400-000000000400}","SourceModuleType":"im_msvistalog","RuleName":"-"}
{"tags":["mordorDataset"],"@version":"1","EventType":"SetValue","Version":2,"ThreadID":4208,"EventTime":"2020-08-07 10:32:46","Task":13,"AccountType":"User","Channel":"Microsoft-Windows-Sysmon/Operational","EventTypeOrignal":"INFO","SourceName":"Microsoft-Windows-Sysmon","Hostname":"MORDORDC.theshire.local","@timestamp":"2020-08-07T14:32:47.568Z","OpcodeValue":0,"Message":"Registry value set:\r\nRuleName: -\r\nEventType: SetValue\r\nUtcTime: 2020-08-07 14:32:46.436\r\nProcessGuid: {9f85ce58-59de-5f2b-2400-000000000400}\r\nProcessId: 1696\r\nImage: C:\\windows\\system32\\svchost.exe\r\nTargetObject: HKLM\\SOFTWARE\\Microsoft\\Windows\\CurrentVersion\\Group Policy\\History\\DCName\r\nDetails: \\\\MORDORDC.theshire.local","SourceModuleName":"eventlog","ProcessId":"1696","Details":"\\\\MORDORDC.theshire.local","port":60122,"AccountName":"SYSTEM","EventReceivedTime":"2020-08-07 10:32:47","UtcTime":"2020-08-07 14:32:46.436","Domain":"NT AUTHORITY","ExecutionProcessID":3888,"host":"wec.internal.cloudapp.net","Severity":"INFO","TargetObject":"HKLM\\SOFTWARE\\Microsoft\\Windows\\CurrentVersion\\Group Policy\\History\\DCName","SeverityValue":2,"EventID":13,"UserID":"S-1-5-18","ProviderGuid":"{5770385F-C22A-43E0-BF4C-06F5698FFBD9}","RecordNumber":757056,"Image":"C:\\windows\\system32\\svchost.exe","Keywords":-9223372036854775808,"ProcessGuid":"{9f85ce58-59de-5f2b-2400-000000000400}","SourceModuleType":"im_msvistalog","RuleName":"-"}
{"tags":["mordorDataset"],"@version":"1","EventType":"SetValue","Version":2,"ThreadID":4208,"EventTime":"2020-08-07 10:32:46","Task":13,"AccountType":"User","Channel":"Microsoft-Windows-Sysmon/Operational","EventTypeOrignal":"INFO","SourceName":"Microsoft-Windows-Sysmon","Hostname":"MORDORDC.theshire.local","@timestamp":"2020-08-07T14:32:47.568Z","OpcodeValue":0,"Message":"Registry value set:\r\nRuleName: -\r\nEventType: SetValue\r\nUtcTime: 2020-08-07 14:32:46.436\r\nProcessGuid: {9f85ce58-59de-5f2b-2400-000000000400}\r\nProcessId: 1696\r\nImage: C:\\windows\\system32\\svchost.exe\r\nTargetObject: HKLM\\SOFTWARE\\Microsoft\\Windows\\CurrentVersion\\Group Policy\\History\\NetworkName\r\nDetails: xy02pjxoadnuxctotb3ij2ly5b.bx.internal.cloudapp.net","SourceModuleName":"eventlog","ProcessId":"1696","Details":"xy02pjxoadnuxctotb3ij2ly5b.bx.internal.cloudapp.net","port":60122,"AccountName":"SYSTEM","EventReceivedTime":"2020-08-07 10:32:47","UtcTime":"2020-08-07 14:32:46.436","Domain":"NT AUTHORITY","ExecutionProcessID":3888,"host":"wec.internal.cloudapp.net","Severity":"INFO","TargetObject":"HKLM\\SOFTWARE\\Microsoft\\Windows\\CurrentVersion\\Group Policy\\History\\NetworkName","SeverityValue":2,"EventID":13,"UserID":"S-1-5-18","ProviderGuid":"{5770385F-C22A-43E0-BF4C-06F5698FFBD9}","RecordNumber":757057,"Image":"C:\\windows\\system32\\svchost.exe","Keywords":-9223372036854775808,"ProcessGuid":"{9f85ce58-59de-5f2b-2400-000000000400}","SourceModuleType":"im_msvistalog","RuleName":"-"}
{"tags":["mordorDataset"],"TargetProcessGUID":"{9f85ce58-59de-5f2b-2900-000000000400}","@version":"1","EventType":"INFO","Version":3,"ThreadID":4208,"EventTime":"2020-08-07 10:32:46","Task":10,"AccountType":"User","SourceProcessGUID":"{9f85ce58-59dc-5f2b-1000-000000000400}","CallTrace":"C:\\windows\\SYSTEM32\\ntdll.dll+9fc24|C:\\windows\\System32\\KERNELBASE.dll+6c175|c:\\windows\\system32\\lsm.dll+e575|C:\\windows\\System32\\RPCRT4.dll+77803|C:\\windows\\System32\\RPCRT4.dll+db4a6|C:\\windows\\System32\\RPCRT4.dll+10d20|C:\\windows\\System32\\RPCRT4.dll+54a18|C:\\windows\\System32\\RPCRT4.dll+30490|C:\\windows\\System32\\RPCRT4.dll+2fe3b|C:\\windows\\System32\\RPCRT4.dll+221ff|C:\\windows\\System32\\RPCRT4.dll+2165a|C:\\windows\\System32\\RPCRT4.dll+20c21|C:\\windows\\System32\\RPCRT4.dll+20692|C:\\windows\\System32\\RPCRT4.dll+17465|C:\\windows\\SYSTEM32\\ntdll.dll+4f4d0|C:\\windows\\SYSTEM32\\ntdll.dll+50358|C:\\windows\\System32\\KERNEL32.DLL+17974|C:\\windows\\SYSTEM32\\ntdll.dll+6a271","Channel":"Microsoft-Windows-Sysmon/Operational","SourceName":"Microsoft-Windows-Sysmon","OpcodeValue":0,"Hostname":"MORDORDC.theshire.local","@timestamp":"2020-08-07T14:32:47.569Z","Message":"Process accessed:\r\nRuleName: -\r\nUtcTime: 2020-08-07 14:32:46.436\r\nSourceProcessGUID: {9f85ce58-59dc-5f2b-1000-000000000400}\r\nSourceProcessId: 340\r\nSourceThreadId: 992\r\nSourceImage: C:\\windows\\system32\\svchost.exe\r\nTargetProcessGUID: {9f85ce58-59de-5f2b-2900-000000000400}\r\nTargetProcessId: 1824\r\nTargetImage: C:\\windows\\System32\\svchost.exe\r\nGrantedAccess: 0x1000\r\nCallTrace: C:\\windows\\SYSTEM32\\ntdll.dll+9fc24|C:\\windows\\System32\\KERNELBASE.dll+6c175|c:\\windows\\system32\\lsm.dll+e575|C:\\windows\\System32\\RPCRT4.dll+77803|C:\\windows\\System32\\RPCRT4.dll+db4a6|C:\\windows\\System32\\RPCRT4.dll+10d20|C:\\windows\\System32\\RPCRT4.dll+54a18|C:\\windows\\System32\\RPCRT4.dll+30490|C:\\windows\\System32\\RPCRT4.dll+2fe3b|C:\\windows\\System32\\RPCRT4.dll+221ff|C:\\windows\\System32\\RPCRT4.dll+2165a|C:\\windows\\System32\\RPCRT4.dll+20c21|C:\\windows\\System32\\RPCRT4.dll+20692|C:\\windows\\System32\\RPCRT4.dll+17465|C:\\windows\\SYSTEM32\\ntdll.dll+4f4d0|C:\\windows\\SYSTEM32\\ntdll.dll+50358|C:\\windows\\System32\\KERNEL32.DLL+17974|C:\\windows\\SYSTEM32\\ntdll.dll+6a271","SourceModuleName":"eventlog","ProcessId":"340","SourceImage":"C:\\windows\\system32\\svchost.exe","EventReceivedTime":"2020-08-07 10:32:47","port":60122,"AccountName":"SYSTEM","UtcTime":"2020-08-07 14:32:46.436","GrantedAccess":"0x1000","Domain":"NT AUTHORITY","ExecutionProcessID":3888,"host":"wec.internal.cloudapp.net","SourceProcessId":"340","SourceThreadId":"992","Severity":"INFO","TargetProcessId":"1824","SeverityValue":2,"EventID":10,"UserID":"S-1-5-18","ProviderGuid":"{5770385F-C22A-43E0-BF4C-06F5698FFBD9}","RecordNumber":757058,"SourceModuleType":"im_msvistalog","Keywords":-9223372036854775808,"TargetImage":"C:\\windows\\System32\\svchost.exe","RuleName":"-"}
{"tags":["mordorDataset"],"TargetProcessGUID":"{9f85ce58-59de-5f2b-2900-000000000400}","@version":"1","EventType":"INFO","Version":3,"ThreadID":4208,"EventTime":"2020-08-07 10:32:46","Task":10,"AccountType":"User","SourceProcessGUID":"{9f85ce58-59dc-5f2b-1000-000000000400}","CallTrace":"C:\\windows\\SYSTEM32\\ntdll.dll+9fc24|C:\\windows\\System32\\KERNELBASE.dll+6c175|c:\\windows\\system32\\lsm.dll+ebf0|C:\\windows\\System32\\RPCRT4.dll+77803|C:\\windows\\System32\\RPCRT4.dll+db4a6|C:\\windows\\System32\\RPCRT4.dll+10d20|C:\\windows\\System32\\RPCRT4.dll+54a18|C:\\windows\\System32\\RPCRT4.dll+30490|C:\\windows\\System32\\RPCRT4.dll+2fe3b|C:\\windows\\System32\\RPCRT4.dll+221ff|C:\\windows\\System32\\RPCRT4.dll+2165a|C:\\windows\\System32\\RPCRT4.dll+20c21|C:\\windows\\System32\\RPCRT4.dll+20692|C:\\windows\\System32\\RPCRT4.dll+17465|C:\\windows\\SYSTEM32\\ntdll.dll+4f4d0|C:\\windows\\SYSTEM32\\ntdll.dll+50358|C:\\windows\\System32\\KERNEL32.DLL+17974|C:\\windows\\SYSTEM32\\ntdll.dll+6a271","Channel":"Microsoft-Windows-Sysmon/Operational","SourceName":"Microsoft-Windows-Sysmon","OpcodeValue":0,"Hostname":"MORDORDC.theshire.local","@timestamp":"2020-08-07T14:32:47.570Z","Message":"Process accessed:\r\nRuleName: -\r\nUtcTime: 2020-08-07 14:32:46.436\r\nSourceProcessGUID: {9f85ce58-59dc-5f2b-1000-000000000400}\r\nSourceProcessId: 340\r\nSourceThreadId: 992\r\nSourceImage: C:\\windows\\system32\\svchost.exe\r\nTargetProcessGUID: {9f85ce58-59de-5f2b-2900-000000000400}\r\nTargetProcessId: 1824\r\nTargetImage: C:\\windows\\System32\\svchost.exe\r\nGrantedAccess: 0x1000\r\nCallTrace: C:\\windows\\SYSTEM32\\ntdll.dll+9fc24|C:\\windows\\System32\\KERNELBASE.dll+6c175|c:\\windows\\system32\\lsm.dll+ebf0|C:\\windows\\System32\\RPCRT4.dll+77803|C:\\windows\\System32\\RPCRT4.dll+db4a6|C:\\windows\\System32\\RPCRT4.dll+10d20|C:\\windows\\System32\\RPCRT4.dll+54a18|C:\\windows\\System32\\RPCRT4.dll+30490|C:\\windows\\System32\\RPCRT4.dll+2fe3b|C:\\windows\\System32\\RPCRT4.dll+221ff|C:\\windows\\System32\\RPCRT4.dll+2165a|C:\\windows\\System32\\RPCRT4.dll+20c21|C:\\windows\\System32\\RPCRT4.dll+20692|C:\\windows\\System32\\RPCRT4.dll+17465|C:\\windows\\SYSTEM32\\ntdll.dll+4f4d0|C:\\windows\\SYSTEM32\\ntdll.dll+50358|C:\\windows\\System32\\KERNEL32.DLL+17974|C:\\windows\\SYSTEM32\\ntdll.dll+6a271","SourceModuleName":"eventlog","ProcessId":"340","SourceImage":"C:\\windows\\system32\\svchost.exe","EventReceivedTime":"2020-08-07 10:32:47","port":60122,"AccountName":"SYSTEM","UtcTime":"2020-08-07 14:32:46.436","GrantedAccess":"0x1000","Domain":"NT AUTHORITY","ExecutionProcessID":3888,"host":"wec.internal.cloudapp.net","SourceProcessId":"340","SourceThreadId":"992","Severity":"INFO","TargetProcessId":"1824","SeverityValue":2,"EventID":10,"UserID":"S-1-5-18","ProviderGuid":"{5770385F-C22A-43E0-BF4C-06F5698FFBD9}","RecordNumber":757059,"SourceModuleType":"im_msvistalog","Keywords":-9223372036854775808,"TargetImage":"C:\\windows\\System32\\svchost.exe","RuleName":"-"}
{"tags":["mordorDataset"],"TargetProcessGUID":"{9f85ce58-59de-5f2b-2900-000000000400}","@version":"1","EventType":"INFO","Version":3,"ThreadID":4208,"EventTime":"2020-08-07 10:32:46","Task":10,"AccountType":"User","SourceProcessGUID":"{9f85ce58-59dc-5f2b-1000-000000000400}","CallTrace":"C:\\windows\\SYSTEM32\\ntdll.dll+9fc24|C:\\windows\\System32\\KERNELBASE.dll+6c175|c:\\windows\\system32\\lsm.dll+ea4e|C:\\windows\\System32\\RPCRT4.dll+77803|C:\\windows\\System32\\RPCRT4.dll+db4a6|C:\\windows\\System32\\RPCRT4.dll+10d20|C:\\windows\\System32\\RPCRT4.dll+54a18|C:\\windows\\System32\\RPCRT4.dll+30490|C:\\windows\\System32\\RPCRT4.dll+2fe3b|C:\\windows\\System32\\RPCRT4.dll+221ff|C:\\windows\\System32\\RPCRT4.dll+2165a|C:\\windows\\System32\\RPCRT4.dll+20c21|C:\\windows\\System32\\RPCRT4.dll+20692|C:\\windows\\System32\\RPCRT4.dll+17465|C:\\windows\\SYSTEM32\\ntdll.dll+4f4d0|C:\\windows\\SYSTEM32\\ntdll.dll+50358|C:\\windows\\System32\\KERNEL32.DLL+17974|C:\\windows\\SYSTEM32\\ntdll.dll+6a271","Channel":"Microsoft-Windows-Sysmon/Operational","SourceName":"Microsoft-Windows-Sysmon","OpcodeValue":0,"Hostname":"MORDORDC.theshire.local","@timestamp":"2020-08-07T14:32:47.571Z","Message":"Process accessed:\r\nRuleName: -\r\nUtcTime: 2020-08-07 14:32:46.436\r\nSourceProcessGUID: {9f85ce58-59dc-5f2b-1000-000000000400}\r\nSourceProcessId: 340\r\nSourceThreadId: 992\r\nSourceImage: C:\\windows\\system32\\svchost.exe\r\nTargetProcessGUID: {9f85ce58-59de-5f2b-2900-000000000400}\r\nTargetProcessId: 1824\r\nTargetImage: C:\\windows\\System32\\svchost.exe\r\nGrantedAccess: 0x1000\r\nCallTrace: C:\\windows\\SYSTEM32\\ntdll.dll+9fc24|C:\\windows\\System32\\KERNELBASE.dll+6c175|c:\\windows\\system32\\lsm.dll+ea4e|C:\\windows\\System32\\RPCRT4.dll+77803|C:\\windows\\System32\\RPCRT4.dll+db4a6|C:\\windows\\System32\\RPCRT4.dll+10d20|C:\\windows\\System32\\RPCRT4.dll+54a18|C:\\windows\\System32\\RPCRT4.dll+30490|C:\\windows\\System32\\RPCRT4.dll+2fe3b|C:\\windows\\System32\\RPCRT4.dll+221ff|C:\\windows\\System32\\RPCRT4.dll+2165a|C:\\windows\\System32\\RPCRT4.dll+20c21|C:\\windows\\System32\\RPCRT4.dll+20692|C:\\windows\\System32\\RPCRT4.dll+17465|C:\\windows\\SYSTEM32\\ntdll.dll+4f4d0|C:\\windows\\SYSTEM32\\ntdll.dll+50358|C:\\windows\\System32\\KERNEL32.DLL+17974|C:\\windows\\SYSTEM32\\ntdll.dll+6a271","SourceModuleName":"eventlog","ProcessId":"340","SourceImage":"C:\\windows\\system32\\svchost.exe","EventReceivedTime":"2020-08-07 10:32:47","port":60122,"AccountName":"SYSTEM","UtcTime":"2020-08-07 14:32:46.436","GrantedAccess":"0x1000","Domain":"NT AUTHORITY","ExecutionProcessID":3888,"host":"wec.internal.cloudapp.net","SourceProcessId":"340","SourceThreadId":"992","Severity":"INFO","TargetProcessId":"1824","SeverityValue":2,"EventID":10,"UserID":"S-1-5-18","ProviderGuid":"{5770385F-C22A-43E0-BF4C-06F5698FFBD9}","RecordNumber":757060,"SourceModuleType":"im_msvistalog","Keywords":-9223372036854775808,"TargetImage":"C:\\windows\\System32\\svchost.exe","RuleName":"-"}
{"tags":["mordorDataset"],"@version":"1","EventType":"CreateKey","Version":2,"ThreadID":4208,"EventTime":"2020-08-07 10:32:46","Task":12,"AccountType":"User","Channel":"Microsoft-Windows-Sysmon/Operational","EventTypeOrignal":"INFO","SourceName":"Microsoft-Windows-Sysmon","Hostname":"MORDORDC.theshire.local","@timestamp":"2020-08-07T14:32:47.571Z","OpcodeValue":0,"Message":"Registry object added or deleted:\r\nRuleName: -\r\nEventType: CreateKey\r\nUtcTime: 2020-08-07 14:32:46.436\r\nProcessGuid: {9f85ce58-59de-5f2b-2400-000000000400}\r\nProcessId: 1696\r\nImage: C:\\windows\\system32\\svchost.exe\r\nTargetObject: HKLM\\System\\CurrentControlSet\\Services\\Tcpip\\Parameters","SourceModuleName":"eventlog","ProcessId":"1696","EventReceivedTime":"2020-08-07 10:32:47","port":60122,"AccountName":"SYSTEM","UtcTime":"2020-08-07 14:32:46.436","Domain":"NT AUTHORITY","ExecutionProcessID":3888,"host":"wec.internal.cloudapp.net","Severity":"INFO","TargetObject":"HKLM\\System\\CurrentControlSet\\Services\\Tcpip\\Parameters","SeverityValue":2,"EventID":12,"UserID":"S-1-5-18","ProviderGuid":"{5770385F-C22A-43E0-BF4C-06F5698FFBD9}","RecordNumber":757061,"Image":"C:\\windows\\system32\\svchost.exe","Keywords":-9223372036854775808,"ProcessGuid":"{9f85ce58-59de-5f2b-2400-000000000400}","SourceModuleType":"im_msvistalog","RuleName":"-"}
{"tags":["mordorDataset"],"@version":"1","EventType":"CreateKey","Version":2,"ThreadID":4208,"EventTime":"2020-08-07 10:32:46","Task":12,"AccountType":"User","Channel":"Microsoft-Windows-Sysmon/Operational","EventTypeOrignal":"INFO","SourceName":"Microsoft-Windows-Sysmon","Hostname":"MORDORDC.theshire.local","@timestamp":"2020-08-07T14:32:47.572Z","OpcodeValue":0,"Message":"Registry object added or deleted:\r\nRuleName: -\r\nEventType: CreateKey\r\nUtcTime: 2020-08-07 14:32:46.436\r\nProcessGuid: {9f85ce58-59de-5f2b-2400-000000000400}\r\nProcessId: 1696\r\nImage: C:\\windows\\system32\\svchost.exe\r\nTargetObject: HKLM\\System\\CurrentControlSet\\Services\\Tcpip\\Parameters","SourceModuleName":"eventlog","ProcessId":"1696","EventReceivedTime":"2020-08-07 10:32:47","port":60122,"AccountName":"SYSTEM","UtcTime":"2020-08-07 14:32:46.436","Domain":"NT AUTHORITY","ExecutionProcessID":3888,"host":"wec.internal.cloudapp.net","Severity":"INFO","TargetObject":"HKLM\\System\\CurrentControlSet\\Services\\Tcpip\\Parameters","SeverityValue":2,"EventID":12,"UserID":"S-1-5-18","ProviderGuid":"{5770385F-C22A-43E0-BF4C-06F5698FFBD9}","RecordNumber":757062,"Image":"C:\\windows\\system32\\svchost.exe","Keywords":-9223372036854775808,"ProcessGuid":"{9f85ce58-59de-5f2b-2400-000000000400}","SourceModuleType":"im_msvistalog","RuleName":"-"}
{"tags":["mordorDataset"],"@version":"1","EventType":"CreateKey","Version":2,"ThreadID":4208,"EventTime":"2020-08-07 10:32:46","Task":12,"AccountType":"User","Channel":"Microsoft-Windows-Sysmon/Operational","EventTypeOrignal":"INFO","SourceName":"Microsoft-Windows-Sysmon","Hostname":"MORDORDC.theshire.local","@timestamp":"2020-08-07T14:32:47.572Z","OpcodeValue":0,"Message":"Registry object added or deleted:\r\nRuleName: -\r\nEventType: CreateKey\r\nUtcTime: 2020-08-07 14:32:46.452\r\nProcessGuid: {9f85ce58-59d8-5f2b-0c00-000000000400}\r\nProcessId: 704\r\nImage: C:\\windows\\system32\\lsass.exe\r\nTargetObject: HKLM\\System\\CurrentControlSet\\Services\\Tcpip\\Parameters","SourceModuleName":"eventlog","ProcessId":"704","EventReceivedTime":"2020-08-07 10:32:47","port":60122,"AccountName":"SYSTEM","UtcTime":"2020-08-07 14:32:46.452","Domain":"NT AUTHORITY","ExecutionProcessID":3888,"host":"wec.internal.cloudapp.net","Severity":"INFO","TargetObject":"HKLM\\System\\CurrentControlSet\\Services\\Tcpip\\Parameters","SeverityValue":2,"EventID":12,"UserID":"S-1-5-18","ProviderGuid":"{5770385F-C22A-43E0-BF4C-06F5698FFBD9}","RecordNumber":757064,"Image":"C:\\windows\\system32\\lsass.exe","Keywords":-9223372036854775808,"ProcessGuid":"{9f85ce58-59d8-5f2b-0c00-000000000400}","SourceModuleType":"im_msvistalog","RuleName":"-"}
{"tags":["mordorDataset"],"@version":"1","EventType":"CreateKey","Version":2,"ThreadID":4208,"EventTime":"2020-08-07 10:32:46","Task":12,"AccountType":"User","Channel":"Microsoft-Windows-Sysmon/Operational","EventTypeOrignal":"INFO","SourceName":"Microsoft-Windows-Sysmon","Hostname":"MORDORDC.theshire.local","@timestamp":"2020-08-07T14:32:47.573Z","OpcodeValue":0,"Message":"Registry object added or deleted:\r\nRuleName: -\r\nEventType: CreateKey\r\nUtcTime: 2020-08-07 14:32:46.545\r\nProcessGuid: {9f85ce58-59de-5f2b-2400-000000000400}\r\nProcessId: 1696\r\nImage: C:\\windows\\system32\\svchost.exe\r\nTargetObject: HKLM\\SOFTWARE\\Microsoft\\Windows\\CurrentVersion\\Group Policy\\History","SourceModuleName":"eventlog","ProcessId":"1696","EventReceivedTime":"2020-08-07 10:32:47","port":60122,"AccountName":"SYSTEM","UtcTime":"2020-08-07 14:32:46.545","Domain":"NT AUTHORITY","ExecutionProcessID":3888,"host":"wec.internal.cloudapp.net","Severity":"INFO","TargetObject":"HKLM\\SOFTWARE\\Microsoft\\Windows\\CurrentVersion\\Group Policy\\History","SeverityValue":2,"EventID":12,"UserID":"S-1-5-18","ProviderGuid":"{5770385F-C22A-43E0-BF4C-06F5698FFBD9}","RecordNumber":757065,"Image":"C:\\windows\\system32\\svchost.exe","Keywords":-9223372036854775808,"ProcessGuid":"{9f85ce58-59de-5f2b-2400-000000000400}","SourceModuleType":"im_msvistalog","RuleName":"-"}
{"tags":["mordorDataset"],"@version":"1","EventType":"SetValue","Version":2,"ThreadID":4208,"EventTime":"2020-08-07 10:32:46","Task":13,"AccountType":"User","Channel":"Microsoft-Windows-Sysmon/Operational","EventTypeOrignal":"INFO","SourceName":"Microsoft-Windows-Sysmon","Hostname":"MORDORDC.theshire.local","@timestamp":"2020-08-07T14:32:47.573Z","OpcodeValue":0,"Message":"Registry value set:\r\nRuleName: -\r\nEventType: SetValue\r\nUtcTime: 2020-08-07 14:32:46.545\r\nProcessGuid: {9f85ce58-59de-5f2b-2400-000000000400}\r\nProcessId: 1696\r\nImage: C:\\windows\\system32\\svchost.exe\r\nTargetObject: HKLM\\SOFTWARE\\Microsoft\\Windows\\CurrentVersion\\Group Policy\\History\\IsSlowLink\r\nDetails: DWORD (0x00000000)","SourceModuleName":"eventlog","ProcessId":"1696","Details":"DWORD (0x00000000)","port":60122,"AccountName":"SYSTEM","EventReceivedTime":"2020-08-07 10:32:47","UtcTime":"2020-08-07 14:32:46.545","Domain":"NT AUTHORITY","ExecutionProcessID":3888,"host":"wec.internal.cloudapp.net","Severity":"INFO","TargetObject":"HKLM\\SOFTWARE\\Microsoft\\Windows\\CurrentVersion\\Group Policy\\History\\IsSlowLink","SeverityValue":2,"EventID":13,"UserID":"S-1-5-18","ProviderGuid":"{5770385F-C22A-43E0-BF4C-06F5698FFBD9}","RecordNumber":757066,"Image":"C:\\windows\\system32\\svchost.exe","Keywords":-9223372036854775808,"ProcessGuid":"{9f85ce58-59de-5f2b-2400-000000000400}","SourceModuleType":"im_msvistalog","RuleName":"-"}
{"tags":["mordorDataset"],"TargetProcessGUID":"{9f85ce58-59de-5f2b-2900-000000000400}","@version":"1","EventType":"INFO","Version":3,"ThreadID":4208,"EventTime":"2020-08-07 10:32:46","Task":10,"AccountType":"User","SourceProcessGUID":"{9f85ce58-59dc-5f2b-1000-000000000400}","CallTrace":"C:\\windows\\SYSTEM32\\ntdll.dll+9fc24|C:\\windows\\System32\\KERNELBASE.dll+6c175|c:\\windows\\system32\\lsm.dll+e575|C:\\windows\\System32\\RPCRT4.dll+77803|C:\\windows\\System32\\RPCRT4.dll+db4a6|C:\\windows\\System32\\RPCRT4.dll+10d20|C:\\windows\\System32\\RPCRT4.dll+54a18|C:\\windows\\System32\\RPCRT4.dll+30490|C:\\windows\\System32\\RPCRT4.dll+2fe3b|C:\\windows\\System32\\RPCRT4.dll+221ff|C:\\windows\\System32\\RPCRT4.dll+2165a|C:\\windows\\System32\\RPCRT4.dll+20c21|C:\\windows\\System32\\RPCRT4.dll+20692|C:\\windows\\System32\\RPCRT4.dll+17465|C:\\windows\\SYSTEM32\\ntdll.dll+4f4d0|C:\\windows\\SYSTEM32\\ntdll.dll+50358|C:\\windows\\System32\\KERNEL32.DLL+17974|C:\\windows\\SYSTEM32\\ntdll.dll+6a271","Channel":"Microsoft-Windows-Sysmon/Operational","SourceName":"Microsoft-Windows-Sysmon","OpcodeValue":0,"Hostname":"MORDORDC.theshire.local","@timestamp":"2020-08-07T14:32:47.574Z","Message":"Process accessed:\r\nRuleName: -\r\nUtcTime: 2020-08-07 14:32:46.545\r\nSourceProcessGUID: {9f85ce58-59dc-5f2b-1000-000000000400}\r\nSourceProcessId: 340\r\nSourceThreadId: 992\r\nSourceImage: C:\\windows\\system32\\svchost.exe\r\nTargetProcessGUID: {9f85ce58-59de-5f2b-2900-000000000400}\r\nTargetProcessId: 1824\r\nTargetImage: C:\\windows\\System32\\svchost.exe\r\nGrantedAccess: 0x1000\r\nCallTrace: C:\\windows\\SYSTEM32\\ntdll.dll+9fc24|C:\\windows\\System32\\KERNELBASE.dll+6c175|c:\\windows\\system32\\lsm.dll+e575|C:\\windows\\System32\\RPCRT4.dll+77803|C:\\windows\\System32\\RPCRT4.dll+db4a6|C:\\windows\\System32\\RPCRT4.dll+10d20|C:\\windows\\System32\\RPCRT4.dll+54a18|C:\\windows\\System32\\RPCRT4.dll+30490|C:\\windows\\System32\\RPCRT4.dll+2fe3b|C:\\windows\\System32\\RPCRT4.dll+221ff|C:\\windows\\System32\\RPCRT4.dll+2165a|C:\\windows\\System32\\RPCRT4.dll+20c21|C:\\windows\\System32\\RPCRT4.dll+20692|C:\\windows\\System32\\RPCRT4.dll+17465|C:\\windows\\SYSTEM32\\ntdll.dll+4f4d0|C:\\windows\\SYSTEM32\\ntdll.dll+50358|C:\\windows\\System32\\KERNEL32.DLL+17974|C:\\windows\\SYSTEM32\\ntdll.dll+6a271","SourceModuleName":"eventlog","ProcessId":"340","SourceImage":"C:\\windows\\system32\\svchost.exe","EventReceivedTime":"2020-08-07 10:32:47","port":60122,"AccountName":"SYSTEM","UtcTime":"2020-08-07 14:32:46.545","GrantedAccess":"0x1000","Domain":"NT AUTHORITY","ExecutionProcessID":3888,"host":"wec.internal.cloudapp.net","SourceProcessId":"340","SourceThreadId":"992","Severity":"INFO","TargetProcessId":"1824","SeverityValue":2,"EventID":10,"UserID":"S-1-5-18","ProviderGuid":"{5770385F-C22A-43E0-BF4C-06F5698FFBD9}","RecordNumber":757069,"SourceModuleType":"im_msvistalog","Keywords":-9223372036854775808,"TargetImage":"C:\\windows\\System32\\svchost.exe","RuleName":"-"}
{"tags":["mordorDataset"],"TargetProcessGUID":"{9f85ce58-59de-5f2b-2900-000000000400}","@version":"1","EventType":"INFO","Version":3,"ThreadID":4208,"EventTime":"2020-08-07 10:32:46","Task":10,"AccountType":"User","SourceProcessGUID":"{9f85ce58-59dc-5f2b-1000-000000000400}","CallTrace":"C:\\windows\\SYSTEM32\\ntdll.dll+9fc24|C:\\windows\\System32\\KERNELBASE.dll+6c175|c:\\windows\\system32\\lsm.dll+ebf0|C:\\windows\\System32\\RPCRT4.dll+77803|C:\\windows\\System32\\RPCRT4.dll+db4a6|C:\\windows\\System32\\RPCRT4.dll+10d20|C:\\windows\\System32\\RPCRT4.dll+54a18|C:\\windows\\System32\\RPCRT4.dll+30490|C:\\windows\\System32\\RPCRT4.dll+2fe3b|C:\\windows\\System32\\RPCRT4.dll+221ff|C:\\windows\\System32\\RPCRT4.dll+2165a|C:\\windows\\System32\\RPCRT4.dll+20c21|C:\\windows\\System32\\RPCRT4.dll+20692|C:\\windows\\System32\\RPCRT4.dll+17465|C:\\windows\\SYSTEM32\\ntdll.dll+4f4d0|C:\\windows\\SYSTEM32\\ntdll.dll+50358|C:\\windows\\System32\\KERNEL32.DLL+17974|C:\\windows\\SYSTEM32\\ntdll.dll+6a271","Channel":"Microsoft-Windows-Sysmon/Operational","SourceName":"Microsoft-Windows-Sysmon","OpcodeValue":0,"Hostname":"MORDORDC.theshire.local","@timestamp":"2020-08-07T14:32:47.575Z","Message":"Process accessed:\r\nRuleName: -\r\nUtcTime: 2020-08-07 14:32:46.545\r\nSourceProcessGUID: {9f85ce58-59dc-5f2b-1000-000000000400}\r\nSourceProcessId: 340\r\nSourceThreadId: 992\r\nSourceImage: C:\\windows\\system32\\svchost.exe\r\nTargetProcessGUID: {9f85ce58-59de-5f2b-2900-000000000400}\r\nTargetProcessId: 1824\r\nTargetImage: C:\\windows\\System32\\svchost.exe\r\nGrantedAccess: 0x1000\r\nCallTrace: C:\\windows\\SYSTEM32\\ntdll.dll+9fc24|C:\\windows\\System32\\KERNELBASE.dll+6c175|c:\\windows\\system32\\lsm.dll+ebf0|C:\\windows\\System32\\RPCRT4.dll+77803|C:\\windows\\System32\\RPCRT4.dll+db4a6|C:\\windows\\System32\\RPCRT4.dll+10d20|C:\\windows\\System32\\RPCRT4.dll+54a18|C:\\windows\\System32\\RPCRT4.dll+30490|C:\\windows\\System32\\RPCRT4.dll+2fe3b|C:\\windows\\System32\\RPCRT4.dll+221ff|C:\\windows\\System32\\RPCRT4.dll+2165a|C:\\windows\\System32\\RPCRT4.dll+20c21|C:\\windows\\System32\\RPCRT4.dll+20692|C:\\windows\\System32\\RPCRT4.dll+17465|C:\\windows\\SYSTEM32\\ntdll.dll+4f4d0|C:\\windows\\SYSTEM32\\ntdll.dll+50358|C:\\windows\\System32\\KERNEL32.DLL+17974|C:\\windows\\SYSTEM32\\ntdll.dll+6a271","SourceModuleName":"eventlog","ProcessId":"340","SourceImage":"C:\\windows\\system32\\svchost.exe","EventReceivedTime":"2020-08-07 10:32:47","port":60122,"AccountName":"SYSTEM","UtcTime":"2020-08-07 14:32:46.545","GrantedAccess":"0x1000","Domain":"NT AUTHORITY","ExecutionProcessID":3888,"host":"wec.internal.cloudapp.net","SourceProcessId":"340","SourceThreadId":"992","Severity":"INFO","TargetProcessId":"1824","SeverityValue":2,"EventID":10,"UserID":"S-1-5-18","ProviderGuid":"{5770385F-C22A-43E0-BF4C-06F5698FFBD9}","RecordNumber":757070,"SourceModuleType":"im_msvistalog","Keywords":-9223372036854775808,"TargetImage":"C:\\windows\\System32\\svchost.exe","RuleName":"-"}
{"tags":["mordorDataset"],"TargetProcessGUID":"{9f85ce58-59de-5f2b-2900-000000000400}","@version":"1","EventType":"INFO","Version":3,"ThreadID":4208,"EventTime":"2020-08-07 10:32:46","Task":10,"AccountType":"User","SourceProcessGUID":"{9f85ce58-59dc-5f2b-1000-000000000400}","CallTrace":"C:\\windows\\SYSTEM32\\ntdll.dll+9fc24|C:\\windows\\System32\\KERNELBASE.dll+6c175|c:\\windows\\system32\\lsm.dll+ea4e|C:\\windows\\System32\\RPCRT4.dll+77803|C:\\windows\\System32\\RPCRT4.dll+db4a6|C:\\windows\\System32\\RPCRT4.dll+10d20|C:\\windows\\System32\\RPCRT4.dll+54a18|C:\\windows\\System32\\RPCRT4.dll+30490|C:\\windows\\System32\\RPCRT4.dll+2fe3b|C:\\windows\\System32\\RPCRT4.dll+221ff|C:\\windows\\System32\\RPCRT4.dll+2165a|C:\\windows\\System32\\RPCRT4.dll+20c21|C:\\windows\\System32\\RPCRT4.dll+20692|C:\\windows\\System32\\RPCRT4.dll+17465|C:\\windows\\SYSTEM32\\ntdll.dll+4f4d0|C:\\windows\\SYSTEM32\\ntdll.dll+50358|C:\\windows\\System32\\KERNEL32.DLL+17974|C:\\windows\\SYSTEM32\\ntdll.dll+6a271","Channel":"Microsoft-Windows-Sysmon/Operational","SourceName":"Microsoft-Windows-Sysmon","OpcodeValue":0,"Hostname":"MORDORDC.theshire.local","@timestamp":"2020-08-07T14:32:47.576Z","Message":"Process accessed:\r\nRuleName: -\r\nUtcTime: 2020-08-07 14:32:46.545\r\nSourceProcessGUID: {9f85ce58-59dc-5f2b-1000-000000000400}\r\nSourceProcessId: 340\r\nSourceThreadId: 992\r\nSourceImage: C:\\windows\\system32\\svchost.exe\r\nTargetProcessGUID: {9f85ce58-59de-5f2b-2900-000000000400}\r\nTargetProcessId: 1824\r\nTargetImage: C:\\windows\\System32\\svchost.exe\r\nGrantedAccess: 0x1000\r\nCallTrace: C:\\windows\\SYSTEM32\\ntdll.dll+9fc24|C:\\windows\\System32\\KERNELBASE.dll+6c175|c:\\windows\\system32\\lsm.dll+ea4e|C:\\windows\\System32\\RPCRT4.dll+77803|C:\\windows\\System32\\RPCRT4.dll+db4a6|C:\\windows\\System32\\RPCRT4.dll+10d20|C:\\windows\\System32\\RPCRT4.dll+54a18|C:\\windows\\System32\\RPCRT4.dll+30490|C:\\windows\\System32\\RPCRT4.dll+2fe3b|C:\\windows\\System32\\RPCRT4.dll+221ff|C:\\windows\\System32\\RPCRT4.dll+2165a|C:\\windows\\System32\\RPCRT4.dll+20c21|C:\\windows\\System32\\RPCRT4.dll+20692|C:\\windows\\System32\\RPCRT4.dll+17465|C:\\windows\\SYSTEM32\\ntdll.dll+4f4d0|C:\\windows\\SYSTEM32\\ntdll.dll+50358|C:\\windows\\System32\\KERNEL32.DLL+17974|C:\\windows\\SYSTEM32\\ntdll.dll+6a271","SourceModuleName":"eventlog","ProcessId":"340","SourceImage":"C:\\windows\\system32\\svchost.exe","EventReceivedTime":"2020-08-07 10:32:47","port":60122,"AccountName":"SYSTEM","UtcTime":"2020-08-07 14:32:46.545","GrantedAccess":"0x1000","Domain":"NT AUTHORITY","ExecutionProcessID":3888,"host":"wec.internal.cloudapp.net","SourceProcessId":"340","SourceThreadId":"992","Severity":"INFO","TargetProcessId":"1824","SeverityValue":2,"EventID":10,"UserID":"S-1-5-18","ProviderGuid":"{5770385F-C22A-43E0-BF4C-06F5698FFBD9}","RecordNumber":757071,"SourceModuleType":"im_msvistalog","Keywords":-9223372036854775808,"TargetImage":"C:\\windows\\System32\\svchost.exe","RuleName":"-"}
{"tags":["mordorDataset"],"@version":"1","EventType":"CreateKey","Version":2,"ThreadID":4208,"EventTime":"2020-08-07 10:32:46","Task":12,"AccountType":"User","Channel":"Microsoft-Windows-Sysmon/Operational","EventTypeOrignal":"INFO","SourceName":"Microsoft-Windows-Sysmon","Hostname":"MORDORDC.theshire.local","@timestamp":"2020-08-07T14:32:47.576Z","OpcodeValue":0,"Message":"Registry object added or deleted:\r\nRuleName: -\r\nEventType: CreateKey\r\nUtcTime: 2020-08-07 14:32:46.545\r\nProcessGuid: {9f85ce58-59de-5f2b-2400-000000000400}\r\nProcessId: 1696\r\nImage: C:\\windows\\system32\\svchost.exe\r\nTargetObject: HKLM\\SOFTWARE\\Microsoft\\Windows\\CurrentVersion\\Group Policy\\DataStore\\Machine","SourceModuleName":"eventlog","ProcessId":"1696","EventReceivedTime":"2020-08-07 10:32:47","port":60122,"AccountName":"SYSTEM","UtcTime":"2020-08-07 14:32:46.545","Domain":"NT AUTHORITY","ExecutionProcessID":3888,"host":"wec.internal.cloudapp.net","Severity":"INFO","TargetObject":"HKLM\\SOFTWARE\\Microsoft\\Windows\\CurrentVersion\\Group Policy\\DataStore\\Machine","SeverityValue":2,"EventID":12,"UserID":"S-1-5-18","ProviderGuid":"{5770385F-C22A-43E0-BF4C-06F5698FFBD9}","RecordNumber":757072,"Image":"C:\\windows\\system32\\svchost.exe","Keywords":-9223372036854775808,"ProcessGuid":"{9f85ce58-59de-5f2b-2400-000000000400}","SourceModuleType":"im_msvistalog","RuleName":"-"}
{"tags":["mordorDataset"],"@version":"1","EventType":"CreateKey","Version":2,"ThreadID":4208,"EventTime":"2020-08-07 10:32:46","Task":12,"AccountType":"User","Channel":"Microsoft-Windows-Sysmon/Operational","EventTypeOrignal":"INFO","SourceName":"Microsoft-Windows-Sysmon","Hostname":"MORDORDC.theshire.local","@timestamp":"2020-08-07T14:32:47.579Z","OpcodeValue":0,"Message":"Registry object added or deleted:\r\nRuleName: -\r\nEventType: CreateKey\r\nUtcTime: 2020-08-07 14:32:46.545\r\nProcessGuid: {9f85ce58-59de-5f2b-2400-000000000400}\r\nProcessId: 1696\r\nImage: C:\\windows\\system32\\svchost.exe\r\nTargetObject: HKLM\\SOFTWARE\\Microsoft\\Windows\\CurrentVersion\\Group Policy\\DataStore\\Machine","SourceModuleName":"eventlog","ProcessId":"1696","EventReceivedTime":"2020-08-07 10:32:47","port":60122,"AccountName":"SYSTEM","UtcTime":"2020-08-07 14:32:46.545","Domain":"NT AUTHORITY","ExecutionProcessID":3888,"host":"wec.internal.cloudapp.net","Severity":"INFO","TargetObject":"HKLM\\SOFTWARE\\Microsoft\\Windows\\CurrentVersion\\Group Policy\\DataStore\\Machine","SeverityValue":2,"EventID":12,"UserID":"S-1-5-18","ProviderGuid":"{5770385F-C22A-43E0-BF4C-06F5698FFBD9}","RecordNumber":757073,"Image":"C:\\windows\\system32\\svchost.exe","Keywords":-9223372036854775808,"ProcessGuid":"{9f85ce58-59de-5f2b-2400-000000000400}","SourceModuleType":"im_msvistalog","RuleName":"-"}
{"tags":["mordorDataset"],"@version":"1","EventType":"CreateKey","Version":2,"ThreadID":4208,"EventTime":"2020-08-07 10:32:46","Task":12,"AccountType":"User","Channel":"Microsoft-Windows-Sysmon/Operational","EventTypeOrignal":"INFO","SourceName":"Microsoft-Windows-Sysmon","Hostname":"MORDORDC.theshire.local","@timestamp":"2020-08-07T14:32:47.580Z","OpcodeValue":0,"Message":"Registry object added or deleted:\r\nRuleName: -\r\nEventType: CreateKey\r\nUtcTime: 2020-08-07 14:32:46.545\r\nProcessGuid: {9f85ce58-59de-5f2b-2400-000000000400}\r\nProcessId: 1696\r\nImage: C:\\windows\\system32\\svchost.exe\r\nTargetObject: HKLM\\SOFTWARE\\Microsoft\\Windows\\CurrentVersion\\Group Policy\\DataStore\\Machine\\0","SourceModuleName":"eventlog","ProcessId":"1696","EventReceivedTime":"2020-08-07 10:32:47","port":60122,"AccountName":"SYSTEM","UtcTime":"2020-08-07 14:32:46.545","Domain":"NT AUTHORITY","ExecutionProcessID":3888,"host":"wec.internal.cloudapp.net","Severity":"INFO","TargetObject":"HKLM\\SOFTWARE\\Microsoft\\Windows\\CurrentVersion\\Group Policy\\DataStore\\Machine\\0","SeverityValue":2,"EventID":12,"UserID":"S-1-5-18","ProviderGuid":"{5770385F-C22A-43E0-BF4C-06F5698FFBD9}","RecordNumber":757074,"Image":"C:\\windows\\system32\\svchost.exe","Keywords":-9223372036854775808,"ProcessGuid":"{9f85ce58-59de-5f2b-2400-000000000400}","SourceModuleType":"im_msvistalog","RuleName":"-"}
