{"tags":["mordorDataset"],"@version":"1","EventType":"CreateKey","Version":2,"ThreadID":4208,"EventTime":"2020-08-07 10:33:21","Task":12,"AccountType":"User","Channel":"Microsoft-Windows-Sysmon/Operational","EventTypeOrignal":"INFO","SourceName":"Microsoft-Windows-Sysmon","Hostname":"MORDORDC.theshire.local","@timestamp":"2020-08-07T14:33:23.128Z","OpcodeValue":0,"Message":"Registry object added or deleted:\r\nRuleName: -\r\nEventType: CreateKey\r\nUtcTime: 2020-08-07 14:33:21.270\r\nProcessGuid: {9f85ce58-59d8-5f2b-0c00-000000000400}\r\nProcessId: 704\r\nImage: C:\\windows\\system32\\lsass.exe\r\nTargetObject: HKLM\\System\\CurrentControlSet\\Services\\Tcpip\\Parameters","SourceModuleName":"eventlog","ProcessId":"704","EventReceivedTime":"2020-08-07 10:33:23","port":60122,"AccountName":"SYSTEM","UtcTime":"2020-08-07 14:33:21.270","Domain":"NT AUTHORITY","ExecutionProcessID":3888,"host":"wec.internal.cloudapp.net","Severity":"INFO","TargetObject":"HKLM\\System\\CurrentControlSet\\Services\\Tcpip\\Parameters","SeverityValue":2,"EventID":12,"UserID":"S-1-5-18","ProviderGuid":"{5770385F-C22A-43E0-BF4C-06F5698FFBD9}","RecordNumber":757132,"Image":"C:\\windows\\system32\\lsass.exe","Keywords":-9223372036854775808,"ProcessGuid":"{9f85ce58-59d8-5f2b-0c00-000000000400}","SourceModuleType":"im_msvistalog","RuleName":"-"}
{"tags":["mordorDataset"],"@version":"1","EventType":"CreateKey","Version":2,"ThreadID":4208,"EventTime":"2020-08-07 10:33:21","Task":12,"AccountType":"User","Channel":"Microsoft-Windows-Sysmon/Operational","EventTypeOrignal":"INFO","SourceName":"Microsoft-Windows-Sysmon","Hostname":"MORDORDC.theshire.local","@timestamp":"2020-08-07T14:33:23.128Z","OpcodeValue":0,"Message":"Registry object added or deleted:\r\nRuleName: -\r\nEventType: CreateKey\r\nUtcTime: 2020-08-07 14:33:21.270\r\nProcessGuid: {9f85ce58-59d8-5f2b-0c00-000000000400}\r\nProcessId: 704\r\nImage: C:\\windows\\system32\\lsass.exe\r\nTargetObject: HKLM\\System\\CurrentControlSet\\Services\\Tcpip\\Parameters","SourceModuleName":"eventlog","ProcessId":"704","EventReceivedTime":"2020-08-07 10:33:23","port":60122,"AccountName":"SYSTEM","UtcTime":"2020-08-07 14:33:21.270","Domain":"NT AUTHORITY","ExecutionProcessID":3888,"host":"wec.internal.cloudapp.net","Severity":"INFO","TargetObject":"HKLM\\System\\CurrentControlSet\\Services\\Tcpip\\Parameters","SeverityValue":2,"EventID":12,"UserID":"S-1-5-18","ProviderGuid":"{5770385F-C22A-43E0-BF4C-06F5698FFBD9}","RecordNumber":757133,"Image":"C:\\windows\\system32\\lsass.exe","Keywords":-9223372036854775808,"ProcessGuid":"{9f85ce58-59d8-5f2b-0c00-000000000400}","SourceModuleType":"im_msvistalog","RuleName":"-"}
{"tags":["mordorDataset"],"@version":"1","EventType":"CreateKey","Version":2,"ThreadID":4208,"EventTime":"2020-08-07 10:33:21","Task":12,"AccountType":"User","Channel":"Microsoft-Windows-Sysmon/Operational","EventTypeOrignal":"INFO","SourceName":"Microsoft-Windows-Sysmon","Hostname":"MORDORDC.theshire.local","@timestamp":"2020-08-07T14:33:23.129Z","OpcodeValue":0,"Message":"Registry object added or deleted:\r\nRuleName: -\r\nEventType: CreateKey\r\nUtcTime: 2020-08-07 14:33:21.270\r\nProcessGuid: {9f85ce58-59d8-5f2b-0c00-000000000400}\r\nProcessId: 704\r\nImage: C:\\windows\\system32\\lsass.exe\r\nTargetObject: HKLM\\System\\CurrentControlSet\\Services\\Tcpip\\Parameters","SourceModuleName":"eventlog","ProcessId":"704","EventReceivedTime":"2020-08-07 10:33:23","port":60122,"AccountName":"SYSTEM","UtcTime":"2020-08-07 14:33:21.270","Domain":"NT AUTHORITY","ExecutionProcessID":3888,"host":"wec.internal.cloudapp.net","Severity":"INFO","TargetObject":"HKLM\\System\\CurrentControlSet\\Services\\Tcpip\\Parameters","SeverityValue":2,"EventID":12,"UserID":"S-1-5-18","ProviderGuid":"{5770385F-C22A-43E0-BF4C-06F5698FFBD9}","RecordNumber":757134,"Image":"C:\\windows\\system32\\lsass.exe","Keywords":-9223372036854775808,"ProcessGuid":"{9f85ce58-59d8-5f2b-0c00-000000000400}","SourceModuleType":"im_msvistalog","RuleName":"-"}
{"tags":["mordorDataset"],"@version":"1","EventType":"CreateKey","Version":2,"ThreadID":4208,"EventTime":"2020-08-07 10:33:21","Task":12,"AccountType":"User","Channel":"Microsoft-Windows-Sysmon/Operational","EventTypeOrignal":"INFO","SourceName":"Microsoft-Windows-Sysmon","Hostname":"MORDORDC.theshire.local","@timestamp":"2020-08-07T14:33:23.130Z","OpcodeValue":0,"Message":"Registry object added or deleted:\r\nRuleName: -\r\nEventType: CreateKey\r\nUtcTime: 2020-08-07 14:33:21.270\r\nProcessGuid: {9f85ce58-59d8-5f2b-0c00-000000000400}\r\nProcessId: 704\r\nImage: C:\\windows\\system32\\lsass.exe\r\nTargetObject: HKLM\\System\\CurrentControlSet\\Services\\Tcpip\\Parameters","SourceModuleName":"eventlog","ProcessId":"704","EventReceivedTime":"2020-08-07 10:33:23","port":60122,"AccountName":"SYSTEM","UtcTime":"2020-08-07 14:33:21.270","Domain":"NT AUTHORITY","ExecutionProcessID":3888,"host":"wec.internal.cloudapp.net","Severity":"INFO","TargetObject":"HKLM\\System\\CurrentControlSet\\Services\\Tcpip\\Parameters","SeverityValue":2,"EventID":12,"UserID":"S-1-5-18","ProviderGuid":"{5770385F-C22A-43E0-BF4C-06F5698FFBD9}","RecordNumber":757135,"Image":"C:\\windows\\system32\\lsass.exe","Keywords":-9223372036854775808,"ProcessGuid":"{9f85ce58-59d8-5f2b-0c00-000000000400}","SourceModuleType":"im_msvistalog","RuleName":"-"}
{"tags":["mordorDataset"],"@version":"1","EventType":"CreateKey","Version":2,"ThreadID":4208,"EventTime":"2020-08-07 10:33:21","Task":12,"AccountType":"User","Channel":"Microsoft-Windows-Sysmon/Operational","EventTypeOrignal":"INFO","SourceName":"Microsoft-Windows-Sysmon","Hostname":"MORDORDC.theshire.local","@timestamp":"2020-08-07T14:33:23.131Z","OpcodeValue":0,"Message":"Registry object added or deleted:\r\nRuleName: -\r\nEventType: CreateKey\r\nUtcTime: 2020-08-07 14:33:21.270\r\nProcessGuid: {9f85ce58-59d8-5f2b-0c00-000000000400}\r\nProcessId: 704\r\nImage: C:\\windows\\system32\\lsass.exe\r\nTargetObject: HKLM\\System\\CurrentControlSet\\Services\\Tcpip\\Parameters","SourceModuleName":"eventlog","ProcessId":"704","EventReceivedTime":"2020-08-07 10:33:23","port":60122,"AccountName":"SYSTEM","UtcTime":"2020-08-07 14:33:21.270","Domain":"NT AUTHORITY","ExecutionProcessID":3888,"host":"wec.internal.cloudapp.net","Severity":"INFO","TargetObject":"HKLM\\System\\CurrentControlSet\\Services\\Tcpip\\Parameters","SeverityValue":2,"EventID":12,"UserID":"S-1-5-18","ProviderGuid":"{5770385F-C22A-43E0-BF4C-06F5698FFBD9}","RecordNumber":757136,"Image":"C:\\windows\\system32\\lsass.exe","Keywords":-9223372036854775808,"ProcessGuid":"{9f85ce58-59d8-5f2b-0c00-000000000400}","SourceModuleType":"im_msvistalog","RuleName":"-"}
{"tags":["mordorDataset"],"@version":"1","EventType":"CreateKey","Version":2,"ThreadID":4208,"EventTime":"2020-08-07 10:33:21","Task":12,"AccountType":"User","Channel":"Microsoft-Windows-Sysmon/Operational","EventTypeOrignal":"INFO","SourceName":"Microsoft-Windows-Sysmon","Hostname":"MORDORDC.theshire.local","@timestamp":"2020-08-07T14:33:23.131Z","OpcodeValue":0,"Message":"Registry object added or deleted:\r\nRuleName: -\r\nEventType: CreateKey\r\nUtcTime: 2020-08-07 14:33:21.270\r\nProcessGuid: {9f85ce58-59d8-5f2b-0c00-000000000400}\r\nProcessId: 704\r\nImage: C:\\windows\\system32\\lsass.exe\r\nTargetObject: HKLM\\System\\CurrentControlSet\\Services\\Tcpip\\Parameters","SourceModuleName":"eventlog","ProcessId":"704","EventReceivedTime":"2020-08-07 10:33:23","port":60122,"AccountName":"SYSTEM","UtcTime":"2020-08-07 14:33:21.270","Domain":"NT AUTHORITY","ExecutionProcessID":3888,"host":"wec.internal.cloudapp.net","Severity":"INFO","TargetObject":"HKLM\\System\\CurrentControlSet\\Services\\Tcpip\\Parameters","SeverityValue":2,"EventID":12,"UserID":"S-1-5-18","ProviderGuid":"{5770385F-C22A-43E0-BF4C-06F5698FFBD9}","RecordNumber":757137,"Image":"C:\\windows\\system32\\lsass.exe","Keywords":-9223372036854775808,"ProcessGuid":"{9f85ce58-59d8-5f2b-0c00-000000000400}","SourceModuleType":"im_msvistalog","RuleName":"-"}
{"tags":["mordorDataset"],"@version":"1","EventType":"CreateKey","Version":2,"ThreadID":4208,"EventTime":"2020-08-07 10:33:21","Task":12,"AccountType":"User","Channel":"Microsoft-Windows-Sysmon/Operational","EventTypeOrignal":"INFO","SourceName":"Microsoft-Windows-Sysmon","Hostname":"MORDORDC.theshire.local","@timestamp":"2020-08-07T14:33:23.132Z","OpcodeValue":0,"Message":"Registry object added or deleted:\r\nRuleName: -\r\nEventType: CreateKey\r\nUtcTime: 2020-08-07 14:33:21.270\r\nProcessGuid: {9f85ce58-59d8-5f2b-0c00-000000000400}\r\nProcessId: 704\r\nImage: C:\\windows\\system32\\lsass.exe\r\nTargetObject: HKLM\\System\\CurrentControlSet\\Services\\Tcpip\\Parameters","SourceModuleName":"eventlog","ProcessId":"704","EventReceivedTime":"2020-08-07 10:33:23","port":60122,"AccountName":"SYSTEM","UtcTime":"2020-08-07 14:33:21.270","Domain":"NT AUTHORITY","ExecutionProcessID":3888,"host":"wec.internal.cloudapp.net","Severity":"INFO","TargetObject":"HKLM\\System\\CurrentControlSet\\Services\\Tcpip\\Parameters","SeverityValue":2,"EventID":12,"UserID":"S-1-5-18","ProviderGuid":"{5770385F-C22A-43E0-BF4C-06F5698FFBD9}","RecordNumber":757138,"Image":"C:\\windows\\system32\\lsass.exe","Keywords":-9223372036854775808,"ProcessGuid":"{9f85ce58-59d8-5f2b-0c00-000000000400}","SourceModuleType":"im_msvistalog","RuleName":"-"}
{"tags":["mordorDataset"],"@version":"1","EventType":"CreateKey","Version":2,"ThreadID":4208,"EventTime":"2020-08-07 10:33:21","Task":12,"AccountType":"User","Channel":"Microsoft-Windows-Sysmon/Operational","EventTypeOrignal":"INFO","SourceName":"Microsoft-Windows-Sysmon","Hostname":"MORDORDC.theshire.local","@timestamp":"2020-08-07T14:33:23.133Z","OpcodeValue":0,"Message":"Registry object added or deleted:\r\nRuleName: -\r\nEventType: CreateKey\r\nUtcTime: 2020-08-07 14:33:21.286\r\nProcessGuid: {9f85ce58-59d8-5f2b-0c00-000000000400}\r\nProcessId: 704\r\nImage: C:\\windows\\system32\\lsass.exe\r\nTargetObject: HKLM\\System\\CurrentControlSet\\Services\\Tcpip\\Parameters","SourceModuleName":"eventlog","ProcessId":"704","EventReceivedTime":"2020-08-07 10:33:23","port":60122,"AccountName":"SYSTEM","UtcTime":"2020-08-07 14:33:21.286","Domain":"NT AUTHORITY","ExecutionProcessID":3888,"host":"wec.internal.cloudapp.net","Severity":"INFO","TargetObject":"HKLM\\System\\CurrentControlSet\\Services\\Tcpip\\Parameters","SeverityValue":2,"EventID":12,"UserID":"S-1-5-18","ProviderGuid":"{5770385F-C22A-43E0-BF4C-06F5698FFBD9}","RecordNumber":757139,"Image":"C:\\windows\\system32\\lsass.exe","Keywords":-9223372036854775808,"ProcessGuid":"{9f85ce58-59d8-5f2b-0c00-000000000400}","SourceModuleType":"im_msvistalog","RuleName":"-"}
{"tags":["mordorDataset"],"@version":"1","EventType":"CreateKey","Version":2,"ThreadID":4208,"EventTime":"2020-08-07 10:33:21","Task":12,"AccountType":"User","Channel":"Microsoft-Windows-Sysmon/Operational","EventTypeOrignal":"INFO","SourceName":"Microsoft-Windows-Sysmon","Hostname":"MORDORDC.theshire.local","@timestamp":"2020-08-07T14:33:23.133Z","OpcodeValue":0,"Message":"Registry object added or deleted:\r\nRuleName: -\r\nEventType: CreateKey\r\nUtcTime: 2020-08-07 14:33:21.286\r\nProcessGuid: {9f85ce58-59d8-5f2b-0c00-000000000400}\r\nProcessId: 704\r\nImage: C:\\windows\\system32\\lsass.exe\r\nTargetObject: HKLM\\System\\CurrentControlSet\\Services\\Tcpip\\Parameters","SourceModuleName":"eventlog","ProcessId":"704","EventReceivedTime":"2020-08-07 10:33:23","port":60122,"AccountName":"SYSTEM","UtcTime":"2020-08-07 14:33:21.286","Domain":"NT AUTHORITY","ExecutionProcessID":3888,"host":"wec.internal.cloudapp.net","Severity":"INFO","TargetObject":"HKLM\\System\\CurrentControlSet\\Services\\Tcpip\\Parameters","SeverityValue":2,"EventID":12,"UserID":"S-1-5-18","ProviderGuid":"{5770385F-C22A-43E0-BF4C-06F5698FFBD9}","RecordNumber":757140,"Image":"C:\\windows\\system32\\lsass.exe","Keywords":-9223372036854775808,"ProcessGuid":"{9f85ce58-59d8-5f2b-0c00-000000000400}","SourceModuleType":"im_msvistalog","RuleName":"-"}
{"tags":["mordorDataset"],"@version":"1","EventType":"CreateKey","Version":2,"ThreadID":4208,"EventTime":"2020-08-07 10:33:21","Task":12,"AccountType":"User","Channel":"Microsoft-Windows-Sysmon/Operational","EventTypeOrignal":"INFO","SourceName":"Microsoft-Windows-Sysmon","Hostname":"MORDORDC.theshire.local","@timestamp":"2020-08-07T14:33:23.133Z","OpcodeValue":0,"Message":"Registry object added or deleted:\r\nRuleName: -\r\nEventType: CreateKey\r\nUtcTime: 2020-08-07 14:33:21.286\r\nProcessGuid: {9f85ce58-59d8-5f2b-0c00-000000000400}\r\nProcessId: 704\r\nImage: C:\\windows\\system32\\lsass.exe\r\nTargetObject: HKLM\\System\\CurrentControlSet\\Services\\Tcpip\\Parameters","SourceModuleName":"eventlog","ProcessId":"704","EventReceivedTime":"2020-08-07 10:33:23","port":60122,"AccountName":"SYSTEM","UtcTime":"2020-08-07 14:33:21.286","Domain":"NT AUTHORITY","ExecutionProcessID":3888,"host":"wec.internal.cloudapp.net","Severity":"INFO","TargetObject":"HKLM\\System\\CurrentControlSet\\Services\\Tcpip\\Parameters","SeverityValue":2,"EventID":12,"UserID":"S-1-5-18","ProviderGuid":"{5770385F-C22A-43E0-BF4C-06F5698FFBD9}","RecordNumber":757141,"Image":"C:\\windows\\system32\\lsass.exe","Keywords":-9223372036854775808,"ProcessGuid":"{9f85ce58-59d8-5f2b-0c00-000000000400}","SourceModuleType":"im_msvistalog","RuleName":"-"}
{"tags":["mordorDataset"],"@version":"1","EventType":"CreateKey","Version":2,"ThreadID":4208,"EventTime":"2020-08-07 10:33:21","Task":12,"AccountType":"User","Channel":"Microsoft-Windows-Sysmon/Operational","EventTypeOrignal":"INFO","SourceName":"Microsoft-Windows-Sysmon","Hostname":"MORDORDC.theshire.local","@timestamp":"2020-08-07T14:33:23.134Z","OpcodeValue":0,"Message":"Registry object added or deleted:\r\nRuleName: -\r\nEventType: CreateKey\r\nUtcTime: 2020-08-07 14:33:21.286\r\nProcessGuid: {9f85ce58-59d8-5f2b-0c00-000000000400}\r\nProcessId: 704\r\nImage: C:\\windows\\system32\\lsass.exe\r\nTargetObject: HKLM\\System\\CurrentControlSet\\Services\\Tcpip\\Parameters","SourceModuleName":"eventlog","ProcessId":"704","EventReceivedTime":"2020-08-07 10:33:23","port":60122,"AccountName":"SYSTEM","UtcTime":"2020-08-07 14:33:21.286","Domain":"NT AUTHORITY","ExecutionProcessID":3888,"host":"wec.internal.cloudapp.net","Severity":"INFO","TargetObject":"HKLM\\System\\CurrentControlSet\\Services\\Tcpip\\Parameters","SeverityValue":2,"EventID":12,"UserID":"S-1-5-18","ProviderGuid":"{5770385F-C22A-43E0-BF4C-06F5698FFBD9}","RecordNumber":757142,"Image":"C:\\windows\\system32\\lsass.exe","Keywords":-9223372036854775808,"ProcessGuid":"{9f85ce58-59d8-5f2b-0c00-000000000400}","SourceModuleType":"im_msvistalog","RuleName":"-"}
{"tags":["mordorDataset"],"@version":"1","EventType":"CreateKey","Version":2,"ThreadID":4208,"EventTime":"2020-08-07 10:33:21","Task":12,"AccountType":"User","Channel":"Microsoft-Windows-Sysmon/Operational","EventTypeOrignal":"INFO","SourceName":"Microsoft-Windows-Sysmon","Hostname":"MORDORDC.theshire.local","@timestamp":"2020-08-07T14:33:23.134Z","OpcodeValue":0,"Message":"Registry object added or deleted:\r\nRuleName: -\r\nEventType: CreateKey\r\nUtcTime: 2020-08-07 14:33:21.286\r\nProcessGuid: {9f85ce58-59d8-5f2b-0c00-000000000400}\r\nProcessId: 704\r\nImage: C:\\windows\\system32\\lsass.exe\r\nTargetObject: HKLM\\System\\CurrentControlSet\\Services\\Tcpip\\Parameters","SourceModuleName":"eventlog","ProcessId":"704","EventReceivedTime":"2020-08-07 10:33:23","port":60122,"AccountName":"SYSTEM","UtcTime":"2020-08-07 14:33:21.286","Domain":"NT AUTHORITY","ExecutionProcessID":3888,"host":"wec.internal.cloudapp.net","Severity":"INFO","TargetObject":"HKLM\\System\\CurrentControlSet\\Services\\Tcpip\\Parameters","SeverityValue":2,"EventID":12,"UserID":"S-1-5-18","ProviderGuid":"{5770385F-C22A-43E0-BF4C-06F5698FFBD9}","RecordNumber":757143,"Image":"C:\\windows\\system32\\lsass.exe","Keywords":-9223372036854775808,"ProcessGuid":"{9f85ce58-59d8-5f2b-0c00-000000000400}","SourceModuleType":"im_msvistalog","RuleName":"-"}
{"tags":["mordorDataset"],"@version":"1","EventType":"CreateKey","Version":2,"ThreadID":4208,"EventTime":"2020-08-07 10:33:21","Task":12,"AccountType":"User","Channel":"Microsoft-Windows-Sysmon/Operational","EventTypeOrignal":"INFO","SourceName":"Microsoft-Windows-Sysmon","Hostname":"MORDORDC.theshire.local","@timestamp":"2020-08-07T14:33:23.135Z","OpcodeValue":0,"Message":"Registry object added or deleted:\r\nRuleName: -\r\nEventType: CreateKey\r\nUtcTime: 2020-08-07 14:33:21.286\r\nProcessGuid: {9f85ce58-59d8-5f2b-0c00-000000000400}\r\nProcessId: 704\r\nImage: C:\\windows\\system32\\lsass.exe\r\nTargetObject: HKLM\\System\\CurrentControlSet\\Services\\Tcpip\\Parameters","SourceModuleName":"eventlog","ProcessId":"704","EventReceivedTime":"2020-08-07 10:33:23","port":60122,"AccountName":"SYSTEM","UtcTime":"2020-08-07 14:33:21.286","Domain":"NT AUTHORITY","ExecutionProcessID":3888,"host":"wec.internal.cloudapp.net","Severity":"INFO","TargetObject":"HKLM\\System\\CurrentControlSet\\Services\\Tcpip\\Parameters","SeverityValue":2,"EventID":12,"UserID":"S-1-5-18","ProviderGuid":"{5770385F-C22A-43E0-BF4C-06F5698FFBD9}","RecordNumber":757144,"Image":"C:\\windows\\system32\\lsass.exe","Keywords":-9223372036854775808,"ProcessGuid":"{9f85ce58-59d8-5f2b-0c00-000000000400}","SourceModuleType":"im_msvistalog","RuleName":"-"}
{"tags":["mordorDataset"],"@version":"1","EventType":"CreateKey","Version":2,"ThreadID":4208,"EventTime":"2020-08-07 10:33:21","Task":12,"AccountType":"User","Channel":"Microsoft-Windows-Sysmon/Operational","EventTypeOrignal":"INFO","SourceName":"Microsoft-Windows-Sysmon","Hostname":"MORDORDC.theshire.local","@timestamp":"2020-08-07T14:33:23.135Z","OpcodeValue":0,"Message":"Registry object added or deleted:\r\nRuleName: -\r\nEventType: CreateKey\r\nUtcTime: 2020-08-07 14:33:21.286\r\nProcessGuid: {9f85ce58-59d8-5f2b-0c00-000000000400}\r\nProcessId: 704\r\nImage: C:\\windows\\system32\\lsass.exe\r\nTargetObject: HKLM\\System\\CurrentControlSet\\Services\\Tcpip\\Parameters","SourceModuleName":"eventlog","ProcessId":"704","EventReceivedTime":"2020-08-07 10:33:23","port":60122,"AccountName":"SYSTEM","UtcTime":"2020-08-07 14:33:21.286","Domain":"NT AUTHORITY","ExecutionProcessID":3888,"host":"wec.internal.cloudapp.net","Severity":"INFO","TargetObject":"HKLM\\System\\CurrentControlSet\\Services\\Tcpip\\Parameters","SeverityValue":2,"EventID":12,"UserID":"S-1-5-18","ProviderGuid":"{5770385F-C22A-43E0-BF4C-06F5698FFBD9}","RecordNumber":757145,"Image":"C:\\windows\\system32\\lsass.exe","Keywords":-9223372036854775808,"ProcessGuid":"{9f85ce58-59d8-5f2b-0c00-000000000400}","SourceModuleType":"im_msvistalog","RuleName":"-"}
{"tags":["mordorDataset"],"@version":"1","EventType":"CreateKey","Version":2,"ThreadID":4208,"EventTime":"2020-08-07 10:33:21","Task":12,"AccountType":"User","Channel":"Microsoft-Windows-Sysmon/Operational","EventTypeOrignal":"INFO","SourceName":"Microsoft-Windows-Sysmon","Hostname":"MORDORDC.theshire.local","@timestamp":"2020-08-07T14:33:23.136Z","OpcodeValue":0,"Message":"Registry object added or deleted:\r\nRuleName: -\r\nEventType: CreateKey\r\nUtcTime: 2020-08-07 14:33:21.286\r\nProcessGuid: {9f85ce58-59d8-5f2b-0c00-000000000400}\r\nProcessId: 704\r\nImage: C:\\windows\\system32\\lsass.exe\r\nTargetObject: HKLM\\System\\CurrentControlSet\\Services\\Tcpip\\Parameters","SourceModuleName":"eventlog","ProcessId":"704","EventReceivedTime":"2020-08-07 10:33:23","port":60122,"AccountName":"SYSTEM","UtcTime":"2020-08-07 14:33:21.286","Domain":"NT AUTHORITY","ExecutionProcessID":3888,"host":"wec.internal.cloudapp.net","Severity":"INFO","TargetObject":"HKLM\\System\\CurrentControlSet\\Services\\Tcpip\\Parameters","SeverityValue":2,"EventID":12,"UserID":"S-1-5-18","ProviderGuid":"{5770385F-C22A-43E0-BF4C-06F5698FFBD9}","RecordNumber":757146,"Image":"C:\\windows\\system32\\lsass.exe","Keywords":-9223372036854775808,"ProcessGuid":"{9f85ce58-59d8-5f2b-0c00-000000000400}","SourceModuleType":"im_msvistalog","RuleName":"-"}
{"tags":["mordorDataset"],"@version":"1","EventType":"CreateKey","Version":2,"ThreadID":4208,"EventTime":"2020-08-07 10:33:21","Task":12,"AccountType":"User","Channel":"Microsoft-Windows-Sysmon/Operational","EventTypeOrignal":"INFO","SourceName":"Microsoft-Windows-Sysmon","Hostname":"MORDORDC.theshire.local","@timestamp":"2020-08-07T14:33:23.136Z","OpcodeValue":0,"Message":"Registry object added or deleted:\r\nRuleName: -\r\nEventType: CreateKey\r\nUtcTime: 2020-08-07 14:33:21.286\r\nProcessGuid: {9f85ce58-59d8-5f2b-0c00-000000000400}\r\nProcessId: 704\r\nImage: C:\\windows\\system32\\lsass.exe\r\nTargetObject: HKLM\\System\\CurrentControlSet\\Services\\Tcpip\\Parameters","SourceModuleName":"eventlog","ProcessId":"704","EventReceivedTime":"2020-08-07 10:33:23","port":60122,"AccountName":"SYSTEM","UtcTime":"2020-08-07 14:33:21.286","Domain":"NT AUTHORITY","ExecutionProcessID":3888,"host":"wec.internal.cloudapp.net","Severity":"INFO","TargetObject":"HKLM\\System\\CurrentControlSet\\Services\\Tcpip\\Parameters","SeverityValue":2,"EventID":12,"UserID":"S-1-5-18","ProviderGuid":"{5770385F-C22A-43E0-BF4C-06F5698FFBD9}","RecordNumber":757147,"Image":"C:\\windows\\system32\\lsass.exe","Keywords":-9223372036854775808,"ProcessGuid":"{9f85ce58-59d8-5f2b-0c00-000000000400}","SourceModuleType":"im_msvistalog","RuleName":"-"}
{"tags":["mordorDataset"],"@version":"1","EventType":"CreateKey","Version":2,"ThreadID":4208,"EventTime":"2020-08-07 10:33:21","Task":12,"AccountType":"User","Channel":"Microsoft-Windows-Sysmon/Operational","EventTypeOrignal":"INFO","SourceName":"Microsoft-Windows-Sysmon","Hostname":"MORDORDC.theshire.local","@timestamp":"2020-08-07T14:33:23.137Z","OpcodeValue":0,"Message":"Registry object added or deleted:\r\nRuleName: -\r\nEventType: CreateKey\r\nUtcTime: 2020-08-07 14:33:21.286\r\nProcessGuid: {9f85ce58-59d8-5f2b-0c00-000000000400}\r\nProcessId: 704\r\nImage: C:\\windows\\system32\\lsass.exe\r\nTargetObject: HKLM\\System\\CurrentControlSet\\Services\\Tcpip\\Parameters","SourceModuleName":"eventlog","ProcessId":"704","EventReceivedTime":"2020-08-07 10:33:23","port":60122,"AccountName":"SYSTEM","UtcTime":"2020-08-07 14:33:21.286","Domain":"NT AUTHORITY","ExecutionProcessID":3888,"host":"wec.internal.cloudapp.net","Severity":"INFO","TargetObject":"HKLM\\System\\CurrentControlSet\\Services\\Tcpip\\Parameters","SeverityValue":2,"EventID":12,"UserID":"S-1-5-18","ProviderGuid":"{5770385F-C22A-43E0-BF4C-06F5698FFBD9}","RecordNumber":757148,"Image":"C:\\windows\\system32\\lsass.exe","Keywords":-9223372036854775808,"ProcessGuid":"{9f85ce58-59d8-5f2b-0c00-000000000400}","SourceModuleType":"im_msvistalog","RuleName":"-"}
{"tags":["mordorDataset"],"@version":"1","EventType":"CreateKey","Version":2,"ThreadID":4208,"EventTime":"2020-08-07 10:33:21","Task":12,"AccountType":"User","Channel":"Microsoft-Windows-Sysmon/Operational","EventTypeOrignal":"INFO","SourceName":"Microsoft-Windows-Sysmon","Hostname":"MORDORDC.theshire.local","@timestamp":"2020-08-07T14:33:23.137Z","OpcodeValue":0,"Message":"Registry object added or deleted:\r\nRuleName: -\r\nEventType: CreateKey\r\nUtcTime: 2020-08-07 14:33:21.286\r\nProcessGuid: {9f85ce58-59d8-5f2b-0c00-000000000400}\r\nProcessId: 704\r\nImage: C:\\windows\\system32\\lsass.exe\r\nTargetObject: HKLM\\System\\CurrentControlSet\\Services\\Tcpip\\Parameters","SourceModuleName":"eventlog","ProcessId":"704","EventReceivedTime":"2020-08-07 10:33:23","port":60122,"AccountName":"SYSTEM","UtcTime":"2020-08-07 14:33:21.286","Domain":"NT AUTHORITY","ExecutionProcessID":3888,"host":"wec.internal.cloudapp.net","Severity":"INFO","TargetObject":"HKLM\\System\\CurrentControlSet\\Services\\Tcpip\\Parameters","SeverityValue":2,"EventID":12,"UserID":"S-1-5-18","ProviderGuid":"{5770385F-C22A-43E0-BF4C-06F5698FFBD9}","RecordNumber":757149,"Image":"C:\\windows\\system32\\lsass.exe","Keywords":-9223372036854775808,"ProcessGuid":"{9f85ce58-59d8-5f2b-0c00-000000000400}","SourceModuleType":"im_msvistalog","RuleName":"-"}
{"tags":["mordorDataset"],"@version":"1","EventType":"CreateKey","Version":2,"ThreadID":4208,"EventTime":"2020-08-07 10:33:21","Task":12,"AccountType":"User","Channel":"Microsoft-Windows-Sysmon/Operational","EventTypeOrignal":"INFO","SourceName":"Microsoft-Windows-Sysmon","Hostname":"MORDORDC.theshire.local","@timestamp":"2020-08-07T14:33:23.138Z","OpcodeValue":0,"Message":"Registry object added or deleted:\r\nRuleName: -\r\nEventType: CreateKey\r\nUtcTime: 2020-08-07 14:33:21.286\r\nProcessGuid: {9f85ce58-59d8-5f2b-0c00-000000000400}\r\nProcessId: 704\r\nImage: C:\\windows\\system32\\lsass.exe\r\nTargetObject: HKLM\\System\\CurrentControlSet\\Services\\Tcpip\\Parameters","SourceModuleName":"eventlog","ProcessId":"704","EventReceivedTime":"2020-08-07 10:33:23","port":60122,"AccountName":"SYSTEM","UtcTime":"2020-08-07 14:33:21.286","Domain":"NT AUTHORITY","ExecutionProcessID":3888,"host":"wec.internal.cloudapp.net","Severity":"INFO","TargetObject":"HKLM\\System\\CurrentControlSet\\Services\\Tcpip\\Parameters","SeverityValue":2,"EventID":12,"UserID":"S-1-5-18","ProviderGuid":"{5770385F-C22A-43E0-BF4C-06F5698FFBD9}","RecordNumber":757150,"Image":"C:\\windows\\system32\\lsass.exe","Keywords":-9223372036854775808,"ProcessGuid":"{9f85ce58-59d8-5f2b-0c00-000000000400}","SourceModuleType":"im_msvistalog","RuleName":"-"}
{"tags":["mordorDataset"],"@version":"1","EventType":"CreateKey","Version":2,"ThreadID":4208,"EventTime":"2020-08-07 10:33:21","Task":12,"AccountType":"User","Channel":"Microsoft-Windows-Sysmon/Operational","EventTypeOrignal":"INFO","SourceName":"Microsoft-Windows-Sysmon","Hostname":"MORDORDC.theshire.local","@timestamp":"2020-08-07T14:33:23.139Z","OpcodeValue":0,"Message":"Registry object added or deleted:\r\nRuleName: -\r\nEventType: CreateKey\r\nUtcTime: 2020-08-07 14:33:21.301\r\nProcessGuid: {9f85ce58-59d8-5f2b-0c00-000000000400}\r\nProcessId: 704\r\nImage: C:\\windows\\system32\\lsass.exe\r\nTargetObject: HKLM\\System\\CurrentControlSet\\Services\\Tcpip\\Parameters","SourceModuleName":"eventlog","ProcessId":"704","EventReceivedTime":"2020-08-07 10:33:23","port":60122,"AccountName":"SYSTEM","UtcTime":"2020-08-07 14:33:21.301","Domain":"NT AUTHORITY","ExecutionProcessID":3888,"host":"wec.internal.cloudapp.net","Severity":"INFO","TargetObject":"HKLM\\System\\CurrentControlSet\\Services\\Tcpip\\Parameters","SeverityValue":2,"EventID":12,"UserID":"S-1-5-18","ProviderGuid":"{5770385F-C22A-43E0-BF4C-06F5698FFBD9}","RecordNumber":757151,"Image":"C:\\windows\\system32\\lsass.exe","Keywords":-9223372036854775808,"ProcessGuid":"{9f85ce58-59d8-5f2b-0c00-000000000400}","SourceModuleType":"im_msvistalog","RuleName":"-"}
{"tags":["mordorDataset"],"@version":"1","EventType":"CreateKey","Version":2,"ThreadID":4208,"EventTime":"2020-08-07 10:33:21","Task":12,"AccountType":"User","Channel":"Microsoft-Windows-Sysmon/Operational","EventTypeOrignal":"INFO","SourceName":"Microsoft-Windows-Sysmon","Hostname":"MORDORDC.theshire.local","@timestamp":"2020-08-07T14:33:23.140Z","OpcodeValue":0,"Message":"Registry object added or deleted:\r\nRuleName: -\r\nEventType: CreateKey\r\nUtcTime: 2020-08-07 14:33:21.301\r\nProcessGuid: {9f85ce58-59d8-5f2b-0c00-000000000400}\r\nProcessId: 704\r\nImage: C:\\windows\\system32\\lsass.exe\r\nTargetObject: HKLM\\System\\CurrentControlSet\\Services\\Tcpip\\Parameters","SourceModuleName":"eventlog","ProcessId":"704","EventReceivedTime":"2020-08-07 10:33:23","port":60122,"AccountName":"SYSTEM","UtcTime":"2020-08-07 14:33:21.301","Domain":"NT AUTHORITY","ExecutionProcessID":3888,"host":"wec.internal.cloudapp.net","Severity":"INFO","TargetObject":"HKLM\\System\\CurrentControlSet\\Services\\Tcpip\\Parameters","SeverityValue":2,"EventID":12,"UserID":"S-1-5-18","ProviderGuid":"{5770385F-C22A-43E0-BF4C-06F5698FFBD9}","RecordNumber":757152,"Image":"C:\\windows\\system32\\lsass.exe","Keywords":-9223372036854775808,"ProcessGuid":"{9f85ce58-59d8-5f2b-0c00-000000000400}","SourceModuleType":"im_msvistalog","RuleName":"-"}
{"tags":["mordorDataset"],"@version":"1","EventType":"CreateKey","Version":2,"ThreadID":4208,"EventTime":"2020-08-07 10:33:21","Task":12,"AccountType":"User","Channel":"Microsoft-Windows-Sysmon/Operational","EventTypeOrignal":"INFO","SourceName":"Microsoft-Windows-Sysmon","Hostname":"MORDORDC.theshire.local","@timestamp":"2020-08-07T14:33:23.141Z","OpcodeValue":0,"Message":"Registry object added or deleted:\r\nRuleName: -\r\nEventType: CreateKey\r\nUtcTime: 2020-08-07 14:33:21.301\r\nProcessGuid: {9f85ce58-59d8-5f2b-0c00-000000000400}\r\nProcessId: 704\r\nImage: C:\\windows\\system32\\lsass.exe\r\nTargetObject: HKLM\\System\\CurrentControlSet\\Services\\Tcpip\\Parameters","SourceModuleName":"eventlog","ProcessId":"704","EventReceivedTime":"2020-08-07 10:33:23","port":60122,"AccountName":"SYSTEM","UtcTime":"2020-08-07 14:33:21.301","Domain":"NT AUTHORITY","ExecutionProcessID":3888,"host":"wec.internal.cloudapp.net","Severity":"INFO","TargetObject":"HKLM\\System\\CurrentControlSet\\Services\\Tcpip\\Parameters","SeverityValue":2,"EventID":12,"UserID":"S-1-5-18","ProviderGuid":"{5770385F-C22A-43E0-BF4C-06F5698FFBD9}","RecordNumber":757153,"Image":"C:\\windows\\system32\\lsass.exe","Keywords":-9223372036854775808,"ProcessGuid":"{9f85ce58-59d8-5f2b-0c00-000000000400}","SourceModuleType":"im_msvistalog","RuleName":"-"}
{"tags":["mordorDataset"],"@version":"1","EventType":"CreateKey","Version":2,"ThreadID":4208,"EventTime":"2020-08-07 10:33:21","Task":12,"AccountType":"User","Channel":"Microsoft-Windows-Sysmon/Operational","EventTypeOrignal":"INFO","SourceName":"Microsoft-Windows-Sysmon","Hostname":"MORDORDC.theshire.local","@timestamp":"2020-08-07T14:33:23.141Z","OpcodeValue":0,"Message":"Registry object added or deleted:\r\nRuleName: -\r\nEventType: CreateKey\r\nUtcTime: 2020-08-07 14:33:21.301\r\nProcessGuid: {9f85ce58-59d8-5f2b-0c00-000000000400}\r\nProcessId: 704\r\nImage: C:\\windows\\system32\\lsass.exe\r\nTargetObject: HKLM\\System\\CurrentControlSet\\Services\\Tcpip\\Parameters","SourceModuleName":"eventlog","ProcessId":"704","EventReceivedTime":"2020-08-07 10:33:23","port":60122,"AccountName":"SYSTEM","UtcTime":"2020-08-07 14:33:21.301","Domain":"NT AUTHORITY","ExecutionProcessID":3888,"host":"wec.internal.cloudapp.net","Severity":"INFO","TargetObject":"HKLM\\System\\CurrentControlSet\\Services\\Tcpip\\Parameters","SeverityValue":2,"EventID":12,"UserID":"S-1-5-18","ProviderGuid":"{5770385F-C22A-43E0-BF4C-06F5698FFBD9}","RecordNumber":757154,"Image":"C:\\windows\\system32\\lsass.exe","Keywords":-9223372036854775808,"ProcessGuid":"{9f85ce58-59d8-5f2b-0c00-000000000400}","SourceModuleType":"im_msvistalog","RuleName":"-"}
{"tags":["mordorDataset"],"@version":"1","EventType":"CreateKey","Version":2,"ThreadID":4208,"EventTime":"2020-08-07 10:33:21","Task":12,"AccountType":"User","Channel":"Microsoft-Windows-Sysmon/Operational","EventTypeOrignal":"INFO","SourceName":"Microsoft-Windows-Sysmon","Hostname":"MORDORDC.theshire.local","@timestamp":"2020-08-07T14:33:23.141Z","OpcodeValue":0,"Message":"Registry object added or deleted:\r\nRuleName: -\r\nEventType: CreateKey\r\nUtcTime: 2020-08-07 14:33:21.301\r\nProcessGuid: {9f85ce58-59d8-5f2b-0c00-000000000400}\r\nProcessId: 704\r\nImage: C:\\windows\\system32\\lsass.exe\r\nTargetObject: HKLM\\System\\CurrentControlSet\\Services\\Tcpip\\Parameters","SourceModuleName":"eventlog","ProcessId":"704","EventReceivedTime":"2020-08-07 10:33:23","port":60122,"AccountName":"SYSTEM","UtcTime":"2020-08-07 14:33:21.301","Domain":"NT AUTHORITY","ExecutionProcessID":3888,"host":"wec.internal.cloudapp.net","Severity":"INFO","TargetObject":"HKLM\\System\\CurrentControlSet\\Services\\Tcpip\\Parameters","SeverityValue":2,"EventID":12,"UserID":"S-1-5-18","ProviderGuid":"{5770385F-C22A-43E0-BF4C-06F5698FFBD9}","RecordNumber":757155,"Image":"C:\\windows\\system32\\lsass.exe","Keywords":-9223372036854775808,"ProcessGuid":"{9f85ce58-59d8-5f2b-0c00-000000000400}","SourceModuleType":"im_msvistalog","RuleName":"-"}
{"tags":["mordorDataset"],"@version":"1","EventType":"CreateKey","Version":2,"ThreadID":4208,"EventTime":"2020-08-07 10:33:21","Task":12,"AccountType":"User","Channel":"Microsoft-Windows-Sysmon/Operational","EventTypeOrignal":"INFO","SourceName":"Microsoft-Windows-Sysmon","Hostname":"MORDORDC.theshire.local","@timestamp":"2020-08-07T14:33:23.142Z","OpcodeValue":0,"Message":"Registry object added or deleted:\r\nRuleName: -\r\nEventType: CreateKey\r\nUtcTime: 2020-08-07 14:33:21.301\r\nProcessGuid: {9f85ce58-59d8-5f2b-0c00-000000000400}\r\nProcessId: 704\r\nImage: C:\\windows\\system32\\lsass.exe\r\nTargetObject: HKLM\\System\\CurrentControlSet\\Services\\Tcpip\\Parameters","SourceModuleName":"eventlog","ProcessId":"704","EventReceivedTime":"2020-08-07 10:33:23","port":60122,"AccountName":"SYSTEM","UtcTime":"2020-08-07 14:33:21.301","Domain":"NT AUTHORITY","ExecutionProcessID":3888,"host":"wec.internal.cloudapp.net","Severity":"INFO","TargetObject":"HKLM\\System\\CurrentControlSet\\Services\\Tcpip\\Parameters","SeverityValue":2,"EventID":12,"UserID":"S-1-5-18","ProviderGuid":"{5770385F-C22A-43E0-BF4C-06F5698FFBD9}","RecordNumber":757156,"Image":"C:\\windows\\system32\\lsass.exe","Keywords":-9223372036854775808,"ProcessGuid":"{9f85ce58-59d8-5f2b-0c00-000000000400}","SourceModuleType":"im_msvistalog","RuleName":"-"}
{"tags":["mordorDataset"],"@version":"1","EventType":"CreateKey","Version":2,"ThreadID":4208,"EventTime":"2020-08-07 10:33:21","Task":12,"AccountType":"User","Channel":"Microsoft-Windows-Sysmon/Operational","EventTypeOrignal":"INFO","SourceName":"Microsoft-Windows-Sysmon","Hostname":"MORDORDC.theshire.local","@timestamp":"2020-08-07T14:33:23.142Z","OpcodeValue":0,"Message":"Registry object added or deleted:\r\nRuleName: -\r\nEventType: CreateKey\r\nUtcTime: 2020-08-07 14:33:21.301\r\nProcessGuid: {9f85ce58-59d8-5f2b-0c00-000000000400}\r\nProcessId: 704\r\nImage: C:\\windows\\system32\\lsass.exe\r\nTargetObject: HKLM\\System\\CurrentControlSet\\Services\\Tcpip\\Parameters","SourceModuleName":"eventlog","ProcessId":"704","EventReceivedTime":"2020-08-07 10:33:23","port":60122,"AccountName":"SYSTEM","UtcTime":"2020-08-07 14:33:21.301","Domain":"NT AUTHORITY","ExecutionProcessID":3888,"host":"wec.internal.cloudapp.net","Severity":"INFO","TargetObject":"HKLM\\System\\CurrentControlSet\\Services\\Tcpip\\Parameters","SeverityValue":2,"EventID":12,"UserID":"S-1-5-18","ProviderGuid":"{5770385F-C22A-43E0-BF4C-06F5698FFBD9}","RecordNumber":757157,"Image":"C:\\windows\\system32\\lsass.exe","Keywords":-9223372036854775808,"ProcessGuid":"{9f85ce58-59d8-5f2b-0c00-000000000400}","SourceModuleType":"im_msvistalog","RuleName":"-"}
{"tags":["mordorDataset"],"@version":"1","EventType":"CreateKey","Version":2,"ThreadID":4208,"EventTime":"2020-08-07 10:33:21","Task":12,"AccountType":"User","Channel":"Microsoft-Windows-Sysmon/Operational","EventTypeOrignal":"INFO","SourceName":"Microsoft-Windows-Sysmon","Hostname":"MORDORDC.theshire.local","@timestamp":"2020-08-07T14:33:23.143Z","OpcodeValue":0,"Message":"Registry object added or deleted:\r\nRuleName: -\r\nEventType: CreateKey\r\nUtcTime: 2020-08-07 14:33:21.301\r\nProcessGuid: {9f85ce58-59d8-5f2b-0c00-000000000400}\r\nProcessId: 704\r\nImage: C:\\windows\\system32\\lsass.exe\r\nTargetObject: HKLM\\System\\CurrentControlSet\\Services\\Tcpip\\Parameters","SourceModuleName":"eventlog","ProcessId":"704","EventReceivedTime":"2020-08-07 10:33:23","port":60122,"AccountName":"SYSTEM","UtcTime":"2020-08-07 14:33:21.301","Domain":"NT AUTHORITY","ExecutionProcessID":3888,"host":"wec.internal.cloudapp.net","Severity":"INFO","TargetObject":"HKLM\\System\\CurrentControlSet\\Services\\Tcpip\\Parameters","SeverityValue":2,"EventID":12,"UserID":"S-1-5-18","ProviderGuid":"{5770385F-C22A-43E0-BF4C-06F5698FFBD9}","RecordNumber":757158,"Image":"C:\\windows\\system32\\lsass.exe","Keywords":-9223372036854775808,"ProcessGuid":"{9f85ce58-59d8-5f2b-0c00-000000000400}","SourceModuleType":"im_msvistalog","RuleName":"-"}
{"tags":["mordorDataset"],"@version":"1","EventType":"CreateKey","Version":2,"ThreadID":4208,"EventTime":"2020-08-07 10:33:21","Task":12,"AccountType":"User","Channel":"Microsoft-Windows-Sysmon/Operational","EventTypeOrignal":"INFO","SourceName":"Microsoft-Windows-Sysmon","Hostname":"MORDORDC.theshire.local","@timestamp":"2020-08-07T14:33:23.143Z","OpcodeValue":0,"Message":"Registry object added or deleted:\r\nRuleName: -\r\nEventType: CreateKey\r\nUtcTime: 2020-08-07 14:33:21.301\r\nProcessGuid: {9f85ce58-59d8-5f2b-0c00-000000000400}\r\nProcessId: 704\r\nImage: C:\\windows\\system32\\lsass.exe\r\nTargetObject: HKLM\\System\\CurrentControlSet\\Services\\Tcpip\\Parameters","SourceModuleName":"eventlog","ProcessId":"704","EventReceivedTime":"2020-08-07 10:33:23","port":60122,"AccountName":"SYSTEM","UtcTime":"2020-08-07 14:33:21.301","Domain":"NT AUTHORITY","ExecutionProcessID":3888,"host":"wec.internal.cloudapp.net","Severity":"INFO","TargetObject":"HKLM\\System\\CurrentControlSet\\Services\\Tcpip\\Parameters","SeverityValue":2,"EventID":12,"UserID":"S-1-5-18","ProviderGuid":"{5770385F-C22A-43E0-BF4C-06F5698FFBD9}","RecordNumber":757159,"Image":"C:\\windows\\system32\\lsass.exe","Keywords":-9223372036854775808,"ProcessGuid":"{9f85ce58-59d8-5f2b-0c00-000000000400}","SourceModuleType":"im_msvistalog","RuleName":"-"}
{"tags":["mordorDataset"],"@version":"1","EventType":"CreateKey","Version":2,"ThreadID":4208,"EventTime":"2020-08-07 10:33:21","Task":12,"AccountType":"User","Channel":"Microsoft-Windows-Sysmon/Operational","EventTypeOrignal":"INFO","SourceName":"Microsoft-Windows-Sysmon","Hostname":"MORDORDC.theshire.local","@timestamp":"2020-08-07T14:33:23.144Z","OpcodeValue":0,"Message":"Registry object added or deleted:\r\nRuleName: -\r\nEventType: CreateKey\r\nUtcTime: 2020-08-07 14:33:21.301\r\nProcessGuid: {9f85ce58-59d8-5f2b-0c00-000000000400}\r\nProcessId: 704\r\nImage: C:\\windows\\system32\\lsass.exe\r\nTargetObject: HKLM\\System\\CurrentControlSet\\Services\\Tcpip\\Parameters","SourceModuleName":"eventlog","ProcessId":"704","EventReceivedTime":"2020-08-07 10:33:23","port":60122,"AccountName":"SYSTEM","UtcTime":"2020-08-07 14:33:21.301","Domain":"NT AUTHORITY","ExecutionProcessID":3888,"host":"wec.internal.cloudapp.net","Severity":"INFO","TargetObject":"HKLM\\System\\CurrentControlSet\\Services\\Tcpip\\Parameters","SeverityValue":2,"EventID":12,"UserID":"S-1-5-18","ProviderGuid":"{5770385F-C22A-43E0-BF4C-06F5698FFBD9}","RecordNumber":757160,"Image":"C:\\windows\\system32\\lsass.exe","Keywords":-9223372036854775808,"ProcessGuid":"{9f85ce58-59d8-5f2b-0c00-000000000400}","SourceModuleType":"im_msvistalog","RuleName":"-"}
{"tags":["mordorDataset"],"@version":"1","EventType":"CreateKey","Version":2,"ThreadID":4364,"EventTime":"2020-08-07 10:33:22","Task":12,"AccountType":"User","Channel":"Microsoft-Windows-Sysmon/Operational","EventTypeOrignal":"INFO","SourceName":"Microsoft-Windows-Sysmon","Hostname":"WORKSTATION5.theshire.local","@timestamp":"2020-08-07T14:33:24.166Z","OpcodeValue":0,"Message":"Registry object added or deleted:\r\nRuleName: -\r\nEventType: CreateKey\r\nUtcTime: 2020-08-07 14:33:22.253\r\nProcessGuid: {297bc33e-65d0-5f2d-8207-000000000400}\r\nProcessId: 1648\r\nImage: C:\\windows\\System32\\WindowsPowerShell\\v1.0\\powershell.exe\r\nTargetObject: HKU\\S-1-5-21-1363495622-3806888128-621328882-1104\\Software\\Microsoft\\Windows\\CurrentVersion\\Internet Settings\\Connections","SourceModuleName":"eventlog","ProcessId":"1648","EventReceivedTime":"2020-08-07 10:33:24","port":60122,"AccountName":"SYSTEM","UtcTime":"2020-08-07 14:33:22.253","Domain":"NT AUTHORITY","ExecutionProcessID":3284,"host":"wec.internal.cloudapp.net","Severity":"INFO","TargetObject":"HKU\\S-1-5-21-1363495622-3806888128-621328882-1104\\Software\\Microsoft\\Windows\\CurrentVersion\\Internet Settings\\Connections","SeverityValue":2,"EventID":12,"UserID":"S-1-5-18","ProviderGuid":"{5770385F-C22A-43E0-BF4C-06F5698FFBD9}","RecordNumber":725786,"Image":"C:\\windows\\System32\\WindowsPowerShell\\v1.0\\powershell.exe","Keywords":-9223372036854775808,"ProcessGuid":"{297bc33e-65d0-5f2d-8207-000000000400}","SourceModuleType":"im_msvistalog","RuleName":"-"}
{"tags":["mordorDataset"],"@version":"1","EventType":"INFO","AccountType":"User","ThreadID":4204,"DestinationPortName":"-","DestinationIp":"0:0:0:0:0:0:0:1","SourcePort":"53","Channel":"Microsoft-Windows-Sysmon/Operational","OpcodeValue":0,"Hostname":"MORDORDC.theshire.local","@timestamp":"2020-08-07T14:33:24.166Z","SourceIp":"0:0:0:0:0:0:0:1","ProcessId":"3616","Initiated":"false","DestinationHostname":"-","host":"wec.internal.cloudapp.net","Severity":"INFO","SourceHostname":"-","SeverityValue":2,"Image":"C:\\Windows\\System32\\dns.exe","SourceModuleType":"im_msvistalog","Version":5,"EventTime":"2020-08-07 10:33:22","Task":3,"DestinationPort":"58533","SourceIsIpv6":"true","SourceName":"Microsoft-Windows-Sysmon","Message":"Network connection detected:\r\nRuleName: -\r\nUtcTime: 2020-08-07 14:33:13.209\r\nProcessGuid: {9f85ce58-59ed-5f2b-5000-000000000400}\r\nProcessId: 3616\r\nImage: C:\\Windows\\System32\\dns.exe\r\nUser: NT AUTHORITY\\SYSTEM\r\nProtocol: udp\r\nInitiated: false\r\nSourceIsIpv6: true\r\nSourceIp: 0:0:0:0:0:0:0:1\r\nSourceHostname: -\r\nSourcePort: 53\r\nSourcePortName: -\r\nDestinationIsIpv6: true\r\nDestinationIp: 0:0:0:0:0:0:0:1\r\nDestinationHostname: -\r\nDestinationPort: 58533\r\nDestinationPortName: -","SourceModuleName":"eventlog","EventReceivedTime":"2020-08-07 10:33:24","port":60122,"AccountName":"SYSTEM","UtcTime":"2020-08-07 14:33:13.209","Domain":"NT AUTHORITY","ExecutionProcessID":3888,"User":"NT AUTHORITY\\SYSTEM","DestinationIsIpv6":"true","SourcePortName":"-","UserID":"S-1-5-18","EventID":3,"ProviderGuid":"{5770385F-C22A-43E0-BF4C-06F5698FFBD9}","RecordNumber":757161,"Keywords":-9223372036854775808,"ProcessGuid":"{9f85ce58-59ed-5f2b-5000-000000000400}","Protocol":"udp","RuleName":"-"}
{"tags":["mordorDataset"],"@version":"1","EventType":"INFO","AccountType":"User","ThreadID":4204,"DestinationPortName":"-","DestinationIp":"172.18.38.5","SourcePort":"53","Channel":"Microsoft-Windows-Sysmon/Operational","OpcodeValue":0,"Hostname":"MORDORDC.theshire.local","@timestamp":"2020-08-07T14:33:24.167Z","SourceIp":"172.18.38.5","ProcessId":"3616","Initiated":"false","DestinationHostname":"-","host":"wec.internal.cloudapp.net","Severity":"INFO","SourceHostname":"-","SeverityValue":2,"Image":"C:\\Windows\\System32\\dns.exe","SourceModuleType":"im_msvistalog","Version":5,"EventTime":"2020-08-07 10:33:22","Task":3,"DestinationPort":"51907","SourceIsIpv6":"false","SourceName":"Microsoft-Windows-Sysmon","Message":"Network connection detected:\r\nRuleName: -\r\nUtcTime: 2020-08-07 14:33:13.210\r\nProcessGuid: {9f85ce58-59ed-5f2b-5000-000000000400}\r\nProcessId: 3616\r\nImage: C:\\Windows\\System32\\dns.exe\r\nUser: NT AUTHORITY\\SYSTEM\r\nProtocol: udp\r\nInitiated: false\r\nSourceIsIpv6: false\r\nSourceIp: 172.18.38.5\r\nSourceHostname: -\r\nSourcePort: 53\r\nSourcePortName: -\r\nDestinationIsIpv6: false\r\nDestinationIp: 172.18.38.5\r\nDestinationHostname: -\r\nDestinationPort: 51907\r\nDestinationPortName: -","SourceModuleName":"eventlog","EventReceivedTime":"2020-08-07 10:33:24","port":60122,"AccountName":"SYSTEM","UtcTime":"2020-08-07 14:33:13.210","Domain":"NT AUTHORITY","ExecutionProcessID":3888,"User":"NT AUTHORITY\\SYSTEM","DestinationIsIpv6":"false","SourcePortName":"-","UserID":"S-1-5-18","EventID":3,"ProviderGuid":"{5770385F-C22A-43E0-BF4C-06F5698FFBD9}","RecordNumber":757162,"Keywords":-9223372036854775808,"ProcessGuid":"{9f85ce58-59ed-5f2b-5000-000000000400}","Protocol":"udp","RuleName":"-"}
{"tags":["mordorDataset"],"@version":"1","EventType":"INFO","AccountType":"User","ThreadID":4204,"DestinationPortName":"-","DestinationIp":"172.18.38.5","SourcePort":"53","Channel":"Microsoft-Windows-Sysmon/Operational","OpcodeValue":0,"Hostname":"MORDORDC.theshire.local","@timestamp":"2020-08-07T14:33:24.167Z","SourceIp":"172.18.38.5","ProcessId":"3616","Initiated":"false","DestinationHostname":"-","host":"wec.internal.cloudapp.net","Severity":"INFO","SourceHostname":"-","SeverityValue":2,"Image":"C:\\Windows\\System32\\dns.exe","SourceModuleType":"im_msvistalog","Version":5,"EventTime":"2020-08-07 10:33:22","Task":3,"DestinationPort":"59040","SourceIsIpv6":"false","SourceName":"Microsoft-Windows-Sysmon","Message":"Network connection detected:\r\nRuleName: -\r\nUtcTime: 2020-08-07 14:33:13.213\r\nProcessGuid: {9f85ce58-59ed-5f2b-5000-000000000400}\r\nProcessId: 3616\r\nImage: C:\\Windows\\System32\\dns.exe\r\nUser: NT AUTHORITY\\SYSTEM\r\nProtocol: udp\r\nInitiated: false\r\nSourceIsIpv6: false\r\nSourceIp: 172.18.38.5\r\nSourceHostname: -\r\nSourcePort: 53\r\nSourcePortName: -\r\nDestinationIsIpv6: false\r\nDestinationIp: 172.18.38.5\r\nDestinationHostname: -\r\nDestinationPort: 59040\r\nDestinationPortName: -","SourceModuleName":"eventlog","EventReceivedTime":"2020-08-07 10:33:24","port":60122,"AccountName":"SYSTEM","UtcTime":"2020-08-07 14:33:13.213","Domain":"NT AUTHORITY","ExecutionProcessID":3888,"User":"NT AUTHORITY\\SYSTEM","DestinationIsIpv6":"false","SourcePortName":"-","UserID":"S-1-5-18","EventID":3,"ProviderGuid":"{5770385F-C22A-43E0-BF4C-06F5698FFBD9}","RecordNumber":757163,"Keywords":-9223372036854775808,"ProcessGuid":"{9f85ce58-59ed-5f2b-5000-000000000400}","Protocol":"udp","RuleName":"-"}
{"tags":["mordorDataset"],"@version":"1","EventType":"INFO","AccountType":"User","ThreadID":4204,"DestinationPortName":"-","DestinationIp":"0:0:0:0:0:0:0:1","SourcePort":"53","Channel":"Microsoft-Windows-Sysmon/Operational","OpcodeValue":0,"Hostname":"MORDORDC.theshire.local","@timestamp":"2020-08-07T14:33:24.168Z","SourceIp":"0:0:0:0:0:0:0:1","ProcessId":"3616","Initiated":"false","DestinationHostname":"-","host":"wec.internal.cloudapp.net","Severity":"INFO","SourceHostname":"-","SeverityValue":2,"Image":"C:\\Windows\\System32\\dns.exe","SourceModuleType":"im_msvistalog","Version":5,"EventTime":"2020-08-07 10:33:22","Task":3,"DestinationPort":"58564","SourceIsIpv6":"true","SourceName":"Microsoft-Windows-Sysmon","Message":"Network connection detected:\r\nRuleName: -\r\nUtcTime: 2020-08-07 14:33:13.214\r\nProcessGuid: {9f85ce58-59ed-5f2b-5000-000000000400}\r\nProcessId: 3616\r\nImage: C:\\Windows\\System32\\dns.exe\r\nUser: NT AUTHORITY\\SYSTEM\r\nProtocol: udp\r\nInitiated: false\r\nSourceIsIpv6: true\r\nSourceIp: 0:0:0:0:0:0:0:1\r\nSourceHostname: -\r\nSourcePort: 53\r\nSourcePortName: -\r\nDestinationIsIpv6: true\r\nDestinationIp: 0:0:0:0:0:0:0:1\r\nDestinationHostname: -\r\nDestinationPort: 58564\r\nDestinationPortName: -","SourceModuleName":"eventlog","EventReceivedTime":"2020-08-07 10:33:24","port":60122,"AccountName":"SYSTEM","UtcTime":"2020-08-07 14:33:13.214","Domain":"NT AUTHORITY","ExecutionProcessID":3888,"User":"NT AUTHORITY\\SYSTEM","DestinationIsIpv6":"true","SourcePortName":"-","UserID":"S-1-5-18","EventID":3,"ProviderGuid":"{5770385F-C22A-43E0-BF4C-06F5698FFBD9}","RecordNumber":757164,"Keywords":-9223372036854775808,"ProcessGuid":"{9f85ce58-59ed-5f2b-5000-000000000400}","Protocol":"udp","RuleName":"-"}
{"tags":["mordorDataset"],"@version":"1","EventType":"INFO","AccountType":"User","ThreadID":4204,"DestinationPortName":"-","DestinationIp":"0:0:0:0:0:0:0:1","SourcePort":"53","Channel":"Microsoft-Windows-Sysmon/Operational","OpcodeValue":0,"Hostname":"MORDORDC.theshire.local","@timestamp":"2020-08-07T14:33:24.168Z","SourceIp":"0:0:0:0:0:0:0:1","ProcessId":"3616","Initiated":"false","DestinationHostname":"-","host":"wec.internal.cloudapp.net","Severity":"INFO","SourceHostname":"-","SeverityValue":2,"Image":"C:\\Windows\\System32\\dns.exe","SourceModuleType":"im_msvistalog","Version":5,"EventTime":"2020-08-07 10:33:22","Task":3,"DestinationPort":"51907","SourceIsIpv6":"true","SourceName":"Microsoft-Windows-Sysmon","Message":"Network connection detected:\r\nRuleName: -\r\nUtcTime: 2020-08-07 14:33:13.217\r\nProcessGuid: {9f85ce58-59ed-5f2b-5000-000000000400}\r\nProcessId: 3616\r\nImage: C:\\Windows\\System32\\dns.exe\r\nUser: NT AUTHORITY\\SYSTEM\r\nProtocol: udp\r\nInitiated: false\r\nSourceIsIpv6: true\r\nSourceIp: 0:0:0:0:0:0:0:1\r\nSourceHostname: -\r\nSourcePort: 53\r\nSourcePortName: -\r\nDestinationIsIpv6: true\r\nDestinationIp: 0:0:0:0:0:0:0:1\r\nDestinationHostname: -\r\nDestinationPort: 51907\r\nDestinationPortName: -","SourceModuleName":"eventlog","EventReceivedTime":"2020-08-07 10:33:24","port":60122,"AccountName":"SYSTEM","UtcTime":"2020-08-07 14:33:13.217","Domain":"NT AUTHORITY","ExecutionProcessID":3888,"User":"NT AUTHORITY\\SYSTEM","DestinationIsIpv6":"true","SourcePortName":"-","UserID":"S-1-5-18","EventID":3,"ProviderGuid":"{5770385F-C22A-43E0-BF4C-06F5698FFBD9}","RecordNumber":757165,"Keywords":-9223372036854775808,"ProcessGuid":"{9f85ce58-59ed-5f2b-5000-000000000400}","Protocol":"udp","RuleName":"-"}
