{"tags":["mordorDataset"],"TargetProcessGUID":"{297bc33e-660d-5f2d-8407-000000000400}","@version":"1","EventType":"INFO","Version":3,"ThreadID":4364,"EventTime":"2020-08-07 10:32:45","Task":10,"AccountType":"User","SourceProcessGUID":"{297bc33e-65ce-5f2d-8007-000000000400}","CallTrace":"C:\\windows\\SYSTEM32\\ntdll.dll+9c534|C:\\windows\\System32\\KERNELBASE.dll+2726e|C:\\windows\\system32\\conhost.exe+1260d|C:\\windows\\system32\\conhost.exe+12505|C:\\windows\\system32\\conhost.exe+895c|C:\\windows\\system32\\conhost.exe+f2e6|C:\\windows\\System32\\KERNEL32.DLL+17bd4|C:\\windows\\SYSTEM32\\ntdll.dll+6ce51","Channel":"Microsoft-Windows-Sysmon/Operational","SourceName":"Microsoft-Windows-Sysmon","OpcodeValue":0,"Hostname":"WORKSTATION5.theshire.local","@timestamp":"2020-08-07T14:32:47.608Z","Message":"Process accessed:\r\nRuleName: -\r\nUtcTime: 2020-08-07 14:32:45.896\r\nSourceProcessGUID: {297bc33e-65ce-5f2d-8007-000000000400}\r\nSourceProcessId: 7628\r\nSourceThreadId: 5644\r\nSourceImage: C:\\windows\\system32\\conhost.exe\r\nTargetProcessGUID: {297bc33e-660d-5f2d-8407-000000000400}\r\nTargetProcessId: 6504\r\nTargetImage: C:\\windows\\system32\\whoami.exe\r\nGrantedAccess: 0x1FFFFF\r\nCallTrace: C:\\windows\\SYSTEM32\\ntdll.dll+9c534|C:\\windows\\System32\\KERNELBASE.dll+2726e|C:\\windows\\system32\\conhost.exe+1260d|C:\\windows\\system32\\conhost.exe+12505|C:\\windows\\system32\\conhost.exe+895c|C:\\windows\\system32\\conhost.exe+f2e6|C:\\windows\\System32\\KERNEL32.DLL+17bd4|C:\\windows\\SYSTEM32\\ntdll.dll+6ce51","SourceModuleName":"eventlog","ProcessId":"7628","SourceImage":"C:\\windows\\system32\\conhost.exe","EventReceivedTime":"2020-08-07 10:32:47","port":60122,"AccountName":"SYSTEM","UtcTime":"2020-08-07 14:32:45.896","GrantedAccess":"0x1fffff","Domain":"NT AUTHORITY","ExecutionProcessID":3284,"host":"wec.internal.cloudapp.net","SourceProcessId":"7628","SourceThreadId":"5644","Severity":"INFO","TargetProcessId":"6504","SeverityValue":2,"EventID":10,"UserID":"S-1-5-18","ProviderGuid":"{5770385F-C22A-43E0-BF4C-06F5698FFBD9}","RecordNumber":725685,"SourceModuleType":"im_msvistalog","Keywords":-9223372036854775808,"TargetImage":"C:\\windows\\system32\\whoami.exe","RuleName":"-"}
{"SourceModuleType":"im_msvistalog","tags":["mordorDataset"],"@version":"1","EventType":"INFO","Version":2,"ThreadID":4364,"EventTime":"2020-08-07 10:32:45","Task":11,"AccountType":"User","Channel":"Microsoft-Windows-Sysmon/Operational","SourceName":"Microsoft-Windows-Sysmon","OpcodeValue":0,"Hostname":"WORKSTATION5.theshire.local","@timestamp":"2020-08-07T14:32:47.668Z","Message":"File created:\r\nRuleName: -\r\nUtcTime: 2020-08-07 14:32:45.927\r\nProcessGuid: {297bc33e-5c31-5f2b-2b00-000000000400}\r\nProcessId: 1784\r\nImage: C:\\windows\\system32\\svchost.exe\r\nTargetFilename: C:\\Windows\\Prefetch\\WHOAMI.EXE-B8288E39.pf\r\nCreationUtcTime: 2020-08-07 14:32:45.927","SourceModuleName":"eventlog","ProcessId":"1784","EventReceivedTime":"2020-08-07 10:32:47","port":60122,"AccountName":"SYSTEM","UtcTime":"2020-08-07 14:32:45.927","Domain":"NT AUTHORITY","ExecutionProcessID":3284,"TargetFilename":"C:\\Windows\\Prefetch\\WHOAMI.EXE-B8288E39.pf","host":"wec.internal.cloudapp.net","Severity":"INFO","SeverityValue":2,"EventID":11,"UserID":"S-1-5-18","ProviderGuid":"{5770385F-C22A-43E0-BF4C-06F5698FFBD9}","RecordNumber":725709,"Image":"C:\\windows\\system32\\svchost.exe","Keywords":-9223372036854775808,"ProcessGuid":"{297bc33e-5c31-5f2b-2b00-000000000400}","CreationUtcTime":"2020-08-07 14:32:45.927","RuleName":"-"}
{"tags":["mordorDataset"],"@version":"1","EventType":"CreateKey","Version":2,"ThreadID":4364,"EventTime":"2020-08-07 10:32:45","Task":12,"AccountType":"User","Channel":"Microsoft-Windows-Sysmon/Operational","EventTypeOrignal":"INFO","SourceName":"Microsoft-Windows-Sysmon","Hostname":"WORKSTATION5.theshire.local","@timestamp":"2020-08-07T14:32:47.669Z","OpcodeValue":0,"Message":"Registry object added or deleted:\r\nRuleName: -\r\nEventType: CreateKey\r\nUtcTime: 2020-08-07 14:32:45.942\r\nProcessGuid: {297bc33e-65d0-5f2d-8207-000000000400}\r\nProcessId: 1648\r\nImage: C:\\windows\\System32\\WindowsPowerShell\\v1.0\\powershell.exe\r\nTargetObject: HKLM\\System\\CurrentControlSet\\Services\\Tcpip\\Parameters","SourceModuleName":"eventlog","ProcessId":"1648","EventReceivedTime":"2020-08-07 10:32:47","port":60122,"AccountName":"SYSTEM","UtcTime":"2020-08-07 14:32:45.942","Domain":"NT AUTHORITY","ExecutionProcessID":3284,"host":"wec.internal.cloudapp.net","Severity":"INFO","TargetObject":"HKLM\\System\\CurrentControlSet\\Services\\Tcpip\\Parameters","SeverityValue":2,"EventID":12,"UserID":"S-1-5-18","ProviderGuid":"{5770385F-C22A-43E0-BF4C-06F5698FFBD9}","RecordNumber":725710,"Image":"C:\\windows\\System32\\WindowsPowerShell\\v1.0\\powershell.exe","Keywords":-9223372036854775808,"ProcessGuid":"{297bc33e-65d0-5f2d-8207-000000000400}","SourceModuleType":"im_msvistalog","RuleName":"-"}
{"tags":["mordorDataset"],"@version":"1","EventType":"CreateKey","Version":2,"ThreadID":4364,"EventTime":"2020-08-07 10:32:45","Task":12,"AccountType":"User","Channel":"Microsoft-Windows-Sysmon/Operational","EventTypeOrignal":"INFO","SourceName":"Microsoft-Windows-Sysmon","Hostname":"WORKSTATION5.theshire.local","@timestamp":"2020-08-07T14:32:47.669Z","OpcodeValue":0,"Message":"Registry object added or deleted:\r\nRuleName: -\r\nEventType: CreateKey\r\nUtcTime: 2020-08-07 14:32:45.942\r\nProcessGuid: {297bc33e-65d0-5f2d-8207-000000000400}\r\nProcessId: 1648\r\nImage: C:\\windows\\System32\\WindowsPowerShell\\v1.0\\powershell.exe\r\nTargetObject: HKLM\\System\\CurrentControlSet\\Services\\Tcpip\\Parameters","SourceModuleName":"eventlog","ProcessId":"1648","EventReceivedTime":"2020-08-07 10:32:47","port":60122,"AccountName":"SYSTEM","UtcTime":"2020-08-07 14:32:45.942","Domain":"NT AUTHORITY","ExecutionProcessID":3284,"host":"wec.internal.cloudapp.net","Severity":"INFO","TargetObject":"HKLM\\System\\CurrentControlSet\\Services\\Tcpip\\Parameters","SeverityValue":2,"EventID":12,"UserID":"S-1-5-18","ProviderGuid":"{5770385F-C22A-43E0-BF4C-06F5698FFBD9}","RecordNumber":725711,"Image":"C:\\windows\\System32\\WindowsPowerShell\\v1.0\\powershell.exe","Keywords":-9223372036854775808,"ProcessGuid":"{297bc33e-65d0-5f2d-8207-000000000400}","SourceModuleType":"im_msvistalog","RuleName":"-"}
{"tags":["mordorDataset"],"@version":"1","EventType":"CreateKey","Version":2,"ThreadID":4364,"EventTime":"2020-08-07 10:32:45","Task":12,"AccountType":"User","Channel":"Microsoft-Windows-Sysmon/Operational","EventTypeOrignal":"INFO","SourceName":"Microsoft-Windows-Sysmon","Hostname":"WORKSTATION5.theshire.local","@timestamp":"2020-08-07T14:32:47.670Z","OpcodeValue":0,"Message":"Registry object added or deleted:\r\nRuleName: -\r\nEventType: CreateKey\r\nUtcTime: 2020-08-07 14:32:45.942\r\nProcessGuid: {297bc33e-65d0-5f2d-8207-000000000400}\r\nProcessId: 1648\r\nImage: C:\\windows\\System32\\WindowsPowerShell\\v1.0\\powershell.exe\r\nTargetObject: HKLM\\System\\CurrentControlSet\\Services\\Tcpip\\Parameters","SourceModuleName":"eventlog","ProcessId":"1648","EventReceivedTime":"2020-08-07 10:32:47","port":60122,"AccountName":"SYSTEM","UtcTime":"2020-08-07 14:32:45.942","Domain":"NT AUTHORITY","ExecutionProcessID":3284,"host":"wec.internal.cloudapp.net","Severity":"INFO","TargetObject":"HKLM\\System\\CurrentControlSet\\Services\\Tcpip\\Parameters","SeverityValue":2,"EventID":12,"UserID":"S-1-5-18","ProviderGuid":"{5770385F-C22A-43E0-BF4C-06F5698FFBD9}","RecordNumber":725712,"Image":"C:\\windows\\System32\\WindowsPowerShell\\v1.0\\powershell.exe","Keywords":-9223372036854775808,"ProcessGuid":"{297bc33e-65d0-5f2d-8207-000000000400}","SourceModuleType":"im_msvistalog","RuleName":"-"}
{"tags":["mordorDataset"],"@version":"1","EventType":"CreateKey","Version":2,"ThreadID":4364,"EventTime":"2020-08-07 10:32:46","Task":12,"AccountType":"User","Channel":"Microsoft-Windows-Sysmon/Operational","EventTypeOrignal":"INFO","SourceName":"Microsoft-Windows-Sysmon","Hostname":"WORKSTATION5.theshire.local","@timestamp":"2020-08-07T14:32:47.959Z","OpcodeValue":0,"Message":"Registry object added or deleted:\r\nRuleName: -\r\nEventType: CreateKey\r\nUtcTime: 2020-08-07 14:32:46.911\r\nProcessGuid: {297bc33e-65d0-5f2d-8207-000000000400}\r\nProcessId: 1648\r\nImage: C:\\windows\\System32\\WindowsPowerShell\\v1.0\\powershell.exe\r\nTargetObject: HKLM\\System\\CurrentControlSet\\Services\\Tcpip\\Parameters","SourceModuleName":"eventlog","ProcessId":"1648","EventReceivedTime":"2020-08-07 10:32:47","port":60122,"AccountName":"SYSTEM","UtcTime":"2020-08-07 14:32:46.911","Domain":"NT AUTHORITY","ExecutionProcessID":3284,"host":"wec.internal.cloudapp.net","Severity":"INFO","TargetObject":"HKLM\\System\\CurrentControlSet\\Services\\Tcpip\\Parameters","SeverityValue":2,"EventID":12,"UserID":"S-1-5-18","ProviderGuid":"{5770385F-C22A-43E0-BF4C-06F5698FFBD9}","RecordNumber":725713,"Image":"C:\\windows\\System32\\WindowsPowerShell\\v1.0\\powershell.exe","Keywords":-9223372036854775808,"ProcessGuid":"{297bc33e-65d0-5f2d-8207-000000000400}","SourceModuleType":"im_msvistalog","RuleName":"-"}
{"tags":["mordorDataset"],"@version":"1","EventType":"CreateKey","Version":2,"ThreadID":4364,"EventTime":"2020-08-07 10:32:46","Task":12,"AccountType":"User","Channel":"Microsoft-Windows-Sysmon/Operational","EventTypeOrignal":"INFO","SourceName":"Microsoft-Windows-Sysmon","Hostname":"WORKSTATION5.theshire.local","@timestamp":"2020-08-07T14:32:47.961Z","OpcodeValue":0,"Message":"Registry object added or deleted:\r\nRuleName: -\r\nEventType: CreateKey\r\nUtcTime: 2020-08-07 14:32:46.911\r\nProcessGuid: {297bc33e-65d0-5f2d-8207-000000000400}\r\nProcessId: 1648\r\nImage: C:\\windows\\System32\\WindowsPowerShell\\v1.0\\powershell.exe\r\nTargetObject: HKLM\\System\\CurrentControlSet\\Services\\Tcpip\\Parameters","SourceModuleName":"eventlog","ProcessId":"1648","EventReceivedTime":"2020-08-07 10:32:47","port":60122,"AccountName":"SYSTEM","UtcTime":"2020-08-07 14:32:46.911","Domain":"NT AUTHORITY","ExecutionProcessID":3284,"host":"wec.internal.cloudapp.net","Severity":"INFO","TargetObject":"HKLM\\System\\CurrentControlSet\\Services\\Tcpip\\Parameters","SeverityValue":2,"EventID":12,"UserID":"S-1-5-18","ProviderGuid":"{5770385F-C22A-43E0-BF4C-06F5698FFBD9}","RecordNumber":725714,"Image":"C:\\windows\\System32\\WindowsPowerShell\\v1.0\\powershell.exe","Keywords":-9223372036854775808,"ProcessGuid":"{297bc33e-65d0-5f2d-8207-000000000400}","SourceModuleType":"im_msvistalog","RuleName":"-"}
{"tags":["mordorDataset"],"@version":"1","EventType":"CreateKey","Version":2,"ThreadID":4364,"EventTime":"2020-08-07 10:32:46","Task":12,"AccountType":"User","Channel":"Microsoft-Windows-Sysmon/Operational","EventTypeOrignal":"INFO","SourceName":"Microsoft-Windows-Sysmon","Hostname":"WORKSTATION5.theshire.local","@timestamp":"2020-08-07T14:32:47.961Z","OpcodeValue":0,"Message":"Registry object added or deleted:\r\nRuleName: -\r\nEventType: CreateKey\r\nUtcTime: 2020-08-07 14:32:46.911\r\nProcessGuid: {297bc33e-5c33-5f2b-3800-000000000400}\r\nProcessId: 2440\r\nImage: C:\\windows\\system32\\svchost.exe\r\nTargetObject: HKCR","SourceModuleName":"eventlog","ProcessId":"2440","EventReceivedTime":"2020-08-07 10:32:47","port":60122,"AccountName":"SYSTEM","UtcTime":"2020-08-07 14:32:46.911","Domain":"NT AUTHORITY","ExecutionProcessID":3284,"host":"wec.internal.cloudapp.net","Severity":"INFO","TargetObject":"HKCR","SeverityValue":2,"EventID":12,"UserID":"S-1-5-18","ProviderGuid":"{5770385F-C22A-43E0-BF4C-06F5698FFBD9}","RecordNumber":725715,"Image":"C:\\windows\\system32\\svchost.exe","Keywords":-9223372036854775808,"ProcessGuid":"{297bc33e-5c33-5f2b-3800-000000000400}","SourceModuleType":"im_msvistalog","RuleName":"-"}
{"tags":["mordorDataset"],"@version":"1","EventType":"CreateKey","Version":2,"ThreadID":4364,"EventTime":"2020-08-07 10:32:46","Task":12,"AccountType":"User","Channel":"Microsoft-Windows-Sysmon/Operational","EventTypeOrignal":"INFO","SourceName":"Microsoft-Windows-Sysmon","Hostname":"WORKSTATION5.theshire.local","@timestamp":"2020-08-07T14:32:47.969Z","OpcodeValue":0,"Message":"Registry object added or deleted:\r\nRuleName: -\r\nEventType: CreateKey\r\nUtcTime: 2020-08-07 14:32:46.911\r\nProcessGuid: {297bc33e-5c33-5f2b-3800-000000000400}\r\nProcessId: 2440\r\nImage: C:\\windows\\system32\\svchost.exe\r\nTargetObject: HKCR","SourceModuleName":"eventlog","ProcessId":"2440","EventReceivedTime":"2020-08-07 10:32:47","port":60122,"AccountName":"SYSTEM","UtcTime":"2020-08-07 14:32:46.911","Domain":"NT AUTHORITY","ExecutionProcessID":3284,"host":"wec.internal.cloudapp.net","Severity":"INFO","TargetObject":"HKCR","SeverityValue":2,"EventID":12,"UserID":"S-1-5-18","ProviderGuid":"{5770385F-C22A-43E0-BF4C-06F5698FFBD9}","RecordNumber":725716,"Image":"C:\\windows\\system32\\svchost.exe","Keywords":-9223372036854775808,"ProcessGuid":"{297bc33e-5c33-5f2b-3800-000000000400}","SourceModuleType":"im_msvistalog","RuleName":"-"}
{"tags":["mordorDataset"],"@version":"1","EventType":"CreateKey","Version":2,"ThreadID":4364,"EventTime":"2020-08-07 10:32:46","Task":12,"AccountType":"User","Channel":"Microsoft-Windows-Sysmon/Operational","EventTypeOrignal":"INFO","SourceName":"Microsoft-Windows-Sysmon","Hostname":"WORKSTATION5.theshire.local","@timestamp":"2020-08-07T14:32:47.971Z","OpcodeValue":0,"Message":"Registry object added or deleted:\r\nRuleName: -\r\nEventType: CreateKey\r\nUtcTime: 2020-08-07 14:32:46.911\r\nProcessGuid: {297bc33e-5c33-5f2b-3800-000000000400}\r\nProcessId: 2440\r\nImage: C:\\windows\\system32\\svchost.exe\r\nTargetObject: HKCR","SourceModuleName":"eventlog","ProcessId":"2440","EventReceivedTime":"2020-08-07 10:32:47","port":60122,"AccountName":"SYSTEM","UtcTime":"2020-08-07 14:32:46.911","Domain":"NT AUTHORITY","ExecutionProcessID":3284,"host":"wec.internal.cloudapp.net","Severity":"INFO","TargetObject":"HKCR","SeverityValue":2,"EventID":12,"UserID":"S-1-5-18","ProviderGuid":"{5770385F-C22A-43E0-BF4C-06F5698FFBD9}","RecordNumber":725717,"Image":"C:\\windows\\system32\\svchost.exe","Keywords":-9223372036854775808,"ProcessGuid":"{297bc33e-5c33-5f2b-3800-000000000400}","SourceModuleType":"im_msvistalog","RuleName":"-"}
{"tags":["mordorDataset"],"@version":"1","EventType":"CreateKey","Version":2,"ThreadID":4364,"EventTime":"2020-08-07 10:32:46","Task":12,"AccountType":"User","Channel":"Microsoft-Windows-Sysmon/Operational","EventTypeOrignal":"INFO","SourceName":"Microsoft-Windows-Sysmon","Hostname":"WORKSTATION5.theshire.local","@timestamp":"2020-08-07T14:32:47.973Z","OpcodeValue":0,"Message":"Registry object added or deleted:\r\nRuleName: -\r\nEventType: CreateKey\r\nUtcTime: 2020-08-07 14:32:46.911\r\nProcessGuid: {297bc33e-5c33-5f2b-3800-000000000400}\r\nProcessId: 2440\r\nImage: C:\\windows\\system32\\svchost.exe\r\nTargetObject: HKCR","SourceModuleName":"eventlog","ProcessId":"2440","EventReceivedTime":"2020-08-07 10:32:47","port":60122,"AccountName":"SYSTEM","UtcTime":"2020-08-07 14:32:46.911","Domain":"NT AUTHORITY","ExecutionProcessID":3284,"host":"wec.internal.cloudapp.net","Severity":"INFO","TargetObject":"HKCR","SeverityValue":2,"EventID":12,"UserID":"S-1-5-18","ProviderGuid":"{5770385F-C22A-43E0-BF4C-06F5698FFBD9}","RecordNumber":725718,"Image":"C:\\windows\\system32\\svchost.exe","Keywords":-9223372036854775808,"ProcessGuid":"{297bc33e-5c33-5f2b-3800-000000000400}","SourceModuleType":"im_msvistalog","RuleName":"-"}
{"tags":["mordorDataset"],"@version":"1","EventType":"CreateKey","Version":2,"ThreadID":4364,"EventTime":"2020-08-07 10:32:46","Task":12,"AccountType":"User","Channel":"Microsoft-Windows-Sysmon/Operational","EventTypeOrignal":"INFO","SourceName":"Microsoft-Windows-Sysmon","Hostname":"WORKSTATION5.theshire.local","@timestamp":"2020-08-07T14:32:47.974Z","OpcodeValue":0,"Message":"Registry object added or deleted:\r\nRuleName: -\r\nEventType: CreateKey\r\nUtcTime: 2020-08-07 14:32:46.911\r\nProcessGuid: {297bc33e-5c33-5f2b-3800-000000000400}\r\nProcessId: 2440\r\nImage: C:\\windows\\system32\\svchost.exe\r\nTargetObject: HKCR","SourceModuleName":"eventlog","ProcessId":"2440","EventReceivedTime":"2020-08-07 10:32:47","port":60122,"AccountName":"SYSTEM","UtcTime":"2020-08-07 14:32:46.911","Domain":"NT AUTHORITY","ExecutionProcessID":3284,"host":"wec.internal.cloudapp.net","Severity":"INFO","TargetObject":"HKCR","SeverityValue":2,"EventID":12,"UserID":"S-1-5-18","ProviderGuid":"{5770385F-C22A-43E0-BF4C-06F5698FFBD9}","RecordNumber":725719,"Image":"C:\\windows\\system32\\svchost.exe","Keywords":-9223372036854775808,"ProcessGuid":"{297bc33e-5c33-5f2b-3800-000000000400}","SourceModuleType":"im_msvistalog","RuleName":"-"}
{"tags":["mordorDataset"],"@version":"1","EventType":"CreateKey","Version":2,"ThreadID":4364,"EventTime":"2020-08-07 10:32:46","Task":12,"AccountType":"User","Channel":"Microsoft-Windows-Sysmon/Operational","EventTypeOrignal":"INFO","SourceName":"Microsoft-Windows-Sysmon","Hostname":"WORKSTATION5.theshire.local","@timestamp":"2020-08-07T14:32:47.976Z","OpcodeValue":0,"Message":"Registry object added or deleted:\r\nRuleName: -\r\nEventType: CreateKey\r\nUtcTime: 2020-08-07 14:32:46.911\r\nProcessGuid: {297bc33e-5c33-5f2b-3800-000000000400}\r\nProcessId: 2440\r\nImage: C:\\windows\\system32\\svchost.exe\r\nTargetObject: HKCR","SourceModuleName":"eventlog","ProcessId":"2440","EventReceivedTime":"2020-08-07 10:32:47","port":60122,"AccountName":"SYSTEM","UtcTime":"2020-08-07 14:32:46.911","Domain":"NT AUTHORITY","ExecutionProcessID":3284,"host":"wec.internal.cloudapp.net","Severity":"INFO","TargetObject":"HKCR","SeverityValue":2,"EventID":12,"UserID":"S-1-5-18","ProviderGuid":"{5770385F-C22A-43E0-BF4C-06F5698FFBD9}","RecordNumber":725720,"Image":"C:\\windows\\system32\\svchost.exe","Keywords":-9223372036854775808,"ProcessGuid":"{297bc33e-5c33-5f2b-3800-000000000400}","SourceModuleType":"im_msvistalog","RuleName":"-"}
{"tags":["mordorDataset"],"@version":"1","EventType":"CreateKey","Version":2,"ThreadID":4364,"EventTime":"2020-08-07 10:32:46","Task":12,"AccountType":"User","Channel":"Microsoft-Windows-Sysmon/Operational","EventTypeOrignal":"INFO","SourceName":"Microsoft-Windows-Sysmon","Hostname":"WORKSTATION5.theshire.local","@timestamp":"2020-08-07T14:32:47.977Z","OpcodeValue":0,"Message":"Registry object added or deleted:\r\nRuleName: -\r\nEventType: CreateKey\r\nUtcTime: 2020-08-07 14:32:46.911\r\nProcessGuid: {297bc33e-5c33-5f2b-3800-000000000400}\r\nProcessId: 2440\r\nImage: C:\\windows\\system32\\svchost.exe\r\nTargetObject: HKCR","SourceModuleName":"eventlog","ProcessId":"2440","EventReceivedTime":"2020-08-07 10:32:47","port":60122,"AccountName":"SYSTEM","UtcTime":"2020-08-07 14:32:46.911","Domain":"NT AUTHORITY","ExecutionProcessID":3284,"host":"wec.internal.cloudapp.net","Severity":"INFO","TargetObject":"HKCR","SeverityValue":2,"EventID":12,"UserID":"S-1-5-18","ProviderGuid":"{5770385F-C22A-43E0-BF4C-06F5698FFBD9}","RecordNumber":725721,"Image":"C:\\windows\\system32\\svchost.exe","Keywords":-9223372036854775808,"ProcessGuid":"{297bc33e-5c33-5f2b-3800-000000000400}","SourceModuleType":"im_msvistalog","RuleName":"-"}
{"tags":["mordorDataset"],"@version":"1","EventType":"CreateKey","Version":2,"ThreadID":4364,"EventTime":"2020-08-07 10:32:46","Task":12,"AccountType":"User","Channel":"Microsoft-Windows-Sysmon/Operational","EventTypeOrignal":"INFO","SourceName":"Microsoft-Windows-Sysmon","Hostname":"WORKSTATION5.theshire.local","@timestamp":"2020-08-07T14:32:48.982Z","OpcodeValue":0,"Message":"Registry object added or deleted:\r\nRuleName: -\r\nEventType: CreateKey\r\nUtcTime: 2020-08-07 14:32:46.927\r\nProcessGuid: {297bc33e-5c33-5f2b-3800-000000000400}\r\nProcessId: 2440\r\nImage: C:\\windows\\system32\\svchost.exe\r\nTargetObject: HKCR","SourceModuleName":"eventlog","ProcessId":"2440","EventReceivedTime":"2020-08-07 10:32:48","port":60122,"AccountName":"SYSTEM","UtcTime":"2020-08-07 14:32:46.927","Domain":"NT AUTHORITY","ExecutionProcessID":3284,"host":"wec.internal.cloudapp.net","Severity":"INFO","TargetObject":"HKCR","SeverityValue":2,"EventID":12,"UserID":"S-1-5-18","ProviderGuid":"{5770385F-C22A-43E0-BF4C-06F5698FFBD9}","RecordNumber":725722,"Image":"C:\\windows\\system32\\svchost.exe","Keywords":-9223372036854775808,"ProcessGuid":"{297bc33e-5c33-5f2b-3800-000000000400}","SourceModuleType":"im_msvistalog","RuleName":"-"}
{"tags":["mordorDataset"],"@version":"1","EventType":"CreateKey","Version":2,"ThreadID":4364,"EventTime":"2020-08-07 10:32:46","Task":12,"AccountType":"User","Channel":"Microsoft-Windows-Sysmon/Operational","EventTypeOrignal":"INFO","SourceName":"Microsoft-Windows-Sysmon","Hostname":"WORKSTATION5.theshire.local","@timestamp":"2020-08-07T14:32:48.984Z","OpcodeValue":0,"Message":"Registry object added or deleted:\r\nRuleName: -\r\nEventType: CreateKey\r\nUtcTime: 2020-08-07 14:32:46.927\r\nProcessGuid: {297bc33e-5c33-5f2b-3800-000000000400}\r\nProcessId: 2440\r\nImage: C:\\windows\\system32\\svchost.exe\r\nTargetObject: HKCR","SourceModuleName":"eventlog","ProcessId":"2440","EventReceivedTime":"2020-08-07 10:32:48","port":60122,"AccountName":"SYSTEM","UtcTime":"2020-08-07 14:32:46.927","Domain":"NT AUTHORITY","ExecutionProcessID":3284,"host":"wec.internal.cloudapp.net","Severity":"INFO","TargetObject":"HKCR","SeverityValue":2,"EventID":12,"UserID":"S-1-5-18","ProviderGuid":"{5770385F-C22A-43E0-BF4C-06F5698FFBD9}","RecordNumber":725723,"Image":"C:\\windows\\system32\\svchost.exe","Keywords":-9223372036854775808,"ProcessGuid":"{297bc33e-5c33-5f2b-3800-000000000400}","SourceModuleType":"im_msvistalog","RuleName":"-"}
{"tags":["mordorDataset"],"@version":"1","EventType":"CreateKey","Version":2,"ThreadID":4364,"EventTime":"2020-08-07 10:32:46","Task":12,"AccountType":"User","Channel":"Microsoft-Windows-Sysmon/Operational","EventTypeOrignal":"INFO","SourceName":"Microsoft-Windows-Sysmon","Hostname":"WORKSTATION5.theshire.local","@timestamp":"2020-08-07T14:32:48.986Z","OpcodeValue":0,"Message":"Registry object added or deleted:\r\nRuleName: -\r\nEventType: CreateKey\r\nUtcTime: 2020-08-07 14:32:46.927\r\nProcessGuid: {297bc33e-5c33-5f2b-3800-000000000400}\r\nProcessId: 2440\r\nImage: C:\\windows\\system32\\svchost.exe\r\nTargetObject: HKCR","SourceModuleName":"eventlog","ProcessId":"2440","EventReceivedTime":"2020-08-07 10:32:48","port":60122,"AccountName":"SYSTEM","UtcTime":"2020-08-07 14:32:46.927","Domain":"NT AUTHORITY","ExecutionProcessID":3284,"host":"wec.internal.cloudapp.net","Severity":"INFO","TargetObject":"HKCR","SeverityValue":2,"EventID":12,"UserID":"S-1-5-18","ProviderGuid":"{5770385F-C22A-43E0-BF4C-06F5698FFBD9}","RecordNumber":725724,"Image":"C:\\windows\\system32\\svchost.exe","Keywords":-9223372036854775808,"ProcessGuid":"{297bc33e-5c33-5f2b-3800-000000000400}","SourceModuleType":"im_msvistalog","RuleName":"-"}
{"tags":["mordorDataset"],"TargetProcessGUID":"{297bc33e-5c33-5f2b-3800-000000000400}","@version":"1","EventType":"INFO","Version":3,"ThreadID":4364,"EventTime":"2020-08-07 10:32:46","Task":10,"AccountType":"User","SourceProcessGUID":"{297bc33e-5c2e-5f2b-0c00-000000000400}","CallTrace":"C:\\windows\\SYSTEM32\\ntdll.dll+9c534|C:\\windows\\system32\\lsasrv.dll+29d90|C:\\windows\\system32\\lsasrv.dll+149ab|C:\\windows\\SYSTEM32\\SspiSrv.dll+177c|C:\\windows\\System32\\RPCRT4.dll+76953|C:\\windows\\System32\\RPCRT4.dll+da036|C:\\windows\\System32\\RPCRT4.dll+37a4c|C:\\windows\\System32\\RPCRT4.dll+548c8|C:\\windows\\System32\\RPCRT4.dll+2c921|C:\\windows\\System32\\RPCRT4.dll+2c1db|C:\\windows\\System32\\RPCRT4.dll+1a86f|C:\\windows\\System32\\RPCRT4.dll+19d1a|C:\\windows\\System32\\RPCRT4.dll+19301|C:\\windows\\System32\\RPCRT4.dll+18d6e|C:\\windows\\System32\\RPCRT4.dll+169a5|C:\\windows\\SYSTEM32\\ntdll.dll+333ed|C:\\windows\\SYSTEM32\\ntdll.dll+34142|C:\\windows\\System32\\KERNEL32.DLL+17bd4|C:\\windows\\SYSTEM32\\ntdll.dll+6ce51","Channel":"Microsoft-Windows-Sysmon/Operational","SourceName":"Microsoft-Windows-Sysmon","OpcodeValue":0,"Hostname":"WORKSTATION5.theshire.local","@timestamp":"2020-08-07T14:32:48.986Z","Message":"Process accessed:\r\nRuleName: -\r\nUtcTime: 2020-08-07 14:32:46.927\r\nSourceProcessGUID: {297bc33e-5c2e-5f2b-0c00-000000000400}\r\nSourceProcessId: 768\r\nSourceThreadId: 2948\r\nSourceImage: C:\\windows\\system32\\lsass.exe\r\nTargetProcessGUID: {297bc33e-5c33-5f2b-3800-000000000400}\r\nTargetProcessId: 2440\r\nTargetImage: C:\\windows\\system32\\svchost.exe\r\nGrantedAccess: 0x1000\r\nCallTrace: C:\\windows\\SYSTEM32\\ntdll.dll+9c534|C:\\windows\\system32\\lsasrv.dll+29d90|C:\\windows\\system32\\lsasrv.dll+149ab|C:\\windows\\SYSTEM32\\SspiSrv.dll+177c|C:\\windows\\System32\\RPCRT4.dll+76953|C:\\windows\\System32\\RPCRT4.dll+da036|C:\\windows\\System32\\RPCRT4.dll+37a4c|C:\\windows\\System32\\RPCRT4.dll+548c8|C:\\windows\\System32\\RPCRT4.dll+2c921|C:\\windows\\System32\\RPCRT4.dll+2c1db|C:\\windows\\System32\\RPCRT4.dll+1a86f|C:\\windows\\System32\\RPCRT4.dll+19d1a|C:\\windows\\System32\\RPCRT4.dll+19301|C:\\windows\\System32\\RPCRT4.dll+18d6e|C:\\windows\\System32\\RPCRT4.dll+169a5|C:\\windows\\SYSTEM32\\ntdll.dll+333ed|C:\\windows\\SYSTEM32\\ntdll.dll+34142|C:\\windows\\System32\\KERNEL32.DLL+17bd4|C:\\windows\\SYSTEM32\\ntdll.dll+6ce51","SourceModuleName":"eventlog","ProcessId":"768","SourceImage":"C:\\windows\\system32\\lsass.exe","EventReceivedTime":"2020-08-07 10:32:48","port":60122,"AccountName":"SYSTEM","UtcTime":"2020-08-07 14:32:46.927","GrantedAccess":"0x1000","Domain":"NT AUTHORITY","ExecutionProcessID":3284,"host":"wec.internal.cloudapp.net","SourceProcessId":"768","SourceThreadId":"2948","Severity":"INFO","TargetProcessId":"2440","SeverityValue":2,"EventID":10,"UserID":"S-1-5-18","ProviderGuid":"{5770385F-C22A-43E0-BF4C-06F5698FFBD9}","RecordNumber":725725,"SourceModuleType":"im_msvistalog","Keywords":-9223372036854775808,"TargetImage":"C:\\windows\\system32\\svchost.exe","RuleName":"-"}
{"tags":["mordorDataset"],"TargetProcessGUID":"{297bc33e-5c2e-5f2b-0c00-000000000400}","@version":"1","EventType":"INFO","Version":3,"ThreadID":4364,"EventTime":"2020-08-07 10:32:46","Task":10,"AccountType":"User","SourceProcessGUID":"{297bc33e-5c2f-5f2b-1200-000000000400}","CallTrace":"C:\\windows\\SYSTEM32\\ntdll.dll+9c534|C:\\windows\\System32\\KERNELBASE.dll+6a7f5|c:\\windows\\system32\\lsm.dll+ff97|C:\\windows\\System32\\RPCRT4.dll+76953|C:\\windows\\System32\\RPCRT4.dll+da036|C:\\windows\\System32\\RPCRT4.dll+37a4c|C:\\windows\\System32\\RPCRT4.dll+548c8|C:\\windows\\System32\\RPCRT4.dll+2c921|C:\\windows\\System32\\RPCRT4.dll+2c1db|C:\\windows\\System32\\RPCRT4.dll+1a86f|C:\\windows\\System32\\RPCRT4.dll+19d1a|C:\\windows\\System32\\RPCRT4.dll+19301|C:\\windows\\System32\\RPCRT4.dll+18d6e|C:\\windows\\System32\\RPCRT4.dll+169a5|C:\\windows\\SYSTEM32\\ntdll.dll+333ed|C:\\windows\\SYSTEM32\\ntdll.dll+34142|C:\\windows\\System32\\KERNEL32.DLL+17bd4|C:\\windows\\SYSTEM32\\ntdll.dll+6ce51","Channel":"Microsoft-Windows-Sysmon/Operational","SourceName":"Microsoft-Windows-Sysmon","OpcodeValue":0,"Hostname":"WORKSTATION5.theshire.local","@timestamp":"2020-08-07T14:32:48.988Z","Message":"Process accessed:\r\nRuleName: -\r\nUtcTime: 2020-08-07 14:32:46.927\r\nSourceProcessGUID: {297bc33e-5c2f-5f2b-1200-000000000400}\r\nSourceProcessId: 452\r\nSourceThreadId: 7584\r\nSourceImage: C:\\windows\\system32\\svchost.exe\r\nTargetProcessGUID: {297bc33e-5c2e-5f2b-0c00-000000000400}\r\nTargetProcessId: 768\r\nTargetImage: C:\\windows\\system32\\lsass.exe\r\nGrantedAccess: 0x1000\r\nCallTrace: C:\\windows\\SYSTEM32\\ntdll.dll+9c534|C:\\windows\\System32\\KERNELBASE.dll+6a7f5|c:\\windows\\system32\\lsm.dll+ff97|C:\\windows\\System32\\RPCRT4.dll+76953|C:\\windows\\System32\\RPCRT4.dll+da036|C:\\windows\\System32\\RPCRT4.dll+37a4c|C:\\windows\\System32\\RPCRT4.dll+548c8|C:\\windows\\System32\\RPCRT4.dll+2c921|C:\\windows\\System32\\RPCRT4.dll+2c1db|C:\\windows\\System32\\RPCRT4.dll+1a86f|C:\\windows\\System32\\RPCRT4.dll+19d1a|C:\\windows\\System32\\RPCRT4.dll+19301|C:\\windows\\System32\\RPCRT4.dll+18d6e|C:\\windows\\System32\\RPCRT4.dll+169a5|C:\\windows\\SYSTEM32\\ntdll.dll+333ed|C:\\windows\\SYSTEM32\\ntdll.dll+34142|C:\\windows\\System32\\KERNEL32.DLL+17bd4|C:\\windows\\SYSTEM32\\ntdll.dll+6ce51","SourceModuleName":"eventlog","ProcessId":"452","SourceImage":"C:\\windows\\system32\\svchost.exe","EventReceivedTime":"2020-08-07 10:32:48","port":60122,"AccountName":"SYSTEM","UtcTime":"2020-08-07 14:32:46.927","GrantedAccess":"0x1000","Domain":"NT AUTHORITY","ExecutionProcessID":3284,"host":"wec.internal.cloudapp.net","SourceProcessId":"452","SourceThreadId":"7584","Severity":"INFO","TargetProcessId":"768","SeverityValue":2,"EventID":10,"UserID":"S-1-5-18","ProviderGuid":"{5770385F-C22A-43E0-BF4C-06F5698FFBD9}","RecordNumber":725726,"SourceModuleType":"im_msvistalog","Keywords":-9223372036854775808,"TargetImage":"C:\\windows\\system32\\lsass.exe","RuleName":"-"}
{"tags":["mordorDataset"],"TargetProcessGUID":"{297bc33e-5c2e-5f2b-0c00-000000000400}","@version":"1","EventType":"INFO","Version":3,"ThreadID":4364,"EventTime":"2020-08-07 10:32:46","Task":10,"AccountType":"User","SourceProcessGUID":"{297bc33e-5c2f-5f2b-1200-000000000400}","CallTrace":"C:\\windows\\SYSTEM32\\ntdll.dll+9c534|C:\\windows\\System32\\KERNELBASE.dll+6a7f5|c:\\windows\\system32\\lsm.dll+10daa|c:\\windows\\system32\\lsm.dll+1008d|C:\\windows\\System32\\RPCRT4.dll+76953|C:\\windows\\System32\\RPCRT4.dll+da036|C:\\windows\\System32\\RPCRT4.dll+37a4c|C:\\windows\\System32\\RPCRT4.dll+548c8|C:\\windows\\System32\\RPCRT4.dll+2c921|C:\\windows\\System32\\RPCRT4.dll+2c1db|C:\\windows\\System32\\RPCRT4.dll+1a86f|C:\\windows\\System32\\RPCRT4.dll+19d1a|C:\\windows\\System32\\RPCRT4.dll+19301|C:\\windows\\System32\\RPCRT4.dll+18d6e|C:\\windows\\System32\\RPCRT4.dll+169a5|C:\\windows\\SYSTEM32\\ntdll.dll+333ed|C:\\windows\\SYSTEM32\\ntdll.dll+34142|C:\\windows\\System32\\KERNEL32.DLL+17bd4|C:\\windows\\SYSTEM32\\ntdll.dll+6ce51","Channel":"Microsoft-Windows-Sysmon/Operational","SourceName":"Microsoft-Windows-Sysmon","OpcodeValue":0,"Hostname":"WORKSTATION5.theshire.local","@timestamp":"2020-08-07T14:32:48.990Z","Message":"Process accessed:\r\nRuleName: -\r\nUtcTime: 2020-08-07 14:32:46.927\r\nSourceProcessGUID: {297bc33e-5c2f-5f2b-1200-000000000400}\r\nSourceProcessId: 452\r\nSourceThreadId: 7584\r\nSourceImage: C:\\windows\\system32\\svchost.exe\r\nTargetProcessGUID: {297bc33e-5c2e-5f2b-0c00-000000000400}\r\nTargetProcessId: 768\r\nTargetImage: C:\\windows\\system32\\lsass.exe\r\nGrantedAccess: 0x1000\r\nCallTrace: C:\\windows\\SYSTEM32\\ntdll.dll+9c534|C:\\windows\\System32\\KERNELBASE.dll+6a7f5|c:\\windows\\system32\\lsm.dll+10daa|c:\\windows\\system32\\lsm.dll+1008d|C:\\windows\\System32\\RPCRT4.dll+76953|C:\\windows\\System32\\RPCRT4.dll+da036|C:\\windows\\System32\\RPCRT4.dll+37a4c|C:\\windows\\System32\\RPCRT4.dll+548c8|C:\\windows\\System32\\RPCRT4.dll+2c921|C:\\windows\\System32\\RPCRT4.dll+2c1db|C:\\windows\\System32\\RPCRT4.dll+1a86f|C:\\windows\\System32\\RPCRT4.dll+19d1a|C:\\windows\\System32\\RPCRT4.dll+19301|C:\\windows\\System32\\RPCRT4.dll+18d6e|C:\\windows\\System32\\RPCRT4.dll+169a5|C:\\windows\\SYSTEM32\\ntdll.dll+333ed|C:\\windows\\SYSTEM32\\ntdll.dll+34142|C:\\windows\\System32\\KERNEL32.DLL+17bd4|C:\\windows\\SYSTEM32\\ntdll.dll+6ce51","SourceModuleName":"eventlog","ProcessId":"452","SourceImage":"C:\\windows\\system32\\svchost.exe","EventReceivedTime":"2020-08-07 10:32:48","port":60122,"AccountName":"SYSTEM","UtcTime":"2020-08-07 14:32:46.927","GrantedAccess":"0x1000","Domain":"NT AUTHORITY","ExecutionProcessID":3284,"host":"wec.internal.cloudapp.net","SourceProcessId":"452","SourceThreadId":"7584","Severity":"INFO","TargetProcessId":"768","SeverityValue":2,"EventID":10,"UserID":"S-1-5-18","ProviderGuid":"{5770385F-C22A-43E0-BF4C-06F5698FFBD9}","RecordNumber":725727,"SourceModuleType":"im_msvistalog","Keywords":-9223372036854775808,"TargetImage":"C:\\windows\\system32\\lsass.exe","RuleName":"-"}
{"tags":["mordorDataset"],"@version":"1","EventType":"INFO","AccountType":"User","ThreadID":4372,"DestinationPortName":"-","DestinationIp":"10.10.10.5","SourcePort":"65382","Channel":"Microsoft-Windows-Sysmon/Operational","OpcodeValue":0,"Hostname":"WORKSTATION5.theshire.local","@timestamp":"2020-08-07T14:32:48.990Z","SourceIp":"172.18.39.5","ProcessId":"1648","Initiated":"true","DestinationHostname":"-","host":"wec.internal.cloudapp.net","Severity":"INFO","SourceHostname":"-","SeverityValue":2,"Image":"C:\\Windows\\System32\\WindowsPowerShell\\v1.0\\powershell.exe","SourceModuleType":"im_msvistalog","Version":5,"EventTime":"2020-08-07 10:32:46","Task":3,"DestinationPort":"80","SourceIsIpv6":"false","SourceName":"Microsoft-Windows-Sysmon","Message":"Network connection detected:\r\nRuleName: -\r\nUtcTime: 2020-08-07 14:32:45.731\r\nProcessGuid: {297bc33e-65d0-5f2d-8207-000000000400}\r\nProcessId: 1648\r\nImage: C:\\Windows\\System32\\WindowsPowerShell\\v1.0\\powershell.exe\r\nUser: THESHIRE\\pgustavo\r\nProtocol: tcp\r\nInitiated: true\r\nSourceIsIpv6: false\r\nSourceIp: 172.18.39.5\r\nSourceHostname: -\r\nSourcePort: 65382\r\nSourcePortName: -\r\nDestinationIsIpv6: false\r\nDestinationIp: 10.10.10.5\r\nDestinationHostname: -\r\nDestinationPort: 80\r\nDestinationPortName: -","SourceModuleName":"eventlog","EventReceivedTime":"2020-08-07 10:32:48","port":60122,"AccountName":"SYSTEM","UtcTime":"2020-08-07 14:32:45.731","Domain":"NT AUTHORITY","ExecutionProcessID":3284,"User":"THESHIRE\\pgustavo","DestinationIsIpv6":"false","SourcePortName":"-","UserID":"S-1-5-18","EventID":3,"ProviderGuid":"{5770385F-C22A-43E0-BF4C-06F5698FFBD9}","RecordNumber":725728,"Keywords":-9223372036854775808,"ProcessGuid":"{297bc33e-65d0-5f2d-8207-000000000400}","Protocol":"tcp","RuleName":"-"}
{"tags":["mordorDataset"],"@version":"1","EventType":"CreateKey","Version":2,"ThreadID":4208,"EventTime":"2020-08-07 10:32:47","Task":12,"AccountType":"User","Channel":"Microsoft-Windows-Sysmon/Operational","EventTypeOrignal":"INFO","SourceName":"Microsoft-Windows-Sysmon","Hostname":"MORDORDC.theshire.local","@timestamp":"2020-08-07T14:32:49.043Z","OpcodeValue":0,"Message":"Registry object added or deleted:\r\nRuleName: -\r\nEventType: CreateKey\r\nUtcTime: 2020-08-07 14:32:47.077\r\nProcessGuid: {9f85ce58-64af-5f2b-8203-000000000400}\r\nProcessId: 3736\r\nImage: C:\\windows\\System32\\svchost.exe\r\nTargetObject: HKU\\S-1-5-21-1363495622-3806888128-621328882-500\\Software\\Microsoft\\Windows\\CurrentVersion\\StorageSense\\Parameters\\StoragePolicy","SourceModuleName":"eventlog","ProcessId":"3736","EventReceivedTime":"2020-08-07 10:32:49","port":60122,"AccountName":"SYSTEM","UtcTime":"2020-08-07 14:32:47.077","Domain":"NT AUTHORITY","ExecutionProcessID":3888,"host":"wec.internal.cloudapp.net","Severity":"INFO","TargetObject":"HKU\\S-1-5-21-1363495622-3806888128-621328882-500\\Software\\Microsoft\\Windows\\CurrentVersion\\StorageSense\\Parameters\\StoragePolicy","SeverityValue":2,"EventID":12,"UserID":"S-1-5-18","ProviderGuid":"{5770385F-C22A-43E0-BF4C-06F5698FFBD9}","RecordNumber":757095,"Image":"C:\\windows\\System32\\svchost.exe","Keywords":-9223372036854775808,"ProcessGuid":"{9f85ce58-64af-5f2b-8203-000000000400}","SourceModuleType":"im_msvistalog","RuleName":"-"}
{"tags":["mordorDataset"],"@version":"1","EventType":"INFO","AccountType":"User","ThreadID":4204,"DestinationPortName":"-","DestinationIp":"fe80:0:0:0:3816:b2ee:1b9b:324b","SourcePort":"54213","Channel":"Microsoft-Windows-Sysmon/Operational","OpcodeValue":0,"Hostname":"MORDORDC.theshire.local","@timestamp":"2020-08-07T14:32:49.043Z","SourceIp":"fe80:0:0:0:3816:b2ee:1b9b:324b","ProcessId":"1696","Initiated":"true","DestinationHostname":"-","host":"wec.internal.cloudapp.net","Severity":"INFO","SourceHostname":"-","SeverityValue":2,"Image":"C:\\Windows\\System32\\svchost.exe","SourceModuleType":"im_msvistalog","Version":5,"EventTime":"2020-08-07 10:32:47","Task":3,"DestinationPort":"389","SourceIsIpv6":"true","SourceName":"Microsoft-Windows-Sysmon","Message":"Network connection detected:\r\nRuleName: -\r\nUtcTime: 2020-08-07 14:32:38.390\r\nProcessGuid: {9f85ce58-59de-5f2b-2400-000000000400}\r\nProcessId: 1696\r\nImage: C:\\Windows\\System32\\svchost.exe\r\nUser: NT AUTHORITY\\SYSTEM\r\nProtocol: tcp\r\nInitiated: true\r\nSourceIsIpv6: true\r\nSourceIp: fe80:0:0:0:3816:b2ee:1b9b:324b\r\nSourceHostname: -\r\nSourcePort: 54213\r\nSourcePortName: -\r\nDestinationIsIpv6: true\r\nDestinationIp: fe80:0:0:0:3816:b2ee:1b9b:324b\r\nDestinationHostname: -\r\nDestinationPort: 389\r\nDestinationPortName: -","SourceModuleName":"eventlog","EventReceivedTime":"2020-08-07 10:32:49","port":60122,"AccountName":"SYSTEM","UtcTime":"2020-08-07 14:32:38.390","Domain":"NT AUTHORITY","ExecutionProcessID":3888,"User":"NT AUTHORITY\\SYSTEM","DestinationIsIpv6":"true","SourcePortName":"-","UserID":"S-1-5-18","EventID":3,"ProviderGuid":"{5770385F-C22A-43E0-BF4C-06F5698FFBD9}","RecordNumber":757096,"Keywords":-9223372036854775808,"ProcessGuid":"{9f85ce58-59de-5f2b-2400-000000000400}","Protocol":"tcp","RuleName":"-"}
{"tags":["mordorDataset"],"@version":"1","EventType":"INFO","AccountType":"User","ThreadID":4204,"DestinationPortName":"-","DestinationIp":"fe80:0:0:0:3816:b2ee:1b9b:324b","SourcePort":"54213","Channel":"Microsoft-Windows-Sysmon/Operational","OpcodeValue":0,"Hostname":"MORDORDC.theshire.local","@timestamp":"2020-08-07T14:32:49.044Z","SourceIp":"fe80:0:0:0:3816:b2ee:1b9b:324b","ProcessId":"704","Initiated":"false","DestinationHostname":"-","host":"wec.internal.cloudapp.net","Severity":"INFO","SourceHostname":"-","SeverityValue":2,"Image":"C:\\Windows\\System32\\lsass.exe","SourceModuleType":"im_msvistalog","Version":5,"EventTime":"2020-08-07 10:32:47","Task":3,"DestinationPort":"389","SourceIsIpv6":"true","SourceName":"Microsoft-Windows-Sysmon","Message":"Network connection detected:\r\nRuleName: -\r\nUtcTime: 2020-08-07 14:32:38.390\r\nProcessGuid: {9f85ce58-59d8-5f2b-0c00-000000000400}\r\nProcessId: 704\r\nImage: C:\\Windows\\System32\\lsass.exe\r\nUser: NT AUTHORITY\\SYSTEM\r\nProtocol: tcp\r\nInitiated: false\r\nSourceIsIpv6: true\r\nSourceIp: fe80:0:0:0:3816:b2ee:1b9b:324b\r\nSourceHostname: -\r\nSourcePort: 54213\r\nSourcePortName: -\r\nDestinationIsIpv6: true\r\nDestinationIp: fe80:0:0:0:3816:b2ee:1b9b:324b\r\nDestinationHostname: -\r\nDestinationPort: 389\r\nDestinationPortName: -","SourceModuleName":"eventlog","EventReceivedTime":"2020-08-07 10:32:49","port":60122,"AccountName":"SYSTEM","UtcTime":"2020-08-07 14:32:38.390","Domain":"NT AUTHORITY","ExecutionProcessID":3888,"User":"NT AUTHORITY\\SYSTEM","DestinationIsIpv6":"true","SourcePortName":"-","UserID":"S-1-5-18","EventID":3,"ProviderGuid":"{5770385F-C22A-43E0-BF4C-06F5698FFBD9}","RecordNumber":757097,"Keywords":-9223372036854775808,"ProcessGuid":"{9f85ce58-59d8-5f2b-0c00-000000000400}","Protocol":"tcp","RuleName":"-"}
{"tags":["mordorDataset"],"@version":"1","EventType":"INFO","AccountType":"User","ThreadID":4204,"DestinationPortName":"-","DestinationIp":"172.18.38.5","SourcePort":"54214","Channel":"Microsoft-Windows-Sysmon/Operational","OpcodeValue":0,"Hostname":"MORDORDC.theshire.local","@timestamp":"2020-08-07T14:32:49.052Z","SourceIp":"172.18.38.5","ProcessId":"1696","Initiated":"true","DestinationHostname":"-","host":"wec.internal.cloudapp.net","Severity":"INFO","SourceHostname":"-","SeverityValue":2,"Image":"C:\\Windows\\System32\\svchost.exe","SourceModuleType":"im_msvistalog","Version":5,"EventTime":"2020-08-07 10:32:47","Task":3,"DestinationPort":"389","SourceIsIpv6":"false","SourceName":"Microsoft-Windows-Sysmon","Message":"Network connection detected:\r\nRuleName: -\r\nUtcTime: 2020-08-07 14:32:38.400\r\nProcessGuid: {9f85ce58-59de-5f2b-2400-000000000400}\r\nProcessId: 1696\r\nImage: C:\\Windows\\System32\\svchost.exe\r\nUser: NT AUTHORITY\\SYSTEM\r\nProtocol: tcp\r\nInitiated: true\r\nSourceIsIpv6: false\r\nSourceIp: 172.18.38.5\r\nSourceHostname: -\r\nSourcePort: 54214\r\nSourcePortName: -\r\nDestinationIsIpv6: false\r\nDestinationIp: 172.18.38.5\r\nDestinationHostname: -\r\nDestinationPort: 389\r\nDestinationPortName: -","SourceModuleName":"eventlog","EventReceivedTime":"2020-08-07 10:32:49","port":60122,"AccountName":"SYSTEM","UtcTime":"2020-08-07 14:32:38.400","Domain":"NT AUTHORITY","ExecutionProcessID":3888,"User":"NT AUTHORITY\\SYSTEM","DestinationIsIpv6":"false","SourcePortName":"-","UserID":"S-1-5-18","EventID":3,"ProviderGuid":"{5770385F-C22A-43E0-BF4C-06F5698FFBD9}","RecordNumber":757098,"Keywords":-9223372036854775808,"ProcessGuid":"{9f85ce58-59de-5f2b-2400-000000000400}","Protocol":"tcp","RuleName":"-"}
{"tags":["mordorDataset"],"@version":"1","EventType":"INFO","AccountType":"User","ThreadID":4204,"DestinationPortName":"-","DestinationIp":"172.18.38.5","SourcePort":"54214","Channel":"Microsoft-Windows-Sysmon/Operational","OpcodeValue":0,"Hostname":"MORDORDC.theshire.local","@timestamp":"2020-08-07T14:32:49.054Z","SourceIp":"172.18.38.5","ProcessId":"704","Initiated":"false","DestinationHostname":"-","host":"wec.internal.cloudapp.net","Severity":"INFO","SourceHostname":"-","SeverityValue":2,"Image":"C:\\Windows\\System32\\lsass.exe","SourceModuleType":"im_msvistalog","Version":5,"EventTime":"2020-08-07 10:32:47","Task":3,"DestinationPort":"389","SourceIsIpv6":"false","SourceName":"Microsoft-Windows-Sysmon","Message":"Network connection detected:\r\nRuleName: -\r\nUtcTime: 2020-08-07 14:32:38.400\r\nProcessGuid: {9f85ce58-59d8-5f2b-0c00-000000000400}\r\nProcessId: 704\r\nImage: C:\\Windows\\System32\\lsass.exe\r\nUser: NT AUTHORITY\\SYSTEM\r\nProtocol: tcp\r\nInitiated: false\r\nSourceIsIpv6: false\r\nSourceIp: 172.18.38.5\r\nSourceHostname: -\r\nSourcePort: 54214\r\nSourcePortName: -\r\nDestinationIsIpv6: false\r\nDestinationIp: 172.18.38.5\r\nDestinationHostname: -\r\nDestinationPort: 389\r\nDestinationPortName: -","SourceModuleName":"eventlog","EventReceivedTime":"2020-08-07 10:32:49","port":60122,"AccountName":"SYSTEM","UtcTime":"2020-08-07 14:32:38.400","Domain":"NT AUTHORITY","ExecutionProcessID":3888,"User":"NT AUTHORITY\\SYSTEM","DestinationIsIpv6":"false","SourcePortName":"-","UserID":"S-1-5-18","EventID":3,"ProviderGuid":"{5770385F-C22A-43E0-BF4C-06F5698FFBD9}","RecordNumber":757099,"Keywords":-9223372036854775808,"ProcessGuid":"{9f85ce58-59d8-5f2b-0c00-000000000400}","Protocol":"tcp","RuleName":"-"}
{"tags":["mordorDataset"],"@version":"1","EventType":"INFO","AccountType":"User","ThreadID":4204,"DestinationPortName":"-","DestinationIp":"fe80:0:0:0:3816:b2ee:1b9b:324b","SourcePort":"54215","Channel":"Microsoft-Windows-Sysmon/Operational","OpcodeValue":0,"Hostname":"MORDORDC.theshire.local","@timestamp":"2020-08-07T14:32:49.056Z","SourceIp":"fe80:0:0:0:3816:b2ee:1b9b:324b","ProcessId":"4","Initiated":"true","DestinationHostname":"-","host":"wec.internal.cloudapp.net","Severity":"INFO","SourceHostname":"-","SeverityValue":2,"Image":"System","SourceModuleType":"im_msvistalog","Version":5,"EventTime":"2020-08-07 10:32:47","Task":3,"DestinationPort":"445","SourceIsIpv6":"true","SourceName":"Microsoft-Windows-Sysmon","Message":"Network connection detected:\r\nRuleName: -\r\nUtcTime: 2020-08-07 14:32:38.499\r\nProcessGuid: {9f85ce58-59d1-5f2b-0100-000000000400}\r\nProcessId: 4\r\nImage: System\r\nUser: NT AUTHORITY\\SYSTEM\r\nProtocol: tcp\r\nInitiated: true\r\nSourceIsIpv6: true\r\nSourceIp: fe80:0:0:0:3816:b2ee:1b9b:324b\r\nSourceHostname: -\r\nSourcePort: 54215\r\nSourcePortName: -\r\nDestinationIsIpv6: true\r\nDestinationIp: fe80:0:0:0:3816:b2ee:1b9b:324b\r\nDestinationHostname: -\r\nDestinationPort: 445\r\nDestinationPortName: -","SourceModuleName":"eventlog","EventReceivedTime":"2020-08-07 10:32:49","port":60122,"AccountName":"SYSTEM","UtcTime":"2020-08-07 14:32:38.499","Domain":"NT AUTHORITY","ExecutionProcessID":3888,"User":"NT AUTHORITY\\SYSTEM","DestinationIsIpv6":"true","SourcePortName":"-","UserID":"S-1-5-18","EventID":3,"ProviderGuid":"{5770385F-C22A-43E0-BF4C-06F5698FFBD9}","RecordNumber":757100,"Keywords":-9223372036854775808,"ProcessGuid":"{9f85ce58-59d1-5f2b-0100-000000000400}","Protocol":"tcp","RuleName":"-"}
{"tags":["mordorDataset"],"@version":"1","EventType":"INFO","AccountType":"User","ThreadID":4204,"DestinationPortName":"-","DestinationIp":"fe80:0:0:0:3816:b2ee:1b9b:324b","SourcePort":"54215","Channel":"Microsoft-Windows-Sysmon/Operational","OpcodeValue":0,"Hostname":"MORDORDC.theshire.local","@timestamp":"2020-08-07T14:32:49.057Z","SourceIp":"fe80:0:0:0:3816:b2ee:1b9b:324b","ProcessId":"4","Initiated":"false","DestinationHostname":"-","host":"wec.internal.cloudapp.net","Severity":"INFO","SourceHostname":"-","SeverityValue":2,"Image":"System","SourceModuleType":"im_msvistalog","Version":5,"EventTime":"2020-08-07 10:32:47","Task":3,"DestinationPort":"445","SourceIsIpv6":"true","SourceName":"Microsoft-Windows-Sysmon","Message":"Network connection detected:\r\nRuleName: -\r\nUtcTime: 2020-08-07 14:32:38.499\r\nProcessGuid: {9f85ce58-59d1-5f2b-0100-000000000400}\r\nProcessId: 4\r\nImage: System\r\nUser: NT AUTHORITY\\SYSTEM\r\nProtocol: tcp\r\nInitiated: false\r\nSourceIsIpv6: true\r\nSourceIp: fe80:0:0:0:3816:b2ee:1b9b:324b\r\nSourceHostname: -\r\nSourcePort: 54215\r\nSourcePortName: -\r\nDestinationIsIpv6: true\r\nDestinationIp: fe80:0:0:0:3816:b2ee:1b9b:324b\r\nDestinationHostname: -\r\nDestinationPort: 445\r\nDestinationPortName: -","SourceModuleName":"eventlog","EventReceivedTime":"2020-08-07 10:32:49","port":60122,"AccountName":"SYSTEM","UtcTime":"2020-08-07 14:32:38.499","Domain":"NT AUTHORITY","ExecutionProcessID":3888,"User":"NT AUTHORITY\\SYSTEM","DestinationIsIpv6":"true","SourcePortName":"-","UserID":"S-1-5-18","EventID":3,"ProviderGuid":"{5770385F-C22A-43E0-BF4C-06F5698FFBD9}","RecordNumber":757101,"Keywords":-9223372036854775808,"ProcessGuid":"{9f85ce58-59d1-5f2b-0100-000000000400}","Protocol":"tcp","RuleName":"-"}
{"tags":["mordorDataset"],"@version":"1","EventType":"CreateKey","Version":2,"ThreadID":4364,"EventTime":"2020-08-07 10:32:51","Task":12,"AccountType":"User","Channel":"Microsoft-Windows-Sysmon/Operational","EventTypeOrignal":"INFO","SourceName":"Microsoft-Windows-Sysmon","Hostname":"WORKSTATION5.theshire.local","@timestamp":"2020-08-07T14:32:52.795Z","OpcodeValue":0,"Message":"Registry object added or deleted:\r\nRuleName: -\r\nEventType: CreateKey\r\nUtcTime: 2020-08-07 14:32:51.208\r\nProcessGuid: {297bc33e-65d0-5f2d-8207-000000000400}\r\nProcessId: 1648\r\nImage: C:\\windows\\System32\\WindowsPowerShell\\v1.0\\powershell.exe\r\nTargetObject: HKU\\S-1-5-21-1363495622-3806888128-621328882-1104\\Software\\Microsoft\\Windows\\CurrentVersion\\Internet Settings\\Connections","SourceModuleName":"eventlog","ProcessId":"1648","EventReceivedTime":"2020-08-07 10:32:52","port":60122,"AccountName":"SYSTEM","UtcTime":"2020-08-07 14:32:51.208","Domain":"NT AUTHORITY","ExecutionProcessID":3284,"host":"wec.internal.cloudapp.net","Severity":"INFO","TargetObject":"HKU\\S-1-5-21-1363495622-3806888128-621328882-1104\\Software\\Microsoft\\Windows\\CurrentVersion\\Internet Settings\\Connections","SeverityValue":2,"EventID":12,"UserID":"S-1-5-18","ProviderGuid":"{5770385F-C22A-43E0-BF4C-06F5698FFBD9}","RecordNumber":725734,"Image":"C:\\windows\\System32\\WindowsPowerShell\\v1.0\\powershell.exe","Keywords":-9223372036854775808,"ProcessGuid":"{297bc33e-65d0-5f2d-8207-000000000400}","SourceModuleType":"im_msvistalog","RuleName":"-"}
{"tags":["mordorDataset"],"@version":"1","EventType":"INFO","AccountType":"User","ThreadID":4372,"DestinationPortName":"-","DestinationIp":"10.10.10.5","SourcePort":"65385","Channel":"Microsoft-Windows-Sysmon/Operational","OpcodeValue":0,"Hostname":"WORKSTATION5.theshire.local","@timestamp":"2020-08-07T14:32:53.917Z","SourceIp":"172.18.39.5","ProcessId":"1648","Initiated":"true","DestinationHostname":"-","host":"wec.internal.cloudapp.net","Severity":"INFO","SourceHostname":"-","SeverityValue":2,"Image":"C:\\Windows\\System32\\WindowsPowerShell\\v1.0\\powershell.exe","SourceModuleType":"im_msvistalog","Version":5,"EventTime":"2020-08-07 10:32:52","Task":3,"DestinationPort":"80","SourceIsIpv6":"false","SourceName":"Microsoft-Windows-Sysmon","Message":"Network connection detected:\r\nRuleName: -\r\nUtcTime: 2020-08-07 14:32:51.140\r\nProcessGuid: {297bc33e-65d0-5f2d-8207-000000000400}\r\nProcessId: 1648\r\nImage: C:\\Windows\\System32\\WindowsPowerShell\\v1.0\\powershell.exe\r\nUser: THESHIRE\\pgustavo\r\nProtocol: tcp\r\nInitiated: true\r\nSourceIsIpv6: false\r\nSourceIp: 172.18.39.5\r\nSourceHostname: -\r\nSourcePort: 65385\r\nSourcePortName: -\r\nDestinationIsIpv6: false\r\nDestinationIp: 10.10.10.5\r\nDestinationHostname: -\r\nDestinationPort: 80\r\nDestinationPortName: -","SourceModuleName":"eventlog","EventReceivedTime":"2020-08-07 10:32:53","port":60122,"AccountName":"SYSTEM","UtcTime":"2020-08-07 14:32:51.140","Domain":"NT AUTHORITY","ExecutionProcessID":3284,"User":"THESHIRE\\pgustavo","DestinationIsIpv6":"false","SourcePortName":"-","UserID":"S-1-5-18","EventID":3,"ProviderGuid":"{5770385F-C22A-43E0-BF4C-06F5698FFBD9}","RecordNumber":725735,"Keywords":-9223372036854775808,"ProcessGuid":"{297bc33e-65d0-5f2d-8207-000000000400}","Protocol":"tcp","RuleName":"-"}
